2025-02-11 14:27:28,198 DEBUG    root            Loaded Command Group: ['gcloud', 'components']
2025-02-11 14:27:28,200 DEBUG    root            Loaded Command Group: ['gcloud', 'components', 'update']
2025-02-11 14:27:28,202 DEBUG    root            Running [gcloud.components.update] with arguments: [--quiet: "True", COMPONENT-IDS:8: "['gcloud', 'core', 'bq', 'gsutil', 'compute', 'preview', 'alpha', 'beta']"]
2025-02-11 14:27:28,203 INFO     ___FILE_ONLY___ Beginning update. This process may take several minutes.

2025-02-11 14:27:28,211 DEBUG    urllib3.connectionpool Starting new HTTPS connection (1): dl.google.com:443
2025-02-11 14:27:28,223 DEBUG    urllib3.connectionpool https://dl.google.com:443 "GET /dl/cloudsdk/channels/rapid/components-2.json HTTP/11" 200 227832
2025-02-11 14:27:28,236 WARNING  root            Component [compute] no longer exists.
2025-02-11 14:27:28,236 INFO     ___FILE_ONLY___ 

2025-02-11 14:27:28,237 INFO     ___FILE_ONLY___ 
Your current Google Cloud CLI version is: 510.0.0

2025-02-11 14:27:28,237 INFO     ___FILE_ONLY___ Installing components from version: 510.0.0

2025-02-11 14:27:28,237 INFO     ___FILE_ONLY___ 

2025-02-11 14:27:28,237 DEBUG    root            Chosen display Format:table[box,title="These components will be removed."](details.display_name:label=Name:align=left,version.version_string:label=Version:align=right,data.size.size(zero="",min=1048576):label=Size:align=right)
2025-02-11 14:27:28,238 DEBUG    root            Chosen display Format:table[box,title="These components will be updated."](details.display_name:label=Name:align=left,version.version_string:label=Version:align=right,data.size.size(zero="",min=1048576):label=Size:align=right)
2025-02-11 14:27:28,238 DEBUG    root            Chosen display Format:table[box,title="These components will be installed."](details.display_name:label=Name:align=left,version.version_string:label=Version:align=right,data.size.size(zero="",min=1048576):label=Size:align=right)
2025-02-11 14:27:28,251 INFO     ___FILE_ONLY___ ┌────────────────────────────────────────────────┐
2025-02-11 14:27:28,252 INFO     ___FILE_ONLY___ 

2025-02-11 14:27:28,252 INFO     ___FILE_ONLY___ │      These components will be installed.       │
2025-02-11 14:27:28,252 INFO     ___FILE_ONLY___ 

2025-02-11 14:27:28,252 INFO     ___FILE_ONLY___ ├─────────────────────────┬────────────┬─────────┤
2025-02-11 14:27:28,252 INFO     ___FILE_ONLY___ 

2025-02-11 14:27:28,252 INFO     ___FILE_ONLY___ │           Name          │  Version   │   Size  │
2025-02-11 14:27:28,252 INFO     ___FILE_ONLY___ 

2025-02-11 14:27:28,252 INFO     ___FILE_ONLY___ ├─────────────────────────┼────────────┼─────────┤
2025-02-11 14:27:28,252 INFO     ___FILE_ONLY___ 

2025-02-11 14:27:28,252 INFO     ___FILE_ONLY___ │ 
2025-02-11 14:27:28,252 INFO     ___FILE_ONLY___ gcloud Alpha Commands  
2025-02-11 14:27:28,252 INFO     ___FILE_ONLY___  
2025-02-11 14:27:28,252 INFO     ___FILE_ONLY___ │ 
2025-02-11 14:27:28,252 INFO     ___FILE_ONLY___ 2025.02.10
2025-02-11 14:27:28,252 INFO     ___FILE_ONLY___  
2025-02-11 14:27:28,253 INFO     ___FILE_ONLY___ │ 
2025-02-11 14:27:28,253 INFO     ___FILE_ONLY___ < 1 MiB
2025-02-11 14:27:28,253 INFO     ___FILE_ONLY___  
2025-02-11 14:27:28,253 INFO     ___FILE_ONLY___ │
2025-02-11 14:27:28,253 INFO     ___FILE_ONLY___ 

2025-02-11 14:27:28,253 INFO     ___FILE_ONLY___ │ 
2025-02-11 14:27:28,253 INFO     ___FILE_ONLY___ gcloud Beta Commands   
2025-02-11 14:27:28,253 INFO     ___FILE_ONLY___  
2025-02-11 14:27:28,253 INFO     ___FILE_ONLY___ │ 
2025-02-11 14:27:28,253 INFO     ___FILE_ONLY___ 2025.02.10
2025-02-11 14:27:28,253 INFO     ___FILE_ONLY___  
2025-02-11 14:27:28,253 INFO     ___FILE_ONLY___ │ 
2025-02-11 14:27:28,253 INFO     ___FILE_ONLY___ < 1 MiB
2025-02-11 14:27:28,253 INFO     ___FILE_ONLY___  
2025-02-11 14:27:28,254 INFO     ___FILE_ONLY___ │
2025-02-11 14:27:28,254 INFO     ___FILE_ONLY___ 

2025-02-11 14:27:28,254 INFO     ___FILE_ONLY___ │ 
2025-02-11 14:27:28,254 INFO     ___FILE_ONLY___ gcloud Preview Commands
2025-02-11 14:27:28,254 INFO     ___FILE_ONLY___  
2025-02-11 14:27:28,254 INFO     ___FILE_ONLY___ │ 
2025-02-11 14:27:28,254 INFO     ___FILE_ONLY___           
2025-02-11 14:27:28,254 INFO     ___FILE_ONLY___  
2025-02-11 14:27:28,254 INFO     ___FILE_ONLY___ │ 
2025-02-11 14:27:28,254 INFO     ___FILE_ONLY___ < 1 MiB
2025-02-11 14:27:28,254 INFO     ___FILE_ONLY___  
2025-02-11 14:27:28,254 INFO     ___FILE_ONLY___ │
2025-02-11 14:27:28,254 INFO     ___FILE_ONLY___ 

2025-02-11 14:27:28,254 INFO     ___FILE_ONLY___ └─────────────────────────┴────────────┴─────────┘
2025-02-11 14:27:28,255 INFO     ___FILE_ONLY___ 

2025-02-11 14:27:28,255 INFO     ___FILE_ONLY___ 

2025-02-11 14:27:28,258 DEBUG    urllib3.connectionpool Starting new HTTPS connection (1): dl.google.com:443
2025-02-11 14:27:28,274 DEBUG    urllib3.connectionpool https://dl.google.com:443 "GET /dl/cloudsdk/channels/rapid/RELEASE_NOTES HTTP/11" 200 1354946
2025-02-11 14:27:28,718 INFO     ___FILE_ONLY___ For the latest full release notes, please visit:
  https://cloud.google.com/sdk/release_notes


2025-02-11 14:27:28,718 INFO     ___FILE_ONLY___ Performing in place update...


2025-02-11 14:27:28,720 INFO     ___FILE_ONLY___ ╔════════════════════════════════════════════════════════════╗

2025-02-11 14:27:28,721 INFO     ___FILE_ONLY___ ╠═ Downloading: gcloud Alpha Commands                       ═╣

2025-02-11 14:27:28,721 INFO     ___FILE_ONLY___ ╚
2025-02-11 14:27:28,724 DEBUG    urllib3.connectionpool Starting new HTTPS connection (1): dl.google.com:443
2025-02-11 14:27:28,846 DEBUG    urllib3.connectionpool https://dl.google.com:443 "GET /dl/cloudsdk/channels/rapid/components/google-cloud-sdk-alpha-20250210213649.tar.gz HTTP/11" 200 800
2025-02-11 14:27:28,847 INFO     ___FILE_ONLY___ ════════════════════════════════════════════════════════════
2025-02-11 14:27:28,847 INFO     ___FILE_ONLY___ ╝

2025-02-11 14:27:28,849 INFO     ___FILE_ONLY___ ╔════════════════════════════════════════════════════════════╗

2025-02-11 14:27:28,849 INFO     ___FILE_ONLY___ ╠═ Downloading: gcloud Beta Commands                        ═╣

2025-02-11 14:27:28,849 INFO     ___FILE_ONLY___ ╚
2025-02-11 14:27:28,852 DEBUG    urllib3.connectionpool Starting new HTTPS connection (1): dl.google.com:443
2025-02-11 14:27:28,865 DEBUG    urllib3.connectionpool https://dl.google.com:443 "GET /dl/cloudsdk/channels/rapid/components/google-cloud-sdk-beta-20250210213649.tar.gz HTTP/11" 200 797
2025-02-11 14:27:28,865 INFO     ___FILE_ONLY___ ════════════════════════════════════════════════════════════
2025-02-11 14:27:28,865 INFO     ___FILE_ONLY___ ╝

2025-02-11 14:27:28,867 INFO     ___FILE_ONLY___ ╔════════════════════════════════════════════════════════════╗

2025-02-11 14:27:28,867 INFO     ___FILE_ONLY___ ╠═ Downloading: gcloud Preview Commands                     ═╣

2025-02-11 14:27:28,867 INFO     ___FILE_ONLY___ ╚
2025-02-11 14:27:28,870 DEBUG    urllib3.connectionpool Starting new HTTPS connection (1): dl.google.com:443
2025-02-11 14:27:28,985 DEBUG    urllib3.connectionpool https://dl.google.com:443 "GET /dl/cloudsdk/channels/rapid/components/google-cloud-sdk-preview-20241115154308.tar.gz HTTP/11" 200 823
2025-02-11 14:27:28,986 INFO     ___FILE_ONLY___ ════════════════════════════════════════════════════════════
2025-02-11 14:27:28,986 INFO     ___FILE_ONLY___ ╝

2025-02-11 14:27:28,989 INFO     ___FILE_ONLY___ ╔════════════════════════════════════════════════════════════╗

2025-02-11 14:27:28,989 INFO     ___FILE_ONLY___ ╠═ Installing: gcloud Alpha Commands                        ═╣

2025-02-11 14:27:28,989 INFO     ___FILE_ONLY___ ╚
2025-02-11 14:27:28,991 INFO     ___FILE_ONLY___ ════════════════════════════════════════════════════════════
2025-02-11 14:27:28,991 INFO     ___FILE_ONLY___ ╝

2025-02-11 14:27:28,999 INFO     ___FILE_ONLY___ ╔════════════════════════════════════════════════════════════╗

2025-02-11 14:27:28,999 INFO     ___FILE_ONLY___ ╠═ Installing: gcloud Beta Commands                         ═╣

2025-02-11 14:27:29,000 INFO     ___FILE_ONLY___ ╚
2025-02-11 14:27:29,001 INFO     ___FILE_ONLY___ ════════════════════════════════════════════════════════════
2025-02-11 14:27:29,001 INFO     ___FILE_ONLY___ ╝

2025-02-11 14:27:29,009 INFO     ___FILE_ONLY___ ╔════════════════════════════════════════════════════════════╗

2025-02-11 14:27:29,010 INFO     ___FILE_ONLY___ ╠═ Installing: gcloud Preview Commands                      ═╣

2025-02-11 14:27:29,010 INFO     ___FILE_ONLY___ ╚
2025-02-11 14:27:29,011 INFO     ___FILE_ONLY___ ════════════════════════════════════════════════════════════
2025-02-11 14:27:29,011 INFO     ___FILE_ONLY___ ╝

2025-02-11 14:27:29,019 DEBUG    root            Updating notification cache...
2025-02-11 14:27:29,020 INFO     ___FILE_ONLY___ 

2025-02-11 14:27:29,023 INFO     ___FILE_ONLY___ Performing post processing steps...
2025-02-11 14:27:29,023 DEBUG    root            Executing command: ['/tools/google-cloud-sdk/bin/gcloud', 'components', 'post-process']
2025-02-11 14:27:36,917 DEBUG    ___FILE_ONLY___ 
2025-02-11 14:27:36,917 DEBUG    ___FILE_ONLY___ 
2025-02-11 14:27:37,042 INFO     ___FILE_ONLY___ 
Update done!


2025-02-11 14:27:37,044 DEBUG    root            Chosen display Format:none
2025-02-11 14:27:37,044 INFO     root            Display format: "none"
