2025-02-06 14:18:36,861 DEBUG    root            Loaded Command Group: ['gcloud', 'components']
2025-02-06 14:18:36,864 DEBUG    root            Loaded Command Group: ['gcloud', 'components', 'update']
2025-02-06 14:18:36,866 DEBUG    root            Running [gcloud.components.update] with arguments: [--compile-python: "True", --quiet: "True", COMPONENT-IDS:6: "['core', 'gcloud-deps', 'bq', 'gcloud', 'gcloud-crc32c', 'gsutil']"]
2025-02-06 14:18:36,867 INFO     ___FILE_ONLY___ Beginning update. This process may take several minutes.

2025-02-06 14:18:36,931 DEBUG    urllib3.connectionpool Starting new HTTPS connection (1): dl.google.com:443
2025-02-06 14:18:37,038 DEBUG    urllib3.connectionpool https://dl.google.com:443 "GET /dl/cloudsdk/channels/rapid/components-2.json HTTP/11" 200 227832
2025-02-06 14:18:37,049 INFO     ___FILE_ONLY___ 

2025-02-06 14:18:37,049 INFO     ___FILE_ONLY___ 
Your current Google Cloud CLI version is: 509.0.0

2025-02-06 14:18:37,050 INFO     ___FILE_ONLY___ Installing components from version: 509.0.0

2025-02-06 14:18:37,050 INFO     ___FILE_ONLY___ 

2025-02-06 14:18:37,050 DEBUG    root            Chosen display Format:table[box,title="These components will be removed."](details.display_name:label=Name:align=left,version.version_string:label=Version:align=right,data.size.size(zero="",min=1048576):label=Size:align=right)
2025-02-06 14:18:37,050 DEBUG    root            Chosen display Format:table[box,title="These components will be updated."](details.display_name:label=Name:align=left,version.version_string:label=Version:align=right,data.size.size(zero="",min=1048576):label=Size:align=right)
2025-02-06 14:18:37,051 DEBUG    root            Chosen display Format:table[box,title="These components will be installed."](details.display_name:label=Name:align=left,version.version_string:label=Version:align=right,data.size.size(zero="",min=1048576):label=Size:align=right)
2025-02-06 14:18:37,085 INFO     ___FILE_ONLY___ ┌─────────────────────────────────────────────────────────────────────────────┐
2025-02-06 14:18:37,085 INFO     ___FILE_ONLY___ 

2025-02-06 14:18:37,085 INFO     ___FILE_ONLY___ │                     These components will be installed.                     │
2025-02-06 14:18:37,085 INFO     ___FILE_ONLY___ 

2025-02-06 14:18:37,085 INFO     ___FILE_ONLY___ ├─────────────────────────────────────────────────────┬────────────┬──────────┤
2025-02-06 14:18:37,085 INFO     ___FILE_ONLY___ 

2025-02-06 14:18:37,085 INFO     ___FILE_ONLY___ │                         Name                        │  Version   │   Size   │
2025-02-06 14:18:37,085 INFO     ___FILE_ONLY___ 

2025-02-06 14:18:37,085 INFO     ___FILE_ONLY___ ├─────────────────────────────────────────────────────┼────────────┼──────────┤
2025-02-06 14:18:37,085 INFO     ___FILE_ONLY___ 

2025-02-06 14:18:37,085 INFO     ___FILE_ONLY___ │ 
2025-02-06 14:18:37,085 INFO     ___FILE_ONLY___ BigQuery Command Line Tool                         
2025-02-06 14:18:37,085 INFO     ___FILE_ONLY___  
2025-02-06 14:18:37,085 INFO     ___FILE_ONLY___ │ 
2025-02-06 14:18:37,086 INFO     ___FILE_ONLY___     2.1.12
2025-02-06 14:18:37,086 INFO     ___FILE_ONLY___  
2025-02-06 14:18:37,086 INFO     ___FILE_ONLY___ │ 
2025-02-06 14:18:37,086 INFO     ___FILE_ONLY___  1.8 MiB
2025-02-06 14:18:37,086 INFO     ___FILE_ONLY___  
2025-02-06 14:18:37,086 INFO     ___FILE_ONLY___ │
2025-02-06 14:18:37,086 INFO     ___FILE_ONLY___ 

2025-02-06 14:18:37,086 INFO     ___FILE_ONLY___ │ 
2025-02-06 14:18:37,086 INFO     ___FILE_ONLY___ BigQuery Command Line Tool (Platform Specific)     
2025-02-06 14:18:37,086 INFO     ___FILE_ONLY___  
2025-02-06 14:18:37,086 INFO     ___FILE_ONLY___ │ 
2025-02-06 14:18:37,086 INFO     ___FILE_ONLY___      2.1.8
2025-02-06 14:18:37,086 INFO     ___FILE_ONLY___  
2025-02-06 14:18:37,086 INFO     ___FILE_ONLY___ │ 
2025-02-06 14:18:37,086 INFO     ___FILE_ONLY___  < 1 MiB
2025-02-06 14:18:37,086 INFO     ___FILE_ONLY___  
2025-02-06 14:18:37,086 INFO     ___FILE_ONLY___ │
2025-02-06 14:18:37,086 INFO     ___FILE_ONLY___ 

2025-02-06 14:18:37,086 INFO     ___FILE_ONLY___ │ 
2025-02-06 14:18:37,086 INFO     ___FILE_ONLY___ Bundled Python 3.12 (Platform Specific)            
2025-02-06 14:18:37,086 INFO     ___FILE_ONLY___  
2025-02-06 14:18:37,087 INFO     ___FILE_ONLY___ │ 
2025-02-06 14:18:37,087 INFO     ___FILE_ONLY___     3.12.8
2025-02-06 14:18:37,087 INFO     ___FILE_ONLY___  
2025-02-06 14:18:37,087 INFO     ___FILE_ONLY___ │ 
2025-02-06 14:18:37,087 INFO     ___FILE_ONLY___ 89.2 MiB
2025-02-06 14:18:37,087 INFO     ___FILE_ONLY___  
2025-02-06 14:18:37,087 INFO     ___FILE_ONLY___ │
2025-02-06 14:18:37,087 INFO     ___FILE_ONLY___ 

2025-02-06 14:18:37,087 INFO     ___FILE_ONLY___ │ 
2025-02-06 14:18:37,087 INFO     ___FILE_ONLY___ Cloud Storage Command Line Tool                    
2025-02-06 14:18:37,087 INFO     ___FILE_ONLY___  
2025-02-06 14:18:37,087 INFO     ___FILE_ONLY___ │ 
2025-02-06 14:18:37,087 INFO     ___FILE_ONLY___       5.33
2025-02-06 14:18:37,087 INFO     ___FILE_ONLY___  
2025-02-06 14:18:37,087 INFO     ___FILE_ONLY___ │ 
2025-02-06 14:18:37,087 INFO     ___FILE_ONLY___ 11.8 MiB
2025-02-06 14:18:37,087 INFO     ___FILE_ONLY___  
2025-02-06 14:18:37,087 INFO     ___FILE_ONLY___ │
2025-02-06 14:18:37,087 INFO     ___FILE_ONLY___ 

2025-02-06 14:18:37,087 INFO     ___FILE_ONLY___ │ 
2025-02-06 14:18:37,087 INFO     ___FILE_ONLY___ Cloud Storage Command Line Tool (Platform Specific)
2025-02-06 14:18:37,088 INFO     ___FILE_ONLY___  
2025-02-06 14:18:37,088 INFO     ___FILE_ONLY___ │ 
2025-02-06 14:18:37,088 INFO     ___FILE_ONLY___       5.30
2025-02-06 14:18:37,088 INFO     ___FILE_ONLY___  
2025-02-06 14:18:37,088 INFO     ___FILE_ONLY___ │ 
2025-02-06 14:18:37,088 INFO     ___FILE_ONLY___  < 1 MiB
2025-02-06 14:18:37,088 INFO     ___FILE_ONLY___  
2025-02-06 14:18:37,088 INFO     ___FILE_ONLY___ │
2025-02-06 14:18:37,088 INFO     ___FILE_ONLY___ 

2025-02-06 14:18:37,088 INFO     ___FILE_ONLY___ │ 
2025-02-06 14:18:37,088 INFO     ___FILE_ONLY___ Google Cloud CLI Core Libraries (Platform Specific)
2025-02-06 14:18:37,088 INFO     ___FILE_ONLY___  
2025-02-06 14:18:37,088 INFO     ___FILE_ONLY___ │ 
2025-02-06 14:18:37,088 INFO     ___FILE_ONLY___ 2024.08.30
2025-02-06 14:18:37,088 INFO     ___FILE_ONLY___  
2025-02-06 14:18:37,088 INFO     ___FILE_ONLY___ │ 
2025-02-06 14:18:37,088 INFO     ___FILE_ONLY___  < 1 MiB
2025-02-06 14:18:37,088 INFO     ___FILE_ONLY___  
2025-02-06 14:18:37,088 INFO     ___FILE_ONLY___ │
2025-02-06 14:18:37,088 INFO     ___FILE_ONLY___ 

2025-02-06 14:18:37,088 INFO     ___FILE_ONLY___ │ 
2025-02-06 14:18:37,088 INFO     ___FILE_ONLY___ Google Cloud CRC32C Hash Tool (Platform Specific)  
2025-02-06 14:18:37,089 INFO     ___FILE_ONLY___  
2025-02-06 14:18:37,089 INFO     ___FILE_ONLY___ │ 
2025-02-06 14:18:37,089 INFO     ___FILE_ONLY___      1.0.0
2025-02-06 14:18:37,089 INFO     ___FILE_ONLY___  
2025-02-06 14:18:37,089 INFO     ___FILE_ONLY___ │ 
2025-02-06 14:18:37,089 INFO     ___FILE_ONLY___  1.4 MiB
2025-02-06 14:18:37,089 INFO     ___FILE_ONLY___  
2025-02-06 14:18:37,089 INFO     ___FILE_ONLY___ │
2025-02-06 14:18:37,089 INFO     ___FILE_ONLY___ 

2025-02-06 14:18:37,089 INFO     ___FILE_ONLY___ │ 
2025-02-06 14:18:37,089 INFO     ___FILE_ONLY___ gcloud cli dependencies (Platform Specific)        
2025-02-06 14:18:37,089 INFO     ___FILE_ONLY___  
2025-02-06 14:18:37,089 INFO     ___FILE_ONLY___ │ 
2025-02-06 14:18:37,089 INFO     ___FILE_ONLY___ 2021.04.16
2025-02-06 14:18:37,089 INFO     ___FILE_ONLY___  
2025-02-06 14:18:37,089 INFO     ___FILE_ONLY___ │ 
2025-02-06 14:18:37,089 INFO     ___FILE_ONLY___  < 1 MiB
2025-02-06 14:18:37,089 INFO     ___FILE_ONLY___  
2025-02-06 14:18:37,089 INFO     ___FILE_ONLY___ │
2025-02-06 14:18:37,089 INFO     ___FILE_ONLY___ 

2025-02-06 14:18:37,089 INFO     ___FILE_ONLY___ └─────────────────────────────────────────────────────┴────────────┴──────────┘
2025-02-06 14:18:37,089 INFO     ___FILE_ONLY___ 

2025-02-06 14:18:37,090 INFO     ___FILE_ONLY___ 

2025-02-06 14:18:37,092 DEBUG    urllib3.connectionpool Starting new HTTPS connection (1): dl.google.com:443
2025-02-06 14:18:37,187 DEBUG    urllib3.connectionpool https://dl.google.com:443 "GET /dl/cloudsdk/channels/rapid/RELEASE_NOTES HTTP/11" 200 1351399
2025-02-06 14:18:37,636 INFO     ___FILE_ONLY___ For the latest full release notes, please visit:
  https://cloud.google.com/sdk/release_notes


2025-02-06 14:18:37,636 INFO     ___FILE_ONLY___ Performing in place update...


2025-02-06 14:18:37,638 INFO     ___FILE_ONLY___ ╔════════════════════════════════════════════════════════════╗

2025-02-06 14:18:37,638 INFO     ___FILE_ONLY___ ╠═ Downloading: BigQuery Command Line Tool                  ═╣

2025-02-06 14:18:37,639 INFO     ___FILE_ONLY___ ╚
2025-02-06 14:18:37,642 DEBUG    urllib3.connectionpool Starting new HTTPS connection (1): dl.google.com:443
2025-02-06 14:18:37,668 DEBUG    urllib3.connectionpool https://dl.google.com:443 "GET /dl/cloudsdk/channels/rapid/components/google-cloud-sdk-bq-20250117151628.tar.gz HTTP/11" 200 1853621
2025-02-06 14:18:37,684 INFO     ___FILE_ONLY___ ═
2025-02-06 14:18:37,684 INFO     ___FILE_ONLY___ ═
2025-02-06 14:18:37,684 INFO     ___FILE_ONLY___ ═
2025-02-06 14:18:37,684 INFO     ___FILE_ONLY___ ═
2025-02-06 14:18:37,685 INFO     ___FILE_ONLY___ ═
2025-02-06 14:18:37,685 INFO     ___FILE_ONLY___ ═
2025-02-06 14:18:37,685 INFO     ___FILE_ONLY___ ═
2025-02-06 14:18:37,685 INFO     ___FILE_ONLY___ ═
2025-02-06 14:18:37,685 INFO     ___FILE_ONLY___ ═
2025-02-06 14:18:37,685 INFO     ___FILE_ONLY___ ═
2025-02-06 14:18:37,685 INFO     ___FILE_ONLY___ ═
2025-02-06 14:18:37,686 INFO     ___FILE_ONLY___ ═
2025-02-06 14:18:37,686 INFO     ___FILE_ONLY___ ═
2025-02-06 14:18:37,686 INFO     ___FILE_ONLY___ ═
2025-02-06 14:18:37,686 INFO     ___FILE_ONLY___ ═
2025-02-06 14:18:37,686 INFO     ___FILE_ONLY___ ═
2025-02-06 14:18:37,686 INFO     ___FILE_ONLY___ ═
2025-02-06 14:18:37,686 INFO     ___FILE_ONLY___ ═
2025-02-06 14:18:37,686 INFO     ___FILE_ONLY___ ═
2025-02-06 14:18:37,687 INFO     ___FILE_ONLY___ ═
2025-02-06 14:18:37,687 INFO     ___FILE_ONLY___ ═
2025-02-06 14:18:37,687 INFO     ___FILE_ONLY___ ═
2025-02-06 14:18:37,687 INFO     ___FILE_ONLY___ ═
2025-02-06 14:18:37,687 INFO     ___FILE_ONLY___ ═
2025-02-06 14:18:37,687 INFO     ___FILE_ONLY___ ═
2025-02-06 14:18:37,687 INFO     ___FILE_ONLY___ ═
2025-02-06 14:18:37,687 INFO     ___FILE_ONLY___ ═
2025-02-06 14:18:37,688 INFO     ___FILE_ONLY___ ═
2025-02-06 14:18:37,688 INFO     ___FILE_ONLY___ ═
2025-02-06 14:18:37,688 INFO     ___FILE_ONLY___ ═
2025-02-06 14:18:37,688 INFO     ___FILE_ONLY___ ═
2025-02-06 14:18:37,688 INFO     ___FILE_ONLY___ ═
2025-02-06 14:18:37,688 INFO     ___FILE_ONLY___ ═
2025-02-06 14:18:37,688 INFO     ___FILE_ONLY___ ═
2025-02-06 14:18:37,688 INFO     ___FILE_ONLY___ ═
2025-02-06 14:18:37,689 INFO     ___FILE_ONLY___ ═
2025-02-06 14:18:37,689 INFO     ___FILE_ONLY___ ═
2025-02-06 14:18:37,689 INFO     ___FILE_ONLY___ ═
2025-02-06 14:18:37,689 INFO     ___FILE_ONLY___ ═
2025-02-06 14:18:37,689 INFO     ___FILE_ONLY___ ═
2025-02-06 14:18:37,689 INFO     ___FILE_ONLY___ ═
2025-02-06 14:18:37,689 INFO     ___FILE_ONLY___ ═
2025-02-06 14:18:37,689 INFO     ___FILE_ONLY___ ═
2025-02-06 14:18:37,690 INFO     ___FILE_ONLY___ ═
2025-02-06 14:18:37,690 INFO     ___FILE_ONLY___ ═
2025-02-06 14:18:37,690 INFO     ___FILE_ONLY___ ═
2025-02-06 14:18:37,690 INFO     ___FILE_ONLY___ ═
2025-02-06 14:18:37,690 INFO     ___FILE_ONLY___ ═
2025-02-06 14:18:37,690 INFO     ___FILE_ONLY___ ═
2025-02-06 14:18:37,690 INFO     ___FILE_ONLY___ ═
2025-02-06 14:18:37,690 INFO     ___FILE_ONLY___ ═
2025-02-06 14:18:37,691 INFO     ___FILE_ONLY___ ═
2025-02-06 14:18:37,691 INFO     ___FILE_ONLY___ ═
2025-02-06 14:18:37,691 INFO     ___FILE_ONLY___ ═
2025-02-06 14:18:37,691 INFO     ___FILE_ONLY___ ═
2025-02-06 14:18:37,691 INFO     ___FILE_ONLY___ ═
2025-02-06 14:18:37,691 INFO     ___FILE_ONLY___ ═
2025-02-06 14:18:37,691 INFO     ___FILE_ONLY___ ═
2025-02-06 14:18:37,692 INFO     ___FILE_ONLY___ ═
2025-02-06 14:18:37,692 INFO     ___FILE_ONLY___ ═
2025-02-06 14:18:37,692 INFO     ___FILE_ONLY___ ╝

2025-02-06 14:18:37,694 INFO     ___FILE_ONLY___ ╔════════════════════════════════════════════════════════════╗

2025-02-06 14:18:37,694 INFO     ___FILE_ONLY___ ╠═ Downloading: BigQuery Command Line Tool (Platform Spe... ═╣

2025-02-06 14:18:37,694 INFO     ___FILE_ONLY___ ╚
2025-02-06 14:18:37,697 DEBUG    urllib3.connectionpool Starting new HTTPS connection (1): dl.google.com:443
2025-02-06 14:18:37,897 DEBUG    urllib3.connectionpool https://dl.google.com:443 "GET /dl/cloudsdk/channels/rapid/components/google-cloud-sdk-bq-nix-20240830134514.tar.gz HTTP/11" 200 1914
2025-02-06 14:18:37,897 INFO     ___FILE_ONLY___ ════════════════════════════════════════════════════════════
2025-02-06 14:18:37,898 INFO     ___FILE_ONLY___ ╝

2025-02-06 14:18:37,899 INFO     ___FILE_ONLY___ ╔════════════════════════════════════════════════════════════╗

2025-02-06 14:18:37,900 INFO     ___FILE_ONLY___ ╠═ Downloading: Bundled Python 3.12                         ═╣

2025-02-06 14:18:37,900 INFO     ___FILE_ONLY___ ╚
2025-02-06 14:18:37,900 INFO     ___FILE_ONLY___ ════════════════════════════════════════════════════════════
2025-02-06 14:18:37,900 INFO     ___FILE_ONLY___ ╝

2025-02-06 14:18:37,901 INFO     ___FILE_ONLY___ ╔════════════════════════════════════════════════════════════╗

2025-02-06 14:18:37,901 INFO     ___FILE_ONLY___ ╠═ Downloading: Bundled Python 3.12 (Platform Specific)     ═╣

2025-02-06 14:18:37,902 INFO     ___FILE_ONLY___ ╚
2025-02-06 14:18:37,904 DEBUG    urllib3.connectionpool Starting new HTTPS connection (1): dl.google.com:443
2025-02-06 14:18:38,043 DEBUG    urllib3.connectionpool https://dl.google.com:443 "GET /dl/cloudsdk/channels/rapid/components/google-cloud-sdk-bundled-python3-unix-linux-x86_64-20250131143518.tar.gz HTTP/11" 200 93520256
2025-02-06 14:18:38,389 INFO     ___FILE_ONLY___ ═
2025-02-06 14:18:38,391 INFO     ___FILE_ONLY___ ═
2025-02-06 14:18:38,393 INFO     ___FILE_ONLY___ ═
2025-02-06 14:18:38,395 INFO     ___FILE_ONLY___ ═
2025-02-06 14:18:38,396 INFO     ___FILE_ONLY___ ═
2025-02-06 14:18:38,398 INFO     ___FILE_ONLY___ ═
2025-02-06 14:18:38,400 INFO     ___FILE_ONLY___ ═
2025-02-06 14:18:38,402 INFO     ___FILE_ONLY___ ═
2025-02-06 14:18:38,403 INFO     ___FILE_ONLY___ ═
2025-02-06 14:18:38,405 INFO     ___FILE_ONLY___ ═
2025-02-06 14:18:38,406 INFO     ___FILE_ONLY___ ═
2025-02-06 14:18:38,408 INFO     ___FILE_ONLY___ ═
2025-02-06 14:18:38,410 INFO     ___FILE_ONLY___ ═
2025-02-06 14:18:38,411 INFO     ___FILE_ONLY___ ═
2025-02-06 14:18:38,413 INFO     ___FILE_ONLY___ ═
2025-02-06 14:18:38,414 INFO     ___FILE_ONLY___ ═
2025-02-06 14:18:38,416 INFO     ___FILE_ONLY___ ═
2025-02-06 14:18:38,418 INFO     ___FILE_ONLY___ ═
2025-02-06 14:18:38,419 INFO     ___FILE_ONLY___ ═
2025-02-06 14:18:38,421 INFO     ___FILE_ONLY___ ═
2025-02-06 14:18:38,423 INFO     ___FILE_ONLY___ ═
2025-02-06 14:18:38,424 INFO     ___FILE_ONLY___ ═
2025-02-06 14:18:38,426 INFO     ___FILE_ONLY___ ═
2025-02-06 14:18:38,427 INFO     ___FILE_ONLY___ ═
2025-02-06 14:18:38,429 INFO     ___FILE_ONLY___ ═
2025-02-06 14:18:38,431 INFO     ___FILE_ONLY___ ═
2025-02-06 14:18:38,432 INFO     ___FILE_ONLY___ ═
2025-02-06 14:18:38,434 INFO     ___FILE_ONLY___ ═
2025-02-06 14:18:38,435 INFO     ___FILE_ONLY___ ═
2025-02-06 14:18:38,437 INFO     ___FILE_ONLY___ ═
2025-02-06 14:18:38,439 INFO     ___FILE_ONLY___ ═
2025-02-06 14:18:38,440 INFO     ___FILE_ONLY___ ═
2025-02-06 14:18:38,442 INFO     ___FILE_ONLY___ ═
2025-02-06 14:18:38,443 INFO     ___FILE_ONLY___ ═
2025-02-06 14:18:38,445 INFO     ___FILE_ONLY___ ═
2025-02-06 14:18:38,447 INFO     ___FILE_ONLY___ ═
2025-02-06 14:18:38,448 INFO     ___FILE_ONLY___ ═
2025-02-06 14:18:38,450 INFO     ___FILE_ONLY___ ═
2025-02-06 14:18:38,451 INFO     ___FILE_ONLY___ ═
2025-02-06 14:18:38,453 INFO     ___FILE_ONLY___ ═
2025-02-06 14:18:38,455 INFO     ___FILE_ONLY___ ═
2025-02-06 14:18:38,456 INFO     ___FILE_ONLY___ ═
2025-02-06 14:18:38,458 INFO     ___FILE_ONLY___ ═
2025-02-06 14:18:38,459 INFO     ___FILE_ONLY___ ═
2025-02-06 14:18:38,461 INFO     ___FILE_ONLY___ ═
2025-02-06 14:18:38,463 INFO     ___FILE_ONLY___ ═
2025-02-06 14:18:38,464 INFO     ___FILE_ONLY___ ═
2025-02-06 14:18:38,466 INFO     ___FILE_ONLY___ ═
2025-02-06 14:18:38,467 INFO     ___FILE_ONLY___ ═
2025-02-06 14:18:38,469 INFO     ___FILE_ONLY___ ═
2025-02-06 14:18:38,470 INFO     ___FILE_ONLY___ ═
2025-02-06 14:18:38,472 INFO     ___FILE_ONLY___ ═
2025-02-06 14:18:38,474 INFO     ___FILE_ONLY___ ═
2025-02-06 14:18:38,475 INFO     ___FILE_ONLY___ ═
2025-02-06 14:18:38,477 INFO     ___FILE_ONLY___ ═
2025-02-06 14:18:38,478 INFO     ___FILE_ONLY___ ═
2025-02-06 14:18:38,480 INFO     ___FILE_ONLY___ ═
2025-02-06 14:18:38,482 INFO     ___FILE_ONLY___ ═
2025-02-06 14:18:38,483 INFO     ___FILE_ONLY___ ═
2025-02-06 14:18:38,485 INFO     ___FILE_ONLY___ ═
2025-02-06 14:18:38,485 INFO     ___FILE_ONLY___ ╝

2025-02-06 14:18:38,491 INFO     ___FILE_ONLY___ ╔════════════════════════════════════════════════════════════╗

2025-02-06 14:18:38,491 INFO     ___FILE_ONLY___ ╠═ Downloading: Cloud Storage Command Line Tool             ═╣

2025-02-06 14:18:38,491 INFO     ___FILE_ONLY___ ╚
2025-02-06 14:18:38,494 DEBUG    urllib3.connectionpool Starting new HTTPS connection (1): dl.google.com:443
2025-02-06 14:18:38,627 DEBUG    urllib3.connectionpool https://dl.google.com:443 "GET /dl/cloudsdk/channels/rapid/components/google-cloud-sdk-gsutil-20241213184646.tar.gz HTTP/11" 200 12368759
2025-02-06 14:18:38,673 INFO     ___FILE_ONLY___ ═
2025-02-06 14:18:38,673 INFO     ___FILE_ONLY___ ═
2025-02-06 14:18:38,674 INFO     ___FILE_ONLY___ ═
2025-02-06 14:18:38,674 INFO     ___FILE_ONLY___ ═
2025-02-06 14:18:38,674 INFO     ___FILE_ONLY___ ═
2025-02-06 14:18:38,674 INFO     ___FILE_ONLY___ ═
2025-02-06 14:18:38,675 INFO     ___FILE_ONLY___ ═
2025-02-06 14:18:38,675 INFO     ___FILE_ONLY___ ═
2025-02-06 14:18:38,675 INFO     ___FILE_ONLY___ ═
2025-02-06 14:18:38,675 INFO     ___FILE_ONLY___ ═
2025-02-06 14:18:38,676 INFO     ___FILE_ONLY___ ═
2025-02-06 14:18:38,676 INFO     ___FILE_ONLY___ ═
2025-02-06 14:18:38,676 INFO     ___FILE_ONLY___ ═
2025-02-06 14:18:38,676 INFO     ___FILE_ONLY___ ═
2025-02-06 14:18:38,677 INFO     ___FILE_ONLY___ ═
2025-02-06 14:18:38,677 INFO     ___FILE_ONLY___ ═
2025-02-06 14:18:38,677 INFO     ___FILE_ONLY___ ═
2025-02-06 14:18:38,677 INFO     ___FILE_ONLY___ ═
2025-02-06 14:18:38,678 INFO     ___FILE_ONLY___ ═
2025-02-06 14:18:38,678 INFO     ___FILE_ONLY___ ═
2025-02-06 14:18:38,678 INFO     ___FILE_ONLY___ ═
2025-02-06 14:18:38,678 INFO     ___FILE_ONLY___ ═
2025-02-06 14:18:38,678 INFO     ___FILE_ONLY___ ═
2025-02-06 14:18:38,679 INFO     ___FILE_ONLY___ ═
2025-02-06 14:18:38,679 INFO     ___FILE_ONLY___ ═
2025-02-06 14:18:38,679 INFO     ___FILE_ONLY___ ═
2025-02-06 14:18:38,679 INFO     ___FILE_ONLY___ ═
2025-02-06 14:18:38,680 INFO     ___FILE_ONLY___ ═
2025-02-06 14:18:38,680 INFO     ___FILE_ONLY___ ═
2025-02-06 14:18:38,680 INFO     ___FILE_ONLY___ ═
2025-02-06 14:18:38,680 INFO     ___FILE_ONLY___ ═
2025-02-06 14:18:38,681 INFO     ___FILE_ONLY___ ═
2025-02-06 14:18:38,681 INFO     ___FILE_ONLY___ ═
2025-02-06 14:18:38,681 INFO     ___FILE_ONLY___ ═
2025-02-06 14:18:38,682 INFO     ___FILE_ONLY___ ═
2025-02-06 14:18:38,682 INFO     ___FILE_ONLY___ ═
2025-02-06 14:18:38,682 INFO     ___FILE_ONLY___ ═
2025-02-06 14:18:38,682 INFO     ___FILE_ONLY___ ═
2025-02-06 14:18:38,683 INFO     ___FILE_ONLY___ ═
2025-02-06 14:18:38,683 INFO     ___FILE_ONLY___ ═
2025-02-06 14:18:38,683 INFO     ___FILE_ONLY___ ═
2025-02-06 14:18:38,683 INFO     ___FILE_ONLY___ ═
2025-02-06 14:18:38,684 INFO     ___FILE_ONLY___ ═
2025-02-06 14:18:38,684 INFO     ___FILE_ONLY___ ═
2025-02-06 14:18:38,684 INFO     ___FILE_ONLY___ ═
2025-02-06 14:18:38,684 INFO     ___FILE_ONLY___ ═
2025-02-06 14:18:38,685 INFO     ___FILE_ONLY___ ═
2025-02-06 14:18:38,685 INFO     ___FILE_ONLY___ ═
2025-02-06 14:18:38,685 INFO     ___FILE_ONLY___ ═
2025-02-06 14:18:38,685 INFO     ___FILE_ONLY___ ═
2025-02-06 14:18:38,686 INFO     ___FILE_ONLY___ ═
2025-02-06 14:18:38,686 INFO     ___FILE_ONLY___ ═
2025-02-06 14:18:38,686 INFO     ___FILE_ONLY___ ═
2025-02-06 14:18:38,686 INFO     ___FILE_ONLY___ ═
2025-02-06 14:18:38,687 INFO     ___FILE_ONLY___ ═
2025-02-06 14:18:38,687 INFO     ___FILE_ONLY___ ═
2025-02-06 14:18:38,687 INFO     ___FILE_ONLY___ ═
2025-02-06 14:18:38,687 INFO     ___FILE_ONLY___ ═
2025-02-06 14:18:38,688 INFO     ___FILE_ONLY___ ═
2025-02-06 14:18:38,688 INFO     ___FILE_ONLY___ ═
2025-02-06 14:18:38,688 INFO     ___FILE_ONLY___ ╝

2025-02-06 14:18:38,690 INFO     ___FILE_ONLY___ ╔════════════════════════════════════════════════════════════╗

2025-02-06 14:18:38,691 INFO     ___FILE_ONLY___ ╠═ Downloading: Cloud Storage Command Line Tool (Platfor... ═╣

2025-02-06 14:18:38,691 INFO     ___FILE_ONLY___ ╚
2025-02-06 14:18:38,694 DEBUG    urllib3.connectionpool Starting new HTTPS connection (1): dl.google.com:443
2025-02-06 14:18:38,862 DEBUG    urllib3.connectionpool https://dl.google.com:443 "GET /dl/cloudsdk/channels/rapid/components/google-cloud-sdk-gsutil-nix-20240830134514.tar.gz HTTP/11" 200 1928
2025-02-06 14:18:38,863 INFO     ___FILE_ONLY___ ════════════════════════════════════════════════════════════
2025-02-06 14:18:38,863 INFO     ___FILE_ONLY___ ╝

2025-02-06 14:18:38,864 INFO     ___FILE_ONLY___ ╔════════════════════════════════════════════════════════════╗

2025-02-06 14:18:38,865 INFO     ___FILE_ONLY___ ╠═ Downloading: Default set of gcloud commands              ═╣

2025-02-06 14:18:38,865 INFO     ___FILE_ONLY___ ╚
2025-02-06 14:18:38,865 INFO     ___FILE_ONLY___ ════════════════════════════════════════════════════════════
2025-02-06 14:18:38,865 INFO     ___FILE_ONLY___ ╝

2025-02-06 14:18:38,866 INFO     ___FILE_ONLY___ ╔════════════════════════════════════════════════════════════╗

2025-02-06 14:18:38,867 INFO     ___FILE_ONLY___ ╠═ Downloading: Google Cloud CLI Core Libraries (Platfor... ═╣

2025-02-06 14:18:38,867 INFO     ___FILE_ONLY___ ╚
2025-02-06 14:18:38,869 DEBUG    urllib3.connectionpool Starting new HTTPS connection (1): dl.google.com:443
2025-02-06 14:18:38,899 DEBUG    urllib3.connectionpool https://dl.google.com:443 "GET /dl/cloudsdk/channels/rapid/components/google-cloud-sdk-core-nix-20240830134514.tar.gz HTTP/11" 200 2306
2025-02-06 14:18:38,900 INFO     ___FILE_ONLY___ ════════════════════════════════════════════════════════════
2025-02-06 14:18:38,900 INFO     ___FILE_ONLY___ ╝

2025-02-06 14:18:38,901 INFO     ___FILE_ONLY___ ╔════════════════════════════════════════════════════════════╗

2025-02-06 14:18:38,901 INFO     ___FILE_ONLY___ ╠═ Downloading: Google Cloud CRC32C Hash Tool               ═╣

2025-02-06 14:18:38,902 INFO     ___FILE_ONLY___ ╚
2025-02-06 14:18:38,902 INFO     ___FILE_ONLY___ ════════════════════════════════════════════════════════════
2025-02-06 14:18:38,902 INFO     ___FILE_ONLY___ ╝

2025-02-06 14:18:38,903 INFO     ___FILE_ONLY___ ╔════════════════════════════════════════════════════════════╗

2025-02-06 14:18:38,903 INFO     ___FILE_ONLY___ ╠═ Downloading: Google Cloud CRC32C Hash Tool (Platform ... ═╣

2025-02-06 14:18:38,903 INFO     ___FILE_ONLY___ ╚
2025-02-06 14:18:38,906 DEBUG    urllib3.connectionpool Starting new HTTPS connection (1): dl.google.com:443
2025-02-06 14:18:39,102 DEBUG    urllib3.connectionpool https://dl.google.com:443 "GET /dl/cloudsdk/channels/rapid/components/google-cloud-sdk-gcloud-crc32c-linux-x86_64-20250110133808.tar.gz HTTP/11" 200 1478989
2025-02-06 14:18:39,112 INFO     ___FILE_ONLY___ ═
2025-02-06 14:18:39,112 INFO     ___FILE_ONLY___ ═
2025-02-06 14:18:39,112 INFO     ___FILE_ONLY___ ═
2025-02-06 14:18:39,112 INFO     ___FILE_ONLY___ ═
2025-02-06 14:18:39,112 INFO     ___FILE_ONLY___ ═
2025-02-06 14:18:39,113 INFO     ___FILE_ONLY___ ═
2025-02-06 14:18:39,113 INFO     ___FILE_ONLY___ ═
2025-02-06 14:18:39,113 INFO     ___FILE_ONLY___ ═
2025-02-06 14:18:39,113 INFO     ___FILE_ONLY___ ═
2025-02-06 14:18:39,113 INFO     ___FILE_ONLY___ ═
2025-02-06 14:18:39,113 INFO     ___FILE_ONLY___ ═
2025-02-06 14:18:39,113 INFO     ___FILE_ONLY___ ═
2025-02-06 14:18:39,113 INFO     ___FILE_ONLY___ ═
2025-02-06 14:18:39,113 INFO     ___FILE_ONLY___ ═
2025-02-06 14:18:39,113 INFO     ___FILE_ONLY___ ═
2025-02-06 14:18:39,113 INFO     ___FILE_ONLY___ ═
2025-02-06 14:18:39,113 INFO     ___FILE_ONLY___ ═
2025-02-06 14:18:39,113 INFO     ___FILE_ONLY___ ═
2025-02-06 14:18:39,113 INFO     ___FILE_ONLY___ ═
2025-02-06 14:18:39,114 INFO     ___FILE_ONLY___ ═
2025-02-06 14:18:39,114 INFO     ___FILE_ONLY___ ═
2025-02-06 14:18:39,114 INFO     ___FILE_ONLY___ ═
2025-02-06 14:18:39,114 INFO     ___FILE_ONLY___ ═
2025-02-06 14:18:39,114 INFO     ___FILE_ONLY___ ═
2025-02-06 14:18:39,114 INFO     ___FILE_ONLY___ ═
2025-02-06 14:18:39,114 INFO     ___FILE_ONLY___ ═
2025-02-06 14:18:39,114 INFO     ___FILE_ONLY___ ═
2025-02-06 14:18:39,114 INFO     ___FILE_ONLY___ ═
2025-02-06 14:18:39,114 INFO     ___FILE_ONLY___ ═
2025-02-06 14:18:39,114 INFO     ___FILE_ONLY___ ═
2025-02-06 14:18:39,114 INFO     ___FILE_ONLY___ ═
2025-02-06 14:18:39,114 INFO     ___FILE_ONLY___ ═
2025-02-06 14:18:39,115 INFO     ___FILE_ONLY___ ═
2025-02-06 14:18:39,115 INFO     ___FILE_ONLY___ ═
2025-02-06 14:18:39,115 INFO     ___FILE_ONLY___ ═
2025-02-06 14:18:39,115 INFO     ___FILE_ONLY___ ═
2025-02-06 14:18:39,115 INFO     ___FILE_ONLY___ ═
2025-02-06 14:18:39,115 INFO     ___FILE_ONLY___ ═
2025-02-06 14:18:39,115 INFO     ___FILE_ONLY___ ═
2025-02-06 14:18:39,115 INFO     ___FILE_ONLY___ ═
2025-02-06 14:18:39,115 INFO     ___FILE_ONLY___ ═
2025-02-06 14:18:39,115 INFO     ___FILE_ONLY___ ═
2025-02-06 14:18:39,115 INFO     ___FILE_ONLY___ ═
2025-02-06 14:18:39,115 INFO     ___FILE_ONLY___ ═
2025-02-06 14:18:39,115 INFO     ___FILE_ONLY___ ═
2025-02-06 14:18:39,116 INFO     ___FILE_ONLY___ ═
2025-02-06 14:18:39,116 INFO     ___FILE_ONLY___ ═
2025-02-06 14:18:39,116 INFO     ___FILE_ONLY___ ═
2025-02-06 14:18:39,116 INFO     ___FILE_ONLY___ ═
2025-02-06 14:18:39,116 INFO     ___FILE_ONLY___ ═
2025-02-06 14:18:39,116 INFO     ___FILE_ONLY___ ═
2025-02-06 14:18:39,116 INFO     ___FILE_ONLY___ ═
2025-02-06 14:18:39,116 INFO     ___FILE_ONLY___ ═
2025-02-06 14:18:39,116 INFO     ___FILE_ONLY___ ═
2025-02-06 14:18:39,116 INFO     ___FILE_ONLY___ ═
2025-02-06 14:18:39,116 INFO     ___FILE_ONLY___ ═
2025-02-06 14:18:39,116 INFO     ___FILE_ONLY___ ═
2025-02-06 14:18:39,116 INFO     ___FILE_ONLY___ ═
2025-02-06 14:18:39,116 INFO     ___FILE_ONLY___ ═
2025-02-06 14:18:39,117 INFO     ___FILE_ONLY___ ═
2025-02-06 14:18:39,117 INFO     ___FILE_ONLY___ ╝

2025-02-06 14:18:39,118 INFO     ___FILE_ONLY___ ╔════════════════════════════════════════════════════════════╗

2025-02-06 14:18:39,118 INFO     ___FILE_ONLY___ ╠═ Downloading: gcloud cli dependencies (Platform Specific) ═╣

2025-02-06 14:18:39,118 INFO     ___FILE_ONLY___ ╚
2025-02-06 14:18:39,123 DEBUG    urllib3.connectionpool Starting new HTTPS connection (1): dl.google.com:443
2025-02-06 14:18:39,248 DEBUG    urllib3.connectionpool https://dl.google.com:443 "GET /dl/cloudsdk/channels/rapid/components/google-cloud-sdk-gcloud-deps-linux-x86_64-20210416153011.tar.gz HTTP/11" 200 104
2025-02-06 14:18:39,248 INFO     ___FILE_ONLY___ ════════════════════════════════════════════════════════════
2025-02-06 14:18:39,248 INFO     ___FILE_ONLY___ ╝

2025-02-06 14:18:39,250 INFO     ___FILE_ONLY___ ╔════════════════════════════════════════════════════════════╗

2025-02-06 14:18:39,251 INFO     ___FILE_ONLY___ ╠═ Installing: BigQuery Command Line Tool                   ═╣

2025-02-06 14:18:39,251 INFO     ___FILE_ONLY___ ╚
2025-02-06 14:18:39,380 INFO     ___FILE_ONLY___ ═
2025-02-06 14:18:39,384 INFO     ___FILE_ONLY___ ═
2025-02-06 14:18:39,387 INFO     ___FILE_ONLY___ ═
2025-02-06 14:18:39,390 INFO     ___FILE_ONLY___ ═
2025-02-06 14:18:39,393 INFO     ___FILE_ONLY___ ═
2025-02-06 14:18:39,397 INFO     ___FILE_ONLY___ ═
2025-02-06 14:18:39,399 INFO     ___FILE_ONLY___ ═
2025-02-06 14:18:39,403 INFO     ___FILE_ONLY___ ═
2025-02-06 14:18:39,406 INFO     ___FILE_ONLY___ ═
2025-02-06 14:18:39,409 INFO     ___FILE_ONLY___ ═
2025-02-06 14:18:39,411 INFO     ___FILE_ONLY___ ═
2025-02-06 14:18:39,414 INFO     ___FILE_ONLY___ ═
2025-02-06 14:18:39,417 INFO     ___FILE_ONLY___ ═
2025-02-06 14:18:39,420 INFO     ___FILE_ONLY___ ═
2025-02-06 14:18:39,422 INFO     ___FILE_ONLY___ ═
2025-02-06 14:18:39,424 INFO     ___FILE_ONLY___ ═
2025-02-06 14:18:39,426 INFO     ___FILE_ONLY___ ═
2025-02-06 14:18:39,429 INFO     ___FILE_ONLY___ ═
2025-02-06 14:18:39,431 INFO     ___FILE_ONLY___ ═
2025-02-06 14:18:39,433 INFO     ___FILE_ONLY___ ═
2025-02-06 14:18:39,435 INFO     ___FILE_ONLY___ ═
2025-02-06 14:18:39,437 INFO     ___FILE_ONLY___ ═
2025-02-06 14:18:39,438 INFO     ___FILE_ONLY___ ═
2025-02-06 14:18:39,440 INFO     ___FILE_ONLY___ ═
2025-02-06 14:18:39,442 INFO     ___FILE_ONLY___ ═
2025-02-06 14:18:39,444 INFO     ___FILE_ONLY___ ═
2025-02-06 14:18:39,446 INFO     ___FILE_ONLY___ ═
2025-02-06 14:18:39,448 INFO     ___FILE_ONLY___ ═
2025-02-06 14:18:39,451 INFO     ___FILE_ONLY___ ═
2025-02-06 14:18:39,453 INFO     ___FILE_ONLY___ ═
2025-02-06 14:18:39,455 INFO     ___FILE_ONLY___ ═
2025-02-06 14:18:39,456 INFO     ___FILE_ONLY___ ═
2025-02-06 14:18:39,459 INFO     ___FILE_ONLY___ ═
2025-02-06 14:18:39,463 INFO     ___FILE_ONLY___ ═
2025-02-06 14:18:39,472 INFO     ___FILE_ONLY___ ═
2025-02-06 14:18:39,473 INFO     ___FILE_ONLY___ ═
2025-02-06 14:18:39,475 INFO     ___FILE_ONLY___ ═
2025-02-06 14:18:39,480 INFO     ___FILE_ONLY___ ═
2025-02-06 14:18:39,482 INFO     ___FILE_ONLY___ ═
2025-02-06 14:18:39,484 INFO     ___FILE_ONLY___ ═
2025-02-06 14:18:39,486 INFO     ___FILE_ONLY___ ═
2025-02-06 14:18:39,488 INFO     ___FILE_ONLY___ ═
2025-02-06 14:18:39,491 INFO     ___FILE_ONLY___ ═
2025-02-06 14:18:39,494 INFO     ___FILE_ONLY___ ═
2025-02-06 14:18:39,496 INFO     ___FILE_ONLY___ ═
2025-02-06 14:18:39,498 INFO     ___FILE_ONLY___ ═
2025-02-06 14:18:39,500 INFO     ___FILE_ONLY___ ═
2025-02-06 14:18:39,502 INFO     ___FILE_ONLY___ ═
2025-02-06 14:18:39,503 INFO     ___FILE_ONLY___ ═
2025-02-06 14:18:39,506 INFO     ___FILE_ONLY___ ═
2025-02-06 14:18:39,508 INFO     ___FILE_ONLY___ ═
2025-02-06 14:18:39,509 INFO     ___FILE_ONLY___ ═
2025-02-06 14:18:39,511 INFO     ___FILE_ONLY___ ═
2025-02-06 14:18:39,513 INFO     ___FILE_ONLY___ ═
2025-02-06 14:18:39,516 INFO     ___FILE_ONLY___ ═
2025-02-06 14:18:39,517 INFO     ___FILE_ONLY___ ═
2025-02-06 14:18:39,519 INFO     ___FILE_ONLY___ ═
2025-02-06 14:18:39,521 INFO     ___FILE_ONLY___ ═
2025-02-06 14:18:39,522 INFO     ___FILE_ONLY___ ═
2025-02-06 14:18:39,525 INFO     ___FILE_ONLY___ ═
2025-02-06 14:18:39,525 INFO     ___FILE_ONLY___ ╝

2025-02-06 14:18:39,532 INFO     ___FILE_ONLY___ ╔════════════════════════════════════════════════════════════╗

2025-02-06 14:18:39,532 INFO     ___FILE_ONLY___ ╠═ Installing: BigQuery Command Line Tool (Platform Spec... ═╣

2025-02-06 14:18:39,532 INFO     ___FILE_ONLY___ ╚
2025-02-06 14:18:39,533 INFO     ___FILE_ONLY___ ════════════════════════════════════════════════════════════
2025-02-06 14:18:39,533 INFO     ___FILE_ONLY___ ╝

2025-02-06 14:18:39,537 INFO     ___FILE_ONLY___ ╔════════════════════════════════════════════════════════════╗

2025-02-06 14:18:39,537 INFO     ___FILE_ONLY___ ╠═ Installing: Bundled Python 3.12                          ═╣

2025-02-06 14:18:39,537 INFO     ___FILE_ONLY___ ╚
2025-02-06 14:18:39,539 INFO     ___FILE_ONLY___ ════════════════════════════════════════════════════════════
2025-02-06 14:18:39,539 INFO     ___FILE_ONLY___ ╝

2025-02-06 14:18:39,540 INFO     ___FILE_ONLY___ ╔════════════════════════════════════════════════════════════╗

2025-02-06 14:18:39,541 INFO     ___FILE_ONLY___ ╠═ Installing: Bundled Python 3.12 (Platform Specific)      ═╣

2025-02-06 14:18:39,541 INFO     ___FILE_ONLY___ ╚
2025-02-06 14:18:42,718 INFO     ___FILE_ONLY___ ═
2025-02-06 14:18:43,197 INFO     ___FILE_ONLY___ ═
2025-02-06 14:18:43,217 INFO     ___FILE_ONLY___ ═
2025-02-06 14:18:43,250 INFO     ___FILE_ONLY___ ═
2025-02-06 14:18:43,270 INFO     ___FILE_ONLY___ ═
2025-02-06 14:18:43,285 INFO     ___FILE_ONLY___ ═
2025-02-06 14:18:43,313 INFO     ___FILE_ONLY___ ═
2025-02-06 14:18:43,332 INFO     ___FILE_ONLY___ ═
2025-02-06 14:18:43,350 INFO     ___FILE_ONLY___ ═
2025-02-06 14:18:43,366 INFO     ___FILE_ONLY___ ═
2025-02-06 14:18:43,380 INFO     ___FILE_ONLY___ ═
2025-02-06 14:18:43,405 INFO     ___FILE_ONLY___ ═
2025-02-06 14:18:43,541 INFO     ___FILE_ONLY___ ═
2025-02-06 14:18:43,557 INFO     ___FILE_ONLY___ ═
2025-02-06 14:18:43,572 INFO     ___FILE_ONLY___ ═
2025-02-06 14:18:43,587 INFO     ___FILE_ONLY___ ═
2025-02-06 14:18:43,600 INFO     ___FILE_ONLY___ ═
2025-02-06 14:18:43,616 INFO     ___FILE_ONLY___ ═
2025-02-06 14:18:43,632 INFO     ___FILE_ONLY___ ═
2025-02-06 14:18:43,652 INFO     ___FILE_ONLY___ ═
2025-02-06 14:18:43,667 INFO     ___FILE_ONLY___ ═
2025-02-06 14:18:43,759 INFO     ___FILE_ONLY___ ═
2025-02-06 14:18:43,780 INFO     ___FILE_ONLY___ ═
2025-02-06 14:18:44,268 INFO     ___FILE_ONLY___ ═
2025-02-06 14:18:44,284 INFO     ___FILE_ONLY___ ═
2025-02-06 14:18:44,298 INFO     ___FILE_ONLY___ ═
2025-02-06 14:18:44,309 INFO     ___FILE_ONLY___ ═
2025-02-06 14:18:44,320 INFO     ___FILE_ONLY___ ═
2025-02-06 14:18:44,332 INFO     ___FILE_ONLY___ ═
2025-02-06 14:18:44,343 INFO     ___FILE_ONLY___ ═
2025-02-06 14:18:44,354 INFO     ___FILE_ONLY___ ═
2025-02-06 14:18:44,365 INFO     ___FILE_ONLY___ ═
2025-02-06 14:18:44,376 INFO     ___FILE_ONLY___ ═
2025-02-06 14:18:44,387 INFO     ___FILE_ONLY___ ═
2025-02-06 14:18:44,398 INFO     ___FILE_ONLY___ ═
2025-02-06 14:18:44,409 INFO     ___FILE_ONLY___ ═
2025-02-06 14:18:44,421 INFO     ___FILE_ONLY___ ═
2025-02-06 14:18:44,432 INFO     ___FILE_ONLY___ ═
2025-02-06 14:18:44,443 INFO     ___FILE_ONLY___ ═
2025-02-06 14:18:44,454 INFO     ___FILE_ONLY___ ═
2025-02-06 14:18:44,465 INFO     ___FILE_ONLY___ ═
2025-02-06 14:18:44,476 INFO     ___FILE_ONLY___ ═
2025-02-06 14:18:44,488 INFO     ___FILE_ONLY___ ═
2025-02-06 14:18:44,499 INFO     ___FILE_ONLY___ ═
2025-02-06 14:18:44,511 INFO     ___FILE_ONLY___ ═
2025-02-06 14:18:44,522 INFO     ___FILE_ONLY___ ═
2025-02-06 14:18:44,534 INFO     ___FILE_ONLY___ ═
2025-02-06 14:18:44,545 INFO     ___FILE_ONLY___ ═
2025-02-06 14:18:44,558 INFO     ___FILE_ONLY___ ═
2025-02-06 14:18:44,570 INFO     ___FILE_ONLY___ ═
2025-02-06 14:18:44,581 INFO     ___FILE_ONLY___ ═
2025-02-06 14:18:44,592 INFO     ___FILE_ONLY___ ═
2025-02-06 14:18:44,603 INFO     ___FILE_ONLY___ ═
2025-02-06 14:18:44,615 INFO     ___FILE_ONLY___ ═
2025-02-06 14:18:44,626 INFO     ___FILE_ONLY___ ═
2025-02-06 14:18:44,637 INFO     ___FILE_ONLY___ ═
2025-02-06 14:18:44,648 INFO     ___FILE_ONLY___ ═
2025-02-06 14:18:44,660 INFO     ___FILE_ONLY___ ═
2025-02-06 14:18:44,671 INFO     ___FILE_ONLY___ ═
2025-02-06 14:18:44,683 INFO     ___FILE_ONLY___ ═
2025-02-06 14:18:44,683 INFO     ___FILE_ONLY___ ╝

2025-02-06 14:18:44,731 INFO     ___FILE_ONLY___ ╔════════════════════════════════════════════════════════════╗

2025-02-06 14:18:44,731 INFO     ___FILE_ONLY___ ╠═ Installing: Cloud Storage Command Line Tool              ═╣

2025-02-06 14:18:44,731 INFO     ___FILE_ONLY___ ╚
2025-02-06 14:18:45,259 INFO     ___FILE_ONLY___ ═
2025-02-06 14:18:45,275 INFO     ___FILE_ONLY___ ═
2025-02-06 14:18:45,294 INFO     ___FILE_ONLY___ ═
2025-02-06 14:18:45,309 INFO     ___FILE_ONLY___ ═
2025-02-06 14:18:45,323 INFO     ___FILE_ONLY___ ═
2025-02-06 14:18:45,334 INFO     ___FILE_ONLY___ ═
2025-02-06 14:18:45,347 INFO     ___FILE_ONLY___ ═
2025-02-06 14:18:45,358 INFO     ___FILE_ONLY___ ═
2025-02-06 14:18:45,372 INFO     ___FILE_ONLY___ ═
2025-02-06 14:18:45,384 INFO     ___FILE_ONLY___ ═
2025-02-06 14:18:45,397 INFO     ___FILE_ONLY___ ═
2025-02-06 14:18:45,408 INFO     ___FILE_ONLY___ ═
2025-02-06 14:18:45,417 INFO     ___FILE_ONLY___ ═
2025-02-06 14:18:45,426 INFO     ___FILE_ONLY___ ═
2025-02-06 14:18:45,435 INFO     ___FILE_ONLY___ ═
2025-02-06 14:18:45,444 INFO     ___FILE_ONLY___ ═
2025-02-06 14:18:45,454 INFO     ___FILE_ONLY___ ═
2025-02-06 14:18:45,463 INFO     ___FILE_ONLY___ ═
2025-02-06 14:18:45,473 INFO     ___FILE_ONLY___ ═
2025-02-06 14:18:45,483 INFO     ___FILE_ONLY___ ═
2025-02-06 14:18:45,494 INFO     ___FILE_ONLY___ ═
2025-02-06 14:18:45,507 INFO     ___FILE_ONLY___ ═
2025-02-06 14:18:45,521 INFO     ___FILE_ONLY___ ═
2025-02-06 14:18:45,530 INFO     ___FILE_ONLY___ ═
2025-02-06 14:18:45,542 INFO     ___FILE_ONLY___ ═
2025-02-06 14:18:45,556 INFO     ___FILE_ONLY___ ═
2025-02-06 14:18:45,572 INFO     ___FILE_ONLY___ ═
2025-02-06 14:18:45,589 INFO     ___FILE_ONLY___ ═
2025-02-06 14:18:45,604 INFO     ___FILE_ONLY___ ═
2025-02-06 14:18:45,623 INFO     ___FILE_ONLY___ ═
2025-02-06 14:18:45,633 INFO     ___FILE_ONLY___ ═
2025-02-06 14:18:45,643 INFO     ___FILE_ONLY___ ═
2025-02-06 14:18:45,660 INFO     ___FILE_ONLY___ ═
2025-02-06 14:18:45,671 INFO     ___FILE_ONLY___ ═
2025-02-06 14:18:45,681 INFO     ___FILE_ONLY___ ═
2025-02-06 14:18:45,690 INFO     ___FILE_ONLY___ ═
2025-02-06 14:18:45,699 INFO     ___FILE_ONLY___ ═
2025-02-06 14:18:45,709 INFO     ___FILE_ONLY___ ═
2025-02-06 14:18:45,719 INFO     ___FILE_ONLY___ ═
2025-02-06 14:18:45,730 INFO     ___FILE_ONLY___ ═
2025-02-06 14:18:46,006 INFO     ___FILE_ONLY___ ═
2025-02-06 14:18:46,018 INFO     ___FILE_ONLY___ ═
2025-02-06 14:18:46,027 INFO     ___FILE_ONLY___ ═
2025-02-06 14:18:46,040 INFO     ___FILE_ONLY___ ═
2025-02-06 14:18:46,054 INFO     ___FILE_ONLY___ ═
2025-02-06 14:18:46,065 INFO     ___FILE_ONLY___ ═
2025-02-06 14:18:46,073 INFO     ___FILE_ONLY___ ═
2025-02-06 14:18:46,083 INFO     ___FILE_ONLY___ ═
2025-02-06 14:18:46,093 INFO     ___FILE_ONLY___ ═
2025-02-06 14:18:46,104 INFO     ___FILE_ONLY___ ═
2025-02-06 14:18:46,120 INFO     ___FILE_ONLY___ ═
2025-02-06 14:18:46,131 INFO     ___FILE_ONLY___ ═
2025-02-06 14:18:46,145 INFO     ___FILE_ONLY___ ═
2025-02-06 14:18:46,158 INFO     ___FILE_ONLY___ ═
2025-02-06 14:18:46,192 INFO     ___FILE_ONLY___ ═
2025-02-06 14:18:46,201 INFO     ___FILE_ONLY___ ═
2025-02-06 14:18:46,210 INFO     ___FILE_ONLY___ ═
2025-02-06 14:18:46,220 INFO     ___FILE_ONLY___ ═
2025-02-06 14:18:46,230 INFO     ___FILE_ONLY___ ═
2025-02-06 14:18:46,243 INFO     ___FILE_ONLY___ ═
2025-02-06 14:18:46,243 INFO     ___FILE_ONLY___ ╝

2025-02-06 14:18:46,272 INFO     ___FILE_ONLY___ ╔════════════════════════════════════════════════════════════╗

2025-02-06 14:18:46,272 INFO     ___FILE_ONLY___ ╠═ Installing: Cloud Storage Command Line Tool (Platform... ═╣

2025-02-06 14:18:46,272 INFO     ___FILE_ONLY___ ╚
2025-02-06 14:18:46,273 INFO     ___FILE_ONLY___ ════════════════════════════════════════════════════════════
2025-02-06 14:18:46,273 INFO     ___FILE_ONLY___ ╝

2025-02-06 14:18:46,277 INFO     ___FILE_ONLY___ ╔════════════════════════════════════════════════════════════╗

2025-02-06 14:18:46,277 INFO     ___FILE_ONLY___ ╠═ Installing: Default set of gcloud commands               ═╣

2025-02-06 14:18:46,277 INFO     ___FILE_ONLY___ ╚
2025-02-06 14:18:46,599 INFO     ___FILE_ONLY___ ════════════════════════════════════════════════════════════
2025-02-06 14:18:46,599 INFO     ___FILE_ONLY___ ╝

2025-02-06 14:18:46,600 INFO     ___FILE_ONLY___ ╔════════════════════════════════════════════════════════════╗

2025-02-06 14:18:46,601 INFO     ___FILE_ONLY___ ╠═ Installing: Google Cloud CLI Core Libraries (Platform... ═╣

2025-02-06 14:18:46,601 INFO     ___FILE_ONLY___ ╚
2025-02-06 14:18:46,601 INFO     ___FILE_ONLY___ ══════════════════════════════
2025-02-06 14:18:46,602 INFO     ___FILE_ONLY___ ══════════════════════════════
2025-02-06 14:18:46,602 INFO     ___FILE_ONLY___ ╝

2025-02-06 14:18:46,606 INFO     ___FILE_ONLY___ ╔════════════════════════════════════════════════════════════╗

2025-02-06 14:18:46,606 INFO     ___FILE_ONLY___ ╠═ Installing: Google Cloud CRC32C Hash Tool                ═╣

2025-02-06 14:18:46,606 INFO     ___FILE_ONLY___ ╚
2025-02-06 14:18:46,608 INFO     ___FILE_ONLY___ ════════════════════════════════════════════════════════════
2025-02-06 14:18:46,608 INFO     ___FILE_ONLY___ ╝

2025-02-06 14:18:46,610 INFO     ___FILE_ONLY___ ╔════════════════════════════════════════════════════════════╗

2025-02-06 14:18:46,610 INFO     ___FILE_ONLY___ ╠═ Installing: Google Cloud CRC32C Hash Tool (Platform S... ═╣

2025-02-06 14:18:46,610 INFO     ___FILE_ONLY___ ╚
2025-02-06 14:18:46,647 INFO     ___FILE_ONLY___ ══════════════════════════════
2025-02-06 14:18:46,647 INFO     ___FILE_ONLY___ ══════════════════════════════
2025-02-06 14:18:46,647 INFO     ___FILE_ONLY___ ╝

2025-02-06 14:18:46,651 INFO     ___FILE_ONLY___ ╔════════════════════════════════════════════════════════════╗

2025-02-06 14:18:46,651 INFO     ___FILE_ONLY___ ╠═ Installing: gcloud cli dependencies (Platform Specific)  ═╣

2025-02-06 14:18:46,651 INFO     ___FILE_ONLY___ ╚
2025-02-06 14:18:46,651 INFO     ___FILE_ONLY___ ════════════════════════════════════════════════════════════
2025-02-06 14:18:46,652 INFO     ___FILE_ONLY___ ╝

2025-02-06 14:18:46,656 DEBUG    root            Updating notification cache...
2025-02-06 14:18:46,656 INFO     ___FILE_ONLY___ 

2025-02-06 14:18:46,658 INFO     ___FILE_ONLY___ Performing post processing steps...
2025-02-06 14:18:46,658 DEBUG    root            Executing command: ['/tools/google-cloud-sdk/bin/gcloud', 'components', 'post-process']
2025-02-06 14:18:54,304 DEBUG    ___FILE_ONLY___ 
2025-02-06 14:18:54,304 DEBUG    ___FILE_ONLY___ 
2025-02-06 14:18:54,424 INFO     ___FILE_ONLY___ 
Update done!


2025-02-06 14:18:54,428 DEBUG    root            Chosen display Format:none
2025-02-06 14:18:54,428 INFO     root            Display format: "none"
