2025-02-06 14:18:55,003 DEBUG    root            Loaded Command Group: ['gcloud', 'components']
2025-02-06 14:18:55,005 DEBUG    root            Loaded Command Group: ['gcloud', 'components', 'update']
2025-02-06 14:18:55,007 DEBUG    root            Running [gcloud.components.update] with arguments: [--quiet: "True", COMPONENT-IDS:8: "['gcloud', 'core', 'bq', 'gsutil', 'compute', 'preview', 'alpha', 'beta']"]
2025-02-06 14:18:55,008 INFO     ___FILE_ONLY___ Beginning update. This process may take several minutes.

2025-02-06 14:18:55,016 DEBUG    urllib3.connectionpool Starting new HTTPS connection (1): dl.google.com:443
2025-02-06 14:18:55,046 DEBUG    urllib3.connectionpool https://dl.google.com:443 "GET /dl/cloudsdk/channels/rapid/components-2.json HTTP/11" 200 227832
2025-02-06 14:18:55,058 WARNING  root            Component [compute] no longer exists.
2025-02-06 14:18:55,059 INFO     ___FILE_ONLY___ 

2025-02-06 14:18:55,059 INFO     ___FILE_ONLY___ 
Your current Google Cloud CLI version is: 509.0.0

2025-02-06 14:18:55,059 INFO     ___FILE_ONLY___ Installing components from version: 509.0.0

2025-02-06 14:18:55,059 INFO     ___FILE_ONLY___ 

2025-02-06 14:18:55,060 DEBUG    root            Chosen display Format:table[box,title="These components will be removed."](details.display_name:label=Name:align=left,version.version_string:label=Version:align=right,data.size.size(zero="",min=1048576):label=Size:align=right)
2025-02-06 14:18:55,060 DEBUG    root            Chosen display Format:table[box,title="These components will be updated."](details.display_name:label=Name:align=left,version.version_string:label=Version:align=right,data.size.size(zero="",min=1048576):label=Size:align=right)
2025-02-06 14:18:55,060 DEBUG    root            Chosen display Format:table[box,title="These components will be installed."](details.display_name:label=Name:align=left,version.version_string:label=Version:align=right,data.size.size(zero="",min=1048576):label=Size:align=right)
2025-02-06 14:18:55,073 INFO     ___FILE_ONLY___ ┌────────────────────────────────────────────────┐
2025-02-06 14:18:55,073 INFO     ___FILE_ONLY___ 

2025-02-06 14:18:55,074 INFO     ___FILE_ONLY___ │      These components will be installed.       │
2025-02-06 14:18:55,074 INFO     ___FILE_ONLY___ 

2025-02-06 14:18:55,074 INFO     ___FILE_ONLY___ ├─────────────────────────┬────────────┬─────────┤
2025-02-06 14:18:55,074 INFO     ___FILE_ONLY___ 

2025-02-06 14:18:55,074 INFO     ___FILE_ONLY___ │           Name          │  Version   │   Size  │
2025-02-06 14:18:55,074 INFO     ___FILE_ONLY___ 

2025-02-06 14:18:55,074 INFO     ___FILE_ONLY___ ├─────────────────────────┼────────────┼─────────┤
2025-02-06 14:18:55,074 INFO     ___FILE_ONLY___ 

2025-02-06 14:18:55,074 INFO     ___FILE_ONLY___ │ 
2025-02-06 14:18:55,074 INFO     ___FILE_ONLY___ gcloud Alpha Commands  
2025-02-06 14:18:55,074 INFO     ___FILE_ONLY___  
2025-02-06 14:18:55,074 INFO     ___FILE_ONLY___ │ 
2025-02-06 14:18:55,074 INFO     ___FILE_ONLY___ 2025.01.31
2025-02-06 14:18:55,074 INFO     ___FILE_ONLY___  
2025-02-06 14:18:55,074 INFO     ___FILE_ONLY___ │ 
2025-02-06 14:18:55,074 INFO     ___FILE_ONLY___ < 1 MiB
2025-02-06 14:18:55,074 INFO     ___FILE_ONLY___  
2025-02-06 14:18:55,074 INFO     ___FILE_ONLY___ │
2025-02-06 14:18:55,074 INFO     ___FILE_ONLY___ 

2025-02-06 14:18:55,074 INFO     ___FILE_ONLY___ │ 
2025-02-06 14:18:55,075 INFO     ___FILE_ONLY___ gcloud Beta Commands   
2025-02-06 14:18:55,075 INFO     ___FILE_ONLY___  
2025-02-06 14:18:55,075 INFO     ___FILE_ONLY___ │ 
2025-02-06 14:18:55,075 INFO     ___FILE_ONLY___ 2025.01.31
2025-02-06 14:18:55,075 INFO     ___FILE_ONLY___  
2025-02-06 14:18:55,075 INFO     ___FILE_ONLY___ │ 
2025-02-06 14:18:55,075 INFO     ___FILE_ONLY___ < 1 MiB
2025-02-06 14:18:55,075 INFO     ___FILE_ONLY___  
2025-02-06 14:18:55,075 INFO     ___FILE_ONLY___ │
2025-02-06 14:18:55,075 INFO     ___FILE_ONLY___ 

2025-02-06 14:18:55,075 INFO     ___FILE_ONLY___ │ 
2025-02-06 14:18:55,075 INFO     ___FILE_ONLY___ gcloud Preview Commands
2025-02-06 14:18:55,075 INFO     ___FILE_ONLY___  
2025-02-06 14:18:55,075 INFO     ___FILE_ONLY___ │ 
2025-02-06 14:18:55,075 INFO     ___FILE_ONLY___           
2025-02-06 14:18:55,075 INFO     ___FILE_ONLY___  
2025-02-06 14:18:55,075 INFO     ___FILE_ONLY___ │ 
2025-02-06 14:18:55,075 INFO     ___FILE_ONLY___ < 1 MiB
2025-02-06 14:18:55,075 INFO     ___FILE_ONLY___  
2025-02-06 14:18:55,075 INFO     ___FILE_ONLY___ │
2025-02-06 14:18:55,075 INFO     ___FILE_ONLY___ 

2025-02-06 14:18:55,076 INFO     ___FILE_ONLY___ └─────────────────────────┴────────────┴─────────┘
2025-02-06 14:18:55,076 INFO     ___FILE_ONLY___ 

2025-02-06 14:18:55,076 INFO     ___FILE_ONLY___ 

2025-02-06 14:18:55,078 DEBUG    urllib3.connectionpool Starting new HTTPS connection (1): dl.google.com:443
2025-02-06 14:18:55,195 DEBUG    urllib3.connectionpool https://dl.google.com:443 "GET /dl/cloudsdk/channels/rapid/RELEASE_NOTES HTTP/11" 200 1351399
2025-02-06 14:18:55,637 INFO     ___FILE_ONLY___ For the latest full release notes, please visit:
  https://cloud.google.com/sdk/release_notes


2025-02-06 14:18:55,638 INFO     ___FILE_ONLY___ Performing in place update...


2025-02-06 14:18:55,640 INFO     ___FILE_ONLY___ ╔════════════════════════════════════════════════════════════╗

2025-02-06 14:18:55,640 INFO     ___FILE_ONLY___ ╠═ Downloading: gcloud Alpha Commands                       ═╣

2025-02-06 14:18:55,640 INFO     ___FILE_ONLY___ ╚
2025-02-06 14:18:55,643 DEBUG    urllib3.connectionpool Starting new HTTPS connection (1): dl.google.com:443
2025-02-06 14:18:55,748 DEBUG    urllib3.connectionpool https://dl.google.com:443 "GET /dl/cloudsdk/channels/rapid/components/google-cloud-sdk-alpha-20250131143518.tar.gz HTTP/11" 200 800
2025-02-06 14:18:55,749 INFO     ___FILE_ONLY___ ════════════════════════════════════════════════════════════
2025-02-06 14:18:55,749 INFO     ___FILE_ONLY___ ╝

2025-02-06 14:18:55,751 INFO     ___FILE_ONLY___ ╔════════════════════════════════════════════════════════════╗

2025-02-06 14:18:55,751 INFO     ___FILE_ONLY___ ╠═ Downloading: gcloud Beta Commands                        ═╣

2025-02-06 14:18:55,751 INFO     ___FILE_ONLY___ ╚
2025-02-06 14:18:55,754 DEBUG    urllib3.connectionpool Starting new HTTPS connection (1): dl.google.com:443
2025-02-06 14:18:55,856 DEBUG    urllib3.connectionpool https://dl.google.com:443 "GET /dl/cloudsdk/channels/rapid/components/google-cloud-sdk-beta-20250131143518.tar.gz HTTP/11" 200 797
2025-02-06 14:18:55,856 INFO     ___FILE_ONLY___ ════════════════════════════════════════════════════════════
2025-02-06 14:18:55,856 INFO     ___FILE_ONLY___ ╝

2025-02-06 14:18:55,858 INFO     ___FILE_ONLY___ ╔════════════════════════════════════════════════════════════╗

2025-02-06 14:18:55,858 INFO     ___FILE_ONLY___ ╠═ Downloading: gcloud Preview Commands                     ═╣

2025-02-06 14:18:55,858 INFO     ___FILE_ONLY___ ╚
2025-02-06 14:18:55,861 DEBUG    urllib3.connectionpool Starting new HTTPS connection (1): dl.google.com:443
2025-02-06 14:18:56,004 DEBUG    urllib3.connectionpool https://dl.google.com:443 "GET /dl/cloudsdk/channels/rapid/components/google-cloud-sdk-preview-20241115154308.tar.gz HTTP/11" 200 823
2025-02-06 14:18:56,005 INFO     ___FILE_ONLY___ ════════════════════════════════════════════════════════════
2025-02-06 14:18:56,005 INFO     ___FILE_ONLY___ ╝

2025-02-06 14:18:56,007 INFO     ___FILE_ONLY___ ╔════════════════════════════════════════════════════════════╗

2025-02-06 14:18:56,007 INFO     ___FILE_ONLY___ ╠═ Installing: gcloud Alpha Commands                        ═╣

2025-02-06 14:18:56,007 INFO     ___FILE_ONLY___ ╚
2025-02-06 14:18:56,008 INFO     ___FILE_ONLY___ ════════════════════════════════════════════════════════════
2025-02-06 14:18:56,008 INFO     ___FILE_ONLY___ ╝

2025-02-06 14:18:56,013 INFO     ___FILE_ONLY___ ╔════════════════════════════════════════════════════════════╗

2025-02-06 14:18:56,013 INFO     ___FILE_ONLY___ ╠═ Installing: gcloud Beta Commands                         ═╣

2025-02-06 14:18:56,013 INFO     ___FILE_ONLY___ ╚
2025-02-06 14:18:56,013 INFO     ___FILE_ONLY___ ════════════════════════════════════════════════════════════
2025-02-06 14:18:56,013 INFO     ___FILE_ONLY___ ╝

2025-02-06 14:18:56,018 INFO     ___FILE_ONLY___ ╔════════════════════════════════════════════════════════════╗

2025-02-06 14:18:56,018 INFO     ___FILE_ONLY___ ╠═ Installing: gcloud Preview Commands                      ═╣

2025-02-06 14:18:56,018 INFO     ___FILE_ONLY___ ╚
2025-02-06 14:18:56,019 INFO     ___FILE_ONLY___ ════════════════════════════════════════════════════════════
2025-02-06 14:18:56,019 INFO     ___FILE_ONLY___ ╝

2025-02-06 14:18:56,023 DEBUG    root            Updating notification cache...
2025-02-06 14:18:56,024 INFO     ___FILE_ONLY___ 

2025-02-06 14:18:56,025 INFO     ___FILE_ONLY___ Performing post processing steps...
2025-02-06 14:18:56,026 DEBUG    root            Executing command: ['/tools/google-cloud-sdk/bin/gcloud', 'components', 'post-process']
2025-02-06 14:19:03,651 DEBUG    ___FILE_ONLY___ 
2025-02-06 14:19:03,651 DEBUG    ___FILE_ONLY___ 
2025-02-06 14:19:03,800 INFO     ___FILE_ONLY___ 
Update done!


2025-02-06 14:19:03,802 DEBUG    root            Chosen display Format:none
2025-02-06 14:19:03,803 INFO     root            Display format: "none"
