2025-03-19 13:33:56,772 DEBUG    root            Loaded Command Group: ['gcloud', 'components']
2025-03-19 13:33:56,775 DEBUG    root            Loaded Command Group: ['gcloud', 'components', 'update']
2025-03-19 13:33:56,778 DEBUG    root            Running [gcloud.components.update] with arguments: [--compile-python: "True", --quiet: "True", COMPONENT-IDS:6: "['core', 'gcloud-deps', 'bq', 'gcloud', 'gcloud-crc32c', 'gsutil']"]
2025-03-19 13:33:56,779 INFO     ___FILE_ONLY___ Beginning update. This process may take several minutes.

2025-03-19 13:33:56,814 DEBUG    urllib3.connectionpool Starting new HTTPS connection (1): dl.google.com:443
2025-03-19 13:33:56,841 DEBUG    urllib3.connectionpool https://dl.google.com:443 "GET /dl/cloudsdk/channels/rapid/components-2.json HTTP/11" 200 226134
2025-03-19 13:33:56,853 INFO     ___FILE_ONLY___ 

2025-03-19 13:33:56,853 INFO     ___FILE_ONLY___ 
Your current Google Cloud CLI version is: 515.0.0

2025-03-19 13:33:56,853 INFO     ___FILE_ONLY___ Installing components from version: 515.0.0

2025-03-19 13:33:56,853 INFO     ___FILE_ONLY___ 

2025-03-19 13:33:56,854 DEBUG    root            Chosen display Format:table[box,title="These components will be removed."](details.display_name:label=Name:align=left,version.version_string:label=Version:align=right,data.size.size(zero="",min=1048576):label=Size:align=right)
2025-03-19 13:33:56,855 DEBUG    root            Chosen display Format:table[box,title="These components will be updated."](details.display_name:label=Name:align=left,version.version_string:label=Version:align=right,data.size.size(zero="",min=1048576):label=Size:align=right)
2025-03-19 13:33:56,855 DEBUG    root            Chosen display Format:table[box,title="These components will be installed."](details.display_name:label=Name:align=left,version.version_string:label=Version:align=right,data.size.size(zero="",min=1048576):label=Size:align=right)
2025-03-19 13:33:56,895 INFO     ___FILE_ONLY___ ┌─────────────────────────────────────────────────────────────────────────────┐
2025-03-19 13:33:56,895 INFO     ___FILE_ONLY___ 

2025-03-19 13:33:56,895 INFO     ___FILE_ONLY___ │                     These components will be installed.                     │
2025-03-19 13:33:56,895 INFO     ___FILE_ONLY___ 

2025-03-19 13:33:56,895 INFO     ___FILE_ONLY___ ├─────────────────────────────────────────────────────┬────────────┬──────────┤
2025-03-19 13:33:56,895 INFO     ___FILE_ONLY___ 

2025-03-19 13:33:56,895 INFO     ___FILE_ONLY___ │                         Name                        │  Version   │   Size   │
2025-03-19 13:33:56,895 INFO     ___FILE_ONLY___ 

2025-03-19 13:33:56,896 INFO     ___FILE_ONLY___ ├─────────────────────────────────────────────────────┼────────────┼──────────┤
2025-03-19 13:33:56,896 INFO     ___FILE_ONLY___ 

2025-03-19 13:33:56,896 INFO     ___FILE_ONLY___ │ 
2025-03-19 13:33:56,896 INFO     ___FILE_ONLY___ BigQuery Command Line Tool                         
2025-03-19 13:33:56,896 INFO     ___FILE_ONLY___  
2025-03-19 13:33:56,896 INFO     ___FILE_ONLY___ │ 
2025-03-19 13:33:56,896 INFO     ___FILE_ONLY___     2.1.14
2025-03-19 13:33:56,896 INFO     ___FILE_ONLY___  
2025-03-19 13:33:56,896 INFO     ___FILE_ONLY___ │ 
2025-03-19 13:33:56,897 INFO     ___FILE_ONLY___  1.8 MiB
2025-03-19 13:33:56,897 INFO     ___FILE_ONLY___  
2025-03-19 13:33:56,897 INFO     ___FILE_ONLY___ │
2025-03-19 13:33:56,897 INFO     ___FILE_ONLY___ 

2025-03-19 13:33:56,897 INFO     ___FILE_ONLY___ │ 
2025-03-19 13:33:56,897 INFO     ___FILE_ONLY___ BigQuery Command Line Tool (Platform Specific)     
2025-03-19 13:33:56,897 INFO     ___FILE_ONLY___  
2025-03-19 13:33:56,897 INFO     ___FILE_ONLY___ │ 
2025-03-19 13:33:56,898 INFO     ___FILE_ONLY___      2.1.8
2025-03-19 13:33:56,898 INFO     ___FILE_ONLY___  
2025-03-19 13:33:56,898 INFO     ___FILE_ONLY___ │ 
2025-03-19 13:33:56,898 INFO     ___FILE_ONLY___  < 1 MiB
2025-03-19 13:33:56,898 INFO     ___FILE_ONLY___  
2025-03-19 13:33:56,898 INFO     ___FILE_ONLY___ │
2025-03-19 13:33:56,898 INFO     ___FILE_ONLY___ 

2025-03-19 13:33:56,898 INFO     ___FILE_ONLY___ │ 
2025-03-19 13:33:56,898 INFO     ___FILE_ONLY___ Bundled Python 3.12 (Platform Specific)            
2025-03-19 13:33:56,898 INFO     ___FILE_ONLY___  
2025-03-19 13:33:56,898 INFO     ___FILE_ONLY___ │ 
2025-03-19 13:33:56,899 INFO     ___FILE_ONLY___     3.12.8
2025-03-19 13:33:56,899 INFO     ___FILE_ONLY___  
2025-03-19 13:33:56,899 INFO     ___FILE_ONLY___ │ 
2025-03-19 13:33:56,899 INFO     ___FILE_ONLY___ 89.2 MiB
2025-03-19 13:33:56,899 INFO     ___FILE_ONLY___  
2025-03-19 13:33:56,899 INFO     ___FILE_ONLY___ │
2025-03-19 13:33:56,899 INFO     ___FILE_ONLY___ 

2025-03-19 13:33:56,899 INFO     ___FILE_ONLY___ │ 
2025-03-19 13:33:56,899 INFO     ___FILE_ONLY___ Cloud Storage Command Line Tool                    
2025-03-19 13:33:56,899 INFO     ___FILE_ONLY___  
2025-03-19 13:33:56,900 INFO     ___FILE_ONLY___ │ 
2025-03-19 13:33:56,900 INFO     ___FILE_ONLY___       5.33
2025-03-19 13:33:56,900 INFO     ___FILE_ONLY___  
2025-03-19 13:33:56,900 INFO     ___FILE_ONLY___ │ 
2025-03-19 13:33:56,900 INFO     ___FILE_ONLY___ 11.8 MiB
2025-03-19 13:33:56,900 INFO     ___FILE_ONLY___  
2025-03-19 13:33:56,900 INFO     ___FILE_ONLY___ │
2025-03-19 13:33:56,900 INFO     ___FILE_ONLY___ 

2025-03-19 13:33:56,900 INFO     ___FILE_ONLY___ │ 
2025-03-19 13:33:56,900 INFO     ___FILE_ONLY___ Cloud Storage Command Line Tool (Platform Specific)
2025-03-19 13:33:56,900 INFO     ___FILE_ONLY___  
2025-03-19 13:33:56,901 INFO     ___FILE_ONLY___ │ 
2025-03-19 13:33:56,901 INFO     ___FILE_ONLY___       5.30
2025-03-19 13:33:56,901 INFO     ___FILE_ONLY___  
2025-03-19 13:33:56,901 INFO     ___FILE_ONLY___ │ 
2025-03-19 13:33:56,901 INFO     ___FILE_ONLY___  < 1 MiB
2025-03-19 13:33:56,901 INFO     ___FILE_ONLY___  
2025-03-19 13:33:56,901 INFO     ___FILE_ONLY___ │
2025-03-19 13:33:56,901 INFO     ___FILE_ONLY___ 

2025-03-19 13:33:56,901 INFO     ___FILE_ONLY___ │ 
2025-03-19 13:33:56,902 INFO     ___FILE_ONLY___ Google Cloud CLI Core Libraries (Platform Specific)
2025-03-19 13:33:56,902 INFO     ___FILE_ONLY___  
2025-03-19 13:33:56,902 INFO     ___FILE_ONLY___ │ 
2025-03-19 13:33:56,902 INFO     ___FILE_ONLY___ 2024.08.30
2025-03-19 13:33:56,902 INFO     ___FILE_ONLY___  
2025-03-19 13:33:56,902 INFO     ___FILE_ONLY___ │ 
2025-03-19 13:33:56,902 INFO     ___FILE_ONLY___  < 1 MiB
2025-03-19 13:33:56,903 INFO     ___FILE_ONLY___  
2025-03-19 13:33:56,903 INFO     ___FILE_ONLY___ │
2025-03-19 13:33:56,903 INFO     ___FILE_ONLY___ 

2025-03-19 13:33:56,903 INFO     ___FILE_ONLY___ │ 
2025-03-19 13:33:56,903 INFO     ___FILE_ONLY___ Google Cloud CRC32C Hash Tool (Platform Specific)  
2025-03-19 13:33:56,903 INFO     ___FILE_ONLY___  
2025-03-19 13:33:56,903 INFO     ___FILE_ONLY___ │ 
2025-03-19 13:33:56,903 INFO     ___FILE_ONLY___      1.0.0
2025-03-19 13:33:56,903 INFO     ___FILE_ONLY___  
2025-03-19 13:33:56,903 INFO     ___FILE_ONLY___ │ 
2025-03-19 13:33:56,903 INFO     ___FILE_ONLY___  1.4 MiB
2025-03-19 13:33:56,903 INFO     ___FILE_ONLY___  
2025-03-19 13:33:56,903 INFO     ___FILE_ONLY___ │
2025-03-19 13:33:56,903 INFO     ___FILE_ONLY___ 

2025-03-19 13:33:56,904 INFO     ___FILE_ONLY___ │ 
2025-03-19 13:33:56,904 INFO     ___FILE_ONLY___ gcloud cli dependencies (Platform Specific)        
2025-03-19 13:33:56,904 INFO     ___FILE_ONLY___  
2025-03-19 13:33:56,904 INFO     ___FILE_ONLY___ │ 
2025-03-19 13:33:56,904 INFO     ___FILE_ONLY___ 2021.04.16
2025-03-19 13:33:56,904 INFO     ___FILE_ONLY___  
2025-03-19 13:33:56,904 INFO     ___FILE_ONLY___ │ 
2025-03-19 13:33:56,904 INFO     ___FILE_ONLY___  < 1 MiB
2025-03-19 13:33:56,904 INFO     ___FILE_ONLY___  
2025-03-19 13:33:56,904 INFO     ___FILE_ONLY___ │
2025-03-19 13:33:56,904 INFO     ___FILE_ONLY___ 

2025-03-19 13:33:56,904 INFO     ___FILE_ONLY___ └─────────────────────────────────────────────────────┴────────────┴──────────┘
2025-03-19 13:33:56,904 INFO     ___FILE_ONLY___ 

2025-03-19 13:33:56,905 INFO     ___FILE_ONLY___ 

2025-03-19 13:33:56,908 DEBUG    urllib3.connectionpool Starting new HTTPS connection (1): dl.google.com:443
2025-03-19 13:33:56,939 DEBUG    urllib3.connectionpool https://dl.google.com:443 "GET /dl/cloudsdk/channels/rapid/RELEASE_NOTES HTTP/11" 200 1381789
2025-03-19 13:33:57,399 INFO     ___FILE_ONLY___ For the latest full release notes, please visit:
  https://cloud.google.com/sdk/release_notes


2025-03-19 13:33:57,399 INFO     ___FILE_ONLY___ Performing in place update...


2025-03-19 13:33:57,401 INFO     ___FILE_ONLY___ ╔════════════════════════════════════════════════════════════╗

2025-03-19 13:33:57,402 INFO     ___FILE_ONLY___ ╠═ Downloading: BigQuery Command Line Tool                  ═╣

2025-03-19 13:33:57,402 INFO     ___FILE_ONLY___ ╚
2025-03-19 13:33:57,405 DEBUG    urllib3.connectionpool Starting new HTTPS connection (1): dl.google.com:443
2025-03-19 13:33:57,500 DEBUG    urllib3.connectionpool https://dl.google.com:443 "GET /dl/cloudsdk/channels/rapid/components/google-cloud-sdk-bq-20250228155416.tar.gz HTTP/11" 200 1845321
2025-03-19 13:33:57,512 INFO     ___FILE_ONLY___ ═
2025-03-19 13:33:57,512 INFO     ___FILE_ONLY___ ═
2025-03-19 13:33:57,513 INFO     ___FILE_ONLY___ ═
2025-03-19 13:33:57,513 INFO     ___FILE_ONLY___ ═
2025-03-19 13:33:57,513 INFO     ___FILE_ONLY___ ═
2025-03-19 13:33:57,513 INFO     ___FILE_ONLY___ ═
2025-03-19 13:33:57,513 INFO     ___FILE_ONLY___ ═
2025-03-19 13:33:57,513 INFO     ___FILE_ONLY___ ═
2025-03-19 13:33:57,513 INFO     ___FILE_ONLY___ ═
2025-03-19 13:33:57,514 INFO     ___FILE_ONLY___ ═
2025-03-19 13:33:57,514 INFO     ___FILE_ONLY___ ═
2025-03-19 13:33:57,514 INFO     ___FILE_ONLY___ ═
2025-03-19 13:33:57,514 INFO     ___FILE_ONLY___ ═
2025-03-19 13:33:57,514 INFO     ___FILE_ONLY___ ═
2025-03-19 13:33:57,514 INFO     ___FILE_ONLY___ ═
2025-03-19 13:33:57,514 INFO     ___FILE_ONLY___ ═
2025-03-19 13:33:57,514 INFO     ___FILE_ONLY___ ═
2025-03-19 13:33:57,515 INFO     ___FILE_ONLY___ ═
2025-03-19 13:33:57,515 INFO     ___FILE_ONLY___ ═
2025-03-19 13:33:57,515 INFO     ___FILE_ONLY___ ═
2025-03-19 13:33:57,515 INFO     ___FILE_ONLY___ ═
2025-03-19 13:33:57,515 INFO     ___FILE_ONLY___ ═
2025-03-19 13:33:57,515 INFO     ___FILE_ONLY___ ═
2025-03-19 13:33:57,515 INFO     ___FILE_ONLY___ ═
2025-03-19 13:33:57,516 INFO     ___FILE_ONLY___ ═
2025-03-19 13:33:57,516 INFO     ___FILE_ONLY___ ═
2025-03-19 13:33:57,516 INFO     ___FILE_ONLY___ ═
2025-03-19 13:33:57,516 INFO     ___FILE_ONLY___ ═
2025-03-19 13:33:57,516 INFO     ___FILE_ONLY___ ═
2025-03-19 13:33:57,516 INFO     ___FILE_ONLY___ ═
2025-03-19 13:33:57,516 INFO     ___FILE_ONLY___ ═
2025-03-19 13:33:57,517 INFO     ___FILE_ONLY___ ═
2025-03-19 13:33:57,517 INFO     ___FILE_ONLY___ ═
2025-03-19 13:33:57,517 INFO     ___FILE_ONLY___ ═
2025-03-19 13:33:57,517 INFO     ___FILE_ONLY___ ═
2025-03-19 13:33:57,517 INFO     ___FILE_ONLY___ ═
2025-03-19 13:33:57,517 INFO     ___FILE_ONLY___ ═
2025-03-19 13:33:57,517 INFO     ___FILE_ONLY___ ═
2025-03-19 13:33:57,517 INFO     ___FILE_ONLY___ ═
2025-03-19 13:33:57,518 INFO     ___FILE_ONLY___ ═
2025-03-19 13:33:57,518 INFO     ___FILE_ONLY___ ═
2025-03-19 13:33:57,518 INFO     ___FILE_ONLY___ ═
2025-03-19 13:33:57,518 INFO     ___FILE_ONLY___ ═
2025-03-19 13:33:57,518 INFO     ___FILE_ONLY___ ═
2025-03-19 13:33:57,518 INFO     ___FILE_ONLY___ ═
2025-03-19 13:33:57,518 INFO     ___FILE_ONLY___ ═
2025-03-19 13:33:57,519 INFO     ___FILE_ONLY___ ═
2025-03-19 13:33:57,519 INFO     ___FILE_ONLY___ ═
2025-03-19 13:33:57,519 INFO     ___FILE_ONLY___ ═
2025-03-19 13:33:57,519 INFO     ___FILE_ONLY___ ═
2025-03-19 13:33:57,519 INFO     ___FILE_ONLY___ ═
2025-03-19 13:33:57,519 INFO     ___FILE_ONLY___ ═
2025-03-19 13:33:57,519 INFO     ___FILE_ONLY___ ═
2025-03-19 13:33:57,519 INFO     ___FILE_ONLY___ ═
2025-03-19 13:33:57,520 INFO     ___FILE_ONLY___ ═
2025-03-19 13:33:57,520 INFO     ___FILE_ONLY___ ═
2025-03-19 13:33:57,520 INFO     ___FILE_ONLY___ ═
2025-03-19 13:33:57,520 INFO     ___FILE_ONLY___ ═
2025-03-19 13:33:57,520 INFO     ___FILE_ONLY___ ═
2025-03-19 13:33:57,520 INFO     ___FILE_ONLY___ ═
2025-03-19 13:33:57,520 INFO     ___FILE_ONLY___ ╝

2025-03-19 13:33:57,523 INFO     ___FILE_ONLY___ ╔════════════════════════════════════════════════════════════╗

2025-03-19 13:33:57,523 INFO     ___FILE_ONLY___ ╠═ Downloading: BigQuery Command Line Tool (Platform Spe... ═╣

2025-03-19 13:33:57,523 INFO     ___FILE_ONLY___ ╚
2025-03-19 13:33:57,527 DEBUG    urllib3.connectionpool Starting new HTTPS connection (1): dl.google.com:443
2025-03-19 13:33:57,621 DEBUG    urllib3.connectionpool https://dl.google.com:443 "GET /dl/cloudsdk/channels/rapid/components/google-cloud-sdk-bq-nix-20240830134514.tar.gz HTTP/11" 200 1914
2025-03-19 13:33:57,622 INFO     ___FILE_ONLY___ ════════════════════════════════════════════════════════════
2025-03-19 13:33:57,622 INFO     ___FILE_ONLY___ ╝

2025-03-19 13:33:57,624 INFO     ___FILE_ONLY___ ╔════════════════════════════════════════════════════════════╗

2025-03-19 13:33:57,624 INFO     ___FILE_ONLY___ ╠═ Downloading: Bundled Python 3.12                         ═╣

2025-03-19 13:33:57,625 INFO     ___FILE_ONLY___ ╚
2025-03-19 13:33:57,625 INFO     ___FILE_ONLY___ ════════════════════════════════════════════════════════════
2025-03-19 13:33:57,625 INFO     ___FILE_ONLY___ ╝

2025-03-19 13:33:57,627 INFO     ___FILE_ONLY___ ╔════════════════════════════════════════════════════════════╗

2025-03-19 13:33:57,627 INFO     ___FILE_ONLY___ ╠═ Downloading: Bundled Python 3.12 (Platform Specific)     ═╣

2025-03-19 13:33:57,627 INFO     ___FILE_ONLY___ ╚
2025-03-19 13:33:57,630 DEBUG    urllib3.connectionpool Starting new HTTPS connection (1): dl.google.com:443
2025-03-19 13:33:57,655 DEBUG    urllib3.connectionpool https://dl.google.com:443 "GET /dl/cloudsdk/channels/rapid/components/google-cloud-sdk-bundled-python3-unix-linux-x86_64-20250131143518.tar.gz HTTP/11" 200 93520256
2025-03-19 13:33:57,983 INFO     ___FILE_ONLY___ ═
2025-03-19 13:33:57,985 INFO     ___FILE_ONLY___ ═
2025-03-19 13:33:57,987 INFO     ___FILE_ONLY___ ═
2025-03-19 13:33:57,989 INFO     ___FILE_ONLY___ ═
2025-03-19 13:33:57,991 INFO     ___FILE_ONLY___ ═
2025-03-19 13:33:57,992 INFO     ___FILE_ONLY___ ═
2025-03-19 13:33:57,994 INFO     ___FILE_ONLY___ ═
2025-03-19 13:33:57,996 INFO     ___FILE_ONLY___ ═
2025-03-19 13:33:57,998 INFO     ___FILE_ONLY___ ═
2025-03-19 13:33:57,999 INFO     ___FILE_ONLY___ ═
2025-03-19 13:33:58,001 INFO     ___FILE_ONLY___ ═
2025-03-19 13:33:58,003 INFO     ___FILE_ONLY___ ═
2025-03-19 13:33:58,005 INFO     ___FILE_ONLY___ ═
2025-03-19 13:33:58,007 INFO     ___FILE_ONLY___ ═
2025-03-19 13:33:58,008 INFO     ___FILE_ONLY___ ═
2025-03-19 13:33:58,010 INFO     ___FILE_ONLY___ ═
2025-03-19 13:33:58,012 INFO     ___FILE_ONLY___ ═
2025-03-19 13:33:58,014 INFO     ___FILE_ONLY___ ═
2025-03-19 13:33:58,015 INFO     ___FILE_ONLY___ ═
2025-03-19 13:33:58,017 INFO     ___FILE_ONLY___ ═
2025-03-19 13:33:58,019 INFO     ___FILE_ONLY___ ═
2025-03-19 13:33:58,021 INFO     ___FILE_ONLY___ ═
2025-03-19 13:33:58,022 INFO     ___FILE_ONLY___ ═
2025-03-19 13:33:58,024 INFO     ___FILE_ONLY___ ═
2025-03-19 13:33:58,026 INFO     ___FILE_ONLY___ ═
2025-03-19 13:33:58,028 INFO     ___FILE_ONLY___ ═
2025-03-19 13:33:58,029 INFO     ___FILE_ONLY___ ═
2025-03-19 13:33:58,031 INFO     ___FILE_ONLY___ ═
2025-03-19 13:33:58,033 INFO     ___FILE_ONLY___ ═
2025-03-19 13:33:58,035 INFO     ___FILE_ONLY___ ═
2025-03-19 13:33:58,036 INFO     ___FILE_ONLY___ ═
2025-03-19 13:33:58,038 INFO     ___FILE_ONLY___ ═
2025-03-19 13:33:58,040 INFO     ___FILE_ONLY___ ═
2025-03-19 13:33:58,042 INFO     ___FILE_ONLY___ ═
2025-03-19 13:33:58,043 INFO     ___FILE_ONLY___ ═
2025-03-19 13:33:58,045 INFO     ___FILE_ONLY___ ═
2025-03-19 13:33:58,047 INFO     ___FILE_ONLY___ ═
2025-03-19 13:33:58,049 INFO     ___FILE_ONLY___ ═
2025-03-19 13:33:58,050 INFO     ___FILE_ONLY___ ═
2025-03-19 13:33:58,052 INFO     ___FILE_ONLY___ ═
2025-03-19 13:33:58,054 INFO     ___FILE_ONLY___ ═
2025-03-19 13:33:58,055 INFO     ___FILE_ONLY___ ═
2025-03-19 13:33:58,057 INFO     ___FILE_ONLY___ ═
2025-03-19 13:33:58,059 INFO     ___FILE_ONLY___ ═
2025-03-19 13:33:58,061 INFO     ___FILE_ONLY___ ═
2025-03-19 13:33:58,062 INFO     ___FILE_ONLY___ ═
2025-03-19 13:33:58,064 INFO     ___FILE_ONLY___ ═
2025-03-19 13:33:58,066 INFO     ___FILE_ONLY___ ═
2025-03-19 13:33:58,067 INFO     ___FILE_ONLY___ ═
2025-03-19 13:33:58,069 INFO     ___FILE_ONLY___ ═
2025-03-19 13:33:58,071 INFO     ___FILE_ONLY___ ═
2025-03-19 13:33:58,073 INFO     ___FILE_ONLY___ ═
2025-03-19 13:33:58,074 INFO     ___FILE_ONLY___ ═
2025-03-19 13:33:58,076 INFO     ___FILE_ONLY___ ═
2025-03-19 13:33:58,078 INFO     ___FILE_ONLY___ ═
2025-03-19 13:33:58,080 INFO     ___FILE_ONLY___ ═
2025-03-19 13:33:58,081 INFO     ___FILE_ONLY___ ═
2025-03-19 13:33:58,083 INFO     ___FILE_ONLY___ ═
2025-03-19 13:33:58,085 INFO     ___FILE_ONLY___ ═
2025-03-19 13:33:58,086 INFO     ___FILE_ONLY___ ═
2025-03-19 13:33:58,086 INFO     ___FILE_ONLY___ ╝

2025-03-19 13:33:58,089 INFO     ___FILE_ONLY___ ╔════════════════════════════════════════════════════════════╗

2025-03-19 13:33:58,089 INFO     ___FILE_ONLY___ ╠═ Downloading: Cloud Storage Command Line Tool             ═╣

2025-03-19 13:33:58,089 INFO     ___FILE_ONLY___ ╚
2025-03-19 13:33:58,092 DEBUG    urllib3.connectionpool Starting new HTTPS connection (1): dl.google.com:443
2025-03-19 13:33:58,118 DEBUG    urllib3.connectionpool https://dl.google.com:443 "GET /dl/cloudsdk/channels/rapid/components/google-cloud-sdk-gsutil-20241213184646.tar.gz HTTP/11" 200 12368759
2025-03-19 13:33:58,167 INFO     ___FILE_ONLY___ ═
2025-03-19 13:33:58,168 INFO     ___FILE_ONLY___ ═
2025-03-19 13:33:58,168 INFO     ___FILE_ONLY___ ═
2025-03-19 13:33:58,168 INFO     ___FILE_ONLY___ ═
2025-03-19 13:33:58,169 INFO     ___FILE_ONLY___ ═
2025-03-19 13:33:58,169 INFO     ___FILE_ONLY___ ═
2025-03-19 13:33:58,169 INFO     ___FILE_ONLY___ ═
2025-03-19 13:33:58,170 INFO     ___FILE_ONLY___ ═
2025-03-19 13:33:58,170 INFO     ___FILE_ONLY___ ═
2025-03-19 13:33:58,170 INFO     ___FILE_ONLY___ ═
2025-03-19 13:33:58,171 INFO     ___FILE_ONLY___ ═
2025-03-19 13:33:58,171 INFO     ___FILE_ONLY___ ═
2025-03-19 13:33:58,171 INFO     ___FILE_ONLY___ ═
2025-03-19 13:33:58,172 INFO     ___FILE_ONLY___ ═
2025-03-19 13:33:58,172 INFO     ___FILE_ONLY___ ═
2025-03-19 13:33:58,172 INFO     ___FILE_ONLY___ ═
2025-03-19 13:33:58,173 INFO     ___FILE_ONLY___ ═
2025-03-19 13:33:58,173 INFO     ___FILE_ONLY___ ═
2025-03-19 13:33:58,173 INFO     ___FILE_ONLY___ ═
2025-03-19 13:33:58,174 INFO     ___FILE_ONLY___ ═
2025-03-19 13:33:58,174 INFO     ___FILE_ONLY___ ═
2025-03-19 13:33:58,174 INFO     ___FILE_ONLY___ ═
2025-03-19 13:33:58,175 INFO     ___FILE_ONLY___ ═
2025-03-19 13:33:58,175 INFO     ___FILE_ONLY___ ═
2025-03-19 13:33:58,175 INFO     ___FILE_ONLY___ ═
2025-03-19 13:33:58,176 INFO     ___FILE_ONLY___ ═
2025-03-19 13:33:58,176 INFO     ___FILE_ONLY___ ═
2025-03-19 13:33:58,176 INFO     ___FILE_ONLY___ ═
2025-03-19 13:33:58,177 INFO     ___FILE_ONLY___ ═
2025-03-19 13:33:58,177 INFO     ___FILE_ONLY___ ═
2025-03-19 13:33:58,177 INFO     ___FILE_ONLY___ ═
2025-03-19 13:33:58,177 INFO     ___FILE_ONLY___ ═
2025-03-19 13:33:58,178 INFO     ___FILE_ONLY___ ═
2025-03-19 13:33:58,178 INFO     ___FILE_ONLY___ ═
2025-03-19 13:33:58,178 INFO     ___FILE_ONLY___ ═
2025-03-19 13:33:58,179 INFO     ___FILE_ONLY___ ═
2025-03-19 13:33:58,179 INFO     ___FILE_ONLY___ ═
2025-03-19 13:33:58,179 INFO     ___FILE_ONLY___ ═
2025-03-19 13:33:58,180 INFO     ___FILE_ONLY___ ═
2025-03-19 13:33:58,180 INFO     ___FILE_ONLY___ ═
2025-03-19 13:33:58,180 INFO     ___FILE_ONLY___ ═
2025-03-19 13:33:58,181 INFO     ___FILE_ONLY___ ═
2025-03-19 13:33:58,181 INFO     ___FILE_ONLY___ ═
2025-03-19 13:33:58,181 INFO     ___FILE_ONLY___ ═
2025-03-19 13:33:58,182 INFO     ___FILE_ONLY___ ═
2025-03-19 13:33:58,182 INFO     ___FILE_ONLY___ ═
2025-03-19 13:33:58,183 INFO     ___FILE_ONLY___ ═
2025-03-19 13:33:58,183 INFO     ___FILE_ONLY___ ═
2025-03-19 13:33:58,183 INFO     ___FILE_ONLY___ ═
2025-03-19 13:33:58,184 INFO     ___FILE_ONLY___ ═
2025-03-19 13:33:58,184 INFO     ___FILE_ONLY___ ═
2025-03-19 13:33:58,184 INFO     ___FILE_ONLY___ ═
2025-03-19 13:33:58,184 INFO     ___FILE_ONLY___ ═
2025-03-19 13:33:58,185 INFO     ___FILE_ONLY___ ═
2025-03-19 13:33:58,185 INFO     ___FILE_ONLY___ ═
2025-03-19 13:33:58,185 INFO     ___FILE_ONLY___ ═
2025-03-19 13:33:58,186 INFO     ___FILE_ONLY___ ═
2025-03-19 13:33:58,186 INFO     ___FILE_ONLY___ ═
2025-03-19 13:33:58,186 INFO     ___FILE_ONLY___ ═
2025-03-19 13:33:58,187 INFO     ___FILE_ONLY___ ═
2025-03-19 13:33:58,187 INFO     ___FILE_ONLY___ ╝

2025-03-19 13:33:58,189 INFO     ___FILE_ONLY___ ╔════════════════════════════════════════════════════════════╗

2025-03-19 13:33:58,189 INFO     ___FILE_ONLY___ ╠═ Downloading: Cloud Storage Command Line Tool (Platfor... ═╣

2025-03-19 13:33:58,189 INFO     ___FILE_ONLY___ ╚
2025-03-19 13:33:58,193 DEBUG    urllib3.connectionpool Starting new HTTPS connection (1): dl.google.com:443
2025-03-19 13:33:58,217 DEBUG    urllib3.connectionpool https://dl.google.com:443 "GET /dl/cloudsdk/channels/rapid/components/google-cloud-sdk-gsutil-nix-20240830134514.tar.gz HTTP/11" 200 1928
2025-03-19 13:33:58,218 INFO     ___FILE_ONLY___ ════════════════════════════════════════════════════════════
2025-03-19 13:33:58,218 INFO     ___FILE_ONLY___ ╝

2025-03-19 13:33:58,220 INFO     ___FILE_ONLY___ ╔════════════════════════════════════════════════════════════╗

2025-03-19 13:33:58,220 INFO     ___FILE_ONLY___ ╠═ Downloading: Default set of gcloud commands              ═╣

2025-03-19 13:33:58,220 INFO     ___FILE_ONLY___ ╚
2025-03-19 13:33:58,220 INFO     ___FILE_ONLY___ ════════════════════════════════════════════════════════════
2025-03-19 13:33:58,221 INFO     ___FILE_ONLY___ ╝

2025-03-19 13:33:58,222 INFO     ___FILE_ONLY___ ╔════════════════════════════════════════════════════════════╗

2025-03-19 13:33:58,223 INFO     ___FILE_ONLY___ ╠═ Downloading: Google Cloud CLI Core Libraries (Platfor... ═╣

2025-03-19 13:33:58,223 INFO     ___FILE_ONLY___ ╚
2025-03-19 13:33:58,226 DEBUG    urllib3.connectionpool Starting new HTTPS connection (1): dl.google.com:443
2025-03-19 13:33:58,251 DEBUG    urllib3.connectionpool https://dl.google.com:443 "GET /dl/cloudsdk/channels/rapid/components/google-cloud-sdk-core-nix-20240830134514.tar.gz HTTP/11" 200 2306
2025-03-19 13:33:58,252 INFO     ___FILE_ONLY___ ════════════════════════════════════════════════════════════
2025-03-19 13:33:58,252 INFO     ___FILE_ONLY___ ╝

2025-03-19 13:33:58,254 INFO     ___FILE_ONLY___ ╔════════════════════════════════════════════════════════════╗

2025-03-19 13:33:58,254 INFO     ___FILE_ONLY___ ╠═ Downloading: Google Cloud CRC32C Hash Tool               ═╣

2025-03-19 13:33:58,254 INFO     ___FILE_ONLY___ ╚
2025-03-19 13:33:58,254 INFO     ___FILE_ONLY___ ════════════════════════════════════════════════════════════
2025-03-19 13:33:58,254 INFO     ___FILE_ONLY___ ╝

2025-03-19 13:33:58,256 INFO     ___FILE_ONLY___ ╔════════════════════════════════════════════════════════════╗

2025-03-19 13:33:58,256 INFO     ___FILE_ONLY___ ╠═ Downloading: Google Cloud CRC32C Hash Tool (Platform ... ═╣

2025-03-19 13:33:58,256 INFO     ___FILE_ONLY___ ╚
2025-03-19 13:33:58,260 DEBUG    urllib3.connectionpool Starting new HTTPS connection (1): dl.google.com:443
2025-03-19 13:33:58,353 DEBUG    urllib3.connectionpool https://dl.google.com:443 "GET /dl/cloudsdk/channels/rapid/components/google-cloud-sdk-gcloud-crc32c-linux-x86_64-20250110133808.tar.gz HTTP/11" 200 1478989
2025-03-19 13:33:58,363 INFO     ___FILE_ONLY___ ═
2025-03-19 13:33:58,363 INFO     ___FILE_ONLY___ ═
2025-03-19 13:33:58,363 INFO     ___FILE_ONLY___ ═
2025-03-19 13:33:58,364 INFO     ___FILE_ONLY___ ═
2025-03-19 13:33:58,364 INFO     ___FILE_ONLY___ ═
2025-03-19 13:33:58,364 INFO     ___FILE_ONLY___ ═
2025-03-19 13:33:58,364 INFO     ___FILE_ONLY___ ═
2025-03-19 13:33:58,364 INFO     ___FILE_ONLY___ ═
2025-03-19 13:33:58,364 INFO     ___FILE_ONLY___ ═
2025-03-19 13:33:58,364 INFO     ___FILE_ONLY___ ═
2025-03-19 13:33:58,365 INFO     ___FILE_ONLY___ ═
2025-03-19 13:33:58,365 INFO     ___FILE_ONLY___ ═
2025-03-19 13:33:58,365 INFO     ___FILE_ONLY___ ═
2025-03-19 13:33:58,365 INFO     ___FILE_ONLY___ ═
2025-03-19 13:33:58,365 INFO     ___FILE_ONLY___ ═
2025-03-19 13:33:58,365 INFO     ___FILE_ONLY___ ═
2025-03-19 13:33:58,365 INFO     ___FILE_ONLY___ ═
2025-03-19 13:33:58,365 INFO     ___FILE_ONLY___ ═
2025-03-19 13:33:58,365 INFO     ___FILE_ONLY___ ═
2025-03-19 13:33:58,366 INFO     ___FILE_ONLY___ ═
2025-03-19 13:33:58,366 INFO     ___FILE_ONLY___ ═
2025-03-19 13:33:58,366 INFO     ___FILE_ONLY___ ═
2025-03-19 13:33:58,366 INFO     ___FILE_ONLY___ ═
2025-03-19 13:33:58,366 INFO     ___FILE_ONLY___ ═
2025-03-19 13:33:58,366 INFO     ___FILE_ONLY___ ═
2025-03-19 13:33:58,366 INFO     ___FILE_ONLY___ ═
2025-03-19 13:33:58,366 INFO     ___FILE_ONLY___ ═
2025-03-19 13:33:58,367 INFO     ___FILE_ONLY___ ═
2025-03-19 13:33:58,367 INFO     ___FILE_ONLY___ ═
2025-03-19 13:33:58,367 INFO     ___FILE_ONLY___ ═
2025-03-19 13:33:58,367 INFO     ___FILE_ONLY___ ═
2025-03-19 13:33:58,367 INFO     ___FILE_ONLY___ ═
2025-03-19 13:33:58,367 INFO     ___FILE_ONLY___ ═
2025-03-19 13:33:58,367 INFO     ___FILE_ONLY___ ═
2025-03-19 13:33:58,367 INFO     ___FILE_ONLY___ ═
2025-03-19 13:33:58,368 INFO     ___FILE_ONLY___ ═
2025-03-19 13:33:58,368 INFO     ___FILE_ONLY___ ═
2025-03-19 13:33:58,368 INFO     ___FILE_ONLY___ ═
2025-03-19 13:33:58,368 INFO     ___FILE_ONLY___ ═
2025-03-19 13:33:58,368 INFO     ___FILE_ONLY___ ═
2025-03-19 13:33:58,368 INFO     ___FILE_ONLY___ ═
2025-03-19 13:33:58,368 INFO     ___FILE_ONLY___ ═
2025-03-19 13:33:58,368 INFO     ___FILE_ONLY___ ═
2025-03-19 13:33:58,368 INFO     ___FILE_ONLY___ ═
2025-03-19 13:33:58,369 INFO     ___FILE_ONLY___ ═
2025-03-19 13:33:58,369 INFO     ___FILE_ONLY___ ═
2025-03-19 13:33:58,369 INFO     ___FILE_ONLY___ ═
2025-03-19 13:33:58,369 INFO     ___FILE_ONLY___ ═
2025-03-19 13:33:58,369 INFO     ___FILE_ONLY___ ═
2025-03-19 13:33:58,369 INFO     ___FILE_ONLY___ ═
2025-03-19 13:33:58,369 INFO     ___FILE_ONLY___ ═
2025-03-19 13:33:58,369 INFO     ___FILE_ONLY___ ═
2025-03-19 13:33:58,370 INFO     ___FILE_ONLY___ ═
2025-03-19 13:33:58,370 INFO     ___FILE_ONLY___ ═
2025-03-19 13:33:58,370 INFO     ___FILE_ONLY___ ═
2025-03-19 13:33:58,370 INFO     ___FILE_ONLY___ ═
2025-03-19 13:33:58,370 INFO     ___FILE_ONLY___ ═
2025-03-19 13:33:58,370 INFO     ___FILE_ONLY___ ═
2025-03-19 13:33:58,370 INFO     ___FILE_ONLY___ ═
2025-03-19 13:33:58,370 INFO     ___FILE_ONLY___ ═
2025-03-19 13:33:58,370 INFO     ___FILE_ONLY___ ╝

2025-03-19 13:33:58,372 INFO     ___FILE_ONLY___ ╔════════════════════════════════════════════════════════════╗

2025-03-19 13:33:58,373 INFO     ___FILE_ONLY___ ╠═ Downloading: gcloud cli dependencies (Platform Specific) ═╣

2025-03-19 13:33:58,373 INFO     ___FILE_ONLY___ ╚
2025-03-19 13:33:58,376 DEBUG    urllib3.connectionpool Starting new HTTPS connection (1): dl.google.com:443
2025-03-19 13:33:58,468 DEBUG    urllib3.connectionpool https://dl.google.com:443 "GET /dl/cloudsdk/channels/rapid/components/google-cloud-sdk-gcloud-deps-linux-x86_64-20210416153011.tar.gz HTTP/11" 200 104
2025-03-19 13:33:58,470 INFO     ___FILE_ONLY___ ════════════════════════════════════════════════════════════
2025-03-19 13:33:58,470 INFO     ___FILE_ONLY___ ╝

2025-03-19 13:33:58,473 INFO     ___FILE_ONLY___ ╔════════════════════════════════════════════════════════════╗

2025-03-19 13:33:58,473 INFO     ___FILE_ONLY___ ╠═ Installing: BigQuery Command Line Tool                   ═╣

2025-03-19 13:33:58,473 INFO     ___FILE_ONLY___ ╚
2025-03-19 13:33:58,565 INFO     ___FILE_ONLY___ ═
2025-03-19 13:33:58,568 INFO     ___FILE_ONLY___ ═
2025-03-19 13:33:58,570 INFO     ___FILE_ONLY___ ═
2025-03-19 13:33:58,572 INFO     ___FILE_ONLY___ ═
2025-03-19 13:33:58,575 INFO     ___FILE_ONLY___ ═
2025-03-19 13:33:58,577 INFO     ___FILE_ONLY___ ═
2025-03-19 13:33:58,579 INFO     ___FILE_ONLY___ ═
2025-03-19 13:33:58,581 INFO     ___FILE_ONLY___ ═
2025-03-19 13:33:58,584 INFO     ___FILE_ONLY___ ═
2025-03-19 13:33:58,586 INFO     ___FILE_ONLY___ ═
2025-03-19 13:33:58,588 INFO     ___FILE_ONLY___ ═
2025-03-19 13:33:58,590 INFO     ___FILE_ONLY___ ═
2025-03-19 13:33:58,593 INFO     ___FILE_ONLY___ ═
2025-03-19 13:33:58,594 INFO     ___FILE_ONLY___ ═
2025-03-19 13:33:58,597 INFO     ___FILE_ONLY___ ═
2025-03-19 13:33:58,599 INFO     ___FILE_ONLY___ ═
2025-03-19 13:33:58,601 INFO     ___FILE_ONLY___ ═
2025-03-19 13:33:58,603 INFO     ___FILE_ONLY___ ═
2025-03-19 13:33:58,607 INFO     ___FILE_ONLY___ ═
2025-03-19 13:33:58,609 INFO     ___FILE_ONLY___ ═
2025-03-19 13:33:58,611 INFO     ___FILE_ONLY___ ═
2025-03-19 13:33:58,614 INFO     ___FILE_ONLY___ ═
2025-03-19 13:33:58,615 INFO     ___FILE_ONLY___ ═
2025-03-19 13:33:58,617 INFO     ___FILE_ONLY___ ═
2025-03-19 13:33:58,619 INFO     ___FILE_ONLY___ ═
2025-03-19 13:33:58,621 INFO     ___FILE_ONLY___ ═
2025-03-19 13:33:58,623 INFO     ___FILE_ONLY___ ═
2025-03-19 13:33:58,625 INFO     ___FILE_ONLY___ ═
2025-03-19 13:33:58,629 INFO     ___FILE_ONLY___ ═
2025-03-19 13:33:58,631 INFO     ___FILE_ONLY___ ═
2025-03-19 13:33:58,633 INFO     ___FILE_ONLY___ ═
2025-03-19 13:33:58,635 INFO     ___FILE_ONLY___ ═
2025-03-19 13:33:58,638 INFO     ___FILE_ONLY___ ═
2025-03-19 13:33:58,640 INFO     ___FILE_ONLY___ ═
2025-03-19 13:33:58,647 INFO     ___FILE_ONLY___ ═
2025-03-19 13:33:58,653 INFO     ___FILE_ONLY___ ═
2025-03-19 13:33:58,657 INFO     ___FILE_ONLY___ ═
2025-03-19 13:33:58,659 INFO     ___FILE_ONLY___ ═
2025-03-19 13:33:58,662 INFO     ___FILE_ONLY___ ═
2025-03-19 13:33:58,664 INFO     ___FILE_ONLY___ ═
2025-03-19 13:33:58,666 INFO     ___FILE_ONLY___ ═
2025-03-19 13:33:58,668 INFO     ___FILE_ONLY___ ═
2025-03-19 13:33:58,673 INFO     ___FILE_ONLY___ ═
2025-03-19 13:33:58,675 INFO     ___FILE_ONLY___ ═
2025-03-19 13:33:58,677 INFO     ___FILE_ONLY___ ═
2025-03-19 13:33:58,679 INFO     ___FILE_ONLY___ ═
2025-03-19 13:33:58,681 INFO     ___FILE_ONLY___ ═
2025-03-19 13:33:58,684 INFO     ___FILE_ONLY___ ═
2025-03-19 13:33:58,686 INFO     ___FILE_ONLY___ ═
2025-03-19 13:33:58,688 INFO     ___FILE_ONLY___ ═
2025-03-19 13:33:58,691 INFO     ___FILE_ONLY___ ═
2025-03-19 13:33:58,692 INFO     ___FILE_ONLY___ ═
2025-03-19 13:33:58,694 INFO     ___FILE_ONLY___ ═
2025-03-19 13:33:58,696 INFO     ___FILE_ONLY___ ═
2025-03-19 13:33:58,698 INFO     ___FILE_ONLY___ ═
2025-03-19 13:33:58,700 INFO     ___FILE_ONLY___ ═
2025-03-19 13:33:58,702 INFO     ___FILE_ONLY___ ═
2025-03-19 13:33:58,704 INFO     ___FILE_ONLY___ ═
2025-03-19 13:33:58,706 INFO     ___FILE_ONLY___ ═
2025-03-19 13:33:58,708 INFO     ___FILE_ONLY___ ═
2025-03-19 13:33:58,708 INFO     ___FILE_ONLY___ ╝

2025-03-19 13:33:58,716 INFO     ___FILE_ONLY___ ╔════════════════════════════════════════════════════════════╗

2025-03-19 13:33:58,716 INFO     ___FILE_ONLY___ ╠═ Installing: BigQuery Command Line Tool (Platform Spec... ═╣

2025-03-19 13:33:58,716 INFO     ___FILE_ONLY___ ╚
2025-03-19 13:33:58,717 INFO     ___FILE_ONLY___ ════════════════════════════════════════════════════════════
2025-03-19 13:33:58,717 INFO     ___FILE_ONLY___ ╝

2025-03-19 13:33:58,722 INFO     ___FILE_ONLY___ ╔════════════════════════════════════════════════════════════╗

2025-03-19 13:33:58,722 INFO     ___FILE_ONLY___ ╠═ Installing: Bundled Python 3.12                          ═╣

2025-03-19 13:33:58,722 INFO     ___FILE_ONLY___ ╚
2025-03-19 13:33:58,727 INFO     ___FILE_ONLY___ ════════════════════════════════════════════════════════════
2025-03-19 13:33:58,727 INFO     ___FILE_ONLY___ ╝

2025-03-19 13:33:58,729 INFO     ___FILE_ONLY___ ╔════════════════════════════════════════════════════════════╗

2025-03-19 13:33:58,729 INFO     ___FILE_ONLY___ ╠═ Installing: Bundled Python 3.12 (Platform Specific)      ═╣

2025-03-19 13:33:58,729 INFO     ___FILE_ONLY___ ╚
2025-03-19 13:34:01,833 INFO     ___FILE_ONLY___ ═
2025-03-19 13:34:02,327 INFO     ___FILE_ONLY___ ═
2025-03-19 13:34:02,347 INFO     ___FILE_ONLY___ ═
2025-03-19 13:34:02,382 INFO     ___FILE_ONLY___ ═
2025-03-19 13:34:02,403 INFO     ___FILE_ONLY___ ═
2025-03-19 13:34:02,418 INFO     ___FILE_ONLY___ ═
2025-03-19 13:34:02,447 INFO     ___FILE_ONLY___ ═
2025-03-19 13:34:02,466 INFO     ___FILE_ONLY___ ═
2025-03-19 13:34:02,485 INFO     ___FILE_ONLY___ ═
2025-03-19 13:34:02,501 INFO     ___FILE_ONLY___ ═
2025-03-19 13:34:02,518 INFO     ___FILE_ONLY___ ═
2025-03-19 13:34:02,546 INFO     ___FILE_ONLY___ ═
2025-03-19 13:34:02,685 INFO     ___FILE_ONLY___ ═
2025-03-19 13:34:02,702 INFO     ___FILE_ONLY___ ═
2025-03-19 13:34:02,718 INFO     ___FILE_ONLY___ ═
2025-03-19 13:34:02,734 INFO     ___FILE_ONLY___ ═
2025-03-19 13:34:02,748 INFO     ___FILE_ONLY___ ═
2025-03-19 13:34:02,766 INFO     ___FILE_ONLY___ ═
2025-03-19 13:34:02,784 INFO     ___FILE_ONLY___ ═
2025-03-19 13:34:02,805 INFO     ___FILE_ONLY___ ═
2025-03-19 13:34:02,822 INFO     ___FILE_ONLY___ ═
2025-03-19 13:34:02,918 INFO     ___FILE_ONLY___ ═
2025-03-19 13:34:02,940 INFO     ___FILE_ONLY___ ═
2025-03-19 13:34:03,430 INFO     ___FILE_ONLY___ ═
2025-03-19 13:34:03,446 INFO     ___FILE_ONLY___ ═
2025-03-19 13:34:03,460 INFO     ___FILE_ONLY___ ═
2025-03-19 13:34:03,473 INFO     ___FILE_ONLY___ ═
2025-03-19 13:34:03,484 INFO     ___FILE_ONLY___ ═
2025-03-19 13:34:03,496 INFO     ___FILE_ONLY___ ═
2025-03-19 13:34:03,508 INFO     ___FILE_ONLY___ ═
2025-03-19 13:34:03,519 INFO     ___FILE_ONLY___ ═
2025-03-19 13:34:03,531 INFO     ___FILE_ONLY___ ═
2025-03-19 13:34:03,542 INFO     ___FILE_ONLY___ ═
2025-03-19 13:34:03,554 INFO     ___FILE_ONLY___ ═
2025-03-19 13:34:03,565 INFO     ___FILE_ONLY___ ═
2025-03-19 13:34:03,577 INFO     ___FILE_ONLY___ ═
2025-03-19 13:34:03,589 INFO     ___FILE_ONLY___ ═
2025-03-19 13:34:03,601 INFO     ___FILE_ONLY___ ═
2025-03-19 13:34:03,613 INFO     ___FILE_ONLY___ ═
2025-03-19 13:34:03,625 INFO     ___FILE_ONLY___ ═
2025-03-19 13:34:03,636 INFO     ___FILE_ONLY___ ═
2025-03-19 13:34:03,648 INFO     ___FILE_ONLY___ ═
2025-03-19 13:34:03,660 INFO     ___FILE_ONLY___ ═
2025-03-19 13:34:03,672 INFO     ___FILE_ONLY___ ═
2025-03-19 13:34:03,684 INFO     ___FILE_ONLY___ ═
2025-03-19 13:34:03,696 INFO     ___FILE_ONLY___ ═
2025-03-19 13:34:03,708 INFO     ___FILE_ONLY___ ═
2025-03-19 13:34:03,720 INFO     ___FILE_ONLY___ ═
2025-03-19 13:34:03,732 INFO     ___FILE_ONLY___ ═
2025-03-19 13:34:03,744 INFO     ___FILE_ONLY___ ═
2025-03-19 13:34:03,755 INFO     ___FILE_ONLY___ ═
2025-03-19 13:34:03,767 INFO     ___FILE_ONLY___ ═
2025-03-19 13:34:03,779 INFO     ___FILE_ONLY___ ═
2025-03-19 13:34:03,790 INFO     ___FILE_ONLY___ ═
2025-03-19 13:34:03,802 INFO     ___FILE_ONLY___ ═
2025-03-19 13:34:03,815 INFO     ___FILE_ONLY___ ═
2025-03-19 13:34:03,827 INFO     ___FILE_ONLY___ ═
2025-03-19 13:34:03,839 INFO     ___FILE_ONLY___ ═
2025-03-19 13:34:03,853 INFO     ___FILE_ONLY___ ═
2025-03-19 13:34:03,865 INFO     ___FILE_ONLY___ ═
2025-03-19 13:34:03,865 INFO     ___FILE_ONLY___ ╝

2025-03-19 13:34:03,919 INFO     ___FILE_ONLY___ ╔════════════════════════════════════════════════════════════╗

2025-03-19 13:34:03,919 INFO     ___FILE_ONLY___ ╠═ Installing: Cloud Storage Command Line Tool              ═╣

2025-03-19 13:34:03,919 INFO     ___FILE_ONLY___ ╚
2025-03-19 13:34:04,452 INFO     ___FILE_ONLY___ ═
2025-03-19 13:34:04,468 INFO     ___FILE_ONLY___ ═
2025-03-19 13:34:04,488 INFO     ___FILE_ONLY___ ═
2025-03-19 13:34:04,504 INFO     ___FILE_ONLY___ ═
2025-03-19 13:34:04,519 INFO     ___FILE_ONLY___ ═
2025-03-19 13:34:04,533 INFO     ___FILE_ONLY___ ═
2025-03-19 13:34:04,546 INFO     ___FILE_ONLY___ ═
2025-03-19 13:34:04,558 INFO     ___FILE_ONLY___ ═
2025-03-19 13:34:04,572 INFO     ___FILE_ONLY___ ═
2025-03-19 13:34:04,584 INFO     ___FILE_ONLY___ ═
2025-03-19 13:34:04,596 INFO     ___FILE_ONLY___ ═
2025-03-19 13:34:04,608 INFO     ___FILE_ONLY___ ═
2025-03-19 13:34:04,618 INFO     ___FILE_ONLY___ ═
2025-03-19 13:34:04,629 INFO     ___FILE_ONLY___ ═
2025-03-19 13:34:04,640 INFO     ___FILE_ONLY___ ═
2025-03-19 13:34:04,650 INFO     ___FILE_ONLY___ ═
2025-03-19 13:34:04,661 INFO     ___FILE_ONLY___ ═
2025-03-19 13:34:04,671 INFO     ___FILE_ONLY___ ═
2025-03-19 13:34:04,683 INFO     ___FILE_ONLY___ ═
2025-03-19 13:34:04,694 INFO     ___FILE_ONLY___ ═
2025-03-19 13:34:04,706 INFO     ___FILE_ONLY___ ═
2025-03-19 13:34:04,720 INFO     ___FILE_ONLY___ ═
2025-03-19 13:34:04,734 INFO     ___FILE_ONLY___ ═
2025-03-19 13:34:04,744 INFO     ___FILE_ONLY___ ═
2025-03-19 13:34:04,756 INFO     ___FILE_ONLY___ ═
2025-03-19 13:34:04,771 INFO     ___FILE_ONLY___ ═
2025-03-19 13:34:04,787 INFO     ___FILE_ONLY___ ═
2025-03-19 13:34:04,805 INFO     ___FILE_ONLY___ ═
2025-03-19 13:34:04,821 INFO     ___FILE_ONLY___ ═
2025-03-19 13:34:04,842 INFO     ___FILE_ONLY___ ═
2025-03-19 13:34:04,855 INFO     ___FILE_ONLY___ ═
2025-03-19 13:34:04,868 INFO     ___FILE_ONLY___ ═
2025-03-19 13:34:04,889 INFO     ___FILE_ONLY___ ═
2025-03-19 13:34:04,901 INFO     ___FILE_ONLY___ ═
2025-03-19 13:34:04,911 INFO     ___FILE_ONLY___ ═
2025-03-19 13:34:04,921 INFO     ___FILE_ONLY___ ═
2025-03-19 13:34:04,930 INFO     ___FILE_ONLY___ ═
2025-03-19 13:34:04,941 INFO     ___FILE_ONLY___ ═
2025-03-19 13:34:04,951 INFO     ___FILE_ONLY___ ═
2025-03-19 13:34:04,962 INFO     ___FILE_ONLY___ ═
2025-03-19 13:34:04,972 INFO     ___FILE_ONLY___ ═
2025-03-19 13:34:04,986 INFO     ___FILE_ONLY___ ═
2025-03-19 13:34:04,997 INFO     ___FILE_ONLY___ ═
2025-03-19 13:34:05,011 INFO     ___FILE_ONLY___ ═
2025-03-19 13:34:05,027 INFO     ___FILE_ONLY___ ═
2025-03-19 13:34:05,038 INFO     ___FILE_ONLY___ ═
2025-03-19 13:34:05,046 INFO     ___FILE_ONLY___ ═
2025-03-19 13:34:05,057 INFO     ___FILE_ONLY___ ═
2025-03-19 13:34:05,068 INFO     ___FILE_ONLY___ ═
2025-03-19 13:34:05,080 INFO     ___FILE_ONLY___ ═
2025-03-19 13:34:05,096 INFO     ___FILE_ONLY___ ═
2025-03-19 13:34:05,108 INFO     ___FILE_ONLY___ ═
2025-03-19 13:34:05,124 INFO     ___FILE_ONLY___ ═
2025-03-19 13:34:05,137 INFO     ___FILE_ONLY___ ═
2025-03-19 13:34:05,174 INFO     ___FILE_ONLY___ ═
2025-03-19 13:34:05,183 INFO     ___FILE_ONLY___ ═
2025-03-19 13:34:05,194 INFO     ___FILE_ONLY___ ═
2025-03-19 13:34:05,204 INFO     ___FILE_ONLY___ ═
2025-03-19 13:34:05,215 INFO     ___FILE_ONLY___ ═
2025-03-19 13:34:05,229 INFO     ___FILE_ONLY___ ═
2025-03-19 13:34:05,229 INFO     ___FILE_ONLY___ ╝

2025-03-19 13:34:05,260 INFO     ___FILE_ONLY___ ╔════════════════════════════════════════════════════════════╗

2025-03-19 13:34:05,260 INFO     ___FILE_ONLY___ ╠═ Installing: Cloud Storage Command Line Tool (Platform... ═╣

2025-03-19 13:34:05,260 INFO     ___FILE_ONLY___ ╚
2025-03-19 13:34:05,261 INFO     ___FILE_ONLY___ ════════════════════════════════════════════════════════════
2025-03-19 13:34:05,261 INFO     ___FILE_ONLY___ ╝

2025-03-19 13:34:05,266 INFO     ___FILE_ONLY___ ╔════════════════════════════════════════════════════════════╗

2025-03-19 13:34:05,266 INFO     ___FILE_ONLY___ ╠═ Installing: Default set of gcloud commands               ═╣

2025-03-19 13:34:05,266 INFO     ___FILE_ONLY___ ╚
2025-03-19 13:34:05,268 INFO     ___FILE_ONLY___ ════════════════════════════════════════════════════════════
2025-03-19 13:34:05,268 INFO     ___FILE_ONLY___ ╝

2025-03-19 13:34:05,270 INFO     ___FILE_ONLY___ ╔════════════════════════════════════════════════════════════╗

2025-03-19 13:34:05,270 INFO     ___FILE_ONLY___ ╠═ Installing: Google Cloud CLI Core Libraries (Platform... ═╣

2025-03-19 13:34:05,270 INFO     ___FILE_ONLY___ ╚
2025-03-19 13:34:05,271 INFO     ___FILE_ONLY___ ══════════════════════════════
2025-03-19 13:34:05,272 INFO     ___FILE_ONLY___ ══════════════════════════════
2025-03-19 13:34:05,272 INFO     ___FILE_ONLY___ ╝

2025-03-19 13:34:05,276 INFO     ___FILE_ONLY___ ╔════════════════════════════════════════════════════════════╗

2025-03-19 13:34:05,276 INFO     ___FILE_ONLY___ ╠═ Installing: Google Cloud CRC32C Hash Tool                ═╣

2025-03-19 13:34:05,276 INFO     ___FILE_ONLY___ ╚
2025-03-19 13:34:05,279 INFO     ___FILE_ONLY___ ════════════════════════════════════════════════════════════
2025-03-19 13:34:05,279 INFO     ___FILE_ONLY___ ╝

2025-03-19 13:34:05,281 INFO     ___FILE_ONLY___ ╔════════════════════════════════════════════════════════════╗

2025-03-19 13:34:05,281 INFO     ___FILE_ONLY___ ╠═ Installing: Google Cloud CRC32C Hash Tool (Platform S... ═╣

2025-03-19 13:34:05,281 INFO     ___FILE_ONLY___ ╚
2025-03-19 13:34:05,319 INFO     ___FILE_ONLY___ ══════════════════════════════
2025-03-19 13:34:05,319 INFO     ___FILE_ONLY___ ══════════════════════════════
2025-03-19 13:34:05,319 INFO     ___FILE_ONLY___ ╝

2025-03-19 13:34:05,324 INFO     ___FILE_ONLY___ ╔════════════════════════════════════════════════════════════╗

2025-03-19 13:34:05,325 INFO     ___FILE_ONLY___ ╠═ Installing: gcloud cli dependencies (Platform Specific)  ═╣

2025-03-19 13:34:05,325 INFO     ___FILE_ONLY___ ╚
2025-03-19 13:34:05,325 INFO     ___FILE_ONLY___ ════════════════════════════════════════════════════════════
2025-03-19 13:34:05,325 INFO     ___FILE_ONLY___ ╝

2025-03-19 13:34:05,330 DEBUG    root            Updating notification cache...
2025-03-19 13:34:05,331 INFO     ___FILE_ONLY___ 

2025-03-19 13:34:05,333 INFO     ___FILE_ONLY___ Performing post processing steps...
2025-03-19 13:34:05,333 DEBUG    root            Executing command: ['/tools/google-cloud-sdk/bin/gcloud', 'components', 'post-process']
2025-03-19 13:34:14,671 DEBUG    ___FILE_ONLY___ 
2025-03-19 13:34:14,671 DEBUG    ___FILE_ONLY___ 
2025-03-19 13:34:14,872 INFO     root            descriptor_list: [{'universeDomain': 'googleapis.com', 'universeShortName': '', 'authenticationDomain': 'auth.cloud.google.com', 'projectPrefix': '', 'cloudWebDomain': 'cloud.google.com', 'documentationDomain': 'cloud.google.com', 'version': '1.0.0', 'state': 'primary', 'artifactRegistryDomain': 'pkg.dev'}]
2025-03-19 13:34:14,872 INFO     ___FILE_ONLY___ 
Update done!


2025-03-19 13:34:14,876 DEBUG    root            Chosen display Format:none
2025-03-19 13:34:14,876 INFO     root            Display format: "none"
