2025-03-19 13:34:15,606 DEBUG    root            Loaded Command Group: ['gcloud', 'components']
2025-03-19 13:34:15,608 DEBUG    root            Loaded Command Group: ['gcloud', 'components', 'update']
2025-03-19 13:34:15,610 DEBUG    root            Running [gcloud.components.update] with arguments: [--quiet: "True", COMPONENT-IDS:8: "['gcloud', 'core', 'bq', 'gsutil', 'compute', 'preview', 'alpha', 'beta']"]
2025-03-19 13:34:15,611 INFO     ___FILE_ONLY___ Beginning update. This process may take several minutes.

2025-03-19 13:34:15,621 DEBUG    urllib3.connectionpool Starting new HTTPS connection (1): dl.google.com:443
2025-03-19 13:34:15,718 DEBUG    urllib3.connectionpool https://dl.google.com:443 "GET /dl/cloudsdk/channels/rapid/components-2.json HTTP/11" 200 226134
2025-03-19 13:34:15,732 WARNING  root            Component [compute] no longer exists.
2025-03-19 13:34:15,733 INFO     ___FILE_ONLY___ 

2025-03-19 13:34:15,733 INFO     ___FILE_ONLY___ 
Your current Google Cloud CLI version is: 515.0.0

2025-03-19 13:34:15,733 INFO     ___FILE_ONLY___ Installing components from version: 515.0.0

2025-03-19 13:34:15,733 INFO     ___FILE_ONLY___ 

2025-03-19 13:34:15,733 DEBUG    root            Chosen display Format:table[box,title="These components will be removed."](details.display_name:label=Name:align=left,version.version_string:label=Version:align=right,data.size.size(zero="",min=1048576):label=Size:align=right)
2025-03-19 13:34:15,734 DEBUG    root            Chosen display Format:table[box,title="These components will be updated."](details.display_name:label=Name:align=left,version.version_string:label=Version:align=right,data.size.size(zero="",min=1048576):label=Size:align=right)
2025-03-19 13:34:15,734 DEBUG    root            Chosen display Format:table[box,title="These components will be installed."](details.display_name:label=Name:align=left,version.version_string:label=Version:align=right,data.size.size(zero="",min=1048576):label=Size:align=right)
2025-03-19 13:34:15,749 INFO     ___FILE_ONLY___ ┌────────────────────────────────────────────────┐
2025-03-19 13:34:15,749 INFO     ___FILE_ONLY___ 

2025-03-19 13:34:15,750 INFO     ___FILE_ONLY___ │      These components will be installed.       │
2025-03-19 13:34:15,750 INFO     ___FILE_ONLY___ 

2025-03-19 13:34:15,750 INFO     ___FILE_ONLY___ ├─────────────────────────┬────────────┬─────────┤
2025-03-19 13:34:15,750 INFO     ___FILE_ONLY___ 

2025-03-19 13:34:15,750 INFO     ___FILE_ONLY___ │           Name          │  Version   │   Size  │
2025-03-19 13:34:15,750 INFO     ___FILE_ONLY___ 

2025-03-19 13:34:15,750 INFO     ___FILE_ONLY___ ├─────────────────────────┼────────────┼─────────┤
2025-03-19 13:34:15,750 INFO     ___FILE_ONLY___ 

2025-03-19 13:34:15,750 INFO     ___FILE_ONLY___ │ 
2025-03-19 13:34:15,750 INFO     ___FILE_ONLY___ gcloud Alpha Commands  
2025-03-19 13:34:15,750 INFO     ___FILE_ONLY___  
2025-03-19 13:34:15,750 INFO     ___FILE_ONLY___ │ 
2025-03-19 13:34:15,750 INFO     ___FILE_ONLY___ 2025.03.14
2025-03-19 13:34:15,750 INFO     ___FILE_ONLY___  
2025-03-19 13:34:15,750 INFO     ___FILE_ONLY___ │ 
2025-03-19 13:34:15,750 INFO     ___FILE_ONLY___ < 1 MiB
2025-03-19 13:34:15,750 INFO     ___FILE_ONLY___  
2025-03-19 13:34:15,750 INFO     ___FILE_ONLY___ │
2025-03-19 13:34:15,751 INFO     ___FILE_ONLY___ 

2025-03-19 13:34:15,751 INFO     ___FILE_ONLY___ │ 
2025-03-19 13:34:15,751 INFO     ___FILE_ONLY___ gcloud Beta Commands   
2025-03-19 13:34:15,751 INFO     ___FILE_ONLY___  
2025-03-19 13:34:15,751 INFO     ___FILE_ONLY___ │ 
2025-03-19 13:34:15,751 INFO     ___FILE_ONLY___ 2025.03.14
2025-03-19 13:34:15,751 INFO     ___FILE_ONLY___  
2025-03-19 13:34:15,751 INFO     ___FILE_ONLY___ │ 
2025-03-19 13:34:15,751 INFO     ___FILE_ONLY___ < 1 MiB
2025-03-19 13:34:15,751 INFO     ___FILE_ONLY___  
2025-03-19 13:34:15,751 INFO     ___FILE_ONLY___ │
2025-03-19 13:34:15,751 INFO     ___FILE_ONLY___ 

2025-03-19 13:34:15,751 INFO     ___FILE_ONLY___ │ 
2025-03-19 13:34:15,751 INFO     ___FILE_ONLY___ gcloud Preview Commands
2025-03-19 13:34:15,751 INFO     ___FILE_ONLY___  
2025-03-19 13:34:15,751 INFO     ___FILE_ONLY___ │ 
2025-03-19 13:34:15,751 INFO     ___FILE_ONLY___           
2025-03-19 13:34:15,751 INFO     ___FILE_ONLY___  
2025-03-19 13:34:15,751 INFO     ___FILE_ONLY___ │ 
2025-03-19 13:34:15,751 INFO     ___FILE_ONLY___ < 1 MiB
2025-03-19 13:34:15,751 INFO     ___FILE_ONLY___  
2025-03-19 13:34:15,752 INFO     ___FILE_ONLY___ │
2025-03-19 13:34:15,752 INFO     ___FILE_ONLY___ 

2025-03-19 13:34:15,752 INFO     ___FILE_ONLY___ └─────────────────────────┴────────────┴─────────┘
2025-03-19 13:34:15,752 INFO     ___FILE_ONLY___ 

2025-03-19 13:34:15,752 INFO     ___FILE_ONLY___ 

2025-03-19 13:34:15,755 DEBUG    urllib3.connectionpool Starting new HTTPS connection (1): dl.google.com:443
2025-03-19 13:34:15,782 DEBUG    urllib3.connectionpool https://dl.google.com:443 "GET /dl/cloudsdk/channels/rapid/RELEASE_NOTES HTTP/11" 200 1381789
2025-03-19 13:34:16,236 INFO     ___FILE_ONLY___ For the latest full release notes, please visit:
  https://cloud.google.com/sdk/release_notes


2025-03-19 13:34:16,237 INFO     ___FILE_ONLY___ Performing in place update...


2025-03-19 13:34:16,239 INFO     ___FILE_ONLY___ ╔════════════════════════════════════════════════════════════╗

2025-03-19 13:34:16,239 INFO     ___FILE_ONLY___ ╠═ Downloading: gcloud Alpha Commands                       ═╣

2025-03-19 13:34:16,239 INFO     ___FILE_ONLY___ ╚
2025-03-19 13:34:16,242 DEBUG    urllib3.connectionpool Starting new HTTPS connection (1): dl.google.com:443
2025-03-19 13:34:16,315 DEBUG    urllib3.connectionpool https://dl.google.com:443 "GET /dl/cloudsdk/channels/rapid/components/google-cloud-sdk-alpha-20250314151217.tar.gz HTTP/11" 200 800
2025-03-19 13:34:16,316 INFO     ___FILE_ONLY___ ════════════════════════════════════════════════════════════
2025-03-19 13:34:16,316 INFO     ___FILE_ONLY___ ╝

2025-03-19 13:34:16,318 INFO     ___FILE_ONLY___ ╔════════════════════════════════════════════════════════════╗

2025-03-19 13:34:16,318 INFO     ___FILE_ONLY___ ╠═ Downloading: gcloud Beta Commands                        ═╣

2025-03-19 13:34:16,318 INFO     ___FILE_ONLY___ ╚
2025-03-19 13:34:16,322 DEBUG    urllib3.connectionpool Starting new HTTPS connection (1): dl.google.com:443
2025-03-19 13:34:16,416 DEBUG    urllib3.connectionpool https://dl.google.com:443 "GET /dl/cloudsdk/channels/rapid/components/google-cloud-sdk-beta-20250314151217.tar.gz HTTP/11" 200 797
2025-03-19 13:34:16,416 INFO     ___FILE_ONLY___ ════════════════════════════════════════════════════════════
2025-03-19 13:34:16,417 INFO     ___FILE_ONLY___ ╝

2025-03-19 13:34:16,419 INFO     ___FILE_ONLY___ ╔════════════════════════════════════════════════════════════╗

2025-03-19 13:34:16,419 INFO     ___FILE_ONLY___ ╠═ Downloading: gcloud Preview Commands                     ═╣

2025-03-19 13:34:16,419 INFO     ___FILE_ONLY___ ╚
2025-03-19 13:34:16,422 DEBUG    urllib3.connectionpool Starting new HTTPS connection (1): dl.google.com:443
2025-03-19 13:34:16,500 DEBUG    urllib3.connectionpool https://dl.google.com:443 "GET /dl/cloudsdk/channels/rapid/components/google-cloud-sdk-preview-20241115154308.tar.gz HTTP/11" 200 823
2025-03-19 13:34:16,500 INFO     ___FILE_ONLY___ ════════════════════════════════════════════════════════════
2025-03-19 13:34:16,500 INFO     ___FILE_ONLY___ ╝

2025-03-19 13:34:16,502 INFO     ___FILE_ONLY___ ╔════════════════════════════════════════════════════════════╗

2025-03-19 13:34:16,503 INFO     ___FILE_ONLY___ ╠═ Installing: gcloud Alpha Commands                        ═╣

2025-03-19 13:34:16,503 INFO     ___FILE_ONLY___ ╚
2025-03-19 13:34:16,504 INFO     ___FILE_ONLY___ ════════════════════════════════════════════════════════════
2025-03-19 13:34:16,504 INFO     ___FILE_ONLY___ ╝

2025-03-19 13:34:16,509 INFO     ___FILE_ONLY___ ╔════════════════════════════════════════════════════════════╗

2025-03-19 13:34:16,509 INFO     ___FILE_ONLY___ ╠═ Installing: gcloud Beta Commands                         ═╣

2025-03-19 13:34:16,509 INFO     ___FILE_ONLY___ ╚
2025-03-19 13:34:16,510 INFO     ___FILE_ONLY___ ════════════════════════════════════════════════════════════
2025-03-19 13:34:16,510 INFO     ___FILE_ONLY___ ╝

2025-03-19 13:34:16,516 INFO     ___FILE_ONLY___ ╔════════════════════════════════════════════════════════════╗

2025-03-19 13:34:16,516 INFO     ___FILE_ONLY___ ╠═ Installing: gcloud Preview Commands                      ═╣

2025-03-19 13:34:16,516 INFO     ___FILE_ONLY___ ╚
2025-03-19 13:34:16,517 INFO     ___FILE_ONLY___ ════════════════════════════════════════════════════════════
2025-03-19 13:34:16,517 INFO     ___FILE_ONLY___ ╝

2025-03-19 13:34:16,522 DEBUG    root            Updating notification cache...
2025-03-19 13:34:16,522 INFO     ___FILE_ONLY___ 

2025-03-19 13:34:16,524 INFO     ___FILE_ONLY___ Performing post processing steps...
2025-03-19 13:34:16,525 DEBUG    root            Executing command: ['/tools/google-cloud-sdk/bin/gcloud', 'components', 'post-process']
2025-03-19 13:34:26,117 DEBUG    ___FILE_ONLY___ 
2025-03-19 13:34:26,117 DEBUG    ___FILE_ONLY___ 
2025-03-19 13:34:26,291 INFO     root            descriptor_list: [{'universeDomain': 'googleapis.com', 'universeShortName': '', 'authenticationDomain': 'auth.cloud.google.com', 'projectPrefix': '', 'cloudWebDomain': 'cloud.google.com', 'documentationDomain': 'cloud.google.com', 'version': '1.0.0', 'state': 'primary', 'artifactRegistryDomain': 'pkg.dev'}]
2025-03-19 13:34:26,292 INFO     ___FILE_ONLY___ 
Update done!


2025-03-19 13:34:26,294 DEBUG    root            Chosen display Format:none
2025-03-19 13:34:26,294 INFO     root            Display format: "none"
