2025-02-10 14:24:16,827 DEBUG    root            Loaded Command Group: ['gcloud', 'components']
2025-02-10 14:24:16,831 DEBUG    root            Loaded Command Group: ['gcloud', 'components', 'update']
2025-02-10 14:24:16,833 DEBUG    root            Running [gcloud.components.update] with arguments: [--compile-python: "True", --quiet: "True", COMPONENT-IDS:6: "['core', 'gcloud-deps', 'bq', 'gcloud', 'gcloud-crc32c', 'gsutil']"]
2025-02-10 14:24:16,834 INFO     ___FILE_ONLY___ Beginning update. This process may take several minutes.

2025-02-10 14:24:16,886 DEBUG    urllib3.connectionpool Starting new HTTPS connection (1): dl.google.com:443
2025-02-10 14:24:16,937 DEBUG    urllib3.connectionpool https://dl.google.com:443 "GET /dl/cloudsdk/channels/rapid/components-2.json HTTP/11" 200 227832
2025-02-10 14:24:16,959 INFO     ___FILE_ONLY___ 

2025-02-10 14:24:16,959 INFO     ___FILE_ONLY___ 
Your current Google Cloud CLI version is: 509.0.0

2025-02-10 14:24:16,959 INFO     ___FILE_ONLY___ Installing components from version: 509.0.0

2025-02-10 14:24:16,959 INFO     ___FILE_ONLY___ 

2025-02-10 14:24:16,960 DEBUG    root            Chosen display Format:table[box,title="These components will be removed."](details.display_name:label=Name:align=left,version.version_string:label=Version:align=right,data.size.size(zero="",min=1048576):label=Size:align=right)
2025-02-10 14:24:16,960 DEBUG    root            Chosen display Format:table[box,title="These components will be updated."](details.display_name:label=Name:align=left,version.version_string:label=Version:align=right,data.size.size(zero="",min=1048576):label=Size:align=right)
2025-02-10 14:24:16,960 DEBUG    root            Chosen display Format:table[box,title="These components will be installed."](details.display_name:label=Name:align=left,version.version_string:label=Version:align=right,data.size.size(zero="",min=1048576):label=Size:align=right)
2025-02-10 14:24:17,000 INFO     ___FILE_ONLY___ ┌─────────────────────────────────────────────────────────────────────────────┐
2025-02-10 14:24:17,000 INFO     ___FILE_ONLY___ 

2025-02-10 14:24:17,000 INFO     ___FILE_ONLY___ │                     These components will be installed.                     │
2025-02-10 14:24:17,000 INFO     ___FILE_ONLY___ 

2025-02-10 14:24:17,001 INFO     ___FILE_ONLY___ ├─────────────────────────────────────────────────────┬────────────┬──────────┤
2025-02-10 14:24:17,001 INFO     ___FILE_ONLY___ 

2025-02-10 14:24:17,001 INFO     ___FILE_ONLY___ │                         Name                        │  Version   │   Size   │
2025-02-10 14:24:17,001 INFO     ___FILE_ONLY___ 

2025-02-10 14:24:17,001 INFO     ___FILE_ONLY___ ├─────────────────────────────────────────────────────┼────────────┼──────────┤
2025-02-10 14:24:17,001 INFO     ___FILE_ONLY___ 

2025-02-10 14:24:17,001 INFO     ___FILE_ONLY___ │ 
2025-02-10 14:24:17,001 INFO     ___FILE_ONLY___ BigQuery Command Line Tool                         
2025-02-10 14:24:17,001 INFO     ___FILE_ONLY___  
2025-02-10 14:24:17,001 INFO     ___FILE_ONLY___ │ 
2025-02-10 14:24:17,001 INFO     ___FILE_ONLY___     2.1.12
2025-02-10 14:24:17,001 INFO     ___FILE_ONLY___  
2025-02-10 14:24:17,001 INFO     ___FILE_ONLY___ │ 
2025-02-10 14:24:17,002 INFO     ___FILE_ONLY___  1.8 MiB
2025-02-10 14:24:17,002 INFO     ___FILE_ONLY___  
2025-02-10 14:24:17,002 INFO     ___FILE_ONLY___ │
2025-02-10 14:24:17,002 INFO     ___FILE_ONLY___ 

2025-02-10 14:24:17,002 INFO     ___FILE_ONLY___ │ 
2025-02-10 14:24:17,002 INFO     ___FILE_ONLY___ BigQuery Command Line Tool (Platform Specific)     
2025-02-10 14:24:17,002 INFO     ___FILE_ONLY___  
2025-02-10 14:24:17,002 INFO     ___FILE_ONLY___ │ 
2025-02-10 14:24:17,002 INFO     ___FILE_ONLY___      2.1.8
2025-02-10 14:24:17,002 INFO     ___FILE_ONLY___  
2025-02-10 14:24:17,002 INFO     ___FILE_ONLY___ │ 
2025-02-10 14:24:17,002 INFO     ___FILE_ONLY___  < 1 MiB
2025-02-10 14:24:17,002 INFO     ___FILE_ONLY___  
2025-02-10 14:24:17,002 INFO     ___FILE_ONLY___ │
2025-02-10 14:24:17,003 INFO     ___FILE_ONLY___ 

2025-02-10 14:24:17,003 INFO     ___FILE_ONLY___ │ 
2025-02-10 14:24:17,003 INFO     ___FILE_ONLY___ Bundled Python 3.12 (Platform Specific)            
2025-02-10 14:24:17,003 INFO     ___FILE_ONLY___  
2025-02-10 14:24:17,003 INFO     ___FILE_ONLY___ │ 
2025-02-10 14:24:17,003 INFO     ___FILE_ONLY___     3.12.8
2025-02-10 14:24:17,003 INFO     ___FILE_ONLY___  
2025-02-10 14:24:17,003 INFO     ___FILE_ONLY___ │ 
2025-02-10 14:24:17,003 INFO     ___FILE_ONLY___ 89.2 MiB
2025-02-10 14:24:17,003 INFO     ___FILE_ONLY___  
2025-02-10 14:24:17,003 INFO     ___FILE_ONLY___ │
2025-02-10 14:24:17,003 INFO     ___FILE_ONLY___ 

2025-02-10 14:24:17,003 INFO     ___FILE_ONLY___ │ 
2025-02-10 14:24:17,004 INFO     ___FILE_ONLY___ Cloud Storage Command Line Tool                    
2025-02-10 14:24:17,004 INFO     ___FILE_ONLY___  
2025-02-10 14:24:17,004 INFO     ___FILE_ONLY___ │ 
2025-02-10 14:24:17,004 INFO     ___FILE_ONLY___       5.33
2025-02-10 14:24:17,004 INFO     ___FILE_ONLY___  
2025-02-10 14:24:17,004 INFO     ___FILE_ONLY___ │ 
2025-02-10 14:24:17,005 INFO     ___FILE_ONLY___ 11.8 MiB
2025-02-10 14:24:17,005 INFO     ___FILE_ONLY___  
2025-02-10 14:24:17,005 INFO     ___FILE_ONLY___ │
2025-02-10 14:24:17,005 INFO     ___FILE_ONLY___ 

2025-02-10 14:24:17,005 INFO     ___FILE_ONLY___ │ 
2025-02-10 14:24:17,005 INFO     ___FILE_ONLY___ Cloud Storage Command Line Tool (Platform Specific)
2025-02-10 14:24:17,005 INFO     ___FILE_ONLY___  
2025-02-10 14:24:17,006 INFO     ___FILE_ONLY___ │ 
2025-02-10 14:24:17,006 INFO     ___FILE_ONLY___       5.30
2025-02-10 14:24:17,006 INFO     ___FILE_ONLY___  
2025-02-10 14:24:17,006 INFO     ___FILE_ONLY___ │ 
2025-02-10 14:24:17,006 INFO     ___FILE_ONLY___  < 1 MiB
2025-02-10 14:24:17,006 INFO     ___FILE_ONLY___  
2025-02-10 14:24:17,006 INFO     ___FILE_ONLY___ │
2025-02-10 14:24:17,006 INFO     ___FILE_ONLY___ 

2025-02-10 14:24:17,006 INFO     ___FILE_ONLY___ │ 
2025-02-10 14:24:17,006 INFO     ___FILE_ONLY___ Google Cloud CLI Core Libraries (Platform Specific)
2025-02-10 14:24:17,006 INFO     ___FILE_ONLY___  
2025-02-10 14:24:17,007 INFO     ___FILE_ONLY___ │ 
2025-02-10 14:24:17,007 INFO     ___FILE_ONLY___ 2024.08.30
2025-02-10 14:24:17,007 INFO     ___FILE_ONLY___  
2025-02-10 14:24:17,007 INFO     ___FILE_ONLY___ │ 
2025-02-10 14:24:17,007 INFO     ___FILE_ONLY___  < 1 MiB
2025-02-10 14:24:17,007 INFO     ___FILE_ONLY___  
2025-02-10 14:24:17,007 INFO     ___FILE_ONLY___ │
2025-02-10 14:24:17,007 INFO     ___FILE_ONLY___ 

2025-02-10 14:24:17,007 INFO     ___FILE_ONLY___ │ 
2025-02-10 14:24:17,007 INFO     ___FILE_ONLY___ Google Cloud CRC32C Hash Tool (Platform Specific)  
2025-02-10 14:24:17,007 INFO     ___FILE_ONLY___  
2025-02-10 14:24:17,007 INFO     ___FILE_ONLY___ │ 
2025-02-10 14:24:17,007 INFO     ___FILE_ONLY___      1.0.0
2025-02-10 14:24:17,007 INFO     ___FILE_ONLY___  
2025-02-10 14:24:17,008 INFO     ___FILE_ONLY___ │ 
2025-02-10 14:24:17,008 INFO     ___FILE_ONLY___  1.4 MiB
2025-02-10 14:24:17,008 INFO     ___FILE_ONLY___  
2025-02-10 14:24:17,008 INFO     ___FILE_ONLY___ │
2025-02-10 14:24:17,008 INFO     ___FILE_ONLY___ 

2025-02-10 14:24:17,008 INFO     ___FILE_ONLY___ │ 
2025-02-10 14:24:17,008 INFO     ___FILE_ONLY___ gcloud cli dependencies (Platform Specific)        
2025-02-10 14:24:17,008 INFO     ___FILE_ONLY___  
2025-02-10 14:24:17,008 INFO     ___FILE_ONLY___ │ 
2025-02-10 14:24:17,008 INFO     ___FILE_ONLY___ 2021.04.16
2025-02-10 14:24:17,008 INFO     ___FILE_ONLY___  
2025-02-10 14:24:17,008 INFO     ___FILE_ONLY___ │ 
2025-02-10 14:24:17,008 INFO     ___FILE_ONLY___  < 1 MiB
2025-02-10 14:24:17,008 INFO     ___FILE_ONLY___  
2025-02-10 14:24:17,009 INFO     ___FILE_ONLY___ │
2025-02-10 14:24:17,009 INFO     ___FILE_ONLY___ 

2025-02-10 14:24:17,009 INFO     ___FILE_ONLY___ └─────────────────────────────────────────────────────┴────────────┴──────────┘
2025-02-10 14:24:17,009 INFO     ___FILE_ONLY___ 

2025-02-10 14:24:17,009 INFO     ___FILE_ONLY___ 

2025-02-10 14:24:17,012 DEBUG    urllib3.connectionpool Starting new HTTPS connection (1): dl.google.com:443
2025-02-10 14:24:17,240 DEBUG    urllib3.connectionpool https://dl.google.com:443 "GET /dl/cloudsdk/channels/rapid/RELEASE_NOTES HTTP/11" 200 1351399
2025-02-10 14:24:17,705 INFO     ___FILE_ONLY___ For the latest full release notes, please visit:
  https://cloud.google.com/sdk/release_notes


2025-02-10 14:24:17,705 INFO     ___FILE_ONLY___ Performing in place update...


2025-02-10 14:24:17,711 INFO     ___FILE_ONLY___ ╔════════════════════════════════════════════════════════════╗

2025-02-10 14:24:17,711 INFO     ___FILE_ONLY___ ╠═ Downloading: BigQuery Command Line Tool                  ═╣

2025-02-10 14:24:17,711 INFO     ___FILE_ONLY___ ╚
2025-02-10 14:24:17,714 DEBUG    urllib3.connectionpool Starting new HTTPS connection (1): dl.google.com:443
2025-02-10 14:24:17,772 DEBUG    urllib3.connectionpool https://dl.google.com:443 "GET /dl/cloudsdk/channels/rapid/components/google-cloud-sdk-bq-20250117151628.tar.gz HTTP/11" 200 1853621
2025-02-10 14:24:17,788 INFO     ___FILE_ONLY___ ═
2025-02-10 14:24:17,788 INFO     ___FILE_ONLY___ ═
2025-02-10 14:24:17,788 INFO     ___FILE_ONLY___ ═
2025-02-10 14:24:17,789 INFO     ___FILE_ONLY___ ═
2025-02-10 14:24:17,789 INFO     ___FILE_ONLY___ ═
2025-02-10 14:24:17,789 INFO     ___FILE_ONLY___ ═
2025-02-10 14:24:17,789 INFO     ___FILE_ONLY___ ═
2025-02-10 14:24:17,789 INFO     ___FILE_ONLY___ ═
2025-02-10 14:24:17,789 INFO     ___FILE_ONLY___ ═
2025-02-10 14:24:17,790 INFO     ___FILE_ONLY___ ═
2025-02-10 14:24:17,790 INFO     ___FILE_ONLY___ ═
2025-02-10 14:24:17,790 INFO     ___FILE_ONLY___ ═
2025-02-10 14:24:17,790 INFO     ___FILE_ONLY___ ═
2025-02-10 14:24:17,790 INFO     ___FILE_ONLY___ ═
2025-02-10 14:24:17,790 INFO     ___FILE_ONLY___ ═
2025-02-10 14:24:17,790 INFO     ___FILE_ONLY___ ═
2025-02-10 14:24:17,791 INFO     ___FILE_ONLY___ ═
2025-02-10 14:24:17,791 INFO     ___FILE_ONLY___ ═
2025-02-10 14:24:17,791 INFO     ___FILE_ONLY___ ═
2025-02-10 14:24:17,791 INFO     ___FILE_ONLY___ ═
2025-02-10 14:24:17,791 INFO     ___FILE_ONLY___ ═
2025-02-10 14:24:17,791 INFO     ___FILE_ONLY___ ═
2025-02-10 14:24:17,792 INFO     ___FILE_ONLY___ ═
2025-02-10 14:24:17,792 INFO     ___FILE_ONLY___ ═
2025-02-10 14:24:17,792 INFO     ___FILE_ONLY___ ═
2025-02-10 14:24:17,792 INFO     ___FILE_ONLY___ ═
2025-02-10 14:24:17,792 INFO     ___FILE_ONLY___ ═
2025-02-10 14:24:17,792 INFO     ___FILE_ONLY___ ═
2025-02-10 14:24:17,792 INFO     ___FILE_ONLY___ ═
2025-02-10 14:24:17,793 INFO     ___FILE_ONLY___ ═
2025-02-10 14:24:17,793 INFO     ___FILE_ONLY___ ═
2025-02-10 14:24:17,793 INFO     ___FILE_ONLY___ ═
2025-02-10 14:24:17,793 INFO     ___FILE_ONLY___ ═
2025-02-10 14:24:17,793 INFO     ___FILE_ONLY___ ═
2025-02-10 14:24:17,793 INFO     ___FILE_ONLY___ ═
2025-02-10 14:24:17,793 INFO     ___FILE_ONLY___ ═
2025-02-10 14:24:17,794 INFO     ___FILE_ONLY___ ═
2025-02-10 14:24:17,794 INFO     ___FILE_ONLY___ ═
2025-02-10 14:24:17,794 INFO     ___FILE_ONLY___ ═
2025-02-10 14:24:17,794 INFO     ___FILE_ONLY___ ═
2025-02-10 14:24:17,794 INFO     ___FILE_ONLY___ ═
2025-02-10 14:24:17,795 INFO     ___FILE_ONLY___ ═
2025-02-10 14:24:17,795 INFO     ___FILE_ONLY___ ═
2025-02-10 14:24:17,795 INFO     ___FILE_ONLY___ ═
2025-02-10 14:24:17,795 INFO     ___FILE_ONLY___ ═
2025-02-10 14:24:17,795 INFO     ___FILE_ONLY___ ═
2025-02-10 14:24:17,795 INFO     ___FILE_ONLY___ ═
2025-02-10 14:24:17,795 INFO     ___FILE_ONLY___ ═
2025-02-10 14:24:17,796 INFO     ___FILE_ONLY___ ═
2025-02-10 14:24:17,796 INFO     ___FILE_ONLY___ ═
2025-02-10 14:24:17,796 INFO     ___FILE_ONLY___ ═
2025-02-10 14:24:17,796 INFO     ___FILE_ONLY___ ═
2025-02-10 14:24:17,796 INFO     ___FILE_ONLY___ ═
2025-02-10 14:24:17,797 INFO     ___FILE_ONLY___ ═
2025-02-10 14:24:17,797 INFO     ___FILE_ONLY___ ═
2025-02-10 14:24:17,797 INFO     ___FILE_ONLY___ ═
2025-02-10 14:24:17,797 INFO     ___FILE_ONLY___ ═
2025-02-10 14:24:17,797 INFO     ___FILE_ONLY___ ═
2025-02-10 14:24:17,797 INFO     ___FILE_ONLY___ ═
2025-02-10 14:24:17,797 INFO     ___FILE_ONLY___ ═
2025-02-10 14:24:17,798 INFO     ___FILE_ONLY___ ╝

2025-02-10 14:24:17,801 INFO     ___FILE_ONLY___ ╔════════════════════════════════════════════════════════════╗

2025-02-10 14:24:17,801 INFO     ___FILE_ONLY___ ╠═ Downloading: BigQuery Command Line Tool (Platform Spe... ═╣

2025-02-10 14:24:17,801 INFO     ___FILE_ONLY___ ╚
2025-02-10 14:24:17,804 DEBUG    urllib3.connectionpool Starting new HTTPS connection (1): dl.google.com:443
2025-02-10 14:24:17,852 DEBUG    urllib3.connectionpool https://dl.google.com:443 "GET /dl/cloudsdk/channels/rapid/components/google-cloud-sdk-bq-nix-20240830134514.tar.gz HTTP/11" 200 1914
2025-02-10 14:24:17,852 INFO     ___FILE_ONLY___ ════════════════════════════════════════════════════════════
2025-02-10 14:24:17,852 INFO     ___FILE_ONLY___ ╝

2025-02-10 14:24:17,855 INFO     ___FILE_ONLY___ ╔════════════════════════════════════════════════════════════╗

2025-02-10 14:24:17,855 INFO     ___FILE_ONLY___ ╠═ Downloading: Bundled Python 3.12                         ═╣

2025-02-10 14:24:17,855 INFO     ___FILE_ONLY___ ╚
2025-02-10 14:24:17,855 INFO     ___FILE_ONLY___ ════════════════════════════════════════════════════════════
2025-02-10 14:24:17,855 INFO     ___FILE_ONLY___ ╝

2025-02-10 14:24:17,858 INFO     ___FILE_ONLY___ ╔════════════════════════════════════════════════════════════╗

2025-02-10 14:24:17,858 INFO     ___FILE_ONLY___ ╠═ Downloading: Bundled Python 3.12 (Platform Specific)     ═╣

2025-02-10 14:24:17,858 INFO     ___FILE_ONLY___ ╚
2025-02-10 14:24:17,861 DEBUG    urllib3.connectionpool Starting new HTTPS connection (1): dl.google.com:443
2025-02-10 14:24:18,070 DEBUG    urllib3.connectionpool https://dl.google.com:443 "GET /dl/cloudsdk/channels/rapid/components/google-cloud-sdk-bundled-python3-unix-linux-x86_64-20250131143518.tar.gz HTTP/11" 200 93520256
2025-02-10 14:24:18,579 INFO     ___FILE_ONLY___ ═
2025-02-10 14:24:18,583 INFO     ___FILE_ONLY___ ═
2025-02-10 14:24:18,586 INFO     ___FILE_ONLY___ ═
2025-02-10 14:24:18,590 INFO     ___FILE_ONLY___ ═
2025-02-10 14:24:18,594 INFO     ___FILE_ONLY___ ═
2025-02-10 14:24:18,598 INFO     ___FILE_ONLY___ ═
2025-02-10 14:24:18,602 INFO     ___FILE_ONLY___ ═
2025-02-10 14:24:18,605 INFO     ___FILE_ONLY___ ═
2025-02-10 14:24:18,609 INFO     ___FILE_ONLY___ ═
2025-02-10 14:24:18,613 INFO     ___FILE_ONLY___ ═
2025-02-10 14:24:18,617 INFO     ___FILE_ONLY___ ═
2025-02-10 14:24:18,621 INFO     ___FILE_ONLY___ ═
2025-02-10 14:24:18,624 INFO     ___FILE_ONLY___ ═
2025-02-10 14:24:18,628 INFO     ___FILE_ONLY___ ═
2025-02-10 14:24:18,632 INFO     ___FILE_ONLY___ ═
2025-02-10 14:24:18,636 INFO     ___FILE_ONLY___ ═
2025-02-10 14:24:18,640 INFO     ___FILE_ONLY___ ═
2025-02-10 14:24:18,644 INFO     ___FILE_ONLY___ ═
2025-02-10 14:24:18,647 INFO     ___FILE_ONLY___ ═
2025-02-10 14:24:18,652 INFO     ___FILE_ONLY___ ═
2025-02-10 14:24:18,656 INFO     ___FILE_ONLY___ ═
2025-02-10 14:24:18,660 INFO     ___FILE_ONLY___ ═
2025-02-10 14:24:18,663 INFO     ___FILE_ONLY___ ═
2025-02-10 14:24:18,667 INFO     ___FILE_ONLY___ ═
2025-02-10 14:24:18,671 INFO     ___FILE_ONLY___ ═
2025-02-10 14:24:18,675 INFO     ___FILE_ONLY___ ═
2025-02-10 14:24:18,679 INFO     ___FILE_ONLY___ ═
2025-02-10 14:24:18,683 INFO     ___FILE_ONLY___ ═
2025-02-10 14:24:18,686 INFO     ___FILE_ONLY___ ═
2025-02-10 14:24:18,690 INFO     ___FILE_ONLY___ ═
2025-02-10 14:24:18,694 INFO     ___FILE_ONLY___ ═
2025-02-10 14:24:18,698 INFO     ___FILE_ONLY___ ═
2025-02-10 14:24:18,702 INFO     ___FILE_ONLY___ ═
2025-02-10 14:24:18,706 INFO     ___FILE_ONLY___ ═
2025-02-10 14:24:18,710 INFO     ___FILE_ONLY___ ═
2025-02-10 14:24:18,713 INFO     ___FILE_ONLY___ ═
2025-02-10 14:24:18,717 INFO     ___FILE_ONLY___ ═
2025-02-10 14:24:18,722 INFO     ___FILE_ONLY___ ═
2025-02-10 14:24:18,726 INFO     ___FILE_ONLY___ ═
2025-02-10 14:24:18,730 INFO     ___FILE_ONLY___ ═
2025-02-10 14:24:18,734 INFO     ___FILE_ONLY___ ═
2025-02-10 14:24:18,738 INFO     ___FILE_ONLY___ ═
2025-02-10 14:24:18,741 INFO     ___FILE_ONLY___ ═
2025-02-10 14:24:18,745 INFO     ___FILE_ONLY___ ═
2025-02-10 14:24:18,749 INFO     ___FILE_ONLY___ ═
2025-02-10 14:24:18,753 INFO     ___FILE_ONLY___ ═
2025-02-10 14:24:18,757 INFO     ___FILE_ONLY___ ═
2025-02-10 14:24:18,761 INFO     ___FILE_ONLY___ ═
2025-02-10 14:24:18,766 INFO     ___FILE_ONLY___ ═
2025-02-10 14:24:18,769 INFO     ___FILE_ONLY___ ═
2025-02-10 14:24:18,773 INFO     ___FILE_ONLY___ ═
2025-02-10 14:24:18,777 INFO     ___FILE_ONLY___ ═
2025-02-10 14:24:18,781 INFO     ___FILE_ONLY___ ═
2025-02-10 14:24:18,785 INFO     ___FILE_ONLY___ ═
2025-02-10 14:24:18,789 INFO     ___FILE_ONLY___ ═
2025-02-10 14:24:18,792 INFO     ___FILE_ONLY___ ═
2025-02-10 14:24:18,796 INFO     ___FILE_ONLY___ ═
2025-02-10 14:24:18,800 INFO     ___FILE_ONLY___ ═
2025-02-10 14:24:18,804 INFO     ___FILE_ONLY___ ═
2025-02-10 14:24:18,808 INFO     ___FILE_ONLY___ ═
2025-02-10 14:24:18,808 INFO     ___FILE_ONLY___ ╝

2025-02-10 14:24:18,819 INFO     ___FILE_ONLY___ ╔════════════════════════════════════════════════════════════╗

2025-02-10 14:24:18,819 INFO     ___FILE_ONLY___ ╠═ Downloading: Cloud Storage Command Line Tool             ═╣

2025-02-10 14:24:18,819 INFO     ___FILE_ONLY___ ╚
2025-02-10 14:24:18,823 DEBUG    urllib3.connectionpool Starting new HTTPS connection (1): dl.google.com:443
2025-02-10 14:24:18,875 DEBUG    urllib3.connectionpool https://dl.google.com:443 "GET /dl/cloudsdk/channels/rapid/components/google-cloud-sdk-gsutil-20241213184646.tar.gz HTTP/11" 200 12368759
2025-02-10 14:24:18,952 INFO     ___FILE_ONLY___ ═
2025-02-10 14:24:18,952 INFO     ___FILE_ONLY___ ═
2025-02-10 14:24:18,953 INFO     ___FILE_ONLY___ ═
2025-02-10 14:24:18,953 INFO     ___FILE_ONLY___ ═
2025-02-10 14:24:18,954 INFO     ___FILE_ONLY___ ═
2025-02-10 14:24:18,955 INFO     ___FILE_ONLY___ ═
2025-02-10 14:24:18,955 INFO     ___FILE_ONLY___ ═
2025-02-10 14:24:18,956 INFO     ___FILE_ONLY___ ═
2025-02-10 14:24:18,956 INFO     ___FILE_ONLY___ ═
2025-02-10 14:24:18,957 INFO     ___FILE_ONLY___ ═
2025-02-10 14:24:18,957 INFO     ___FILE_ONLY___ ═
2025-02-10 14:24:18,958 INFO     ___FILE_ONLY___ ═
2025-02-10 14:24:18,959 INFO     ___FILE_ONLY___ ═
2025-02-10 14:24:18,959 INFO     ___FILE_ONLY___ ═
2025-02-10 14:24:18,960 INFO     ___FILE_ONLY___ ═
2025-02-10 14:24:18,961 INFO     ___FILE_ONLY___ ═
2025-02-10 14:24:18,961 INFO     ___FILE_ONLY___ ═
2025-02-10 14:24:18,962 INFO     ___FILE_ONLY___ ═
2025-02-10 14:24:18,962 INFO     ___FILE_ONLY___ ═
2025-02-10 14:24:18,963 INFO     ___FILE_ONLY___ ═
2025-02-10 14:24:18,964 INFO     ___FILE_ONLY___ ═
2025-02-10 14:24:18,964 INFO     ___FILE_ONLY___ ═
2025-02-10 14:24:18,965 INFO     ___FILE_ONLY___ ═
2025-02-10 14:24:18,965 INFO     ___FILE_ONLY___ ═
2025-02-10 14:24:18,966 INFO     ___FILE_ONLY___ ═
2025-02-10 14:24:18,967 INFO     ___FILE_ONLY___ ═
2025-02-10 14:24:18,967 INFO     ___FILE_ONLY___ ═
2025-02-10 14:24:18,968 INFO     ___FILE_ONLY___ ═
2025-02-10 14:24:18,968 INFO     ___FILE_ONLY___ ═
2025-02-10 14:24:18,969 INFO     ___FILE_ONLY___ ═
2025-02-10 14:24:18,970 INFO     ___FILE_ONLY___ ═
2025-02-10 14:24:18,970 INFO     ___FILE_ONLY___ ═
2025-02-10 14:24:18,971 INFO     ___FILE_ONLY___ ═
2025-02-10 14:24:18,971 INFO     ___FILE_ONLY___ ═
2025-02-10 14:24:18,972 INFO     ___FILE_ONLY___ ═
2025-02-10 14:24:18,973 INFO     ___FILE_ONLY___ ═
2025-02-10 14:24:18,973 INFO     ___FILE_ONLY___ ═
2025-02-10 14:24:18,974 INFO     ___FILE_ONLY___ ═
2025-02-10 14:24:18,975 INFO     ___FILE_ONLY___ ═
2025-02-10 14:24:18,975 INFO     ___FILE_ONLY___ ═
2025-02-10 14:24:18,976 INFO     ___FILE_ONLY___ ═
2025-02-10 14:24:18,977 INFO     ___FILE_ONLY___ ═
2025-02-10 14:24:18,978 INFO     ___FILE_ONLY___ ═
2025-02-10 14:24:18,978 INFO     ___FILE_ONLY___ ═
2025-02-10 14:24:18,979 INFO     ___FILE_ONLY___ ═
2025-02-10 14:24:18,980 INFO     ___FILE_ONLY___ ═
2025-02-10 14:24:18,980 INFO     ___FILE_ONLY___ ═
2025-02-10 14:24:18,981 INFO     ___FILE_ONLY___ ═
2025-02-10 14:24:18,982 INFO     ___FILE_ONLY___ ═
2025-02-10 14:24:18,982 INFO     ___FILE_ONLY___ ═
2025-02-10 14:24:18,983 INFO     ___FILE_ONLY___ ═
2025-02-10 14:24:18,983 INFO     ___FILE_ONLY___ ═
2025-02-10 14:24:18,984 INFO     ___FILE_ONLY___ ═
2025-02-10 14:24:18,985 INFO     ___FILE_ONLY___ ═
2025-02-10 14:24:18,985 INFO     ___FILE_ONLY___ ═
2025-02-10 14:24:18,986 INFO     ___FILE_ONLY___ ═
2025-02-10 14:24:18,986 INFO     ___FILE_ONLY___ ═
2025-02-10 14:24:18,987 INFO     ___FILE_ONLY___ ═
2025-02-10 14:24:18,988 INFO     ___FILE_ONLY___ ═
2025-02-10 14:24:18,988 INFO     ___FILE_ONLY___ ═
2025-02-10 14:24:18,988 INFO     ___FILE_ONLY___ ╝

2025-02-10 14:24:18,991 INFO     ___FILE_ONLY___ ╔════════════════════════════════════════════════════════════╗

2025-02-10 14:24:18,991 INFO     ___FILE_ONLY___ ╠═ Downloading: Cloud Storage Command Line Tool (Platfor... ═╣

2025-02-10 14:24:18,991 INFO     ___FILE_ONLY___ ╚
2025-02-10 14:24:18,995 DEBUG    urllib3.connectionpool Starting new HTTPS connection (1): dl.google.com:443
2025-02-10 14:24:19,201 DEBUG    urllib3.connectionpool https://dl.google.com:443 "GET /dl/cloudsdk/channels/rapid/components/google-cloud-sdk-gsutil-nix-20240830134514.tar.gz HTTP/11" 200 1928
2025-02-10 14:24:19,202 INFO     ___FILE_ONLY___ ════════════════════════════════════════════════════════════
2025-02-10 14:24:19,202 INFO     ___FILE_ONLY___ ╝

2025-02-10 14:24:19,204 INFO     ___FILE_ONLY___ ╔════════════════════════════════════════════════════════════╗

2025-02-10 14:24:19,205 INFO     ___FILE_ONLY___ ╠═ Downloading: Default set of gcloud commands              ═╣

2025-02-10 14:24:19,205 INFO     ___FILE_ONLY___ ╚
2025-02-10 14:24:19,205 INFO     ___FILE_ONLY___ ════════════════════════════════════════════════════════════
2025-02-10 14:24:19,205 INFO     ___FILE_ONLY___ ╝

2025-02-10 14:24:19,207 INFO     ___FILE_ONLY___ ╔════════════════════════════════════════════════════════════╗

2025-02-10 14:24:19,208 INFO     ___FILE_ONLY___ ╠═ Downloading: Google Cloud CLI Core Libraries (Platfor... ═╣

2025-02-10 14:24:19,208 INFO     ___FILE_ONLY___ ╚
2025-02-10 14:24:19,212 DEBUG    urllib3.connectionpool Starting new HTTPS connection (1): dl.google.com:443
2025-02-10 14:24:19,421 DEBUG    urllib3.connectionpool https://dl.google.com:443 "GET /dl/cloudsdk/channels/rapid/components/google-cloud-sdk-core-nix-20240830134514.tar.gz HTTP/11" 200 2306
2025-02-10 14:24:19,421 INFO     ___FILE_ONLY___ ════════════════════════════════════════════════════════════
2025-02-10 14:24:19,422 INFO     ___FILE_ONLY___ ╝

2025-02-10 14:24:19,424 INFO     ___FILE_ONLY___ ╔════════════════════════════════════════════════════════════╗

2025-02-10 14:24:19,424 INFO     ___FILE_ONLY___ ╠═ Downloading: Google Cloud CRC32C Hash Tool               ═╣

2025-02-10 14:24:19,425 INFO     ___FILE_ONLY___ ╚
2025-02-10 14:24:19,425 INFO     ___FILE_ONLY___ ════════════════════════════════════════════════════════════
2025-02-10 14:24:19,425 INFO     ___FILE_ONLY___ ╝

2025-02-10 14:24:19,427 INFO     ___FILE_ONLY___ ╔════════════════════════════════════════════════════════════╗

2025-02-10 14:24:19,427 INFO     ___FILE_ONLY___ ╠═ Downloading: Google Cloud CRC32C Hash Tool (Platform ... ═╣

2025-02-10 14:24:19,427 INFO     ___FILE_ONLY___ ╚
2025-02-10 14:24:19,431 DEBUG    urllib3.connectionpool Starting new HTTPS connection (1): dl.google.com:443
2025-02-10 14:24:19,483 DEBUG    urllib3.connectionpool https://dl.google.com:443 "GET /dl/cloudsdk/channels/rapid/components/google-cloud-sdk-gcloud-crc32c-linux-x86_64-20250110133808.tar.gz HTTP/11" 200 1478989
2025-02-10 14:24:19,502 INFO     ___FILE_ONLY___ ═
2025-02-10 14:24:19,502 INFO     ___FILE_ONLY___ ═
2025-02-10 14:24:19,503 INFO     ___FILE_ONLY___ ═
2025-02-10 14:24:19,503 INFO     ___FILE_ONLY___ ═
2025-02-10 14:24:19,503 INFO     ___FILE_ONLY___ ═
2025-02-10 14:24:19,503 INFO     ___FILE_ONLY___ ═
2025-02-10 14:24:19,503 INFO     ___FILE_ONLY___ ═
2025-02-10 14:24:19,504 INFO     ___FILE_ONLY___ ═
2025-02-10 14:24:19,504 INFO     ___FILE_ONLY___ ═
2025-02-10 14:24:19,504 INFO     ___FILE_ONLY___ ═
2025-02-10 14:24:19,504 INFO     ___FILE_ONLY___ ═
2025-02-10 14:24:19,504 INFO     ___FILE_ONLY___ ═
2025-02-10 14:24:19,504 INFO     ___FILE_ONLY___ ═
2025-02-10 14:24:19,504 INFO     ___FILE_ONLY___ ═
2025-02-10 14:24:19,505 INFO     ___FILE_ONLY___ ═
2025-02-10 14:24:19,505 INFO     ___FILE_ONLY___ ═
2025-02-10 14:24:19,505 INFO     ___FILE_ONLY___ ═
2025-02-10 14:24:19,505 INFO     ___FILE_ONLY___ ═
2025-02-10 14:24:19,505 INFO     ___FILE_ONLY___ ═
2025-02-10 14:24:19,505 INFO     ___FILE_ONLY___ ═
2025-02-10 14:24:19,505 INFO     ___FILE_ONLY___ ═
2025-02-10 14:24:19,506 INFO     ___FILE_ONLY___ ═
2025-02-10 14:24:19,506 INFO     ___FILE_ONLY___ ═
2025-02-10 14:24:19,506 INFO     ___FILE_ONLY___ ═
2025-02-10 14:24:19,506 INFO     ___FILE_ONLY___ ═
2025-02-10 14:24:19,506 INFO     ___FILE_ONLY___ ═
2025-02-10 14:24:19,506 INFO     ___FILE_ONLY___ ═
2025-02-10 14:24:19,507 INFO     ___FILE_ONLY___ ═
2025-02-10 14:24:19,507 INFO     ___FILE_ONLY___ ═
2025-02-10 14:24:19,507 INFO     ___FILE_ONLY___ ═
2025-02-10 14:24:19,507 INFO     ___FILE_ONLY___ ═
2025-02-10 14:24:19,507 INFO     ___FILE_ONLY___ ═
2025-02-10 14:24:19,507 INFO     ___FILE_ONLY___ ═
2025-02-10 14:24:19,508 INFO     ___FILE_ONLY___ ═
2025-02-10 14:24:19,508 INFO     ___FILE_ONLY___ ═
2025-02-10 14:24:19,508 INFO     ___FILE_ONLY___ ═
2025-02-10 14:24:19,508 INFO     ___FILE_ONLY___ ═
2025-02-10 14:24:19,508 INFO     ___FILE_ONLY___ ═
2025-02-10 14:24:19,508 INFO     ___FILE_ONLY___ ═
2025-02-10 14:24:19,509 INFO     ___FILE_ONLY___ ═
2025-02-10 14:24:19,509 INFO     ___FILE_ONLY___ ═
2025-02-10 14:24:19,509 INFO     ___FILE_ONLY___ ═
2025-02-10 14:24:19,509 INFO     ___FILE_ONLY___ ═
2025-02-10 14:24:19,509 INFO     ___FILE_ONLY___ ═
2025-02-10 14:24:19,509 INFO     ___FILE_ONLY___ ═
2025-02-10 14:24:19,509 INFO     ___FILE_ONLY___ ═
2025-02-10 14:24:19,510 INFO     ___FILE_ONLY___ ═
2025-02-10 14:24:19,510 INFO     ___FILE_ONLY___ ═
2025-02-10 14:24:19,510 INFO     ___FILE_ONLY___ ═
2025-02-10 14:24:19,510 INFO     ___FILE_ONLY___ ═
2025-02-10 14:24:19,510 INFO     ___FILE_ONLY___ ═
2025-02-10 14:24:19,510 INFO     ___FILE_ONLY___ ═
2025-02-10 14:24:19,510 INFO     ___FILE_ONLY___ ═
2025-02-10 14:24:19,511 INFO     ___FILE_ONLY___ ═
2025-02-10 14:24:19,511 INFO     ___FILE_ONLY___ ═
2025-02-10 14:24:19,511 INFO     ___FILE_ONLY___ ═
2025-02-10 14:24:19,511 INFO     ___FILE_ONLY___ ═
2025-02-10 14:24:19,511 INFO     ___FILE_ONLY___ ═
2025-02-10 14:24:19,511 INFO     ___FILE_ONLY___ ═
2025-02-10 14:24:19,511 INFO     ___FILE_ONLY___ ═
2025-02-10 14:24:19,512 INFO     ___FILE_ONLY___ ╝

2025-02-10 14:24:19,514 INFO     ___FILE_ONLY___ ╔════════════════════════════════════════════════════════════╗

2025-02-10 14:24:19,514 INFO     ___FILE_ONLY___ ╠═ Downloading: gcloud cli dependencies (Platform Specific) ═╣

2025-02-10 14:24:19,514 INFO     ___FILE_ONLY___ ╚
2025-02-10 14:24:19,519 DEBUG    urllib3.connectionpool Starting new HTTPS connection (1): dl.google.com:443
2025-02-10 14:24:19,746 DEBUG    urllib3.connectionpool https://dl.google.com:443 "GET /dl/cloudsdk/channels/rapid/components/google-cloud-sdk-gcloud-deps-linux-x86_64-20210416153011.tar.gz HTTP/11" 200 104
2025-02-10 14:24:19,747 INFO     ___FILE_ONLY___ ════════════════════════════════════════════════════════════
2025-02-10 14:24:19,747 INFO     ___FILE_ONLY___ ╝

2025-02-10 14:24:19,749 INFO     ___FILE_ONLY___ ╔════════════════════════════════════════════════════════════╗

2025-02-10 14:24:19,750 INFO     ___FILE_ONLY___ ╠═ Installing: BigQuery Command Line Tool                   ═╣

2025-02-10 14:24:19,750 INFO     ___FILE_ONLY___ ╚
2025-02-10 14:24:19,849 INFO     ___FILE_ONLY___ ═
2025-02-10 14:24:19,853 INFO     ___FILE_ONLY___ ═
2025-02-10 14:24:19,856 INFO     ___FILE_ONLY___ ═
2025-02-10 14:24:19,859 INFO     ___FILE_ONLY___ ═
2025-02-10 14:24:19,863 INFO     ___FILE_ONLY___ ═
2025-02-10 14:24:19,867 INFO     ___FILE_ONLY___ ═
2025-02-10 14:24:19,869 INFO     ___FILE_ONLY___ ═
2025-02-10 14:24:19,873 INFO     ___FILE_ONLY___ ═
2025-02-10 14:24:19,876 INFO     ___FILE_ONLY___ ═
2025-02-10 14:24:19,880 INFO     ___FILE_ONLY___ ═
2025-02-10 14:24:19,883 INFO     ___FILE_ONLY___ ═
2025-02-10 14:24:19,887 INFO     ___FILE_ONLY___ ═
2025-02-10 14:24:19,891 INFO     ___FILE_ONLY___ ═
2025-02-10 14:24:19,894 INFO     ___FILE_ONLY___ ═
2025-02-10 14:24:19,898 INFO     ___FILE_ONLY___ ═
2025-02-10 14:24:19,902 INFO     ___FILE_ONLY___ ═
2025-02-10 14:24:19,905 INFO     ___FILE_ONLY___ ═
2025-02-10 14:24:19,910 INFO     ___FILE_ONLY___ ═
2025-02-10 14:24:19,913 INFO     ___FILE_ONLY___ ═
2025-02-10 14:24:19,917 INFO     ___FILE_ONLY___ ═
2025-02-10 14:24:19,921 INFO     ___FILE_ONLY___ ═
2025-02-10 14:24:19,925 INFO     ___FILE_ONLY___ ═
2025-02-10 14:24:19,928 INFO     ___FILE_ONLY___ ═
2025-02-10 14:24:19,932 INFO     ___FILE_ONLY___ ═
2025-02-10 14:24:19,936 INFO     ___FILE_ONLY___ ═
2025-02-10 14:24:19,938 INFO     ___FILE_ONLY___ ═
2025-02-10 14:24:19,942 INFO     ___FILE_ONLY___ ═
2025-02-10 14:24:19,946 INFO     ___FILE_ONLY___ ═
2025-02-10 14:24:19,950 INFO     ___FILE_ONLY___ ═
2025-02-10 14:24:19,953 INFO     ___FILE_ONLY___ ═
2025-02-10 14:24:19,957 INFO     ___FILE_ONLY___ ═
2025-02-10 14:24:19,960 INFO     ___FILE_ONLY___ ═
2025-02-10 14:24:19,964 INFO     ___FILE_ONLY___ ═
2025-02-10 14:24:19,970 INFO     ___FILE_ONLY___ ═
2025-02-10 14:24:19,982 INFO     ___FILE_ONLY___ ═
2025-02-10 14:24:19,984 INFO     ___FILE_ONLY___ ═
2025-02-10 14:24:19,988 INFO     ___FILE_ONLY___ ═
2025-02-10 14:24:19,993 INFO     ___FILE_ONLY___ ═
2025-02-10 14:24:19,997 INFO     ___FILE_ONLY___ ═
2025-02-10 14:24:20,000 INFO     ___FILE_ONLY___ ═
2025-02-10 14:24:20,004 INFO     ___FILE_ONLY___ ═
2025-02-10 14:24:20,007 INFO     ___FILE_ONLY___ ═
2025-02-10 14:24:20,011 INFO     ___FILE_ONLY___ ═
2025-02-10 14:24:20,016 INFO     ___FILE_ONLY___ ═
2025-02-10 14:24:20,019 INFO     ___FILE_ONLY___ ═
2025-02-10 14:24:20,022 INFO     ___FILE_ONLY___ ═
2025-02-10 14:24:20,025 INFO     ___FILE_ONLY___ ═
2025-02-10 14:24:20,029 INFO     ___FILE_ONLY___ ═
2025-02-10 14:24:20,031 INFO     ___FILE_ONLY___ ═
2025-02-10 14:24:20,035 INFO     ___FILE_ONLY___ ═
2025-02-10 14:24:20,038 INFO     ___FILE_ONLY___ ═
2025-02-10 14:24:20,041 INFO     ___FILE_ONLY___ ═
2025-02-10 14:24:20,044 INFO     ___FILE_ONLY___ ═
2025-02-10 14:24:20,047 INFO     ___FILE_ONLY___ ═
2025-02-10 14:24:20,051 INFO     ___FILE_ONLY___ ═
2025-02-10 14:24:20,053 INFO     ___FILE_ONLY___ ═
2025-02-10 14:24:20,056 INFO     ___FILE_ONLY___ ═
2025-02-10 14:24:20,060 INFO     ___FILE_ONLY___ ═
2025-02-10 14:24:20,063 INFO     ___FILE_ONLY___ ═
2025-02-10 14:24:20,067 INFO     ___FILE_ONLY___ ═
2025-02-10 14:24:20,067 INFO     ___FILE_ONLY___ ╝

2025-02-10 14:24:20,075 INFO     ___FILE_ONLY___ ╔════════════════════════════════════════════════════════════╗

2025-02-10 14:24:20,075 INFO     ___FILE_ONLY___ ╠═ Installing: BigQuery Command Line Tool (Platform Spec... ═╣

2025-02-10 14:24:20,075 INFO     ___FILE_ONLY___ ╚
2025-02-10 14:24:20,076 INFO     ___FILE_ONLY___ ════════════════════════════════════════════════════════════
2025-02-10 14:24:20,076 INFO     ___FILE_ONLY___ ╝

2025-02-10 14:24:20,081 INFO     ___FILE_ONLY___ ╔════════════════════════════════════════════════════════════╗

2025-02-10 14:24:20,081 INFO     ___FILE_ONLY___ ╠═ Installing: Bundled Python 3.12                          ═╣

2025-02-10 14:24:20,081 INFO     ___FILE_ONLY___ ╚
2025-02-10 14:24:20,084 INFO     ___FILE_ONLY___ ════════════════════════════════════════════════════════════
2025-02-10 14:24:20,084 INFO     ___FILE_ONLY___ ╝

2025-02-10 14:24:20,087 INFO     ___FILE_ONLY___ ╔════════════════════════════════════════════════════════════╗

2025-02-10 14:24:20,087 INFO     ___FILE_ONLY___ ╠═ Installing: Bundled Python 3.12 (Platform Specific)      ═╣

2025-02-10 14:24:20,087 INFO     ___FILE_ONLY___ ╚
2025-02-10 14:24:23,220 INFO     ___FILE_ONLY___ ═
2025-02-10 14:24:23,810 INFO     ___FILE_ONLY___ ═
2025-02-10 14:24:23,843 INFO     ___FILE_ONLY___ ═
2025-02-10 14:24:23,893 INFO     ___FILE_ONLY___ ═
2025-02-10 14:24:23,925 INFO     ___FILE_ONLY___ ═
2025-02-10 14:24:23,950 INFO     ___FILE_ONLY___ ═
2025-02-10 14:24:23,992 INFO     ___FILE_ONLY___ ═
2025-02-10 14:24:24,022 INFO     ___FILE_ONLY___ ═
2025-02-10 14:24:24,052 INFO     ___FILE_ONLY___ ═
2025-02-10 14:24:24,079 INFO     ___FILE_ONLY___ ═
2025-02-10 14:24:24,105 INFO     ___FILE_ONLY___ ═
2025-02-10 14:24:24,142 INFO     ___FILE_ONLY___ ═
2025-02-10 14:24:24,306 INFO     ___FILE_ONLY___ ═
2025-02-10 14:24:24,334 INFO     ___FILE_ONLY___ ═
2025-02-10 14:24:24,360 INFO     ___FILE_ONLY___ ═
2025-02-10 14:24:24,386 INFO     ___FILE_ONLY___ ═
2025-02-10 14:24:24,410 INFO     ___FILE_ONLY___ ═
2025-02-10 14:24:24,439 INFO     ___FILE_ONLY___ ═
2025-02-10 14:24:24,468 INFO     ___FILE_ONLY___ ═
2025-02-10 14:24:24,500 INFO     ___FILE_ONLY___ ═
2025-02-10 14:24:24,528 INFO     ___FILE_ONLY___ ═
2025-02-10 14:24:24,664 INFO     ___FILE_ONLY___ ═
2025-02-10 14:24:24,698 INFO     ___FILE_ONLY___ ═
2025-02-10 14:24:25,290 INFO     ___FILE_ONLY___ ═
2025-02-10 14:24:25,317 INFO     ___FILE_ONLY___ ═
2025-02-10 14:24:25,342 INFO     ___FILE_ONLY___ ═
2025-02-10 14:24:25,365 INFO     ___FILE_ONLY___ ═
2025-02-10 14:24:25,388 INFO     ___FILE_ONLY___ ═
2025-02-10 14:24:25,410 INFO     ___FILE_ONLY___ ═
2025-02-10 14:24:25,433 INFO     ___FILE_ONLY___ ═
2025-02-10 14:24:25,454 INFO     ___FILE_ONLY___ ═
2025-02-10 14:24:25,475 INFO     ___FILE_ONLY___ ═
2025-02-10 14:24:25,497 INFO     ___FILE_ONLY___ ═
2025-02-10 14:24:25,520 INFO     ___FILE_ONLY___ ═
2025-02-10 14:24:25,543 INFO     ___FILE_ONLY___ ═
2025-02-10 14:24:25,566 INFO     ___FILE_ONLY___ ═
2025-02-10 14:24:25,589 INFO     ___FILE_ONLY___ ═
2025-02-10 14:24:25,611 INFO     ___FILE_ONLY___ ═
2025-02-10 14:24:25,633 INFO     ___FILE_ONLY___ ═
2025-02-10 14:24:25,655 INFO     ___FILE_ONLY___ ═
2025-02-10 14:24:25,677 INFO     ___FILE_ONLY___ ═
2025-02-10 14:24:25,699 INFO     ___FILE_ONLY___ ═
2025-02-10 14:24:25,723 INFO     ___FILE_ONLY___ ═
2025-02-10 14:24:25,746 INFO     ___FILE_ONLY___ ═
2025-02-10 14:24:25,769 INFO     ___FILE_ONLY___ ═
2025-02-10 14:24:25,791 INFO     ___FILE_ONLY___ ═
2025-02-10 14:24:25,814 INFO     ___FILE_ONLY___ ═
2025-02-10 14:24:25,837 INFO     ___FILE_ONLY___ ═
2025-02-10 14:24:25,860 INFO     ___FILE_ONLY___ ═
2025-02-10 14:24:25,884 INFO     ___FILE_ONLY___ ═
2025-02-10 14:24:25,905 INFO     ___FILE_ONLY___ ═
2025-02-10 14:24:25,928 INFO     ___FILE_ONLY___ ═
2025-02-10 14:24:25,950 INFO     ___FILE_ONLY___ ═
2025-02-10 14:24:25,974 INFO     ___FILE_ONLY___ ═
2025-02-10 14:24:25,997 INFO     ___FILE_ONLY___ ═
2025-02-10 14:24:26,019 INFO     ___FILE_ONLY___ ═
2025-02-10 14:24:26,042 INFO     ___FILE_ONLY___ ═
2025-02-10 14:24:26,066 INFO     ___FILE_ONLY___ ═
2025-02-10 14:24:26,091 INFO     ___FILE_ONLY___ ═
2025-02-10 14:24:26,113 INFO     ___FILE_ONLY___ ═
2025-02-10 14:24:26,114 INFO     ___FILE_ONLY___ ╝

2025-02-10 14:24:26,188 INFO     ___FILE_ONLY___ ╔════════════════════════════════════════════════════════════╗

2025-02-10 14:24:26,189 INFO     ___FILE_ONLY___ ╠═ Installing: Cloud Storage Command Line Tool              ═╣

2025-02-10 14:24:26,189 INFO     ___FILE_ONLY___ ╚
2025-02-10 14:24:26,903 INFO     ___FILE_ONLY___ ═
2025-02-10 14:24:26,928 INFO     ___FILE_ONLY___ ═
2025-02-10 14:24:26,958 INFO     ___FILE_ONLY___ ═
2025-02-10 14:24:27,009 INFO     ___FILE_ONLY___ ═
2025-02-10 14:24:27,032 INFO     ___FILE_ONLY___ ═
2025-02-10 14:24:27,052 INFO     ___FILE_ONLY___ ═
2025-02-10 14:24:27,074 INFO     ___FILE_ONLY___ ═
2025-02-10 14:24:27,094 INFO     ___FILE_ONLY___ ═
2025-02-10 14:24:27,116 INFO     ___FILE_ONLY___ ═
2025-02-10 14:24:27,138 INFO     ___FILE_ONLY___ ═
2025-02-10 14:24:27,159 INFO     ___FILE_ONLY___ ═
2025-02-10 14:24:27,178 INFO     ___FILE_ONLY___ ═
2025-02-10 14:24:27,195 INFO     ___FILE_ONLY___ ═
2025-02-10 14:24:27,212 INFO     ___FILE_ONLY___ ═
2025-02-10 14:24:27,230 INFO     ___FILE_ONLY___ ═
2025-02-10 14:24:27,275 INFO     ___FILE_ONLY___ ═
2025-02-10 14:24:27,294 INFO     ___FILE_ONLY___ ═
2025-02-10 14:24:27,312 INFO     ___FILE_ONLY___ ═
2025-02-10 14:24:27,332 INFO     ___FILE_ONLY___ ═
2025-02-10 14:24:27,350 INFO     ___FILE_ONLY___ ═
2025-02-10 14:24:27,370 INFO     ___FILE_ONLY___ ═
2025-02-10 14:24:27,391 INFO     ___FILE_ONLY___ ═
2025-02-10 14:24:27,444 INFO     ___FILE_ONLY___ ═
2025-02-10 14:24:27,461 INFO     ___FILE_ONLY___ ═
2025-02-10 14:24:27,480 INFO     ___FILE_ONLY___ ═
2025-02-10 14:24:27,503 INFO     ___FILE_ONLY___ ═
2025-02-10 14:24:27,527 INFO     ___FILE_ONLY___ ═
2025-02-10 14:24:27,554 INFO     ___FILE_ONLY___ ═
2025-02-10 14:24:27,577 INFO     ___FILE_ONLY___ ═
2025-02-10 14:24:27,606 INFO     ___FILE_ONLY___ ═
2025-02-10 14:24:27,624 INFO     ___FILE_ONLY___ ═
2025-02-10 14:24:27,642 INFO     ___FILE_ONLY___ ═
2025-02-10 14:24:27,668 INFO     ___FILE_ONLY___ ═
2025-02-10 14:24:27,688 INFO     ___FILE_ONLY___ ═
2025-02-10 14:24:27,705 INFO     ___FILE_ONLY___ ═
2025-02-10 14:24:27,722 INFO     ___FILE_ONLY___ ═
2025-02-10 14:24:27,738 INFO     ___FILE_ONLY___ ═
2025-02-10 14:24:27,755 INFO     ___FILE_ONLY___ ═
2025-02-10 14:24:27,774 INFO     ___FILE_ONLY___ ═
2025-02-10 14:24:27,825 INFO     ___FILE_ONLY___ ═
2025-02-10 14:24:27,841 INFO     ___FILE_ONLY___ ═
2025-02-10 14:24:27,862 INFO     ___FILE_ONLY___ ═
2025-02-10 14:24:27,878 INFO     ___FILE_ONLY___ ═
2025-02-10 14:24:27,898 INFO     ___FILE_ONLY___ ═
2025-02-10 14:24:27,922 INFO     ___FILE_ONLY___ ═
2025-02-10 14:24:27,941 INFO     ___FILE_ONLY___ ═
2025-02-10 14:24:27,956 INFO     ___FILE_ONLY___ ═
2025-02-10 14:24:27,975 INFO     ___FILE_ONLY___ ═
2025-02-10 14:24:27,993 INFO     ___FILE_ONLY___ ═
2025-02-10 14:24:28,013 INFO     ___FILE_ONLY___ ═
2025-02-10 14:24:28,038 INFO     ___FILE_ONLY___ ═
2025-02-10 14:24:28,057 INFO     ___FILE_ONLY___ ═
2025-02-10 14:24:28,080 INFO     ___FILE_ONLY___ ═
2025-02-10 14:24:28,100 INFO     ___FILE_ONLY___ ═
2025-02-10 14:24:28,151 INFO     ___FILE_ONLY___ ═
2025-02-10 14:24:28,168 INFO     ___FILE_ONLY___ ═
2025-02-10 14:24:28,185 INFO     ___FILE_ONLY___ ═
2025-02-10 14:24:28,203 INFO     ___FILE_ONLY___ ═
2025-02-10 14:24:28,221 INFO     ___FILE_ONLY___ ═
2025-02-10 14:24:28,244 INFO     ___FILE_ONLY___ ═
2025-02-10 14:24:28,244 INFO     ___FILE_ONLY___ ╝

2025-02-10 14:24:28,277 INFO     ___FILE_ONLY___ ╔════════════════════════════════════════════════════════════╗

2025-02-10 14:24:28,277 INFO     ___FILE_ONLY___ ╠═ Installing: Cloud Storage Command Line Tool (Platform... ═╣

2025-02-10 14:24:28,277 INFO     ___FILE_ONLY___ ╚
2025-02-10 14:24:28,278 INFO     ___FILE_ONLY___ ════════════════════════════════════════════════════════════
2025-02-10 14:24:28,278 INFO     ___FILE_ONLY___ ╝

2025-02-10 14:24:28,282 INFO     ___FILE_ONLY___ ╔════════════════════════════════════════════════════════════╗

2025-02-10 14:24:28,283 INFO     ___FILE_ONLY___ ╠═ Installing: Default set of gcloud commands               ═╣

2025-02-10 14:24:28,283 INFO     ___FILE_ONLY___ ╚
2025-02-10 14:24:28,285 INFO     ___FILE_ONLY___ ════════════════════════════════════════════════════════════
2025-02-10 14:24:28,285 INFO     ___FILE_ONLY___ ╝

2025-02-10 14:24:28,287 INFO     ___FILE_ONLY___ ╔════════════════════════════════════════════════════════════╗

2025-02-10 14:24:28,288 INFO     ___FILE_ONLY___ ╠═ Installing: Google Cloud CLI Core Libraries (Platform... ═╣

2025-02-10 14:24:28,288 INFO     ___FILE_ONLY___ ╚
2025-02-10 14:24:28,289 INFO     ___FILE_ONLY___ ══════════════════════════════
2025-02-10 14:24:28,289 INFO     ___FILE_ONLY___ ══════════════════════════════
2025-02-10 14:24:28,289 INFO     ___FILE_ONLY___ ╝

2025-02-10 14:24:28,294 INFO     ___FILE_ONLY___ ╔════════════════════════════════════════════════════════════╗

2025-02-10 14:24:28,294 INFO     ___FILE_ONLY___ ╠═ Installing: Google Cloud CRC32C Hash Tool                ═╣

2025-02-10 14:24:28,294 INFO     ___FILE_ONLY___ ╚
2025-02-10 14:24:28,297 INFO     ___FILE_ONLY___ ════════════════════════════════════════════════════════════
2025-02-10 14:24:28,297 INFO     ___FILE_ONLY___ ╝

2025-02-10 14:24:28,299 INFO     ___FILE_ONLY___ ╔════════════════════════════════════════════════════════════╗

2025-02-10 14:24:28,299 INFO     ___FILE_ONLY___ ╠═ Installing: Google Cloud CRC32C Hash Tool (Platform S... ═╣

2025-02-10 14:24:28,299 INFO     ___FILE_ONLY___ ╚
2025-02-10 14:24:28,340 INFO     ___FILE_ONLY___ ══════════════════════════════
2025-02-10 14:24:28,340 INFO     ___FILE_ONLY___ ══════════════════════════════
2025-02-10 14:24:28,340 INFO     ___FILE_ONLY___ ╝

2025-02-10 14:24:28,346 INFO     ___FILE_ONLY___ ╔════════════════════════════════════════════════════════════╗

2025-02-10 14:24:28,346 INFO     ___FILE_ONLY___ ╠═ Installing: gcloud cli dependencies (Platform Specific)  ═╣

2025-02-10 14:24:28,346 INFO     ___FILE_ONLY___ ╚
2025-02-10 14:24:28,347 INFO     ___FILE_ONLY___ ════════════════════════════════════════════════════════════
2025-02-10 14:24:28,347 INFO     ___FILE_ONLY___ ╝

2025-02-10 14:24:28,352 DEBUG    root            Updating notification cache...
2025-02-10 14:24:28,352 INFO     ___FILE_ONLY___ 

2025-02-10 14:24:28,354 INFO     ___FILE_ONLY___ Performing post processing steps...
2025-02-10 14:24:28,355 DEBUG    root            Executing command: ['/tools/google-cloud-sdk/bin/gcloud', 'components', 'post-process']
2025-02-10 14:24:39,982 DEBUG    ___FILE_ONLY___ 
2025-02-10 14:24:39,982 DEBUG    ___FILE_ONLY___ 
2025-02-10 14:24:40,141 INFO     ___FILE_ONLY___ 
Update done!


2025-02-10 14:24:40,148 DEBUG    root            Chosen display Format:none
2025-02-10 14:24:40,148 INFO     root            Display format: "none"
