2025-02-10 14:24:40,876 DEBUG    root            Loaded Command Group: ['gcloud', 'components']
2025-02-10 14:24:40,878 DEBUG    root            Loaded Command Group: ['gcloud', 'components', 'update']
2025-02-10 14:24:40,880 DEBUG    root            Running [gcloud.components.update] with arguments: [--quiet: "True", COMPONENT-IDS:8: "['gcloud', 'core', 'bq', 'gsutil', 'compute', 'preview', 'alpha', 'beta']"]
2025-02-10 14:24:40,881 INFO     ___FILE_ONLY___ Beginning update. This process may take several minutes.

2025-02-10 14:24:40,891 DEBUG    urllib3.connectionpool Starting new HTTPS connection (1): dl.google.com:443
2025-02-10 14:24:40,962 DEBUG    urllib3.connectionpool https://dl.google.com:443 "GET /dl/cloudsdk/channels/rapid/components-2.json HTTP/11" 200 227832
2025-02-10 14:24:40,992 WARNING  root            Component [compute] no longer exists.
2025-02-10 14:24:40,993 INFO     ___FILE_ONLY___ 

2025-02-10 14:24:40,993 INFO     ___FILE_ONLY___ 
Your current Google Cloud CLI version is: 509.0.0

2025-02-10 14:24:40,993 INFO     ___FILE_ONLY___ Installing components from version: 509.0.0

2025-02-10 14:24:40,994 INFO     ___FILE_ONLY___ 

2025-02-10 14:24:40,994 DEBUG    root            Chosen display Format:table[box,title="These components will be removed."](details.display_name:label=Name:align=left,version.version_string:label=Version:align=right,data.size.size(zero="",min=1048576):label=Size:align=right)
2025-02-10 14:24:40,994 DEBUG    root            Chosen display Format:table[box,title="These components will be updated."](details.display_name:label=Name:align=left,version.version_string:label=Version:align=right,data.size.size(zero="",min=1048576):label=Size:align=right)
2025-02-10 14:24:40,995 DEBUG    root            Chosen display Format:table[box,title="These components will be installed."](details.display_name:label=Name:align=left,version.version_string:label=Version:align=right,data.size.size(zero="",min=1048576):label=Size:align=right)
2025-02-10 14:24:41,010 INFO     ___FILE_ONLY___ ┌────────────────────────────────────────────────┐
2025-02-10 14:24:41,010 INFO     ___FILE_ONLY___ 

2025-02-10 14:24:41,010 INFO     ___FILE_ONLY___ │      These components will be installed.       │
2025-02-10 14:24:41,010 INFO     ___FILE_ONLY___ 

2025-02-10 14:24:41,011 INFO     ___FILE_ONLY___ ├─────────────────────────┬────────────┬─────────┤
2025-02-10 14:24:41,011 INFO     ___FILE_ONLY___ 

2025-02-10 14:24:41,011 INFO     ___FILE_ONLY___ │           Name          │  Version   │   Size  │
2025-02-10 14:24:41,011 INFO     ___FILE_ONLY___ 

2025-02-10 14:24:41,011 INFO     ___FILE_ONLY___ ├─────────────────────────┼────────────┼─────────┤
2025-02-10 14:24:41,011 INFO     ___FILE_ONLY___ 

2025-02-10 14:24:41,011 INFO     ___FILE_ONLY___ │ 
2025-02-10 14:24:41,011 INFO     ___FILE_ONLY___ gcloud Alpha Commands  
2025-02-10 14:24:41,011 INFO     ___FILE_ONLY___  
2025-02-10 14:24:41,011 INFO     ___FILE_ONLY___ │ 
2025-02-10 14:24:41,011 INFO     ___FILE_ONLY___ 2025.01.31
2025-02-10 14:24:41,011 INFO     ___FILE_ONLY___  
2025-02-10 14:24:41,011 INFO     ___FILE_ONLY___ │ 
2025-02-10 14:24:41,011 INFO     ___FILE_ONLY___ < 1 MiB
2025-02-10 14:24:41,012 INFO     ___FILE_ONLY___  
2025-02-10 14:24:41,012 INFO     ___FILE_ONLY___ │
2025-02-10 14:24:41,012 INFO     ___FILE_ONLY___ 

2025-02-10 14:24:41,012 INFO     ___FILE_ONLY___ │ 
2025-02-10 14:24:41,012 INFO     ___FILE_ONLY___ gcloud Beta Commands   
2025-02-10 14:24:41,012 INFO     ___FILE_ONLY___  
2025-02-10 14:24:41,012 INFO     ___FILE_ONLY___ │ 
2025-02-10 14:24:41,012 INFO     ___FILE_ONLY___ 2025.01.31
2025-02-10 14:24:41,012 INFO     ___FILE_ONLY___  
2025-02-10 14:24:41,012 INFO     ___FILE_ONLY___ │ 
2025-02-10 14:24:41,012 INFO     ___FILE_ONLY___ < 1 MiB
2025-02-10 14:24:41,012 INFO     ___FILE_ONLY___  
2025-02-10 14:24:41,012 INFO     ___FILE_ONLY___ │
2025-02-10 14:24:41,012 INFO     ___FILE_ONLY___ 

2025-02-10 14:24:41,013 INFO     ___FILE_ONLY___ │ 
2025-02-10 14:24:41,013 INFO     ___FILE_ONLY___ gcloud Preview Commands
2025-02-10 14:24:41,013 INFO     ___FILE_ONLY___  
2025-02-10 14:24:41,013 INFO     ___FILE_ONLY___ │ 
2025-02-10 14:24:41,013 INFO     ___FILE_ONLY___           
2025-02-10 14:24:41,013 INFO     ___FILE_ONLY___  
2025-02-10 14:24:41,013 INFO     ___FILE_ONLY___ │ 
2025-02-10 14:24:41,013 INFO     ___FILE_ONLY___ < 1 MiB
2025-02-10 14:24:41,013 INFO     ___FILE_ONLY___  
2025-02-10 14:24:41,013 INFO     ___FILE_ONLY___ │
2025-02-10 14:24:41,013 INFO     ___FILE_ONLY___ 

2025-02-10 14:24:41,013 INFO     ___FILE_ONLY___ └─────────────────────────┴────────────┴─────────┘
2025-02-10 14:24:41,013 INFO     ___FILE_ONLY___ 

2025-02-10 14:24:41,013 INFO     ___FILE_ONLY___ 

2025-02-10 14:24:41,017 DEBUG    urllib3.connectionpool Starting new HTTPS connection (1): dl.google.com:443
2025-02-10 14:24:41,266 DEBUG    urllib3.connectionpool https://dl.google.com:443 "GET /dl/cloudsdk/channels/rapid/RELEASE_NOTES HTTP/11" 200 1351399
2025-02-10 14:24:41,737 INFO     ___FILE_ONLY___ For the latest full release notes, please visit:
  https://cloud.google.com/sdk/release_notes


2025-02-10 14:24:41,738 INFO     ___FILE_ONLY___ Performing in place update...


2025-02-10 14:24:41,740 INFO     ___FILE_ONLY___ ╔════════════════════════════════════════════════════════════╗

2025-02-10 14:24:41,740 INFO     ___FILE_ONLY___ ╠═ Downloading: gcloud Alpha Commands                       ═╣

2025-02-10 14:24:41,740 INFO     ___FILE_ONLY___ ╚
2025-02-10 14:24:41,744 DEBUG    urllib3.connectionpool Starting new HTTPS connection (1): dl.google.com:443
2025-02-10 14:24:41,800 DEBUG    urllib3.connectionpool https://dl.google.com:443 "GET /dl/cloudsdk/channels/rapid/components/google-cloud-sdk-alpha-20250131143518.tar.gz HTTP/11" 200 800
2025-02-10 14:24:41,801 INFO     ___FILE_ONLY___ ════════════════════════════════════════════════════════════
2025-02-10 14:24:41,801 INFO     ___FILE_ONLY___ ╝

2025-02-10 14:24:41,804 INFO     ___FILE_ONLY___ ╔════════════════════════════════════════════════════════════╗

2025-02-10 14:24:41,804 INFO     ___FILE_ONLY___ ╠═ Downloading: gcloud Beta Commands                        ═╣

2025-02-10 14:24:41,804 INFO     ___FILE_ONLY___ ╚
2025-02-10 14:24:41,808 DEBUG    urllib3.connectionpool Starting new HTTPS connection (1): dl.google.com:443
2025-02-10 14:24:42,055 DEBUG    urllib3.connectionpool https://dl.google.com:443 "GET /dl/cloudsdk/channels/rapid/components/google-cloud-sdk-beta-20250131143518.tar.gz HTTP/11" 200 797
2025-02-10 14:24:42,056 INFO     ___FILE_ONLY___ ════════════════════════════════════════════════════════════
2025-02-10 14:24:42,056 INFO     ___FILE_ONLY___ ╝

2025-02-10 14:24:42,059 INFO     ___FILE_ONLY___ ╔════════════════════════════════════════════════════════════╗

2025-02-10 14:24:42,059 INFO     ___FILE_ONLY___ ╠═ Downloading: gcloud Preview Commands                     ═╣

2025-02-10 14:24:42,059 INFO     ___FILE_ONLY___ ╚
2025-02-10 14:24:42,063 DEBUG    urllib3.connectionpool Starting new HTTPS connection (1): dl.google.com:443
2025-02-10 14:24:42,471 DEBUG    urllib3.connectionpool https://dl.google.com:443 "GET /dl/cloudsdk/channels/rapid/components/google-cloud-sdk-preview-20241115154308.tar.gz HTTP/11" 200 823
2025-02-10 14:24:42,472 INFO     ___FILE_ONLY___ ════════════════════════════════════════════════════════════
2025-02-10 14:24:42,472 INFO     ___FILE_ONLY___ ╝

2025-02-10 14:24:42,474 INFO     ___FILE_ONLY___ ╔════════════════════════════════════════════════════════════╗

2025-02-10 14:24:42,475 INFO     ___FILE_ONLY___ ╠═ Installing: gcloud Alpha Commands                        ═╣

2025-02-10 14:24:42,475 INFO     ___FILE_ONLY___ ╚
2025-02-10 14:24:42,476 INFO     ___FILE_ONLY___ ════════════════════════════════════════════════════════════
2025-02-10 14:24:42,476 INFO     ___FILE_ONLY___ ╝

2025-02-10 14:24:42,482 INFO     ___FILE_ONLY___ ╔════════════════════════════════════════════════════════════╗

2025-02-10 14:24:42,482 INFO     ___FILE_ONLY___ ╠═ Installing: gcloud Beta Commands                         ═╣

2025-02-10 14:24:42,482 INFO     ___FILE_ONLY___ ╚
2025-02-10 14:24:42,483 INFO     ___FILE_ONLY___ ════════════════════════════════════════════════════════════
2025-02-10 14:24:42,483 INFO     ___FILE_ONLY___ ╝

2025-02-10 14:24:42,489 INFO     ___FILE_ONLY___ ╔════════════════════════════════════════════════════════════╗

2025-02-10 14:24:42,489 INFO     ___FILE_ONLY___ ╠═ Installing: gcloud Preview Commands                      ═╣

2025-02-10 14:24:42,489 INFO     ___FILE_ONLY___ ╚
2025-02-10 14:24:42,490 INFO     ___FILE_ONLY___ ════════════════════════════════════════════════════════════
2025-02-10 14:24:42,490 INFO     ___FILE_ONLY___ ╝

2025-02-10 14:24:42,495 DEBUG    root            Updating notification cache...
2025-02-10 14:24:42,496 INFO     ___FILE_ONLY___ 

2025-02-10 14:24:42,498 INFO     ___FILE_ONLY___ Performing post processing steps...
2025-02-10 14:24:42,499 DEBUG    root            Executing command: ['/tools/google-cloud-sdk/bin/gcloud', 'components', 'post-process']
2025-02-10 14:24:53,095 DEBUG    ___FILE_ONLY___ 
2025-02-10 14:24:53,095 DEBUG    ___FILE_ONLY___ 
2025-02-10 14:24:53,272 INFO     ___FILE_ONLY___ 
Update done!


2025-02-10 14:24:53,276 DEBUG    root            Chosen display Format:none
2025-02-10 14:24:53,276 INFO     root            Display format: "none"
