2025-03-20 13:30:59,831 DEBUG    root            Loaded Command Group: ['gcloud', 'components']
2025-03-20 13:30:59,832 DEBUG    root            Loaded Command Group: ['gcloud', 'components', 'update']
2025-03-20 13:30:59,834 DEBUG    root            Running [gcloud.components.update] with arguments: [--quiet: "True", COMPONENT-IDS:8: "['gcloud', 'core', 'bq', 'gsutil', 'compute', 'preview', 'alpha', 'beta']"]
2025-03-20 13:30:59,835 INFO     ___FILE_ONLY___ Beginning update. This process may take several minutes.

2025-03-20 13:30:59,843 DEBUG    urllib3.connectionpool Starting new HTTPS connection (1): dl.google.com:443
2025-03-20 13:30:59,872 DEBUG    urllib3.connectionpool https://dl.google.com:443 "GET /dl/cloudsdk/channels/rapid/components-2.json HTTP/11" 200 226134
2025-03-20 13:30:59,884 WARNING  root            Component [compute] no longer exists.
2025-03-20 13:30:59,885 INFO     ___FILE_ONLY___ 

2025-03-20 13:30:59,885 INFO     ___FILE_ONLY___ 
Your current Google Cloud CLI version is: 515.0.0

2025-03-20 13:30:59,886 INFO     ___FILE_ONLY___ Installing components from version: 515.0.0

2025-03-20 13:30:59,886 INFO     ___FILE_ONLY___ 

2025-03-20 13:30:59,886 DEBUG    root            Chosen display Format:table[box,title="These components will be removed."](details.display_name:label=Name:align=left,version.version_string:label=Version:align=right,data.size.size(zero="",min=1048576):label=Size:align=right)
2025-03-20 13:30:59,886 DEBUG    root            Chosen display Format:table[box,title="These components will be updated."](details.display_name:label=Name:align=left,version.version_string:label=Version:align=right,data.size.size(zero="",min=1048576):label=Size:align=right)
2025-03-20 13:30:59,887 DEBUG    root            Chosen display Format:table[box,title="These components will be installed."](details.display_name:label=Name:align=left,version.version_string:label=Version:align=right,data.size.size(zero="",min=1048576):label=Size:align=right)
2025-03-20 13:30:59,899 INFO     ___FILE_ONLY___ ┌────────────────────────────────────────────────┐
2025-03-20 13:30:59,899 INFO     ___FILE_ONLY___ 

2025-03-20 13:30:59,899 INFO     ___FILE_ONLY___ │      These components will be installed.       │
2025-03-20 13:30:59,900 INFO     ___FILE_ONLY___ 

2025-03-20 13:30:59,900 INFO     ___FILE_ONLY___ ├─────────────────────────┬────────────┬─────────┤
2025-03-20 13:30:59,900 INFO     ___FILE_ONLY___ 

2025-03-20 13:30:59,900 INFO     ___FILE_ONLY___ │           Name          │  Version   │   Size  │
2025-03-20 13:30:59,900 INFO     ___FILE_ONLY___ 

2025-03-20 13:30:59,900 INFO     ___FILE_ONLY___ ├─────────────────────────┼────────────┼─────────┤
2025-03-20 13:30:59,900 INFO     ___FILE_ONLY___ 

2025-03-20 13:30:59,900 INFO     ___FILE_ONLY___ │ 
2025-03-20 13:30:59,900 INFO     ___FILE_ONLY___ gcloud Alpha Commands  
2025-03-20 13:30:59,900 INFO     ___FILE_ONLY___  
2025-03-20 13:30:59,900 INFO     ___FILE_ONLY___ │ 
2025-03-20 13:30:59,900 INFO     ___FILE_ONLY___ 2025.03.14
2025-03-20 13:30:59,900 INFO     ___FILE_ONLY___  
2025-03-20 13:30:59,900 INFO     ___FILE_ONLY___ │ 
2025-03-20 13:30:59,901 INFO     ___FILE_ONLY___ < 1 MiB
2025-03-20 13:30:59,901 INFO     ___FILE_ONLY___  
2025-03-20 13:30:59,901 INFO     ___FILE_ONLY___ │
2025-03-20 13:30:59,901 INFO     ___FILE_ONLY___ 

2025-03-20 13:30:59,901 INFO     ___FILE_ONLY___ │ 
2025-03-20 13:30:59,901 INFO     ___FILE_ONLY___ gcloud Beta Commands   
2025-03-20 13:30:59,901 INFO     ___FILE_ONLY___  
2025-03-20 13:30:59,901 INFO     ___FILE_ONLY___ │ 
2025-03-20 13:30:59,901 INFO     ___FILE_ONLY___ 2025.03.14
2025-03-20 13:30:59,901 INFO     ___FILE_ONLY___  
2025-03-20 13:30:59,901 INFO     ___FILE_ONLY___ │ 
2025-03-20 13:30:59,901 INFO     ___FILE_ONLY___ < 1 MiB
2025-03-20 13:30:59,901 INFO     ___FILE_ONLY___  
2025-03-20 13:30:59,901 INFO     ___FILE_ONLY___ │
2025-03-20 13:30:59,901 INFO     ___FILE_ONLY___ 

2025-03-20 13:30:59,901 INFO     ___FILE_ONLY___ │ 
2025-03-20 13:30:59,901 INFO     ___FILE_ONLY___ gcloud Preview Commands
2025-03-20 13:30:59,901 INFO     ___FILE_ONLY___  
2025-03-20 13:30:59,901 INFO     ___FILE_ONLY___ │ 
2025-03-20 13:30:59,901 INFO     ___FILE_ONLY___           
2025-03-20 13:30:59,901 INFO     ___FILE_ONLY___  
2025-03-20 13:30:59,902 INFO     ___FILE_ONLY___ │ 
2025-03-20 13:30:59,902 INFO     ___FILE_ONLY___ < 1 MiB
2025-03-20 13:30:59,902 INFO     ___FILE_ONLY___  
2025-03-20 13:30:59,902 INFO     ___FILE_ONLY___ │
2025-03-20 13:30:59,902 INFO     ___FILE_ONLY___ 

2025-03-20 13:30:59,902 INFO     ___FILE_ONLY___ └─────────────────────────┴────────────┴─────────┘
2025-03-20 13:30:59,902 INFO     ___FILE_ONLY___ 

2025-03-20 13:30:59,902 INFO     ___FILE_ONLY___ 

2025-03-20 13:30:59,905 DEBUG    urllib3.connectionpool Starting new HTTPS connection (1): dl.google.com:443
2025-03-20 13:30:59,944 DEBUG    urllib3.connectionpool https://dl.google.com:443 "GET /dl/cloudsdk/channels/rapid/RELEASE_NOTES HTTP/11" 200 1381789
2025-03-20 13:31:00,487 INFO     ___FILE_ONLY___ For the latest full release notes, please visit:
  https://cloud.google.com/sdk/release_notes


2025-03-20 13:31:00,487 INFO     ___FILE_ONLY___ Performing in place update...


2025-03-20 13:31:00,489 INFO     ___FILE_ONLY___ ╔════════════════════════════════════════════════════════════╗

2025-03-20 13:31:00,489 INFO     ___FILE_ONLY___ ╠═ Downloading: gcloud Alpha Commands                       ═╣

2025-03-20 13:31:00,489 INFO     ___FILE_ONLY___ ╚
2025-03-20 13:31:00,492 DEBUG    urllib3.connectionpool Starting new HTTPS connection (1): dl.google.com:443
2025-03-20 13:31:00,663 DEBUG    urllib3.connectionpool https://dl.google.com:443 "GET /dl/cloudsdk/channels/rapid/components/google-cloud-sdk-alpha-20250314151217.tar.gz HTTP/11" 200 800
2025-03-20 13:31:00,663 INFO     ___FILE_ONLY___ ════════════════════════════════════════════════════════════
2025-03-20 13:31:00,664 INFO     ___FILE_ONLY___ ╝

2025-03-20 13:31:00,666 INFO     ___FILE_ONLY___ ╔════════════════════════════════════════════════════════════╗

2025-03-20 13:31:00,666 INFO     ___FILE_ONLY___ ╠═ Downloading: gcloud Beta Commands                        ═╣

2025-03-20 13:31:00,666 INFO     ___FILE_ONLY___ ╚
2025-03-20 13:31:00,669 DEBUG    urllib3.connectionpool Starting new HTTPS connection (1): dl.google.com:443
2025-03-20 13:31:00,753 DEBUG    urllib3.connectionpool https://dl.google.com:443 "GET /dl/cloudsdk/channels/rapid/components/google-cloud-sdk-beta-20250314151217.tar.gz HTTP/11" 200 797
2025-03-20 13:31:00,753 INFO     ___FILE_ONLY___ ════════════════════════════════════════════════════════════
2025-03-20 13:31:00,753 INFO     ___FILE_ONLY___ ╝

2025-03-20 13:31:00,755 INFO     ___FILE_ONLY___ ╔════════════════════════════════════════════════════════════╗

2025-03-20 13:31:00,755 INFO     ___FILE_ONLY___ ╠═ Downloading: gcloud Preview Commands                     ═╣

2025-03-20 13:31:00,755 INFO     ___FILE_ONLY___ ╚
2025-03-20 13:31:00,758 DEBUG    urllib3.connectionpool Starting new HTTPS connection (1): dl.google.com:443
2025-03-20 13:31:00,837 DEBUG    urllib3.connectionpool https://dl.google.com:443 "GET /dl/cloudsdk/channels/rapid/components/google-cloud-sdk-preview-20241115154308.tar.gz HTTP/11" 200 823
2025-03-20 13:31:00,838 INFO     ___FILE_ONLY___ ════════════════════════════════════════════════════════════
2025-03-20 13:31:00,838 INFO     ___FILE_ONLY___ ╝

2025-03-20 13:31:00,840 INFO     ___FILE_ONLY___ ╔════════════════════════════════════════════════════════════╗

2025-03-20 13:31:00,840 INFO     ___FILE_ONLY___ ╠═ Installing: gcloud Alpha Commands                        ═╣

2025-03-20 13:31:00,840 INFO     ___FILE_ONLY___ ╚
2025-03-20 13:31:00,841 INFO     ___FILE_ONLY___ ════════════════════════════════════════════════════════════
2025-03-20 13:31:00,841 INFO     ___FILE_ONLY___ ╝

2025-03-20 13:31:00,846 INFO     ___FILE_ONLY___ ╔════════════════════════════════════════════════════════════╗

2025-03-20 13:31:00,846 INFO     ___FILE_ONLY___ ╠═ Installing: gcloud Beta Commands                         ═╣

2025-03-20 13:31:00,846 INFO     ___FILE_ONLY___ ╚
2025-03-20 13:31:00,846 INFO     ___FILE_ONLY___ ════════════════════════════════════════════════════════════
2025-03-20 13:31:00,847 INFO     ___FILE_ONLY___ ╝

2025-03-20 13:31:00,851 INFO     ___FILE_ONLY___ ╔════════════════════════════════════════════════════════════╗

2025-03-20 13:31:00,851 INFO     ___FILE_ONLY___ ╠═ Installing: gcloud Preview Commands                      ═╣

2025-03-20 13:31:00,851 INFO     ___FILE_ONLY___ ╚
2025-03-20 13:31:00,852 INFO     ___FILE_ONLY___ ════════════════════════════════════════════════════════════
2025-03-20 13:31:00,852 INFO     ___FILE_ONLY___ ╝

2025-03-20 13:31:00,856 DEBUG    root            Updating notification cache...
2025-03-20 13:31:00,857 INFO     ___FILE_ONLY___ 

2025-03-20 13:31:00,859 INFO     ___FILE_ONLY___ Performing post processing steps...
2025-03-20 13:31:00,859 DEBUG    root            Executing command: ['/tools/google-cloud-sdk/bin/gcloud', 'components', 'post-process']
2025-03-20 13:31:09,051 DEBUG    ___FILE_ONLY___ 
2025-03-20 13:31:09,052 DEBUG    ___FILE_ONLY___ 
2025-03-20 13:31:09,136 INFO     root            descriptor_list: [{'universeDomain': 'googleapis.com', 'universeShortName': '', 'authenticationDomain': 'auth.cloud.google.com', 'projectPrefix': '', 'cloudWebDomain': 'cloud.google.com', 'documentationDomain': 'cloud.google.com', 'version': '1.0.0', 'state': 'primary', 'artifactRegistryDomain': 'pkg.dev'}]
2025-03-20 13:31:09,137 INFO     ___FILE_ONLY___ 
Update done!


2025-03-20 13:31:09,139 DEBUG    root            Chosen display Format:none
2025-03-20 13:31:09,139 INFO     root            Display format: "none"
