2025-03-13 13:30:29,268 DEBUG    root            Loaded Command Group: ['gcloud', 'components']
2025-03-13 13:30:29,271 DEBUG    root            Loaded Command Group: ['gcloud', 'components', 'update']
2025-03-13 13:30:29,273 DEBUG    root            Running [gcloud.components.update] with arguments: [--compile-python: "True", --quiet: "True", COMPONENT-IDS:6: "['core', 'gcloud-deps', 'bq', 'gcloud', 'gcloud-crc32c', 'gsutil']"]
2025-03-13 13:30:29,274 INFO     ___FILE_ONLY___ Beginning update. This process may take several minutes.

2025-03-13 13:30:29,309 DEBUG    urllib3.connectionpool Starting new HTTPS connection (1): dl.google.com:443
2025-03-13 13:30:30,290 DEBUG    urllib3.connectionpool https://dl.google.com:443 "GET /dl/cloudsdk/channels/rapid/components-2.json HTTP/11" 200 226132
2025-03-13 13:30:30,301 INFO     ___FILE_ONLY___ 

2025-03-13 13:30:30,302 INFO     ___FILE_ONLY___ 
Your current Google Cloud CLI version is: 514.0.0

2025-03-13 13:30:30,302 INFO     ___FILE_ONLY___ Installing components from version: 514.0.0

2025-03-13 13:30:30,302 INFO     ___FILE_ONLY___ 

2025-03-13 13:30:30,302 DEBUG    root            Chosen display Format:table[box,title="These components will be removed."](details.display_name:label=Name:align=left,version.version_string:label=Version:align=right,data.size.size(zero="",min=1048576):label=Size:align=right)
2025-03-13 13:30:30,303 DEBUG    root            Chosen display Format:table[box,title="These components will be updated."](details.display_name:label=Name:align=left,version.version_string:label=Version:align=right,data.size.size(zero="",min=1048576):label=Size:align=right)
2025-03-13 13:30:30,303 DEBUG    root            Chosen display Format:table[box,title="These components will be installed."](details.display_name:label=Name:align=left,version.version_string:label=Version:align=right,data.size.size(zero="",min=1048576):label=Size:align=right)
2025-03-13 13:30:30,338 INFO     ___FILE_ONLY___ ┌─────────────────────────────────────────────────────────────────────────────┐
2025-03-13 13:30:30,338 INFO     ___FILE_ONLY___ 

2025-03-13 13:30:30,338 INFO     ___FILE_ONLY___ │                     These components will be installed.                     │
2025-03-13 13:30:30,338 INFO     ___FILE_ONLY___ 

2025-03-13 13:30:30,338 INFO     ___FILE_ONLY___ ├─────────────────────────────────────────────────────┬────────────┬──────────┤
2025-03-13 13:30:30,338 INFO     ___FILE_ONLY___ 

2025-03-13 13:30:30,339 INFO     ___FILE_ONLY___ │                         Name                        │  Version   │   Size   │
2025-03-13 13:30:30,339 INFO     ___FILE_ONLY___ 

2025-03-13 13:30:30,339 INFO     ___FILE_ONLY___ ├─────────────────────────────────────────────────────┼────────────┼──────────┤
2025-03-13 13:30:30,339 INFO     ___FILE_ONLY___ 

2025-03-13 13:30:30,339 INFO     ___FILE_ONLY___ │ 
2025-03-13 13:30:30,339 INFO     ___FILE_ONLY___ BigQuery Command Line Tool                         
2025-03-13 13:30:30,339 INFO     ___FILE_ONLY___  
2025-03-13 13:30:30,339 INFO     ___FILE_ONLY___ │ 
2025-03-13 13:30:30,339 INFO     ___FILE_ONLY___     2.1.14
2025-03-13 13:30:30,339 INFO     ___FILE_ONLY___  
2025-03-13 13:30:30,339 INFO     ___FILE_ONLY___ │ 
2025-03-13 13:30:30,339 INFO     ___FILE_ONLY___  1.8 MiB
2025-03-13 13:30:30,339 INFO     ___FILE_ONLY___  
2025-03-13 13:30:30,339 INFO     ___FILE_ONLY___ │
2025-03-13 13:30:30,339 INFO     ___FILE_ONLY___ 

2025-03-13 13:30:30,339 INFO     ___FILE_ONLY___ │ 
2025-03-13 13:30:30,339 INFO     ___FILE_ONLY___ BigQuery Command Line Tool (Platform Specific)     
2025-03-13 13:30:30,339 INFO     ___FILE_ONLY___  
2025-03-13 13:30:30,339 INFO     ___FILE_ONLY___ │ 
2025-03-13 13:30:30,339 INFO     ___FILE_ONLY___      2.1.8
2025-03-13 13:30:30,339 INFO     ___FILE_ONLY___  
2025-03-13 13:30:30,340 INFO     ___FILE_ONLY___ │ 
2025-03-13 13:30:30,340 INFO     ___FILE_ONLY___  < 1 MiB
2025-03-13 13:30:30,340 INFO     ___FILE_ONLY___  
2025-03-13 13:30:30,340 INFO     ___FILE_ONLY___ │
2025-03-13 13:30:30,340 INFO     ___FILE_ONLY___ 

2025-03-13 13:30:30,340 INFO     ___FILE_ONLY___ │ 
2025-03-13 13:30:30,340 INFO     ___FILE_ONLY___ Bundled Python 3.12 (Platform Specific)            
2025-03-13 13:30:30,340 INFO     ___FILE_ONLY___  
2025-03-13 13:30:30,340 INFO     ___FILE_ONLY___ │ 
2025-03-13 13:30:30,340 INFO     ___FILE_ONLY___     3.12.8
2025-03-13 13:30:30,340 INFO     ___FILE_ONLY___  
2025-03-13 13:30:30,340 INFO     ___FILE_ONLY___ │ 
2025-03-13 13:30:30,340 INFO     ___FILE_ONLY___ 89.2 MiB
2025-03-13 13:30:30,340 INFO     ___FILE_ONLY___  
2025-03-13 13:30:30,340 INFO     ___FILE_ONLY___ │
2025-03-13 13:30:30,340 INFO     ___FILE_ONLY___ 

2025-03-13 13:30:30,340 INFO     ___FILE_ONLY___ │ 
2025-03-13 13:30:30,340 INFO     ___FILE_ONLY___ Cloud Storage Command Line Tool                    
2025-03-13 13:30:30,340 INFO     ___FILE_ONLY___  
2025-03-13 13:30:30,340 INFO     ___FILE_ONLY___ │ 
2025-03-13 13:30:30,340 INFO     ___FILE_ONLY___       5.33
2025-03-13 13:30:30,340 INFO     ___FILE_ONLY___  
2025-03-13 13:30:30,341 INFO     ___FILE_ONLY___ │ 
2025-03-13 13:30:30,341 INFO     ___FILE_ONLY___ 11.8 MiB
2025-03-13 13:30:30,341 INFO     ___FILE_ONLY___  
2025-03-13 13:30:30,341 INFO     ___FILE_ONLY___ │
2025-03-13 13:30:30,341 INFO     ___FILE_ONLY___ 

2025-03-13 13:30:30,341 INFO     ___FILE_ONLY___ │ 
2025-03-13 13:30:30,341 INFO     ___FILE_ONLY___ Cloud Storage Command Line Tool (Platform Specific)
2025-03-13 13:30:30,341 INFO     ___FILE_ONLY___  
2025-03-13 13:30:30,341 INFO     ___FILE_ONLY___ │ 
2025-03-13 13:30:30,341 INFO     ___FILE_ONLY___       5.30
2025-03-13 13:30:30,341 INFO     ___FILE_ONLY___  
2025-03-13 13:30:30,341 INFO     ___FILE_ONLY___ │ 
2025-03-13 13:30:30,341 INFO     ___FILE_ONLY___  < 1 MiB
2025-03-13 13:30:30,341 INFO     ___FILE_ONLY___  
2025-03-13 13:30:30,341 INFO     ___FILE_ONLY___ │
2025-03-13 13:30:30,341 INFO     ___FILE_ONLY___ 

2025-03-13 13:30:30,341 INFO     ___FILE_ONLY___ │ 
2025-03-13 13:30:30,341 INFO     ___FILE_ONLY___ Google Cloud CLI Core Libraries (Platform Specific)
2025-03-13 13:30:30,341 INFO     ___FILE_ONLY___  
2025-03-13 13:30:30,341 INFO     ___FILE_ONLY___ │ 
2025-03-13 13:30:30,341 INFO     ___FILE_ONLY___ 2024.08.30
2025-03-13 13:30:30,341 INFO     ___FILE_ONLY___  
2025-03-13 13:30:30,342 INFO     ___FILE_ONLY___ │ 
2025-03-13 13:30:30,342 INFO     ___FILE_ONLY___  < 1 MiB
2025-03-13 13:30:30,342 INFO     ___FILE_ONLY___  
2025-03-13 13:30:30,342 INFO     ___FILE_ONLY___ │
2025-03-13 13:30:30,342 INFO     ___FILE_ONLY___ 

2025-03-13 13:30:30,342 INFO     ___FILE_ONLY___ │ 
2025-03-13 13:30:30,342 INFO     ___FILE_ONLY___ Google Cloud CRC32C Hash Tool (Platform Specific)  
2025-03-13 13:30:30,342 INFO     ___FILE_ONLY___  
2025-03-13 13:30:30,342 INFO     ___FILE_ONLY___ │ 
2025-03-13 13:30:30,342 INFO     ___FILE_ONLY___      1.0.0
2025-03-13 13:30:30,342 INFO     ___FILE_ONLY___  
2025-03-13 13:30:30,342 INFO     ___FILE_ONLY___ │ 
2025-03-13 13:30:30,342 INFO     ___FILE_ONLY___  1.4 MiB
2025-03-13 13:30:30,342 INFO     ___FILE_ONLY___  
2025-03-13 13:30:30,342 INFO     ___FILE_ONLY___ │
2025-03-13 13:30:30,342 INFO     ___FILE_ONLY___ 

2025-03-13 13:30:30,342 INFO     ___FILE_ONLY___ │ 
2025-03-13 13:30:30,342 INFO     ___FILE_ONLY___ gcloud cli dependencies (Platform Specific)        
2025-03-13 13:30:30,342 INFO     ___FILE_ONLY___  
2025-03-13 13:30:30,342 INFO     ___FILE_ONLY___ │ 
2025-03-13 13:30:30,342 INFO     ___FILE_ONLY___ 2021.04.16
2025-03-13 13:30:30,342 INFO     ___FILE_ONLY___  
2025-03-13 13:30:30,343 INFO     ___FILE_ONLY___ │ 
2025-03-13 13:30:30,343 INFO     ___FILE_ONLY___  < 1 MiB
2025-03-13 13:30:30,343 INFO     ___FILE_ONLY___  
2025-03-13 13:30:30,343 INFO     ___FILE_ONLY___ │
2025-03-13 13:30:30,343 INFO     ___FILE_ONLY___ 

2025-03-13 13:30:30,343 INFO     ___FILE_ONLY___ └─────────────────────────────────────────────────────┴────────────┴──────────┘
2025-03-13 13:30:30,343 INFO     ___FILE_ONLY___ 

2025-03-13 13:30:30,343 INFO     ___FILE_ONLY___ 

2025-03-13 13:30:30,346 DEBUG    urllib3.connectionpool Starting new HTTPS connection (1): dl.google.com:443
2025-03-13 13:30:31,244 DEBUG    urllib3.connectionpool https://dl.google.com:443 "GET /dl/cloudsdk/channels/rapid/RELEASE_NOTES HTTP/11" 200 1377050
2025-03-13 13:30:31,699 INFO     ___FILE_ONLY___ For the latest full release notes, please visit:
  https://cloud.google.com/sdk/release_notes


2025-03-13 13:30:31,700 INFO     ___FILE_ONLY___ Performing in place update...


2025-03-13 13:30:31,702 INFO     ___FILE_ONLY___ ╔════════════════════════════════════════════════════════════╗

2025-03-13 13:30:31,702 INFO     ___FILE_ONLY___ ╠═ Downloading: BigQuery Command Line Tool                  ═╣

2025-03-13 13:30:31,702 INFO     ___FILE_ONLY___ ╚
2025-03-13 13:30:31,705 DEBUG    urllib3.connectionpool Starting new HTTPS connection (1): dl.google.com:443
2025-03-13 13:30:31,866 DEBUG    urllib3.connectionpool https://dl.google.com:443 "GET /dl/cloudsdk/channels/rapid/components/google-cloud-sdk-bq-20250228155416.tar.gz HTTP/11" 200 1845321
2025-03-13 13:30:31,877 INFO     ___FILE_ONLY___ ═
2025-03-13 13:30:31,878 INFO     ___FILE_ONLY___ ═
2025-03-13 13:30:31,878 INFO     ___FILE_ONLY___ ═
2025-03-13 13:30:31,878 INFO     ___FILE_ONLY___ ═
2025-03-13 13:30:31,878 INFO     ___FILE_ONLY___ ═
2025-03-13 13:30:31,878 INFO     ___FILE_ONLY___ ═
2025-03-13 13:30:31,878 INFO     ___FILE_ONLY___ ═
2025-03-13 13:30:31,878 INFO     ___FILE_ONLY___ ═
2025-03-13 13:30:31,878 INFO     ___FILE_ONLY___ ═
2025-03-13 13:30:31,878 INFO     ___FILE_ONLY___ ═
2025-03-13 13:30:31,878 INFO     ___FILE_ONLY___ ═
2025-03-13 13:30:31,879 INFO     ___FILE_ONLY___ ═
2025-03-13 13:30:31,879 INFO     ___FILE_ONLY___ ═
2025-03-13 13:30:31,879 INFO     ___FILE_ONLY___ ═
2025-03-13 13:30:31,879 INFO     ___FILE_ONLY___ ═
2025-03-13 13:30:31,879 INFO     ___FILE_ONLY___ ═
2025-03-13 13:30:31,879 INFO     ___FILE_ONLY___ ═
2025-03-13 13:30:31,879 INFO     ___FILE_ONLY___ ═
2025-03-13 13:30:31,879 INFO     ___FILE_ONLY___ ═
2025-03-13 13:30:31,879 INFO     ___FILE_ONLY___ ═
2025-03-13 13:30:31,879 INFO     ___FILE_ONLY___ ═
2025-03-13 13:30:31,879 INFO     ___FILE_ONLY___ ═
2025-03-13 13:30:31,879 INFO     ___FILE_ONLY___ ═
2025-03-13 13:30:31,880 INFO     ___FILE_ONLY___ ═
2025-03-13 13:30:31,880 INFO     ___FILE_ONLY___ ═
2025-03-13 13:30:31,880 INFO     ___FILE_ONLY___ ═
2025-03-13 13:30:31,880 INFO     ___FILE_ONLY___ ═
2025-03-13 13:30:31,880 INFO     ___FILE_ONLY___ ═
2025-03-13 13:30:31,880 INFO     ___FILE_ONLY___ ═
2025-03-13 13:30:31,880 INFO     ___FILE_ONLY___ ═
2025-03-13 13:30:31,880 INFO     ___FILE_ONLY___ ═
2025-03-13 13:30:31,880 INFO     ___FILE_ONLY___ ═
2025-03-13 13:30:31,880 INFO     ___FILE_ONLY___ ═
2025-03-13 13:30:31,880 INFO     ___FILE_ONLY___ ═
2025-03-13 13:30:31,880 INFO     ___FILE_ONLY___ ═
2025-03-13 13:30:31,881 INFO     ___FILE_ONLY___ ═
2025-03-13 13:30:31,881 INFO     ___FILE_ONLY___ ═
2025-03-13 13:30:31,881 INFO     ___FILE_ONLY___ ═
2025-03-13 13:30:31,881 INFO     ___FILE_ONLY___ ═
2025-03-13 13:30:31,881 INFO     ___FILE_ONLY___ ═
2025-03-13 13:30:31,881 INFO     ___FILE_ONLY___ ═
2025-03-13 13:30:31,881 INFO     ___FILE_ONLY___ ═
2025-03-13 13:30:31,881 INFO     ___FILE_ONLY___ ═
2025-03-13 13:30:31,881 INFO     ___FILE_ONLY___ ═
2025-03-13 13:30:31,881 INFO     ___FILE_ONLY___ ═
2025-03-13 13:30:31,881 INFO     ___FILE_ONLY___ ═
2025-03-13 13:30:31,881 INFO     ___FILE_ONLY___ ═
2025-03-13 13:30:31,882 INFO     ___FILE_ONLY___ ═
2025-03-13 13:30:31,882 INFO     ___FILE_ONLY___ ═
2025-03-13 13:30:31,882 INFO     ___FILE_ONLY___ ═
2025-03-13 13:30:31,882 INFO     ___FILE_ONLY___ ═
2025-03-13 13:30:31,882 INFO     ___FILE_ONLY___ ═
2025-03-13 13:30:31,882 INFO     ___FILE_ONLY___ ═
2025-03-13 13:30:31,882 INFO     ___FILE_ONLY___ ═
2025-03-13 13:30:31,882 INFO     ___FILE_ONLY___ ═
2025-03-13 13:30:31,882 INFO     ___FILE_ONLY___ ═
2025-03-13 13:30:31,882 INFO     ___FILE_ONLY___ ═
2025-03-13 13:30:31,882 INFO     ___FILE_ONLY___ ═
2025-03-13 13:30:31,882 INFO     ___FILE_ONLY___ ═
2025-03-13 13:30:31,883 INFO     ___FILE_ONLY___ ═
2025-03-13 13:30:31,883 INFO     ___FILE_ONLY___ ╝

2025-03-13 13:30:31,885 INFO     ___FILE_ONLY___ ╔════════════════════════════════════════════════════════════╗

2025-03-13 13:30:31,885 INFO     ___FILE_ONLY___ ╠═ Downloading: BigQuery Command Line Tool (Platform Spe... ═╣

2025-03-13 13:30:31,885 INFO     ___FILE_ONLY___ ╚
2025-03-13 13:30:31,889 DEBUG    urllib3.connectionpool Starting new HTTPS connection (1): dl.google.com:443
2025-03-13 13:30:32,823 DEBUG    urllib3.connectionpool https://dl.google.com:443 "GET /dl/cloudsdk/channels/rapid/components/google-cloud-sdk-bq-nix-20240830134514.tar.gz HTTP/11" 200 1914
2025-03-13 13:30:32,824 INFO     ___FILE_ONLY___ ════════════════════════════════════════════════════════════
2025-03-13 13:30:32,824 INFO     ___FILE_ONLY___ ╝

2025-03-13 13:30:32,826 INFO     ___FILE_ONLY___ ╔════════════════════════════════════════════════════════════╗

2025-03-13 13:30:32,826 INFO     ___FILE_ONLY___ ╠═ Downloading: Bundled Python 3.12                         ═╣

2025-03-13 13:30:32,826 INFO     ___FILE_ONLY___ ╚
2025-03-13 13:30:32,826 INFO     ___FILE_ONLY___ ════════════════════════════════════════════════════════════
2025-03-13 13:30:32,826 INFO     ___FILE_ONLY___ ╝

2025-03-13 13:30:32,828 INFO     ___FILE_ONLY___ ╔════════════════════════════════════════════════════════════╗

2025-03-13 13:30:32,828 INFO     ___FILE_ONLY___ ╠═ Downloading: Bundled Python 3.12 (Platform Specific)     ═╣

2025-03-13 13:30:32,828 INFO     ___FILE_ONLY___ ╚
2025-03-13 13:30:32,831 DEBUG    urllib3.connectionpool Starting new HTTPS connection (1): dl.google.com:443
2025-03-13 13:30:33,800 DEBUG    urllib3.connectionpool https://dl.google.com:443 "GET /dl/cloudsdk/channels/rapid/components/google-cloud-sdk-bundled-python3-unix-linux-x86_64-20250131143518.tar.gz HTTP/11" 200 93520256
2025-03-13 13:30:34,159 INFO     ___FILE_ONLY___ ═
2025-03-13 13:30:34,161 INFO     ___FILE_ONLY___ ═
2025-03-13 13:30:34,163 INFO     ___FILE_ONLY___ ═
2025-03-13 13:30:34,165 INFO     ___FILE_ONLY___ ═
2025-03-13 13:30:34,166 INFO     ___FILE_ONLY___ ═
2025-03-13 13:30:34,168 INFO     ___FILE_ONLY___ ═
2025-03-13 13:30:34,170 INFO     ___FILE_ONLY___ ═
2025-03-13 13:30:34,171 INFO     ___FILE_ONLY___ ═
2025-03-13 13:30:34,173 INFO     ___FILE_ONLY___ ═
2025-03-13 13:30:34,175 INFO     ___FILE_ONLY___ ═
2025-03-13 13:30:34,176 INFO     ___FILE_ONLY___ ═
2025-03-13 13:30:34,178 INFO     ___FILE_ONLY___ ═
2025-03-13 13:30:34,180 INFO     ___FILE_ONLY___ ═
2025-03-13 13:30:34,182 INFO     ___FILE_ONLY___ ═
2025-03-13 13:30:34,183 INFO     ___FILE_ONLY___ ═
2025-03-13 13:30:34,185 INFO     ___FILE_ONLY___ ═
2025-03-13 13:30:34,187 INFO     ___FILE_ONLY___ ═
2025-03-13 13:30:34,188 INFO     ___FILE_ONLY___ ═
2025-03-13 13:30:34,190 INFO     ___FILE_ONLY___ ═
2025-03-13 13:30:34,192 INFO     ___FILE_ONLY___ ═
2025-03-13 13:30:34,194 INFO     ___FILE_ONLY___ ═
2025-03-13 13:30:34,195 INFO     ___FILE_ONLY___ ═
2025-03-13 13:30:34,197 INFO     ___FILE_ONLY___ ═
2025-03-13 13:30:34,199 INFO     ___FILE_ONLY___ ═
2025-03-13 13:30:34,200 INFO     ___FILE_ONLY___ ═
2025-03-13 13:30:34,202 INFO     ___FILE_ONLY___ ═
2025-03-13 13:30:34,204 INFO     ___FILE_ONLY___ ═
2025-03-13 13:30:34,205 INFO     ___FILE_ONLY___ ═
2025-03-13 13:30:34,207 INFO     ___FILE_ONLY___ ═
2025-03-13 13:30:34,209 INFO     ___FILE_ONLY___ ═
2025-03-13 13:30:34,211 INFO     ___FILE_ONLY___ ═
2025-03-13 13:30:34,212 INFO     ___FILE_ONLY___ ═
2025-03-13 13:30:34,214 INFO     ___FILE_ONLY___ ═
2025-03-13 13:30:34,216 INFO     ___FILE_ONLY___ ═
2025-03-13 13:30:34,217 INFO     ___FILE_ONLY___ ═
2025-03-13 13:30:34,219 INFO     ___FILE_ONLY___ ═
2025-03-13 13:30:34,221 INFO     ___FILE_ONLY___ ═
2025-03-13 13:30:34,223 INFO     ___FILE_ONLY___ ═
2025-03-13 13:30:34,224 INFO     ___FILE_ONLY___ ═
2025-03-13 13:30:34,226 INFO     ___FILE_ONLY___ ═
2025-03-13 13:30:34,228 INFO     ___FILE_ONLY___ ═
2025-03-13 13:30:34,229 INFO     ___FILE_ONLY___ ═
2025-03-13 13:30:34,231 INFO     ___FILE_ONLY___ ═
2025-03-13 13:30:34,233 INFO     ___FILE_ONLY___ ═
2025-03-13 13:30:34,235 INFO     ___FILE_ONLY___ ═
2025-03-13 13:30:34,236 INFO     ___FILE_ONLY___ ═
2025-03-13 13:30:34,238 INFO     ___FILE_ONLY___ ═
2025-03-13 13:30:34,240 INFO     ___FILE_ONLY___ ═
2025-03-13 13:30:34,241 INFO     ___FILE_ONLY___ ═
2025-03-13 13:30:34,243 INFO     ___FILE_ONLY___ ═
2025-03-13 13:30:34,245 INFO     ___FILE_ONLY___ ═
2025-03-13 13:30:34,246 INFO     ___FILE_ONLY___ ═
2025-03-13 13:30:34,248 INFO     ___FILE_ONLY___ ═
2025-03-13 13:30:34,250 INFO     ___FILE_ONLY___ ═
2025-03-13 13:30:34,252 INFO     ___FILE_ONLY___ ═
2025-03-13 13:30:34,253 INFO     ___FILE_ONLY___ ═
2025-03-13 13:30:34,255 INFO     ___FILE_ONLY___ ═
2025-03-13 13:30:34,257 INFO     ___FILE_ONLY___ ═
2025-03-13 13:30:34,258 INFO     ___FILE_ONLY___ ═
2025-03-13 13:30:34,260 INFO     ___FILE_ONLY___ ═
2025-03-13 13:30:34,260 INFO     ___FILE_ONLY___ ╝

2025-03-13 13:30:34,269 INFO     ___FILE_ONLY___ ╔════════════════════════════════════════════════════════════╗

2025-03-13 13:30:34,269 INFO     ___FILE_ONLY___ ╠═ Downloading: Cloud Storage Command Line Tool             ═╣

2025-03-13 13:30:34,269 INFO     ___FILE_ONLY___ ╚
2025-03-13 13:30:34,272 DEBUG    urllib3.connectionpool Starting new HTTPS connection (1): dl.google.com:443
2025-03-13 13:30:35,221 DEBUG    urllib3.connectionpool https://dl.google.com:443 "GET /dl/cloudsdk/channels/rapid/components/google-cloud-sdk-gsutil-20241213184646.tar.gz HTTP/11" 200 12368759
2025-03-13 13:30:35,269 INFO     ___FILE_ONLY___ ═
2025-03-13 13:30:35,269 INFO     ___FILE_ONLY___ ═
2025-03-13 13:30:35,270 INFO     ___FILE_ONLY___ ═
2025-03-13 13:30:35,270 INFO     ___FILE_ONLY___ ═
2025-03-13 13:30:35,270 INFO     ___FILE_ONLY___ ═
2025-03-13 13:30:35,271 INFO     ___FILE_ONLY___ ═
2025-03-13 13:30:35,271 INFO     ___FILE_ONLY___ ═
2025-03-13 13:30:35,271 INFO     ___FILE_ONLY___ ═
2025-03-13 13:30:35,271 INFO     ___FILE_ONLY___ ═
2025-03-13 13:30:35,272 INFO     ___FILE_ONLY___ ═
2025-03-13 13:30:35,272 INFO     ___FILE_ONLY___ ═
2025-03-13 13:30:35,272 INFO     ___FILE_ONLY___ ═
2025-03-13 13:30:35,273 INFO     ___FILE_ONLY___ ═
2025-03-13 13:30:35,273 INFO     ___FILE_ONLY___ ═
2025-03-13 13:30:35,273 INFO     ___FILE_ONLY___ ═
2025-03-13 13:30:35,273 INFO     ___FILE_ONLY___ ═
2025-03-13 13:30:35,274 INFO     ___FILE_ONLY___ ═
2025-03-13 13:30:35,274 INFO     ___FILE_ONLY___ ═
2025-03-13 13:30:35,274 INFO     ___FILE_ONLY___ ═
2025-03-13 13:30:35,274 INFO     ___FILE_ONLY___ ═
2025-03-13 13:30:35,275 INFO     ___FILE_ONLY___ ═
2025-03-13 13:30:35,275 INFO     ___FILE_ONLY___ ═
2025-03-13 13:30:35,275 INFO     ___FILE_ONLY___ ═
2025-03-13 13:30:35,276 INFO     ___FILE_ONLY___ ═
2025-03-13 13:30:35,276 INFO     ___FILE_ONLY___ ═
2025-03-13 13:30:35,276 INFO     ___FILE_ONLY___ ═
2025-03-13 13:30:35,276 INFO     ___FILE_ONLY___ ═
2025-03-13 13:30:35,277 INFO     ___FILE_ONLY___ ═
2025-03-13 13:30:35,277 INFO     ___FILE_ONLY___ ═
2025-03-13 13:30:35,277 INFO     ___FILE_ONLY___ ═
2025-03-13 13:30:35,278 INFO     ___FILE_ONLY___ ═
2025-03-13 13:30:35,278 INFO     ___FILE_ONLY___ ═
2025-03-13 13:30:35,278 INFO     ___FILE_ONLY___ ═
2025-03-13 13:30:35,278 INFO     ___FILE_ONLY___ ═
2025-03-13 13:30:35,279 INFO     ___FILE_ONLY___ ═
2025-03-13 13:30:35,279 INFO     ___FILE_ONLY___ ═
2025-03-13 13:30:35,279 INFO     ___FILE_ONLY___ ═
2025-03-13 13:30:35,280 INFO     ___FILE_ONLY___ ═
2025-03-13 13:30:35,280 INFO     ___FILE_ONLY___ ═
2025-03-13 13:30:35,280 INFO     ___FILE_ONLY___ ═
2025-03-13 13:30:35,280 INFO     ___FILE_ONLY___ ═
2025-03-13 13:30:35,281 INFO     ___FILE_ONLY___ ═
2025-03-13 13:30:35,281 INFO     ___FILE_ONLY___ ═
2025-03-13 13:30:35,281 INFO     ___FILE_ONLY___ ═
2025-03-13 13:30:35,281 INFO     ___FILE_ONLY___ ═
2025-03-13 13:30:35,282 INFO     ___FILE_ONLY___ ═
2025-03-13 13:30:35,282 INFO     ___FILE_ONLY___ ═
2025-03-13 13:30:35,282 INFO     ___FILE_ONLY___ ═
2025-03-13 13:30:35,283 INFO     ___FILE_ONLY___ ═
2025-03-13 13:30:35,283 INFO     ___FILE_ONLY___ ═
2025-03-13 13:30:35,283 INFO     ___FILE_ONLY___ ═
2025-03-13 13:30:35,283 INFO     ___FILE_ONLY___ ═
2025-03-13 13:30:35,284 INFO     ___FILE_ONLY___ ═
2025-03-13 13:30:35,284 INFO     ___FILE_ONLY___ ═
2025-03-13 13:30:35,284 INFO     ___FILE_ONLY___ ═
2025-03-13 13:30:35,285 INFO     ___FILE_ONLY___ ═
2025-03-13 13:30:35,285 INFO     ___FILE_ONLY___ ═
2025-03-13 13:30:35,285 INFO     ___FILE_ONLY___ ═
2025-03-13 13:30:35,285 INFO     ___FILE_ONLY___ ═
2025-03-13 13:30:35,286 INFO     ___FILE_ONLY___ ═
2025-03-13 13:30:35,286 INFO     ___FILE_ONLY___ ╝

2025-03-13 13:30:35,289 INFO     ___FILE_ONLY___ ╔════════════════════════════════════════════════════════════╗

2025-03-13 13:30:35,289 INFO     ___FILE_ONLY___ ╠═ Downloading: Cloud Storage Command Line Tool (Platfor... ═╣

2025-03-13 13:30:35,289 INFO     ___FILE_ONLY___ ╚
2025-03-13 13:30:35,292 DEBUG    urllib3.connectionpool Starting new HTTPS connection (1): dl.google.com:443
2025-03-13 13:30:36,208 DEBUG    urllib3.connectionpool https://dl.google.com:443 "GET /dl/cloudsdk/channels/rapid/components/google-cloud-sdk-gsutil-nix-20240830134514.tar.gz HTTP/11" 200 1928
2025-03-13 13:30:36,209 INFO     ___FILE_ONLY___ ════════════════════════════════════════════════════════════
2025-03-13 13:30:36,209 INFO     ___FILE_ONLY___ ╝

2025-03-13 13:30:36,211 INFO     ___FILE_ONLY___ ╔════════════════════════════════════════════════════════════╗

2025-03-13 13:30:36,211 INFO     ___FILE_ONLY___ ╠═ Downloading: Default set of gcloud commands              ═╣

2025-03-13 13:30:36,211 INFO     ___FILE_ONLY___ ╚
2025-03-13 13:30:36,211 INFO     ___FILE_ONLY___ ════════════════════════════════════════════════════════════
2025-03-13 13:30:36,211 INFO     ___FILE_ONLY___ ╝

2025-03-13 13:30:36,213 INFO     ___FILE_ONLY___ ╔════════════════════════════════════════════════════════════╗

2025-03-13 13:30:36,213 INFO     ___FILE_ONLY___ ╠═ Downloading: Google Cloud CLI Core Libraries (Platfor... ═╣

2025-03-13 13:30:36,213 INFO     ___FILE_ONLY___ ╚
2025-03-13 13:30:36,216 DEBUG    urllib3.connectionpool Starting new HTTPS connection (1): dl.google.com:443
2025-03-13 13:30:37,136 DEBUG    urllib3.connectionpool https://dl.google.com:443 "GET /dl/cloudsdk/channels/rapid/components/google-cloud-sdk-core-nix-20240830134514.tar.gz HTTP/11" 200 2306
2025-03-13 13:30:37,137 INFO     ___FILE_ONLY___ ════════════════════════════════════════════════════════════
2025-03-13 13:30:37,137 INFO     ___FILE_ONLY___ ╝

2025-03-13 13:30:37,139 INFO     ___FILE_ONLY___ ╔════════════════════════════════════════════════════════════╗

2025-03-13 13:30:37,139 INFO     ___FILE_ONLY___ ╠═ Downloading: Google Cloud CRC32C Hash Tool               ═╣

2025-03-13 13:30:37,139 INFO     ___FILE_ONLY___ ╚
2025-03-13 13:30:37,139 INFO     ___FILE_ONLY___ ════════════════════════════════════════════════════════════
2025-03-13 13:30:37,139 INFO     ___FILE_ONLY___ ╝

2025-03-13 13:30:37,141 INFO     ___FILE_ONLY___ ╔════════════════════════════════════════════════════════════╗

2025-03-13 13:30:37,141 INFO     ___FILE_ONLY___ ╠═ Downloading: Google Cloud CRC32C Hash Tool (Platform ... ═╣

2025-03-13 13:30:37,141 INFO     ___FILE_ONLY___ ╚
2025-03-13 13:30:37,144 DEBUG    urllib3.connectionpool Starting new HTTPS connection (1): dl.google.com:443
2025-03-13 13:30:38,184 DEBUG    urllib3.connectionpool https://dl.google.com:443 "GET /dl/cloudsdk/channels/rapid/components/google-cloud-sdk-gcloud-crc32c-linux-x86_64-20250110133808.tar.gz HTTP/11" 200 1478989
2025-03-13 13:30:38,195 INFO     ___FILE_ONLY___ ═
2025-03-13 13:30:38,195 INFO     ___FILE_ONLY___ ═
2025-03-13 13:30:38,195 INFO     ___FILE_ONLY___ ═
2025-03-13 13:30:38,195 INFO     ___FILE_ONLY___ ═
2025-03-13 13:30:38,195 INFO     ___FILE_ONLY___ ═
2025-03-13 13:30:38,195 INFO     ___FILE_ONLY___ ═
2025-03-13 13:30:38,195 INFO     ___FILE_ONLY___ ═
2025-03-13 13:30:38,195 INFO     ___FILE_ONLY___ ═
2025-03-13 13:30:38,195 INFO     ___FILE_ONLY___ ═
2025-03-13 13:30:38,195 INFO     ___FILE_ONLY___ ═
2025-03-13 13:30:38,195 INFO     ___FILE_ONLY___ ═
2025-03-13 13:30:38,196 INFO     ___FILE_ONLY___ ═
2025-03-13 13:30:38,196 INFO     ___FILE_ONLY___ ═
2025-03-13 13:30:38,196 INFO     ___FILE_ONLY___ ═
2025-03-13 13:30:38,196 INFO     ___FILE_ONLY___ ═
2025-03-13 13:30:38,196 INFO     ___FILE_ONLY___ ═
2025-03-13 13:30:38,196 INFO     ___FILE_ONLY___ ═
2025-03-13 13:30:38,196 INFO     ___FILE_ONLY___ ═
2025-03-13 13:30:38,196 INFO     ___FILE_ONLY___ ═
2025-03-13 13:30:38,196 INFO     ___FILE_ONLY___ ═
2025-03-13 13:30:38,196 INFO     ___FILE_ONLY___ ═
2025-03-13 13:30:38,196 INFO     ___FILE_ONLY___ ═
2025-03-13 13:30:38,196 INFO     ___FILE_ONLY___ ═
2025-03-13 13:30:38,196 INFO     ___FILE_ONLY___ ═
2025-03-13 13:30:38,197 INFO     ___FILE_ONLY___ ═
2025-03-13 13:30:38,197 INFO     ___FILE_ONLY___ ═
2025-03-13 13:30:38,197 INFO     ___FILE_ONLY___ ═
2025-03-13 13:30:38,197 INFO     ___FILE_ONLY___ ═
2025-03-13 13:30:38,197 INFO     ___FILE_ONLY___ ═
2025-03-13 13:30:38,197 INFO     ___FILE_ONLY___ ═
2025-03-13 13:30:38,197 INFO     ___FILE_ONLY___ ═
2025-03-13 13:30:38,197 INFO     ___FILE_ONLY___ ═
2025-03-13 13:30:38,197 INFO     ___FILE_ONLY___ ═
2025-03-13 13:30:38,197 INFO     ___FILE_ONLY___ ═
2025-03-13 13:30:38,197 INFO     ___FILE_ONLY___ ═
2025-03-13 13:30:38,197 INFO     ___FILE_ONLY___ ═
2025-03-13 13:30:38,197 INFO     ___FILE_ONLY___ ═
2025-03-13 13:30:38,198 INFO     ___FILE_ONLY___ ═
2025-03-13 13:30:38,198 INFO     ___FILE_ONLY___ ═
2025-03-13 13:30:38,198 INFO     ___FILE_ONLY___ ═
2025-03-13 13:30:38,198 INFO     ___FILE_ONLY___ ═
2025-03-13 13:30:38,198 INFO     ___FILE_ONLY___ ═
2025-03-13 13:30:38,198 INFO     ___FILE_ONLY___ ═
2025-03-13 13:30:38,198 INFO     ___FILE_ONLY___ ═
2025-03-13 13:30:38,198 INFO     ___FILE_ONLY___ ═
2025-03-13 13:30:38,198 INFO     ___FILE_ONLY___ ═
2025-03-13 13:30:38,198 INFO     ___FILE_ONLY___ ═
2025-03-13 13:30:38,198 INFO     ___FILE_ONLY___ ═
2025-03-13 13:30:38,198 INFO     ___FILE_ONLY___ ═
2025-03-13 13:30:38,198 INFO     ___FILE_ONLY___ ═
2025-03-13 13:30:38,198 INFO     ___FILE_ONLY___ ═
2025-03-13 13:30:38,199 INFO     ___FILE_ONLY___ ═
2025-03-13 13:30:38,199 INFO     ___FILE_ONLY___ ═
2025-03-13 13:30:38,199 INFO     ___FILE_ONLY___ ═
2025-03-13 13:30:38,199 INFO     ___FILE_ONLY___ ═
2025-03-13 13:30:38,199 INFO     ___FILE_ONLY___ ═
2025-03-13 13:30:38,199 INFO     ___FILE_ONLY___ ═
2025-03-13 13:30:38,199 INFO     ___FILE_ONLY___ ═
2025-03-13 13:30:38,199 INFO     ___FILE_ONLY___ ═
2025-03-13 13:30:38,199 INFO     ___FILE_ONLY___ ═
2025-03-13 13:30:38,199 INFO     ___FILE_ONLY___ ╝

2025-03-13 13:30:38,201 INFO     ___FILE_ONLY___ ╔════════════════════════════════════════════════════════════╗

2025-03-13 13:30:38,201 INFO     ___FILE_ONLY___ ╠═ Downloading: gcloud cli dependencies (Platform Specific) ═╣

2025-03-13 13:30:38,201 INFO     ___FILE_ONLY___ ╚
2025-03-13 13:30:38,204 DEBUG    urllib3.connectionpool Starting new HTTPS connection (1): dl.google.com:443
2025-03-13 13:30:39,185 DEBUG    urllib3.connectionpool https://dl.google.com:443 "GET /dl/cloudsdk/channels/rapid/components/google-cloud-sdk-gcloud-deps-linux-x86_64-20210416153011.tar.gz HTTP/11" 200 104
2025-03-13 13:30:39,187 INFO     ___FILE_ONLY___ ════════════════════════════════════════════════════════════
2025-03-13 13:30:39,187 INFO     ___FILE_ONLY___ ╝

2025-03-13 13:30:39,188 INFO     ___FILE_ONLY___ ╔════════════════════════════════════════════════════════════╗

2025-03-13 13:30:39,189 INFO     ___FILE_ONLY___ ╠═ Installing: BigQuery Command Line Tool                   ═╣

2025-03-13 13:30:39,189 INFO     ___FILE_ONLY___ ╚
2025-03-13 13:30:39,280 INFO     ___FILE_ONLY___ ═
2025-03-13 13:30:39,283 INFO     ___FILE_ONLY___ ═
2025-03-13 13:30:39,285 INFO     ___FILE_ONLY___ ═
2025-03-13 13:30:39,287 INFO     ___FILE_ONLY___ ═
2025-03-13 13:30:39,289 INFO     ___FILE_ONLY___ ═
2025-03-13 13:30:39,292 INFO     ___FILE_ONLY___ ═
2025-03-13 13:30:39,294 INFO     ___FILE_ONLY___ ═
2025-03-13 13:30:39,295 INFO     ___FILE_ONLY___ ═
2025-03-13 13:30:39,298 INFO     ___FILE_ONLY___ ═
2025-03-13 13:30:39,300 INFO     ___FILE_ONLY___ ═
2025-03-13 13:30:39,302 INFO     ___FILE_ONLY___ ═
2025-03-13 13:30:39,304 INFO     ___FILE_ONLY___ ═
2025-03-13 13:30:39,306 INFO     ___FILE_ONLY___ ═
2025-03-13 13:30:39,308 INFO     ___FILE_ONLY___ ═
2025-03-13 13:30:39,310 INFO     ___FILE_ONLY___ ═
2025-03-13 13:30:39,312 INFO     ___FILE_ONLY___ ═
2025-03-13 13:30:39,314 INFO     ___FILE_ONLY___ ═
2025-03-13 13:30:39,316 INFO     ___FILE_ONLY___ ═
2025-03-13 13:30:39,319 INFO     ___FILE_ONLY___ ═
2025-03-13 13:30:39,321 INFO     ___FILE_ONLY___ ═
2025-03-13 13:30:39,323 INFO     ___FILE_ONLY___ ═
2025-03-13 13:30:39,325 INFO     ___FILE_ONLY___ ═
2025-03-13 13:30:39,327 INFO     ___FILE_ONLY___ ═
2025-03-13 13:30:39,328 INFO     ___FILE_ONLY___ ═
2025-03-13 13:30:39,330 INFO     ___FILE_ONLY___ ═
2025-03-13 13:30:39,332 INFO     ___FILE_ONLY___ ═
2025-03-13 13:30:39,334 INFO     ___FILE_ONLY___ ═
2025-03-13 13:30:39,336 INFO     ___FILE_ONLY___ ═
2025-03-13 13:30:39,340 INFO     ___FILE_ONLY___ ═
2025-03-13 13:30:39,342 INFO     ___FILE_ONLY___ ═
2025-03-13 13:30:39,344 INFO     ___FILE_ONLY___ ═
2025-03-13 13:30:39,345 INFO     ___FILE_ONLY___ ═
2025-03-13 13:30:39,349 INFO     ___FILE_ONLY___ ═
2025-03-13 13:30:39,351 INFO     ___FILE_ONLY___ ═
2025-03-13 13:30:39,358 INFO     ___FILE_ONLY___ ═
2025-03-13 13:30:39,363 INFO     ___FILE_ONLY___ ═
2025-03-13 13:30:39,368 INFO     ___FILE_ONLY___ ═
2025-03-13 13:30:39,369 INFO     ___FILE_ONLY___ ═
2025-03-13 13:30:39,372 INFO     ___FILE_ONLY___ ═
2025-03-13 13:30:39,374 INFO     ___FILE_ONLY___ ═
2025-03-13 13:30:39,376 INFO     ___FILE_ONLY___ ═
2025-03-13 13:30:39,378 INFO     ___FILE_ONLY___ ═
2025-03-13 13:30:39,382 INFO     ___FILE_ONLY___ ═
2025-03-13 13:30:39,384 INFO     ___FILE_ONLY___ ═
2025-03-13 13:30:39,387 INFO     ___FILE_ONLY___ ═
2025-03-13 13:30:39,388 INFO     ___FILE_ONLY___ ═
2025-03-13 13:30:39,390 INFO     ___FILE_ONLY___ ═
2025-03-13 13:30:39,392 INFO     ___FILE_ONLY___ ═
2025-03-13 13:30:39,394 INFO     ___FILE_ONLY___ ═
2025-03-13 13:30:39,396 INFO     ___FILE_ONLY___ ═
2025-03-13 13:30:39,398 INFO     ___FILE_ONLY___ ═
2025-03-13 13:30:39,400 INFO     ___FILE_ONLY___ ═
2025-03-13 13:30:39,402 INFO     ___FILE_ONLY___ ═
2025-03-13 13:30:39,404 INFO     ___FILE_ONLY___ ═
2025-03-13 13:30:39,406 INFO     ___FILE_ONLY___ ═
2025-03-13 13:30:39,408 INFO     ___FILE_ONLY___ ═
2025-03-13 13:30:39,409 INFO     ___FILE_ONLY___ ═
2025-03-13 13:30:39,412 INFO     ___FILE_ONLY___ ═
2025-03-13 13:30:39,413 INFO     ___FILE_ONLY___ ═
2025-03-13 13:30:39,415 INFO     ___FILE_ONLY___ ═
2025-03-13 13:30:39,415 INFO     ___FILE_ONLY___ ╝

2025-03-13 13:30:39,423 INFO     ___FILE_ONLY___ ╔════════════════════════════════════════════════════════════╗

2025-03-13 13:30:39,423 INFO     ___FILE_ONLY___ ╠═ Installing: BigQuery Command Line Tool (Platform Spec... ═╣

2025-03-13 13:30:39,423 INFO     ___FILE_ONLY___ ╚
2025-03-13 13:30:39,424 INFO     ___FILE_ONLY___ ════════════════════════════════════════════════════════════
2025-03-13 13:30:39,424 INFO     ___FILE_ONLY___ ╝

2025-03-13 13:30:39,428 INFO     ___FILE_ONLY___ ╔════════════════════════════════════════════════════════════╗

2025-03-13 13:30:39,428 INFO     ___FILE_ONLY___ ╠═ Installing: Bundled Python 3.12                          ═╣

2025-03-13 13:30:39,428 INFO     ___FILE_ONLY___ ╚
2025-03-13 13:30:39,431 INFO     ___FILE_ONLY___ ════════════════════════════════════════════════════════════
2025-03-13 13:30:39,432 INFO     ___FILE_ONLY___ ╝

2025-03-13 13:30:39,433 INFO     ___FILE_ONLY___ ╔════════════════════════════════════════════════════════════╗

2025-03-13 13:30:39,433 INFO     ___FILE_ONLY___ ╠═ Installing: Bundled Python 3.12 (Platform Specific)      ═╣

2025-03-13 13:30:39,433 INFO     ___FILE_ONLY___ ╚
2025-03-13 13:30:42,512 INFO     ___FILE_ONLY___ ═
2025-03-13 13:30:42,991 INFO     ___FILE_ONLY___ ═
2025-03-13 13:30:43,011 INFO     ___FILE_ONLY___ ═
2025-03-13 13:30:43,045 INFO     ___FILE_ONLY___ ═
2025-03-13 13:30:43,065 INFO     ___FILE_ONLY___ ═
2025-03-13 13:30:43,079 INFO     ___FILE_ONLY___ ═
2025-03-13 13:30:43,108 INFO     ___FILE_ONLY___ ═
2025-03-13 13:30:43,127 INFO     ___FILE_ONLY___ ═
2025-03-13 13:30:43,144 INFO     ___FILE_ONLY___ ═
2025-03-13 13:30:43,160 INFO     ___FILE_ONLY___ ═
2025-03-13 13:30:43,175 INFO     ___FILE_ONLY___ ═
2025-03-13 13:30:43,199 INFO     ___FILE_ONLY___ ═
2025-03-13 13:30:43,337 INFO     ___FILE_ONLY___ ═
2025-03-13 13:30:43,353 INFO     ___FILE_ONLY___ ═
2025-03-13 13:30:43,369 INFO     ___FILE_ONLY___ ═
2025-03-13 13:30:43,384 INFO     ___FILE_ONLY___ ═
2025-03-13 13:30:43,397 INFO     ___FILE_ONLY___ ═
2025-03-13 13:30:43,413 INFO     ___FILE_ONLY___ ═
2025-03-13 13:30:43,430 INFO     ___FILE_ONLY___ ═
2025-03-13 13:30:43,449 INFO     ___FILE_ONLY___ ═
2025-03-13 13:30:43,464 INFO     ___FILE_ONLY___ ═
2025-03-13 13:30:43,557 INFO     ___FILE_ONLY___ ═
2025-03-13 13:30:43,578 INFO     ___FILE_ONLY___ ═
2025-03-13 13:30:44,060 INFO     ___FILE_ONLY___ ═
2025-03-13 13:30:44,075 INFO     ___FILE_ONLY___ ═
2025-03-13 13:30:44,089 INFO     ___FILE_ONLY___ ═
2025-03-13 13:30:44,101 INFO     ___FILE_ONLY___ ═
2025-03-13 13:30:44,112 INFO     ___FILE_ONLY___ ═
2025-03-13 13:30:44,123 INFO     ___FILE_ONLY___ ═
2025-03-13 13:30:44,135 INFO     ___FILE_ONLY___ ═
2025-03-13 13:30:44,146 INFO     ___FILE_ONLY___ ═
2025-03-13 13:30:44,157 INFO     ___FILE_ONLY___ ═
2025-03-13 13:30:44,168 INFO     ___FILE_ONLY___ ═
2025-03-13 13:30:44,180 INFO     ___FILE_ONLY___ ═
2025-03-13 13:30:44,191 INFO     ___FILE_ONLY___ ═
2025-03-13 13:30:44,202 INFO     ___FILE_ONLY___ ═
2025-03-13 13:30:44,214 INFO     ___FILE_ONLY___ ═
2025-03-13 13:30:44,225 INFO     ___FILE_ONLY___ ═
2025-03-13 13:30:44,236 INFO     ___FILE_ONLY___ ═
2025-03-13 13:30:44,248 INFO     ___FILE_ONLY___ ═
2025-03-13 13:30:44,259 INFO     ___FILE_ONLY___ ═
2025-03-13 13:30:44,271 INFO     ___FILE_ONLY___ ═
2025-03-13 13:30:44,282 INFO     ___FILE_ONLY___ ═
2025-03-13 13:30:44,294 INFO     ___FILE_ONLY___ ═
2025-03-13 13:30:44,306 INFO     ___FILE_ONLY___ ═
2025-03-13 13:30:44,317 INFO     ___FILE_ONLY___ ═
2025-03-13 13:30:44,329 INFO     ___FILE_ONLY___ ═
2025-03-13 13:30:44,341 INFO     ___FILE_ONLY___ ═
2025-03-13 13:30:44,353 INFO     ___FILE_ONLY___ ═
2025-03-13 13:30:44,364 INFO     ___FILE_ONLY___ ═
2025-03-13 13:30:44,375 INFO     ___FILE_ONLY___ ═
2025-03-13 13:30:44,387 INFO     ___FILE_ONLY___ ═
2025-03-13 13:30:44,398 INFO     ___FILE_ONLY___ ═
2025-03-13 13:30:44,409 INFO     ___FILE_ONLY___ ═
2025-03-13 13:30:44,421 INFO     ___FILE_ONLY___ ═
2025-03-13 13:30:44,433 INFO     ___FILE_ONLY___ ═
2025-03-13 13:30:44,444 INFO     ___FILE_ONLY___ ═
2025-03-13 13:30:44,455 INFO     ___FILE_ONLY___ ═
2025-03-13 13:30:44,467 INFO     ___FILE_ONLY___ ═
2025-03-13 13:30:44,478 INFO     ___FILE_ONLY___ ═
2025-03-13 13:30:44,478 INFO     ___FILE_ONLY___ ╝

2025-03-13 13:30:44,530 INFO     ___FILE_ONLY___ ╔════════════════════════════════════════════════════════════╗

2025-03-13 13:30:44,530 INFO     ___FILE_ONLY___ ╠═ Installing: Cloud Storage Command Line Tool              ═╣

2025-03-13 13:30:44,530 INFO     ___FILE_ONLY___ ╚
2025-03-13 13:30:45,053 INFO     ___FILE_ONLY___ ═
2025-03-13 13:30:45,069 INFO     ___FILE_ONLY___ ═
2025-03-13 13:30:45,088 INFO     ___FILE_ONLY___ ═
2025-03-13 13:30:45,104 INFO     ___FILE_ONLY___ ═
2025-03-13 13:30:45,118 INFO     ___FILE_ONLY___ ═
2025-03-13 13:30:45,129 INFO     ___FILE_ONLY___ ═
2025-03-13 13:30:45,142 INFO     ___FILE_ONLY___ ═
2025-03-13 13:30:45,154 INFO     ___FILE_ONLY___ ═
2025-03-13 13:30:45,167 INFO     ___FILE_ONLY___ ═
2025-03-13 13:30:45,179 INFO     ___FILE_ONLY___ ═
2025-03-13 13:30:45,191 INFO     ___FILE_ONLY___ ═
2025-03-13 13:30:45,202 INFO     ___FILE_ONLY___ ═
2025-03-13 13:30:45,210 INFO     ___FILE_ONLY___ ═
2025-03-13 13:30:45,219 INFO     ___FILE_ONLY___ ═
2025-03-13 13:30:45,228 INFO     ___FILE_ONLY___ ═
2025-03-13 13:30:45,237 INFO     ___FILE_ONLY___ ═
2025-03-13 13:30:45,248 INFO     ___FILE_ONLY___ ═
2025-03-13 13:30:45,257 INFO     ___FILE_ONLY___ ═
2025-03-13 13:30:45,268 INFO     ___FILE_ONLY___ ═
2025-03-13 13:30:45,277 INFO     ___FILE_ONLY___ ═
2025-03-13 13:30:45,289 INFO     ___FILE_ONLY___ ═
2025-03-13 13:30:45,302 INFO     ___FILE_ONLY___ ═
2025-03-13 13:30:45,316 INFO     ___FILE_ONLY___ ═
2025-03-13 13:30:45,325 INFO     ___FILE_ONLY___ ═
2025-03-13 13:30:45,337 INFO     ___FILE_ONLY___ ═
2025-03-13 13:30:45,351 INFO     ___FILE_ONLY___ ═
2025-03-13 13:30:45,367 INFO     ___FILE_ONLY___ ═
2025-03-13 13:30:45,384 INFO     ___FILE_ONLY___ ═
2025-03-13 13:30:45,400 INFO     ___FILE_ONLY___ ═
2025-03-13 13:30:45,419 INFO     ___FILE_ONLY___ ═
2025-03-13 13:30:45,429 INFO     ___FILE_ONLY___ ═
2025-03-13 13:30:45,439 INFO     ___FILE_ONLY___ ═
2025-03-13 13:30:45,456 INFO     ___FILE_ONLY___ ═
2025-03-13 13:30:45,468 INFO     ___FILE_ONLY___ ═
2025-03-13 13:30:45,478 INFO     ___FILE_ONLY___ ═
2025-03-13 13:30:45,487 INFO     ___FILE_ONLY___ ═
2025-03-13 13:30:45,496 INFO     ___FILE_ONLY___ ═
2025-03-13 13:30:45,506 INFO     ___FILE_ONLY___ ═
2025-03-13 13:30:45,516 INFO     ___FILE_ONLY___ ═
2025-03-13 13:30:45,529 INFO     ___FILE_ONLY___ ═
2025-03-13 13:30:45,539 INFO     ___FILE_ONLY___ ═
2025-03-13 13:30:45,552 INFO     ___FILE_ONLY___ ═
2025-03-13 13:30:45,560 INFO     ___FILE_ONLY___ ═
2025-03-13 13:30:45,573 INFO     ___FILE_ONLY___ ═
2025-03-13 13:30:45,588 INFO     ___FILE_ONLY___ ═
2025-03-13 13:30:45,598 INFO     ___FILE_ONLY___ ═
2025-03-13 13:30:45,606 INFO     ___FILE_ONLY___ ═
2025-03-13 13:30:45,616 INFO     ___FILE_ONLY___ ═
2025-03-13 13:30:45,626 INFO     ___FILE_ONLY___ ═
2025-03-13 13:30:45,638 INFO     ___FILE_ONLY___ ═
2025-03-13 13:30:45,654 INFO     ___FILE_ONLY___ ═
2025-03-13 13:30:45,665 INFO     ___FILE_ONLY___ ═
2025-03-13 13:30:45,680 INFO     ___FILE_ONLY___ ═
2025-03-13 13:30:45,692 INFO     ___FILE_ONLY___ ═
2025-03-13 13:30:45,726 INFO     ___FILE_ONLY___ ═
2025-03-13 13:30:45,735 INFO     ___FILE_ONLY___ ═
2025-03-13 13:30:45,744 INFO     ___FILE_ONLY___ ═
2025-03-13 13:30:45,754 INFO     ___FILE_ONLY___ ═
2025-03-13 13:30:45,765 INFO     ___FILE_ONLY___ ═
2025-03-13 13:30:45,778 INFO     ___FILE_ONLY___ ═
2025-03-13 13:30:45,778 INFO     ___FILE_ONLY___ ╝

2025-03-13 13:30:45,808 INFO     ___FILE_ONLY___ ╔════════════════════════════════════════════════════════════╗

2025-03-13 13:30:45,808 INFO     ___FILE_ONLY___ ╠═ Installing: Cloud Storage Command Line Tool (Platform... ═╣

2025-03-13 13:30:45,809 INFO     ___FILE_ONLY___ ╚
2025-03-13 13:30:45,809 INFO     ___FILE_ONLY___ ════════════════════════════════════════════════════════════
2025-03-13 13:30:45,810 INFO     ___FILE_ONLY___ ╝

2025-03-13 13:30:45,814 INFO     ___FILE_ONLY___ ╔════════════════════════════════════════════════════════════╗

2025-03-13 13:30:45,814 INFO     ___FILE_ONLY___ ╠═ Installing: Default set of gcloud commands               ═╣

2025-03-13 13:30:45,814 INFO     ___FILE_ONLY___ ╚
2025-03-13 13:30:45,816 INFO     ___FILE_ONLY___ ════════════════════════════════════════════════════════════
2025-03-13 13:30:45,816 INFO     ___FILE_ONLY___ ╝

2025-03-13 13:30:45,818 INFO     ___FILE_ONLY___ ╔════════════════════════════════════════════════════════════╗

2025-03-13 13:30:45,818 INFO     ___FILE_ONLY___ ╠═ Installing: Google Cloud CLI Core Libraries (Platform... ═╣

2025-03-13 13:30:45,818 INFO     ___FILE_ONLY___ ╚
2025-03-13 13:30:45,819 INFO     ___FILE_ONLY___ ══════════════════════════════
2025-03-13 13:30:45,819 INFO     ___FILE_ONLY___ ══════════════════════════════
2025-03-13 13:30:45,820 INFO     ___FILE_ONLY___ ╝

2025-03-13 13:30:45,823 INFO     ___FILE_ONLY___ ╔════════════════════════════════════════════════════════════╗

2025-03-13 13:30:45,823 INFO     ___FILE_ONLY___ ╠═ Installing: Google Cloud CRC32C Hash Tool                ═╣

2025-03-13 13:30:45,824 INFO     ___FILE_ONLY___ ╚
2025-03-13 13:30:45,826 INFO     ___FILE_ONLY___ ════════════════════════════════════════════════════════════
2025-03-13 13:30:45,826 INFO     ___FILE_ONLY___ ╝

2025-03-13 13:30:45,827 INFO     ___FILE_ONLY___ ╔════════════════════════════════════════════════════════════╗

2025-03-13 13:30:45,828 INFO     ___FILE_ONLY___ ╠═ Installing: Google Cloud CRC32C Hash Tool (Platform S... ═╣

2025-03-13 13:30:45,828 INFO     ___FILE_ONLY___ ╚
2025-03-13 13:30:45,865 INFO     ___FILE_ONLY___ ══════════════════════════════
2025-03-13 13:30:45,866 INFO     ___FILE_ONLY___ ══════════════════════════════
2025-03-13 13:30:45,866 INFO     ___FILE_ONLY___ ╝

2025-03-13 13:30:45,870 INFO     ___FILE_ONLY___ ╔════════════════════════════════════════════════════════════╗

2025-03-13 13:30:45,870 INFO     ___FILE_ONLY___ ╠═ Installing: gcloud cli dependencies (Platform Specific)  ═╣

2025-03-13 13:30:45,870 INFO     ___FILE_ONLY___ ╚
2025-03-13 13:30:45,871 INFO     ___FILE_ONLY___ ════════════════════════════════════════════════════════════
2025-03-13 13:30:45,871 INFO     ___FILE_ONLY___ ╝

2025-03-13 13:30:45,875 DEBUG    root            Updating notification cache...
2025-03-13 13:30:45,876 INFO     ___FILE_ONLY___ 

2025-03-13 13:30:45,877 INFO     ___FILE_ONLY___ Performing post processing steps...
2025-03-13 13:30:45,878 DEBUG    root            Executing command: ['/tools/google-cloud-sdk/bin/gcloud', 'components', 'post-process']
2025-03-13 13:30:53,361 DEBUG    ___FILE_ONLY___ 
2025-03-13 13:30:53,362 DEBUG    ___FILE_ONLY___ 
2025-03-13 13:30:53,395 INFO     root            descriptor_list: [{'universeDomain': 'googleapis.com', 'universeShortName': '', 'authenticationDomain': 'auth.cloud.google.com', 'projectPrefix': '', 'cloudWebDomain': 'cloud.google.com', 'documentationDomain': 'cloud.google.com', 'version': '1.0.0', 'state': 'primary', 'artifactRegistryDomain': 'pkg.dev'}]
2025-03-13 13:30:53,395 INFO     ___FILE_ONLY___ 
Update done!


2025-03-13 13:30:53,398 DEBUG    root            Chosen display Format:none
2025-03-13 13:30:53,398 INFO     root            Display format: "none"
