2025-03-13 13:30:54,002 DEBUG    root            Loaded Command Group: ['gcloud', 'components']
2025-03-13 13:30:54,004 DEBUG    root            Loaded Command Group: ['gcloud', 'components', 'update']
2025-03-13 13:30:54,006 DEBUG    root            Running [gcloud.components.update] with arguments: [--quiet: "True", COMPONENT-IDS:8: "['gcloud', 'core', 'bq', 'gsutil', 'compute', 'preview', 'alpha', 'beta']"]
2025-03-13 13:30:54,007 INFO     ___FILE_ONLY___ Beginning update. This process may take several minutes.

2025-03-13 13:30:54,015 DEBUG    urllib3.connectionpool Starting new HTTPS connection (1): dl.google.com:443
2025-03-13 13:30:54,973 DEBUG    urllib3.connectionpool https://dl.google.com:443 "GET /dl/cloudsdk/channels/rapid/components-2.json HTTP/11" 200 226132
2025-03-13 13:30:54,986 WARNING  root            Component [compute] no longer exists.
2025-03-13 13:30:54,987 INFO     ___FILE_ONLY___ 

2025-03-13 13:30:54,988 INFO     ___FILE_ONLY___ 
Your current Google Cloud CLI version is: 514.0.0

2025-03-13 13:30:54,988 INFO     ___FILE_ONLY___ Installing components from version: 514.0.0

2025-03-13 13:30:54,988 INFO     ___FILE_ONLY___ 

2025-03-13 13:30:54,988 DEBUG    root            Chosen display Format:table[box,title="These components will be removed."](details.display_name:label=Name:align=left,version.version_string:label=Version:align=right,data.size.size(zero="",min=1048576):label=Size:align=right)
2025-03-13 13:30:54,988 DEBUG    root            Chosen display Format:table[box,title="These components will be updated."](details.display_name:label=Name:align=left,version.version_string:label=Version:align=right,data.size.size(zero="",min=1048576):label=Size:align=right)
2025-03-13 13:30:54,989 DEBUG    root            Chosen display Format:table[box,title="These components will be installed."](details.display_name:label=Name:align=left,version.version_string:label=Version:align=right,data.size.size(zero="",min=1048576):label=Size:align=right)
2025-03-13 13:30:55,002 INFO     ___FILE_ONLY___ ┌────────────────────────────────────────────────┐
2025-03-13 13:30:55,002 INFO     ___FILE_ONLY___ 

2025-03-13 13:30:55,002 INFO     ___FILE_ONLY___ │      These components will be installed.       │
2025-03-13 13:30:55,002 INFO     ___FILE_ONLY___ 

2025-03-13 13:30:55,003 INFO     ___FILE_ONLY___ ├─────────────────────────┬────────────┬─────────┤
2025-03-13 13:30:55,003 INFO     ___FILE_ONLY___ 

2025-03-13 13:30:55,003 INFO     ___FILE_ONLY___ │           Name          │  Version   │   Size  │
2025-03-13 13:30:55,003 INFO     ___FILE_ONLY___ 

2025-03-13 13:30:55,003 INFO     ___FILE_ONLY___ ├─────────────────────────┼────────────┼─────────┤
2025-03-13 13:30:55,003 INFO     ___FILE_ONLY___ 

2025-03-13 13:30:55,003 INFO     ___FILE_ONLY___ │ 
2025-03-13 13:30:55,003 INFO     ___FILE_ONLY___ gcloud Alpha Commands  
2025-03-13 13:30:55,003 INFO     ___FILE_ONLY___  
2025-03-13 13:30:55,003 INFO     ___FILE_ONLY___ │ 
2025-03-13 13:30:55,003 INFO     ___FILE_ONLY___ 2025.03.07
2025-03-13 13:30:55,003 INFO     ___FILE_ONLY___  
2025-03-13 13:30:55,003 INFO     ___FILE_ONLY___ │ 
2025-03-13 13:30:55,003 INFO     ___FILE_ONLY___ < 1 MiB
2025-03-13 13:30:55,003 INFO     ___FILE_ONLY___  
2025-03-13 13:30:55,003 INFO     ___FILE_ONLY___ │
2025-03-13 13:30:55,003 INFO     ___FILE_ONLY___ 

2025-03-13 13:30:55,003 INFO     ___FILE_ONLY___ │ 
2025-03-13 13:30:55,003 INFO     ___FILE_ONLY___ gcloud Beta Commands   
2025-03-13 13:30:55,003 INFO     ___FILE_ONLY___  
2025-03-13 13:30:55,004 INFO     ___FILE_ONLY___ │ 
2025-03-13 13:30:55,004 INFO     ___FILE_ONLY___ 2025.03.07
2025-03-13 13:30:55,004 INFO     ___FILE_ONLY___  
2025-03-13 13:30:55,004 INFO     ___FILE_ONLY___ │ 
2025-03-13 13:30:55,004 INFO     ___FILE_ONLY___ < 1 MiB
2025-03-13 13:30:55,004 INFO     ___FILE_ONLY___  
2025-03-13 13:30:55,004 INFO     ___FILE_ONLY___ │
2025-03-13 13:30:55,004 INFO     ___FILE_ONLY___ 

2025-03-13 13:30:55,004 INFO     ___FILE_ONLY___ │ 
2025-03-13 13:30:55,004 INFO     ___FILE_ONLY___ gcloud Preview Commands
2025-03-13 13:30:55,004 INFO     ___FILE_ONLY___  
2025-03-13 13:30:55,004 INFO     ___FILE_ONLY___ │ 
2025-03-13 13:30:55,004 INFO     ___FILE_ONLY___           
2025-03-13 13:30:55,004 INFO     ___FILE_ONLY___  
2025-03-13 13:30:55,004 INFO     ___FILE_ONLY___ │ 
2025-03-13 13:30:55,004 INFO     ___FILE_ONLY___ < 1 MiB
2025-03-13 13:30:55,004 INFO     ___FILE_ONLY___  
2025-03-13 13:30:55,004 INFO     ___FILE_ONLY___ │
2025-03-13 13:30:55,004 INFO     ___FILE_ONLY___ 

2025-03-13 13:30:55,004 INFO     ___FILE_ONLY___ └─────────────────────────┴────────────┴─────────┘
2025-03-13 13:30:55,004 INFO     ___FILE_ONLY___ 

2025-03-13 13:30:55,004 INFO     ___FILE_ONLY___ 

2025-03-13 13:30:55,008 DEBUG    urllib3.connectionpool Starting new HTTPS connection (1): dl.google.com:443
2025-03-13 13:30:55,185 DEBUG    urllib3.connectionpool https://dl.google.com:443 "GET /dl/cloudsdk/channels/rapid/RELEASE_NOTES HTTP/11" 200 1377050
2025-03-13 13:30:55,638 INFO     ___FILE_ONLY___ For the latest full release notes, please visit:
  https://cloud.google.com/sdk/release_notes


2025-03-13 13:30:55,639 INFO     ___FILE_ONLY___ Performing in place update...


2025-03-13 13:30:55,641 INFO     ___FILE_ONLY___ ╔════════════════════════════════════════════════════════════╗

2025-03-13 13:30:55,641 INFO     ___FILE_ONLY___ ╠═ Downloading: gcloud Alpha Commands                       ═╣

2025-03-13 13:30:55,641 INFO     ___FILE_ONLY___ ╚
2025-03-13 13:30:55,644 DEBUG    urllib3.connectionpool Starting new HTTPS connection (1): dl.google.com:443
2025-03-13 13:30:56,740 DEBUG    urllib3.connectionpool https://dl.google.com:443 "GET /dl/cloudsdk/channels/rapid/components/google-cloud-sdk-alpha-20250307152352.tar.gz HTTP/11" 200 800
2025-03-13 13:30:56,741 INFO     ___FILE_ONLY___ ════════════════════════════════════════════════════════════
2025-03-13 13:30:56,741 INFO     ___FILE_ONLY___ ╝

2025-03-13 13:30:56,743 INFO     ___FILE_ONLY___ ╔════════════════════════════════════════════════════════════╗

2025-03-13 13:30:56,743 INFO     ___FILE_ONLY___ ╠═ Downloading: gcloud Beta Commands                        ═╣

2025-03-13 13:30:56,743 INFO     ___FILE_ONLY___ ╚
2025-03-13 13:30:56,746 DEBUG    urllib3.connectionpool Starting new HTTPS connection (1): dl.google.com:443
2025-03-13 13:30:57,709 DEBUG    urllib3.connectionpool https://dl.google.com:443 "GET /dl/cloudsdk/channels/rapid/components/google-cloud-sdk-beta-20250307152352.tar.gz HTTP/11" 200 797
2025-03-13 13:30:57,709 INFO     ___FILE_ONLY___ ════════════════════════════════════════════════════════════
2025-03-13 13:30:57,710 INFO     ___FILE_ONLY___ ╝

2025-03-13 13:30:57,712 INFO     ___FILE_ONLY___ ╔════════════════════════════════════════════════════════════╗

2025-03-13 13:30:57,712 INFO     ___FILE_ONLY___ ╠═ Downloading: gcloud Preview Commands                     ═╣

2025-03-13 13:30:57,712 INFO     ___FILE_ONLY___ ╚
2025-03-13 13:30:57,715 DEBUG    urllib3.connectionpool Starting new HTTPS connection (1): dl.google.com:443
2025-03-13 13:30:58,637 DEBUG    urllib3.connectionpool https://dl.google.com:443 "GET /dl/cloudsdk/channels/rapid/components/google-cloud-sdk-preview-20241115154308.tar.gz HTTP/11" 200 823
2025-03-13 13:30:58,637 INFO     ___FILE_ONLY___ ════════════════════════════════════════════════════════════
2025-03-13 13:30:58,638 INFO     ___FILE_ONLY___ ╝

2025-03-13 13:30:58,639 INFO     ___FILE_ONLY___ ╔════════════════════════════════════════════════════════════╗

2025-03-13 13:30:58,640 INFO     ___FILE_ONLY___ ╠═ Installing: gcloud Alpha Commands                        ═╣

2025-03-13 13:30:58,640 INFO     ___FILE_ONLY___ ╚
2025-03-13 13:30:58,640 INFO     ___FILE_ONLY___ ════════════════════════════════════════════════════════════
2025-03-13 13:30:58,641 INFO     ___FILE_ONLY___ ╝

2025-03-13 13:30:58,645 INFO     ___FILE_ONLY___ ╔════════════════════════════════════════════════════════════╗

2025-03-13 13:30:58,646 INFO     ___FILE_ONLY___ ╠═ Installing: gcloud Beta Commands                         ═╣

2025-03-13 13:30:58,646 INFO     ___FILE_ONLY___ ╚
2025-03-13 13:30:58,646 INFO     ___FILE_ONLY___ ════════════════════════════════════════════════════════════
2025-03-13 13:30:58,646 INFO     ___FILE_ONLY___ ╝

2025-03-13 13:30:58,651 INFO     ___FILE_ONLY___ ╔════════════════════════════════════════════════════════════╗

2025-03-13 13:30:58,651 INFO     ___FILE_ONLY___ ╠═ Installing: gcloud Preview Commands                      ═╣

2025-03-13 13:30:58,651 INFO     ___FILE_ONLY___ ╚
2025-03-13 13:30:58,652 INFO     ___FILE_ONLY___ ════════════════════════════════════════════════════════════
2025-03-13 13:30:58,652 INFO     ___FILE_ONLY___ ╝

2025-03-13 13:30:58,657 DEBUG    root            Updating notification cache...
2025-03-13 13:30:58,657 INFO     ___FILE_ONLY___ 

2025-03-13 13:30:58,659 INFO     ___FILE_ONLY___ Performing post processing steps...
2025-03-13 13:30:58,659 DEBUG    root            Executing command: ['/tools/google-cloud-sdk/bin/gcloud', 'components', 'post-process']
2025-03-13 13:31:07,089 DEBUG    ___FILE_ONLY___ 
2025-03-13 13:31:07,089 DEBUG    ___FILE_ONLY___ 
2025-03-13 13:31:07,169 INFO     root            descriptor_list: [{'universeDomain': 'googleapis.com', 'universeShortName': '', 'authenticationDomain': 'auth.cloud.google.com', 'projectPrefix': '', 'cloudWebDomain': 'cloud.google.com', 'documentationDomain': 'cloud.google.com', 'version': '1.0.0', 'state': 'primary', 'artifactRegistryDomain': 'pkg.dev'}]
2025-03-13 13:31:07,170 INFO     ___FILE_ONLY___ 
Update done!


2025-03-13 13:31:07,172 DEBUG    root            Chosen display Format:none
2025-03-13 13:31:07,172 INFO     root            Display format: "none"
