2025-01-29 14:18:11,909 DEBUG    root            Loaded Command Group: ['gcloud', 'components']
2025-01-29 14:18:11,913 DEBUG    root            Loaded Command Group: ['gcloud', 'components', 'update']
2025-01-29 14:18:11,915 DEBUG    root            Running [gcloud.components.update] with arguments: [--compile-python: "True", --quiet: "True", COMPONENT-IDS:6: "['core', 'gcloud-deps', 'bq', 'gcloud', 'gcloud-crc32c', 'gsutil']"]
2025-01-29 14:18:11,916 INFO     ___FILE_ONLY___ Beginning update. This process may take several minutes.

2025-01-29 14:18:11,952 DEBUG    urllib3.connectionpool Starting new HTTPS connection (1): dl.google.com:443
2025-01-29 14:18:12,130 DEBUG    urllib3.connectionpool https://dl.google.com:443 "GET /dl/cloudsdk/channels/rapid/components-2.json HTTP/1.1" 200 227832
2025-01-29 14:18:12,142 INFO     ___FILE_ONLY___ 

2025-01-29 14:18:12,143 INFO     ___FILE_ONLY___ 
Your current Google Cloud CLI version is: 508.0.0

2025-01-29 14:18:12,143 INFO     ___FILE_ONLY___ Installing components from version: 508.0.0

2025-01-29 14:18:12,143 INFO     ___FILE_ONLY___ 

2025-01-29 14:18:12,143 DEBUG    root            Chosen display Format:table[box,title="These components will be removed."](details.display_name:label=Name:align=left,version.version_string:label=Version:align=right,data.size.size(zero="",min=1048576):label=Size:align=right)
2025-01-29 14:18:12,144 DEBUG    root            Chosen display Format:table[box,title="These components will be updated."](details.display_name:label=Name:align=left,version.version_string:label=Version:align=right,data.size.size(zero="",min=1048576):label=Size:align=right)
2025-01-29 14:18:12,144 DEBUG    root            Chosen display Format:table[box,title="These components will be installed."](details.display_name:label=Name:align=left,version.version_string:label=Version:align=right,data.size.size(zero="",min=1048576):label=Size:align=right)
2025-01-29 14:18:12,181 INFO     ___FILE_ONLY___ ┌─────────────────────────────────────────────────────────────────────────────┐
2025-01-29 14:18:12,181 INFO     ___FILE_ONLY___ 

2025-01-29 14:18:12,181 INFO     ___FILE_ONLY___ │                     These components will be installed.                     │
2025-01-29 14:18:12,181 INFO     ___FILE_ONLY___ 

2025-01-29 14:18:12,181 INFO     ___FILE_ONLY___ ├─────────────────────────────────────────────────────┬────────────┬──────────┤
2025-01-29 14:18:12,181 INFO     ___FILE_ONLY___ 

2025-01-29 14:18:12,181 INFO     ___FILE_ONLY___ │                         Name                        │  Version   │   Size   │
2025-01-29 14:18:12,181 INFO     ___FILE_ONLY___ 

2025-01-29 14:18:12,181 INFO     ___FILE_ONLY___ ├─────────────────────────────────────────────────────┼────────────┼──────────┤
2025-01-29 14:18:12,182 INFO     ___FILE_ONLY___ 

2025-01-29 14:18:12,182 INFO     ___FILE_ONLY___ │ 
2025-01-29 14:18:12,182 INFO     ___FILE_ONLY___ BigQuery Command Line Tool                         
2025-01-29 14:18:12,182 INFO     ___FILE_ONLY___  
2025-01-29 14:18:12,182 INFO     ___FILE_ONLY___ │ 
2025-01-29 14:18:12,182 INFO     ___FILE_ONLY___     2.1.12
2025-01-29 14:18:12,182 INFO     ___FILE_ONLY___  
2025-01-29 14:18:12,182 INFO     ___FILE_ONLY___ │ 
2025-01-29 14:18:12,182 INFO     ___FILE_ONLY___  1.8 MiB
2025-01-29 14:18:12,182 INFO     ___FILE_ONLY___  
2025-01-29 14:18:12,182 INFO     ___FILE_ONLY___ │
2025-01-29 14:18:12,182 INFO     ___FILE_ONLY___ 

2025-01-29 14:18:12,182 INFO     ___FILE_ONLY___ │ 
2025-01-29 14:18:12,182 INFO     ___FILE_ONLY___ BigQuery Command Line Tool (Platform Specific)     
2025-01-29 14:18:12,182 INFO     ___FILE_ONLY___  
2025-01-29 14:18:12,182 INFO     ___FILE_ONLY___ │ 
2025-01-29 14:18:12,182 INFO     ___FILE_ONLY___      2.1.8
2025-01-29 14:18:12,182 INFO     ___FILE_ONLY___  
2025-01-29 14:18:12,182 INFO     ___FILE_ONLY___ │ 
2025-01-29 14:18:12,182 INFO     ___FILE_ONLY___  < 1 MiB
2025-01-29 14:18:12,182 INFO     ___FILE_ONLY___  
2025-01-29 14:18:12,183 INFO     ___FILE_ONLY___ │
2025-01-29 14:18:12,183 INFO     ___FILE_ONLY___ 

2025-01-29 14:18:12,183 INFO     ___FILE_ONLY___ │ 
2025-01-29 14:18:12,183 INFO     ___FILE_ONLY___ Bundled Python 3.11 (Platform Specific)            
2025-01-29 14:18:12,183 INFO     ___FILE_ONLY___  
2025-01-29 14:18:12,183 INFO     ___FILE_ONLY___ │ 
2025-01-29 14:18:12,183 INFO     ___FILE_ONLY___     3.11.9
2025-01-29 14:18:12,183 INFO     ___FILE_ONLY___  
2025-01-29 14:18:12,183 INFO     ___FILE_ONLY___ │ 
2025-01-29 14:18:12,183 INFO     ___FILE_ONLY___ 74.4 MiB
2025-01-29 14:18:12,183 INFO     ___FILE_ONLY___  
2025-01-29 14:18:12,183 INFO     ___FILE_ONLY___ │
2025-01-29 14:18:12,183 INFO     ___FILE_ONLY___ 

2025-01-29 14:18:12,183 INFO     ___FILE_ONLY___ │ 
2025-01-29 14:18:12,183 INFO     ___FILE_ONLY___ Cloud Storage Command Line Tool                    
2025-01-29 14:18:12,183 INFO     ___FILE_ONLY___  
2025-01-29 14:18:12,183 INFO     ___FILE_ONLY___ │ 
2025-01-29 14:18:12,183 INFO     ___FILE_ONLY___       5.33
2025-01-29 14:18:12,183 INFO     ___FILE_ONLY___  
2025-01-29 14:18:12,183 INFO     ___FILE_ONLY___ │ 
2025-01-29 14:18:12,183 INFO     ___FILE_ONLY___ 11.8 MiB
2025-01-29 14:18:12,184 INFO     ___FILE_ONLY___  
2025-01-29 14:18:12,184 INFO     ___FILE_ONLY___ │
2025-01-29 14:18:12,184 INFO     ___FILE_ONLY___ 

2025-01-29 14:18:12,184 INFO     ___FILE_ONLY___ │ 
2025-01-29 14:18:12,184 INFO     ___FILE_ONLY___ Cloud Storage Command Line Tool (Platform Specific)
2025-01-29 14:18:12,184 INFO     ___FILE_ONLY___  
2025-01-29 14:18:12,184 INFO     ___FILE_ONLY___ │ 
2025-01-29 14:18:12,184 INFO     ___FILE_ONLY___       5.30
2025-01-29 14:18:12,184 INFO     ___FILE_ONLY___  
2025-01-29 14:18:12,184 INFO     ___FILE_ONLY___ │ 
2025-01-29 14:18:12,184 INFO     ___FILE_ONLY___  < 1 MiB
2025-01-29 14:18:12,184 INFO     ___FILE_ONLY___  
2025-01-29 14:18:12,184 INFO     ___FILE_ONLY___ │
2025-01-29 14:18:12,184 INFO     ___FILE_ONLY___ 

2025-01-29 14:18:12,184 INFO     ___FILE_ONLY___ │ 
2025-01-29 14:18:12,184 INFO     ___FILE_ONLY___ Google Cloud CLI Core Libraries (Platform Specific)
2025-01-29 14:18:12,184 INFO     ___FILE_ONLY___  
2025-01-29 14:18:12,184 INFO     ___FILE_ONLY___ │ 
2025-01-29 14:18:12,184 INFO     ___FILE_ONLY___ 2024.08.30
2025-01-29 14:18:12,184 INFO     ___FILE_ONLY___  
2025-01-29 14:18:12,184 INFO     ___FILE_ONLY___ │ 
2025-01-29 14:18:12,184 INFO     ___FILE_ONLY___  < 1 MiB
2025-01-29 14:18:12,184 INFO     ___FILE_ONLY___  
2025-01-29 14:18:12,185 INFO     ___FILE_ONLY___ │
2025-01-29 14:18:12,185 INFO     ___FILE_ONLY___ 

2025-01-29 14:18:12,185 INFO     ___FILE_ONLY___ │ 
2025-01-29 14:18:12,185 INFO     ___FILE_ONLY___ Google Cloud CRC32C Hash Tool (Platform Specific)  
2025-01-29 14:18:12,185 INFO     ___FILE_ONLY___  
2025-01-29 14:18:12,185 INFO     ___FILE_ONLY___ │ 
2025-01-29 14:18:12,185 INFO     ___FILE_ONLY___      1.0.0
2025-01-29 14:18:12,185 INFO     ___FILE_ONLY___  
2025-01-29 14:18:12,185 INFO     ___FILE_ONLY___ │ 
2025-01-29 14:18:12,185 INFO     ___FILE_ONLY___  1.4 MiB
2025-01-29 14:18:12,185 INFO     ___FILE_ONLY___  
2025-01-29 14:18:12,185 INFO     ___FILE_ONLY___ │
2025-01-29 14:18:12,185 INFO     ___FILE_ONLY___ 

2025-01-29 14:18:12,185 INFO     ___FILE_ONLY___ │ 
2025-01-29 14:18:12,185 INFO     ___FILE_ONLY___ gcloud cli dependencies (Platform Specific)        
2025-01-29 14:18:12,185 INFO     ___FILE_ONLY___  
2025-01-29 14:18:12,185 INFO     ___FILE_ONLY___ │ 
2025-01-29 14:18:12,185 INFO     ___FILE_ONLY___ 2021.04.16
2025-01-29 14:18:12,185 INFO     ___FILE_ONLY___  
2025-01-29 14:18:12,185 INFO     ___FILE_ONLY___ │ 
2025-01-29 14:18:12,185 INFO     ___FILE_ONLY___  < 1 MiB
2025-01-29 14:18:12,186 INFO     ___FILE_ONLY___  
2025-01-29 14:18:12,186 INFO     ___FILE_ONLY___ │
2025-01-29 14:18:12,186 INFO     ___FILE_ONLY___ 

2025-01-29 14:18:12,186 INFO     ___FILE_ONLY___ └─────────────────────────────────────────────────────┴────────────┴──────────┘
2025-01-29 14:18:12,186 INFO     ___FILE_ONLY___ 

2025-01-29 14:18:12,186 INFO     ___FILE_ONLY___ 

2025-01-29 14:18:12,189 DEBUG    urllib3.connectionpool Starting new HTTPS connection (1): dl.google.com:443
2025-01-29 14:18:12,343 DEBUG    urllib3.connectionpool https://dl.google.com:443 "GET /dl/cloudsdk/channels/rapid/RELEASE_NOTES HTTP/1.1" 200 1347594
2025-01-29 14:18:12,386 INFO     ___FILE_ONLY___ For the latest full release notes, please visit:
  https://cloud.google.com/sdk/release_notes


2025-01-29 14:18:12,387 INFO     ___FILE_ONLY___ Performing in place update...


2025-01-29 14:18:12,390 INFO     ___FILE_ONLY___ ╔════════════════════════════════════════════════════════════╗

2025-01-29 14:18:12,390 INFO     ___FILE_ONLY___ ╠═ Downloading: BigQuery Command Line Tool                  ═╣

2025-01-29 14:18:12,390 INFO     ___FILE_ONLY___ ╚
2025-01-29 14:18:12,393 DEBUG    urllib3.connectionpool Starting new HTTPS connection (1): dl.google.com:443
2025-01-29 14:18:12,569 DEBUG    urllib3.connectionpool https://dl.google.com:443 "GET /dl/cloudsdk/channels/rapid/components/google-cloud-sdk-bq-20250117151628.tar.gz HTTP/1.1" 200 1853621
2025-01-29 14:18:12,584 INFO     ___FILE_ONLY___ ═
2025-01-29 14:18:12,584 INFO     ___FILE_ONLY___ ═
2025-01-29 14:18:12,584 INFO     ___FILE_ONLY___ ═
2025-01-29 14:18:12,584 INFO     ___FILE_ONLY___ ═
2025-01-29 14:18:12,584 INFO     ___FILE_ONLY___ ═
2025-01-29 14:18:12,584 INFO     ___FILE_ONLY___ ═
2025-01-29 14:18:12,584 INFO     ___FILE_ONLY___ ═
2025-01-29 14:18:12,584 INFO     ___FILE_ONLY___ ═
2025-01-29 14:18:12,584 INFO     ___FILE_ONLY___ ═
2025-01-29 14:18:12,584 INFO     ___FILE_ONLY___ ═
2025-01-29 14:18:12,585 INFO     ___FILE_ONLY___ ═
2025-01-29 14:18:12,585 INFO     ___FILE_ONLY___ ═
2025-01-29 14:18:12,585 INFO     ___FILE_ONLY___ ═
2025-01-29 14:18:12,585 INFO     ___FILE_ONLY___ ═
2025-01-29 14:18:12,585 INFO     ___FILE_ONLY___ ═
2025-01-29 14:18:12,585 INFO     ___FILE_ONLY___ ═
2025-01-29 14:18:12,585 INFO     ___FILE_ONLY___ ═
2025-01-29 14:18:12,585 INFO     ___FILE_ONLY___ ═
2025-01-29 14:18:12,585 INFO     ___FILE_ONLY___ ═
2025-01-29 14:18:12,585 INFO     ___FILE_ONLY___ ═
2025-01-29 14:18:12,585 INFO     ___FILE_ONLY___ ═
2025-01-29 14:18:12,586 INFO     ___FILE_ONLY___ ═
2025-01-29 14:18:12,586 INFO     ___FILE_ONLY___ ═
2025-01-29 14:18:12,586 INFO     ___FILE_ONLY___ ═
2025-01-29 14:18:12,586 INFO     ___FILE_ONLY___ ═
2025-01-29 14:18:12,586 INFO     ___FILE_ONLY___ ═
2025-01-29 14:18:12,586 INFO     ___FILE_ONLY___ ═
2025-01-29 14:18:12,586 INFO     ___FILE_ONLY___ ═
2025-01-29 14:18:12,586 INFO     ___FILE_ONLY___ ═
2025-01-29 14:18:12,586 INFO     ___FILE_ONLY___ ═
2025-01-29 14:18:12,586 INFO     ___FILE_ONLY___ ═
2025-01-29 14:18:12,586 INFO     ___FILE_ONLY___ ═
2025-01-29 14:18:12,586 INFO     ___FILE_ONLY___ ═
2025-01-29 14:18:12,587 INFO     ___FILE_ONLY___ ═
2025-01-29 14:18:12,587 INFO     ___FILE_ONLY___ ═
2025-01-29 14:18:12,587 INFO     ___FILE_ONLY___ ═
2025-01-29 14:18:12,587 INFO     ___FILE_ONLY___ ═
2025-01-29 14:18:12,587 INFO     ___FILE_ONLY___ ═
2025-01-29 14:18:12,587 INFO     ___FILE_ONLY___ ═
2025-01-29 14:18:12,587 INFO     ___FILE_ONLY___ ═
2025-01-29 14:18:12,587 INFO     ___FILE_ONLY___ ═
2025-01-29 14:18:12,587 INFO     ___FILE_ONLY___ ═
2025-01-29 14:18:12,587 INFO     ___FILE_ONLY___ ═
2025-01-29 14:18:12,587 INFO     ___FILE_ONLY___ ═
2025-01-29 14:18:12,588 INFO     ___FILE_ONLY___ ═
2025-01-29 14:18:12,588 INFO     ___FILE_ONLY___ ═
2025-01-29 14:18:12,588 INFO     ___FILE_ONLY___ ═
2025-01-29 14:18:12,588 INFO     ___FILE_ONLY___ ═
2025-01-29 14:18:12,588 INFO     ___FILE_ONLY___ ═
2025-01-29 14:18:12,588 INFO     ___FILE_ONLY___ ═
2025-01-29 14:18:12,588 INFO     ___FILE_ONLY___ ═
2025-01-29 14:18:12,588 INFO     ___FILE_ONLY___ ═
2025-01-29 14:18:12,588 INFO     ___FILE_ONLY___ ═
2025-01-29 14:18:12,588 INFO     ___FILE_ONLY___ ═
2025-01-29 14:18:12,588 INFO     ___FILE_ONLY___ ═
2025-01-29 14:18:12,588 INFO     ___FILE_ONLY___ ═
2025-01-29 14:18:12,589 INFO     ___FILE_ONLY___ ═
2025-01-29 14:18:12,589 INFO     ___FILE_ONLY___ ═
2025-01-29 14:18:12,589 INFO     ___FILE_ONLY___ ═
2025-01-29 14:18:12,589 INFO     ___FILE_ONLY___ ═
2025-01-29 14:18:12,589 INFO     ___FILE_ONLY___ ╝

2025-01-29 14:18:12,591 INFO     ___FILE_ONLY___ ╔════════════════════════════════════════════════════════════╗

2025-01-29 14:18:12,591 INFO     ___FILE_ONLY___ ╠═ Downloading: BigQuery Command Line Tool (Platform Spe... ═╣

2025-01-29 14:18:12,591 INFO     ___FILE_ONLY___ ╚
2025-01-29 14:18:12,594 DEBUG    urllib3.connectionpool Starting new HTTPS connection (1): dl.google.com:443
2025-01-29 14:18:12,749 DEBUG    urllib3.connectionpool https://dl.google.com:443 "GET /dl/cloudsdk/channels/rapid/components/google-cloud-sdk-bq-nix-20240830134514.tar.gz HTTP/1.1" 200 1914
2025-01-29 14:18:12,754 INFO     ___FILE_ONLY___ ════════════════════════════════════════════════════════════
2025-01-29 14:18:12,754 INFO     ___FILE_ONLY___ ╝

2025-01-29 14:18:12,756 INFO     ___FILE_ONLY___ ╔════════════════════════════════════════════════════════════╗

2025-01-29 14:18:12,756 INFO     ___FILE_ONLY___ ╠═ Downloading: Bundled Python 3.11                         ═╣

2025-01-29 14:18:12,756 INFO     ___FILE_ONLY___ ╚
2025-01-29 14:18:12,756 INFO     ___FILE_ONLY___ ════════════════════════════════════════════════════════════
2025-01-29 14:18:12,756 INFO     ___FILE_ONLY___ ╝

2025-01-29 14:18:12,758 INFO     ___FILE_ONLY___ ╔════════════════════════════════════════════════════════════╗

2025-01-29 14:18:12,758 INFO     ___FILE_ONLY___ ╠═ Downloading: Bundled Python 3.11 (Platform Specific)     ═╣

2025-01-29 14:18:12,758 INFO     ___FILE_ONLY___ ╚
2025-01-29 14:18:12,761 DEBUG    urllib3.connectionpool Starting new HTTPS connection (1): dl.google.com:443
2025-01-29 14:18:12,911 DEBUG    urllib3.connectionpool https://dl.google.com:443 "GET /dl/cloudsdk/channels/rapid/components/google-cloud-sdk-bundled-python3-unix-linux-x86_64-20240920144119.tar.gz HTTP/1.1" 200 78001783
2025-01-29 14:18:13,164 INFO     ___FILE_ONLY___ ═
2025-01-29 14:18:13,166 INFO     ___FILE_ONLY___ ═
2025-01-29 14:18:13,167 INFO     ___FILE_ONLY___ ═
2025-01-29 14:18:13,169 INFO     ___FILE_ONLY___ ═
2025-01-29 14:18:13,170 INFO     ___FILE_ONLY___ ═
2025-01-29 14:18:13,172 INFO     ___FILE_ONLY___ ═
2025-01-29 14:18:13,173 INFO     ___FILE_ONLY___ ═
2025-01-29 14:18:13,175 INFO     ___FILE_ONLY___ ═
2025-01-29 14:18:13,176 INFO     ___FILE_ONLY___ ═
2025-01-29 14:18:13,177 INFO     ___FILE_ONLY___ ═
2025-01-29 14:18:13,179 INFO     ___FILE_ONLY___ ═
2025-01-29 14:18:13,180 INFO     ___FILE_ONLY___ ═
2025-01-29 14:18:13,182 INFO     ___FILE_ONLY___ ═
2025-01-29 14:18:13,183 INFO     ___FILE_ONLY___ ═
2025-01-29 14:18:13,185 INFO     ___FILE_ONLY___ ═
2025-01-29 14:18:13,186 INFO     ___FILE_ONLY___ ═
2025-01-29 14:18:13,188 INFO     ___FILE_ONLY___ ═
2025-01-29 14:18:13,189 INFO     ___FILE_ONLY___ ═
2025-01-29 14:18:13,191 INFO     ___FILE_ONLY___ ═
2025-01-29 14:18:13,192 INFO     ___FILE_ONLY___ ═
2025-01-29 14:18:13,193 INFO     ___FILE_ONLY___ ═
2025-01-29 14:18:13,195 INFO     ___FILE_ONLY___ ═
2025-01-29 14:18:13,196 INFO     ___FILE_ONLY___ ═
2025-01-29 14:18:13,198 INFO     ___FILE_ONLY___ ═
2025-01-29 14:18:13,199 INFO     ___FILE_ONLY___ ═
2025-01-29 14:18:13,201 INFO     ___FILE_ONLY___ ═
2025-01-29 14:18:13,202 INFO     ___FILE_ONLY___ ═
2025-01-29 14:18:13,203 INFO     ___FILE_ONLY___ ═
2025-01-29 14:18:13,205 INFO     ___FILE_ONLY___ ═
2025-01-29 14:18:13,206 INFO     ___FILE_ONLY___ ═
2025-01-29 14:18:13,208 INFO     ___FILE_ONLY___ ═
2025-01-29 14:18:13,209 INFO     ___FILE_ONLY___ ═
2025-01-29 14:18:13,210 INFO     ___FILE_ONLY___ ═
2025-01-29 14:18:13,212 INFO     ___FILE_ONLY___ ═
2025-01-29 14:18:13,213 INFO     ___FILE_ONLY___ ═
2025-01-29 14:18:13,215 INFO     ___FILE_ONLY___ ═
2025-01-29 14:18:13,216 INFO     ___FILE_ONLY___ ═
2025-01-29 14:18:13,218 INFO     ___FILE_ONLY___ ═
2025-01-29 14:18:13,219 INFO     ___FILE_ONLY___ ═
2025-01-29 14:18:13,221 INFO     ___FILE_ONLY___ ═
2025-01-29 14:18:13,222 INFO     ___FILE_ONLY___ ═
2025-01-29 14:18:13,223 INFO     ___FILE_ONLY___ ═
2025-01-29 14:18:13,225 INFO     ___FILE_ONLY___ ═
2025-01-29 14:18:13,226 INFO     ___FILE_ONLY___ ═
2025-01-29 14:18:13,228 INFO     ___FILE_ONLY___ ═
2025-01-29 14:18:13,229 INFO     ___FILE_ONLY___ ═
2025-01-29 14:18:13,231 INFO     ___FILE_ONLY___ ═
2025-01-29 14:18:13,232 INFO     ___FILE_ONLY___ ═
2025-01-29 14:18:13,234 INFO     ___FILE_ONLY___ ═
2025-01-29 14:18:13,235 INFO     ___FILE_ONLY___ ═
2025-01-29 14:18:13,236 INFO     ___FILE_ONLY___ ═
2025-01-29 14:18:13,238 INFO     ___FILE_ONLY___ ═
2025-01-29 14:18:13,239 INFO     ___FILE_ONLY___ ═
2025-01-29 14:18:13,241 INFO     ___FILE_ONLY___ ═
2025-01-29 14:18:13,242 INFO     ___FILE_ONLY___ ═
2025-01-29 14:18:13,243 INFO     ___FILE_ONLY___ ═
2025-01-29 14:18:13,245 INFO     ___FILE_ONLY___ ═
2025-01-29 14:18:13,246 INFO     ___FILE_ONLY___ ═
2025-01-29 14:18:13,248 INFO     ___FILE_ONLY___ ═
2025-01-29 14:18:13,249 INFO     ___FILE_ONLY___ ═
2025-01-29 14:18:13,249 INFO     ___FILE_ONLY___ ╝

2025-01-29 14:18:13,253 INFO     ___FILE_ONLY___ ╔════════════════════════════════════════════════════════════╗

2025-01-29 14:18:13,254 INFO     ___FILE_ONLY___ ╠═ Downloading: Cloud Storage Command Line Tool             ═╣

2025-01-29 14:18:13,254 INFO     ___FILE_ONLY___ ╚
2025-01-29 14:18:13,257 DEBUG    urllib3.connectionpool Starting new HTTPS connection (1): dl.google.com:443
2025-01-29 14:18:13,410 DEBUG    urllib3.connectionpool https://dl.google.com:443 "GET /dl/cloudsdk/channels/rapid/components/google-cloud-sdk-gsutil-20241213184646.tar.gz HTTP/1.1" 200 12368759
2025-01-29 14:18:13,452 INFO     ___FILE_ONLY___ ═
2025-01-29 14:18:13,452 INFO     ___FILE_ONLY___ ═
2025-01-29 14:18:13,453 INFO     ___FILE_ONLY___ ═
2025-01-29 14:18:13,453 INFO     ___FILE_ONLY___ ═
2025-01-29 14:18:13,453 INFO     ___FILE_ONLY___ ═
2025-01-29 14:18:13,454 INFO     ___FILE_ONLY___ ═
2025-01-29 14:18:13,454 INFO     ___FILE_ONLY___ ═
2025-01-29 14:18:13,454 INFO     ___FILE_ONLY___ ═
2025-01-29 14:18:13,455 INFO     ___FILE_ONLY___ ═
2025-01-29 14:18:13,455 INFO     ___FILE_ONLY___ ═
2025-01-29 14:18:13,455 INFO     ___FILE_ONLY___ ═
2025-01-29 14:18:13,455 INFO     ___FILE_ONLY___ ═
2025-01-29 14:18:13,456 INFO     ___FILE_ONLY___ ═
2025-01-29 14:18:13,456 INFO     ___FILE_ONLY___ ═
2025-01-29 14:18:13,456 INFO     ___FILE_ONLY___ ═
2025-01-29 14:18:13,457 INFO     ___FILE_ONLY___ ═
2025-01-29 14:18:13,457 INFO     ___FILE_ONLY___ ═
2025-01-29 14:18:13,457 INFO     ___FILE_ONLY___ ═
2025-01-29 14:18:13,458 INFO     ___FILE_ONLY___ ═
2025-01-29 14:18:13,458 INFO     ___FILE_ONLY___ ═
2025-01-29 14:18:13,458 INFO     ___FILE_ONLY___ ═
2025-01-29 14:18:13,458 INFO     ___FILE_ONLY___ ═
2025-01-29 14:18:13,459 INFO     ___FILE_ONLY___ ═
2025-01-29 14:18:13,459 INFO     ___FILE_ONLY___ ═
2025-01-29 14:18:13,459 INFO     ___FILE_ONLY___ ═
2025-01-29 14:18:13,460 INFO     ___FILE_ONLY___ ═
2025-01-29 14:18:13,460 INFO     ___FILE_ONLY___ ═
2025-01-29 14:18:13,460 INFO     ___FILE_ONLY___ ═
2025-01-29 14:18:13,460 INFO     ___FILE_ONLY___ ═
2025-01-29 14:18:13,461 INFO     ___FILE_ONLY___ ═
2025-01-29 14:18:13,461 INFO     ___FILE_ONLY___ ═
2025-01-29 14:18:13,461 INFO     ___FILE_ONLY___ ═
2025-01-29 14:18:13,461 INFO     ___FILE_ONLY___ ═
2025-01-29 14:18:13,462 INFO     ___FILE_ONLY___ ═
2025-01-29 14:18:13,462 INFO     ___FILE_ONLY___ ═
2025-01-29 14:18:13,462 INFO     ___FILE_ONLY___ ═
2025-01-29 14:18:13,463 INFO     ___FILE_ONLY___ ═
2025-01-29 14:18:13,463 INFO     ___FILE_ONLY___ ═
2025-01-29 14:18:13,463 INFO     ___FILE_ONLY___ ═
2025-01-29 14:18:13,463 INFO     ___FILE_ONLY___ ═
2025-01-29 14:18:13,464 INFO     ___FILE_ONLY___ ═
2025-01-29 14:18:13,464 INFO     ___FILE_ONLY___ ═
2025-01-29 14:18:13,464 INFO     ___FILE_ONLY___ ═
2025-01-29 14:18:13,465 INFO     ___FILE_ONLY___ ═
2025-01-29 14:18:13,465 INFO     ___FILE_ONLY___ ═
2025-01-29 14:18:13,465 INFO     ___FILE_ONLY___ ═
2025-01-29 14:18:13,465 INFO     ___FILE_ONLY___ ═
2025-01-29 14:18:13,466 INFO     ___FILE_ONLY___ ═
2025-01-29 14:18:13,466 INFO     ___FILE_ONLY___ ═
2025-01-29 14:18:13,466 INFO     ___FILE_ONLY___ ═
2025-01-29 14:18:13,467 INFO     ___FILE_ONLY___ ═
2025-01-29 14:18:13,467 INFO     ___FILE_ONLY___ ═
2025-01-29 14:18:13,467 INFO     ___FILE_ONLY___ ═
2025-01-29 14:18:13,467 INFO     ___FILE_ONLY___ ═
2025-01-29 14:18:13,468 INFO     ___FILE_ONLY___ ═
2025-01-29 14:18:13,468 INFO     ___FILE_ONLY___ ═
2025-01-29 14:18:13,468 INFO     ___FILE_ONLY___ ═
2025-01-29 14:18:13,469 INFO     ___FILE_ONLY___ ═
2025-01-29 14:18:13,469 INFO     ___FILE_ONLY___ ═
2025-01-29 14:18:13,469 INFO     ___FILE_ONLY___ ═
2025-01-29 14:18:13,469 INFO     ___FILE_ONLY___ ╝

2025-01-29 14:18:13,471 INFO     ___FILE_ONLY___ ╔════════════════════════════════════════════════════════════╗

2025-01-29 14:18:13,472 INFO     ___FILE_ONLY___ ╠═ Downloading: Cloud Storage Command Line Tool (Platfor... ═╣

2025-01-29 14:18:13,472 INFO     ___FILE_ONLY___ ╚
2025-01-29 14:18:13,475 DEBUG    urllib3.connectionpool Starting new HTTPS connection (1): dl.google.com:443
2025-01-29 14:18:13,653 DEBUG    urllib3.connectionpool https://dl.google.com:443 "GET /dl/cloudsdk/channels/rapid/components/google-cloud-sdk-gsutil-nix-20240830134514.tar.gz HTTP/1.1" 200 1928
2025-01-29 14:18:13,654 INFO     ___FILE_ONLY___ ════════════════════════════════════════════════════════════
2025-01-29 14:18:13,654 INFO     ___FILE_ONLY___ ╝

2025-01-29 14:18:13,656 INFO     ___FILE_ONLY___ ╔════════════════════════════════════════════════════════════╗

2025-01-29 14:18:13,656 INFO     ___FILE_ONLY___ ╠═ Downloading: Default set of gcloud commands              ═╣

2025-01-29 14:18:13,656 INFO     ___FILE_ONLY___ ╚
2025-01-29 14:18:13,656 INFO     ___FILE_ONLY___ ════════════════════════════════════════════════════════════
2025-01-29 14:18:13,656 INFO     ___FILE_ONLY___ ╝

2025-01-29 14:18:13,658 INFO     ___FILE_ONLY___ ╔════════════════════════════════════════════════════════════╗

2025-01-29 14:18:13,658 INFO     ___FILE_ONLY___ ╠═ Downloading: Google Cloud CLI Core Libraries (Platfor... ═╣

2025-01-29 14:18:13,658 INFO     ___FILE_ONLY___ ╚
2025-01-29 14:18:13,662 DEBUG    urllib3.connectionpool Starting new HTTPS connection (1): dl.google.com:443
2025-01-29 14:18:13,814 DEBUG    urllib3.connectionpool https://dl.google.com:443 "GET /dl/cloudsdk/channels/rapid/components/google-cloud-sdk-core-nix-20240830134514.tar.gz HTTP/1.1" 200 2306
2025-01-29 14:18:13,815 INFO     ___FILE_ONLY___ ════════════════════════════════════════════════════════════
2025-01-29 14:18:13,815 INFO     ___FILE_ONLY___ ╝

2025-01-29 14:18:13,817 INFO     ___FILE_ONLY___ ╔════════════════════════════════════════════════════════════╗

2025-01-29 14:18:13,817 INFO     ___FILE_ONLY___ ╠═ Downloading: Google Cloud CRC32C Hash Tool               ═╣

2025-01-29 14:18:13,817 INFO     ___FILE_ONLY___ ╚
2025-01-29 14:18:13,817 INFO     ___FILE_ONLY___ ════════════════════════════════════════════════════════════
2025-01-29 14:18:13,817 INFO     ___FILE_ONLY___ ╝

2025-01-29 14:18:13,819 INFO     ___FILE_ONLY___ ╔════════════════════════════════════════════════════════════╗

2025-01-29 14:18:13,819 INFO     ___FILE_ONLY___ ╠═ Downloading: Google Cloud CRC32C Hash Tool (Platform ... ═╣

2025-01-29 14:18:13,819 INFO     ___FILE_ONLY___ ╚
2025-01-29 14:18:13,822 DEBUG    urllib3.connectionpool Starting new HTTPS connection (1): dl.google.com:443
2025-01-29 14:18:14,020 DEBUG    urllib3.connectionpool https://dl.google.com:443 "GET /dl/cloudsdk/channels/rapid/components/google-cloud-sdk-gcloud-crc32c-linux-x86_64-20250110133808.tar.gz HTTP/1.1" 200 1478989
2025-01-29 14:18:14,116 INFO     ___FILE_ONLY___ ═
2025-01-29 14:18:14,117 INFO     ___FILE_ONLY___ ═
2025-01-29 14:18:14,117 INFO     ___FILE_ONLY___ ═
2025-01-29 14:18:14,117 INFO     ___FILE_ONLY___ ═
2025-01-29 14:18:14,117 INFO     ___FILE_ONLY___ ═
2025-01-29 14:18:14,117 INFO     ___FILE_ONLY___ ═
2025-01-29 14:18:14,117 INFO     ___FILE_ONLY___ ═
2025-01-29 14:18:14,117 INFO     ___FILE_ONLY___ ═
2025-01-29 14:18:14,117 INFO     ___FILE_ONLY___ ═
2025-01-29 14:18:14,117 INFO     ___FILE_ONLY___ ═
2025-01-29 14:18:14,117 INFO     ___FILE_ONLY___ ═
2025-01-29 14:18:14,117 INFO     ___FILE_ONLY___ ═
2025-01-29 14:18:14,117 INFO     ___FILE_ONLY___ ═
2025-01-29 14:18:14,117 INFO     ___FILE_ONLY___ ═
2025-01-29 14:18:14,118 INFO     ___FILE_ONLY___ ═
2025-01-29 14:18:14,118 INFO     ___FILE_ONLY___ ═
2025-01-29 14:18:14,118 INFO     ___FILE_ONLY___ ═
2025-01-29 14:18:14,118 INFO     ___FILE_ONLY___ ═
2025-01-29 14:18:14,118 INFO     ___FILE_ONLY___ ═
2025-01-29 14:18:14,118 INFO     ___FILE_ONLY___ ═
2025-01-29 14:18:14,118 INFO     ___FILE_ONLY___ ═
2025-01-29 14:18:14,118 INFO     ___FILE_ONLY___ ═
2025-01-29 14:18:14,118 INFO     ___FILE_ONLY___ ═
2025-01-29 14:18:14,118 INFO     ___FILE_ONLY___ ═
2025-01-29 14:18:14,118 INFO     ___FILE_ONLY___ ═
2025-01-29 14:18:14,118 INFO     ___FILE_ONLY___ ═
2025-01-29 14:18:14,119 INFO     ___FILE_ONLY___ ═
2025-01-29 14:18:14,119 INFO     ___FILE_ONLY___ ═
2025-01-29 14:18:14,119 INFO     ___FILE_ONLY___ ═
2025-01-29 14:18:14,119 INFO     ___FILE_ONLY___ ═
2025-01-29 14:18:14,119 INFO     ___FILE_ONLY___ ═
2025-01-29 14:18:14,119 INFO     ___FILE_ONLY___ ═
2025-01-29 14:18:14,119 INFO     ___FILE_ONLY___ ═
2025-01-29 14:18:14,119 INFO     ___FILE_ONLY___ ═
2025-01-29 14:18:14,119 INFO     ___FILE_ONLY___ ═
2025-01-29 14:18:14,119 INFO     ___FILE_ONLY___ ═
2025-01-29 14:18:14,119 INFO     ___FILE_ONLY___ ═
2025-01-29 14:18:14,119 INFO     ___FILE_ONLY___ ═
2025-01-29 14:18:14,119 INFO     ___FILE_ONLY___ ═
2025-01-29 14:18:14,120 INFO     ___FILE_ONLY___ ═
2025-01-29 14:18:14,120 INFO     ___FILE_ONLY___ ═
2025-01-29 14:18:14,120 INFO     ___FILE_ONLY___ ═
2025-01-29 14:18:14,120 INFO     ___FILE_ONLY___ ═
2025-01-29 14:18:14,120 INFO     ___FILE_ONLY___ ═
2025-01-29 14:18:14,120 INFO     ___FILE_ONLY___ ═
2025-01-29 14:18:14,120 INFO     ___FILE_ONLY___ ═
2025-01-29 14:18:14,120 INFO     ___FILE_ONLY___ ═
2025-01-29 14:18:14,120 INFO     ___FILE_ONLY___ ═
2025-01-29 14:18:14,120 INFO     ___FILE_ONLY___ ═
2025-01-29 14:18:14,120 INFO     ___FILE_ONLY___ ═
2025-01-29 14:18:14,120 INFO     ___FILE_ONLY___ ═
2025-01-29 14:18:14,120 INFO     ___FILE_ONLY___ ═
2025-01-29 14:18:14,121 INFO     ___FILE_ONLY___ ═
2025-01-29 14:18:14,121 INFO     ___FILE_ONLY___ ═
2025-01-29 14:18:14,121 INFO     ___FILE_ONLY___ ═
2025-01-29 14:18:14,121 INFO     ___FILE_ONLY___ ═
2025-01-29 14:18:14,121 INFO     ___FILE_ONLY___ ═
2025-01-29 14:18:14,121 INFO     ___FILE_ONLY___ ═
2025-01-29 14:18:14,121 INFO     ___FILE_ONLY___ ═
2025-01-29 14:18:14,121 INFO     ___FILE_ONLY___ ═
2025-01-29 14:18:14,121 INFO     ___FILE_ONLY___ ╝

2025-01-29 14:18:14,123 INFO     ___FILE_ONLY___ ╔════════════════════════════════════════════════════════════╗

2025-01-29 14:18:14,123 INFO     ___FILE_ONLY___ ╠═ Downloading: gcloud cli dependencies (Platform Specific) ═╣

2025-01-29 14:18:14,123 INFO     ___FILE_ONLY___ ╚
2025-01-29 14:18:14,135 DEBUG    urllib3.connectionpool Starting new HTTPS connection (1): dl.google.com:443
2025-01-29 14:18:14,319 DEBUG    urllib3.connectionpool https://dl.google.com:443 "GET /dl/cloudsdk/channels/rapid/components/google-cloud-sdk-gcloud-deps-linux-x86_64-20210416153011.tar.gz HTTP/1.1" 200 104
2025-01-29 14:18:14,320 INFO     ___FILE_ONLY___ ════════════════════════════════════════════════════════════
2025-01-29 14:18:14,320 INFO     ___FILE_ONLY___ ╝

2025-01-29 14:18:14,322 INFO     ___FILE_ONLY___ ╔════════════════════════════════════════════════════════════╗

2025-01-29 14:18:14,322 INFO     ___FILE_ONLY___ ╠═ Installing: BigQuery Command Line Tool                   ═╣

2025-01-29 14:18:14,322 INFO     ___FILE_ONLY___ ╚
2025-01-29 14:18:14,471 INFO     ___FILE_ONLY___ ═
2025-01-29 14:18:14,473 INFO     ___FILE_ONLY___ ═
2025-01-29 14:18:14,475 INFO     ___FILE_ONLY___ ═
2025-01-29 14:18:14,478 INFO     ___FILE_ONLY___ ═
2025-01-29 14:18:14,480 INFO     ___FILE_ONLY___ ═
2025-01-29 14:18:14,483 INFO     ___FILE_ONLY___ ═
2025-01-29 14:18:14,485 INFO     ___FILE_ONLY___ ═
2025-01-29 14:18:14,487 INFO     ___FILE_ONLY___ ═
2025-01-29 14:18:14,489 INFO     ___FILE_ONLY___ ═
2025-01-29 14:18:14,491 INFO     ___FILE_ONLY___ ═
2025-01-29 14:18:14,493 INFO     ___FILE_ONLY___ ═
2025-01-29 14:18:14,495 INFO     ___FILE_ONLY___ ═
2025-01-29 14:18:14,497 INFO     ___FILE_ONLY___ ═
2025-01-29 14:18:14,499 INFO     ___FILE_ONLY___ ═
2025-01-29 14:18:14,501 INFO     ___FILE_ONLY___ ═
2025-01-29 14:18:14,504 INFO     ___FILE_ONLY___ ═
2025-01-29 14:18:14,506 INFO     ___FILE_ONLY___ ═
2025-01-29 14:18:14,509 INFO     ___FILE_ONLY___ ═
2025-01-29 14:18:14,511 INFO     ___FILE_ONLY___ ═
2025-01-29 14:18:14,513 INFO     ___FILE_ONLY___ ═
2025-01-29 14:18:14,515 INFO     ___FILE_ONLY___ ═
2025-01-29 14:18:14,517 INFO     ___FILE_ONLY___ ═
2025-01-29 14:18:14,519 INFO     ___FILE_ONLY___ ═
2025-01-29 14:18:14,521 INFO     ___FILE_ONLY___ ═
2025-01-29 14:18:14,524 INFO     ___FILE_ONLY___ ═
2025-01-29 14:18:14,525 INFO     ___FILE_ONLY___ ═
2025-01-29 14:18:14,527 INFO     ___FILE_ONLY___ ═
2025-01-29 14:18:14,530 INFO     ___FILE_ONLY___ ═
2025-01-29 14:18:14,533 INFO     ___FILE_ONLY___ ═
2025-01-29 14:18:14,535 INFO     ___FILE_ONLY___ ═
2025-01-29 14:18:14,537 INFO     ___FILE_ONLY___ ═
2025-01-29 14:18:14,539 INFO     ___FILE_ONLY___ ═
2025-01-29 14:18:14,542 INFO     ___FILE_ONLY___ ═
2025-01-29 14:18:14,545 INFO     ___FILE_ONLY___ ═
2025-01-29 14:18:14,555 INFO     ___FILE_ONLY___ ═
2025-01-29 14:18:14,556 INFO     ___FILE_ONLY___ ═
2025-01-29 14:18:14,558 INFO     ___FILE_ONLY___ ═
2025-01-29 14:18:14,563 INFO     ___FILE_ONLY___ ═
2025-01-29 14:18:14,565 INFO     ___FILE_ONLY___ ═
2025-01-29 14:18:14,567 INFO     ___FILE_ONLY___ ═
2025-01-29 14:18:14,569 INFO     ___FILE_ONLY___ ═
2025-01-29 14:18:14,571 INFO     ___FILE_ONLY___ ═
2025-01-29 14:18:14,575 INFO     ___FILE_ONLY___ ═
2025-01-29 14:18:14,578 INFO     ___FILE_ONLY___ ═
2025-01-29 14:18:14,580 INFO     ___FILE_ONLY___ ═
2025-01-29 14:18:14,582 INFO     ___FILE_ONLY___ ═
2025-01-29 14:18:14,584 INFO     ___FILE_ONLY___ ═
2025-01-29 14:18:14,586 INFO     ___FILE_ONLY___ ═
2025-01-29 14:18:14,588 INFO     ___FILE_ONLY___ ═
2025-01-29 14:18:14,590 INFO     ___FILE_ONLY___ ═
2025-01-29 14:18:14,592 INFO     ___FILE_ONLY___ ═
2025-01-29 14:18:14,594 INFO     ___FILE_ONLY___ ═
2025-01-29 14:18:14,596 INFO     ___FILE_ONLY___ ═
2025-01-29 14:18:14,598 INFO     ___FILE_ONLY___ ═
2025-01-29 14:18:14,600 INFO     ___FILE_ONLY___ ═
2025-01-29 14:18:14,602 INFO     ___FILE_ONLY___ ═
2025-01-29 14:18:14,603 INFO     ___FILE_ONLY___ ═
2025-01-29 14:18:14,606 INFO     ___FILE_ONLY___ ═
2025-01-29 14:18:14,607 INFO     ___FILE_ONLY___ ═
2025-01-29 14:18:14,610 INFO     ___FILE_ONLY___ ═
2025-01-29 14:18:14,610 INFO     ___FILE_ONLY___ ╝

2025-01-29 14:18:14,618 INFO     ___FILE_ONLY___ ╔════════════════════════════════════════════════════════════╗

2025-01-29 14:18:14,618 INFO     ___FILE_ONLY___ ╠═ Installing: BigQuery Command Line Tool (Platform Spec... ═╣

2025-01-29 14:18:14,618 INFO     ___FILE_ONLY___ ╚
2025-01-29 14:18:14,618 INFO     ___FILE_ONLY___ ════════════════════════════════════════════════════════════
2025-01-29 14:18:14,619 INFO     ___FILE_ONLY___ ╝

2025-01-29 14:18:14,623 INFO     ___FILE_ONLY___ ╔════════════════════════════════════════════════════════════╗

2025-01-29 14:18:14,623 INFO     ___FILE_ONLY___ ╠═ Installing: Bundled Python 3.11                          ═╣

2025-01-29 14:18:14,623 INFO     ___FILE_ONLY___ ╚
2025-01-29 14:18:14,626 INFO     ___FILE_ONLY___ ════════════════════════════════════════════════════════════
2025-01-29 14:18:14,626 INFO     ___FILE_ONLY___ ╝

2025-01-29 14:18:14,627 INFO     ___FILE_ONLY___ ╔════════════════════════════════════════════════════════════╗

2025-01-29 14:18:14,627 INFO     ___FILE_ONLY___ ╠═ Installing: Bundled Python 3.11 (Platform Specific)      ═╣

2025-01-29 14:18:14,628 INFO     ___FILE_ONLY___ ╚
2025-01-29 14:18:16,553 INFO     ___FILE_ONLY___ ═
2025-01-29 14:18:16,567 INFO     ___FILE_ONLY___ ═
2025-01-29 14:18:16,579 INFO     ___FILE_ONLY___ ═
2025-01-29 14:18:16,590 INFO     ___FILE_ONLY___ ═
2025-01-29 14:18:16,601 INFO     ___FILE_ONLY___ ═
2025-01-29 14:18:16,613 INFO     ___FILE_ONLY___ ═
2025-01-29 14:18:16,624 INFO     ___FILE_ONLY___ ═
2025-01-29 14:18:16,636 INFO     ___FILE_ONLY___ ═
2025-01-29 14:18:16,647 INFO     ___FILE_ONLY___ ═
2025-01-29 14:18:16,658 INFO     ___FILE_ONLY___ ═
2025-01-29 14:18:16,669 INFO     ___FILE_ONLY___ ═
2025-01-29 14:18:16,680 INFO     ___FILE_ONLY___ ═
2025-01-29 14:18:16,692 INFO     ___FILE_ONLY___ ═
2025-01-29 14:18:16,703 INFO     ___FILE_ONLY___ ═
2025-01-29 14:18:16,714 INFO     ___FILE_ONLY___ ═
2025-01-29 14:18:16,726 INFO     ___FILE_ONLY___ ═
2025-01-29 14:18:16,737 INFO     ___FILE_ONLY___ ═
2025-01-29 14:18:16,749 INFO     ___FILE_ONLY___ ═
2025-01-29 14:18:16,760 INFO     ___FILE_ONLY___ ═
2025-01-29 14:18:16,771 INFO     ___FILE_ONLY___ ═
2025-01-29 14:18:16,782 INFO     ___FILE_ONLY___ ═
2025-01-29 14:18:16,793 INFO     ___FILE_ONLY___ ═
2025-01-29 14:18:16,804 INFO     ___FILE_ONLY___ ═
2025-01-29 14:18:16,816 INFO     ___FILE_ONLY___ ═
2025-01-29 14:18:16,828 INFO     ___FILE_ONLY___ ═
2025-01-29 14:18:16,839 INFO     ___FILE_ONLY___ ═
2025-01-29 14:18:16,850 INFO     ___FILE_ONLY___ ═
2025-01-29 14:18:16,862 INFO     ___FILE_ONLY___ ═
2025-01-29 14:18:16,874 INFO     ___FILE_ONLY___ ═
2025-01-29 14:18:16,885 INFO     ___FILE_ONLY___ ═
2025-01-29 14:18:16,896 INFO     ___FILE_ONLY___ ═
2025-01-29 14:18:16,907 INFO     ___FILE_ONLY___ ═
2025-01-29 14:18:16,918 INFO     ___FILE_ONLY___ ═
2025-01-29 14:18:16,929 INFO     ___FILE_ONLY___ ═
2025-01-29 14:18:16,940 INFO     ___FILE_ONLY___ ═
2025-01-29 14:18:16,951 INFO     ___FILE_ONLY___ ═
2025-01-29 14:18:17,672 INFO     ___FILE_ONLY___ ═
2025-01-29 14:18:17,696 INFO     ___FILE_ONLY___ ═
2025-01-29 14:18:17,717 INFO     ___FILE_ONLY___ ═
2025-01-29 14:18:17,736 INFO     ___FILE_ONLY___ ═
2025-01-29 14:18:17,755 INFO     ___FILE_ONLY___ ═
2025-01-29 14:18:17,888 INFO     ___FILE_ONLY___ ═
2025-01-29 14:18:17,915 INFO     ___FILE_ONLY___ ═
2025-01-29 14:18:17,932 INFO     ___FILE_ONLY___ ═
2025-01-29 14:18:17,948 INFO     ___FILE_ONLY___ ═
2025-01-29 14:18:17,964 INFO     ___FILE_ONLY___ ═
2025-01-29 14:18:17,993 INFO     ___FILE_ONLY___ ═
2025-01-29 14:18:18,013 INFO     ___FILE_ONLY___ ═
2025-01-29 14:18:18,030 INFO     ___FILE_ONLY___ ═
2025-01-29 14:18:18,044 INFO     ___FILE_ONLY___ ═
2025-01-29 14:18:18,134 INFO     ___FILE_ONLY___ ═
2025-01-29 14:18:18,152 INFO     ___FILE_ONLY___ ═
2025-01-29 14:18:18,171 INFO     ___FILE_ONLY___ ═
2025-01-29 14:18:18,189 INFO     ___FILE_ONLY___ ═
2025-01-29 14:18:18,231 INFO     ___FILE_ONLY___ ═
2025-01-29 14:18:18,587 INFO     ___FILE_ONLY___ ═
2025-01-29 14:18:18,603 INFO     ___FILE_ONLY___ ═
2025-01-29 14:18:18,623 INFO     ___FILE_ONLY___ ═
2025-01-29 14:18:18,640 INFO     ___FILE_ONLY___ ═
2025-01-29 14:18:18,994 INFO     ___FILE_ONLY___ ═
2025-01-29 14:18:18,994 INFO     ___FILE_ONLY___ ╝

2025-01-29 14:18:19,041 INFO     ___FILE_ONLY___ ╔════════════════════════════════════════════════════════════╗

2025-01-29 14:18:19,042 INFO     ___FILE_ONLY___ ╠═ Installing: Cloud Storage Command Line Tool              ═╣

2025-01-29 14:18:19,042 INFO     ___FILE_ONLY___ ╚
2025-01-29 14:18:19,572 INFO     ___FILE_ONLY___ ═
2025-01-29 14:18:19,588 INFO     ___FILE_ONLY___ ═
2025-01-29 14:18:19,607 INFO     ___FILE_ONLY___ ═
2025-01-29 14:18:19,623 INFO     ___FILE_ONLY___ ═
2025-01-29 14:18:19,637 INFO     ___FILE_ONLY___ ═
2025-01-29 14:18:19,649 INFO     ___FILE_ONLY___ ═
2025-01-29 14:18:19,662 INFO     ___FILE_ONLY___ ═
2025-01-29 14:18:19,674 INFO     ___FILE_ONLY___ ═
2025-01-29 14:18:19,688 INFO     ___FILE_ONLY___ ═
2025-01-29 14:18:19,700 INFO     ___FILE_ONLY___ ═
2025-01-29 14:18:19,713 INFO     ___FILE_ONLY___ ═
2025-01-29 14:18:19,724 INFO     ___FILE_ONLY___ ═
2025-01-29 14:18:19,733 INFO     ___FILE_ONLY___ ═
2025-01-29 14:18:19,742 INFO     ___FILE_ONLY___ ═
2025-01-29 14:18:19,751 INFO     ___FILE_ONLY___ ═
2025-01-29 14:18:19,761 INFO     ___FILE_ONLY___ ═
2025-01-29 14:18:19,772 INFO     ___FILE_ONLY___ ═
2025-01-29 14:18:19,781 INFO     ___FILE_ONLY___ ═
2025-01-29 14:18:19,792 INFO     ___FILE_ONLY___ ═
2025-01-29 14:18:19,802 INFO     ___FILE_ONLY___ ═
2025-01-29 14:18:19,814 INFO     ___FILE_ONLY___ ═
2025-01-29 14:18:19,828 INFO     ___FILE_ONLY___ ═
2025-01-29 14:18:19,842 INFO     ___FILE_ONLY___ ═
2025-01-29 14:18:19,851 INFO     ___FILE_ONLY___ ═
2025-01-29 14:18:19,863 INFO     ___FILE_ONLY___ ═
2025-01-29 14:18:19,878 INFO     ___FILE_ONLY___ ═
2025-01-29 14:18:19,894 INFO     ___FILE_ONLY___ ═
2025-01-29 14:18:19,912 INFO     ___FILE_ONLY___ ═
2025-01-29 14:18:19,927 INFO     ___FILE_ONLY___ ═
2025-01-29 14:18:19,947 INFO     ___FILE_ONLY___ ═
2025-01-29 14:18:19,956 INFO     ___FILE_ONLY___ ═
2025-01-29 14:18:19,967 INFO     ___FILE_ONLY___ ═
2025-01-29 14:18:19,984 INFO     ___FILE_ONLY___ ═
2025-01-29 14:18:19,996 INFO     ___FILE_ONLY___ ═
2025-01-29 14:18:20,006 INFO     ___FILE_ONLY___ ═
2025-01-29 14:18:20,015 INFO     ___FILE_ONLY___ ═
2025-01-29 14:18:20,025 INFO     ___FILE_ONLY___ ═
2025-01-29 14:18:20,040 INFO     ___FILE_ONLY___ ═
2025-01-29 14:18:20,055 INFO     ___FILE_ONLY___ ═
2025-01-29 14:18:20,072 INFO     ___FILE_ONLY___ ═
2025-01-29 14:18:20,085 INFO     ___FILE_ONLY___ ═
2025-01-29 14:18:20,102 INFO     ___FILE_ONLY___ ═
2025-01-29 14:18:20,112 INFO     ___FILE_ONLY___ ═
2025-01-29 14:18:20,125 INFO     ___FILE_ONLY___ ═
2025-01-29 14:18:20,139 INFO     ___FILE_ONLY___ ═
2025-01-29 14:18:20,150 INFO     ___FILE_ONLY___ ═
2025-01-29 14:18:20,158 INFO     ___FILE_ONLY___ ═
2025-01-29 14:18:20,168 INFO     ___FILE_ONLY___ ═
2025-01-29 14:18:20,178 INFO     ___FILE_ONLY___ ═
2025-01-29 14:18:20,190 INFO     ___FILE_ONLY___ ═
2025-01-29 14:18:20,206 INFO     ___FILE_ONLY___ ═
2025-01-29 14:18:20,217 INFO     ___FILE_ONLY___ ═
2025-01-29 14:18:20,233 INFO     ___FILE_ONLY___ ═
2025-01-29 14:18:20,245 INFO     ___FILE_ONLY___ ═
2025-01-29 14:18:20,280 INFO     ___FILE_ONLY___ ═
2025-01-29 14:18:20,289 INFO     ___FILE_ONLY___ ═
2025-01-29 14:18:20,298 INFO     ___FILE_ONLY___ ═
2025-01-29 14:18:20,308 INFO     ___FILE_ONLY___ ═
2025-01-29 14:18:20,319 INFO     ___FILE_ONLY___ ═
2025-01-29 14:18:20,332 INFO     ___FILE_ONLY___ ═
2025-01-29 14:18:20,333 INFO     ___FILE_ONLY___ ╝

2025-01-29 14:18:20,362 INFO     ___FILE_ONLY___ ╔════════════════════════════════════════════════════════════╗

2025-01-29 14:18:20,363 INFO     ___FILE_ONLY___ ╠═ Installing: Cloud Storage Command Line Tool (Platform... ═╣

2025-01-29 14:18:20,363 INFO     ___FILE_ONLY___ ╚
2025-01-29 14:18:20,363 INFO     ___FILE_ONLY___ ════════════════════════════════════════════════════════════
2025-01-29 14:18:20,363 INFO     ___FILE_ONLY___ ╝

2025-01-29 14:18:20,367 INFO     ___FILE_ONLY___ ╔════════════════════════════════════════════════════════════╗

2025-01-29 14:18:20,368 INFO     ___FILE_ONLY___ ╠═ Installing: Default set of gcloud commands               ═╣

2025-01-29 14:18:20,368 INFO     ___FILE_ONLY___ ╚
2025-01-29 14:18:20,370 INFO     ___FILE_ONLY___ ════════════════════════════════════════════════════════════
2025-01-29 14:18:20,370 INFO     ___FILE_ONLY___ ╝

2025-01-29 14:18:20,372 INFO     ___FILE_ONLY___ ╔════════════════════════════════════════════════════════════╗

2025-01-29 14:18:20,372 INFO     ___FILE_ONLY___ ╠═ Installing: Google Cloud CLI Core Libraries (Platform... ═╣

2025-01-29 14:18:20,372 INFO     ___FILE_ONLY___ ╚
2025-01-29 14:18:20,373 INFO     ___FILE_ONLY___ ══════════════════════════════
2025-01-29 14:18:20,373 INFO     ___FILE_ONLY___ ══════════════════════════════
2025-01-29 14:18:20,373 INFO     ___FILE_ONLY___ ╝

2025-01-29 14:18:20,377 INFO     ___FILE_ONLY___ ╔════════════════════════════════════════════════════════════╗

2025-01-29 14:18:20,377 INFO     ___FILE_ONLY___ ╠═ Installing: Google Cloud CRC32C Hash Tool                ═╣

2025-01-29 14:18:20,377 INFO     ___FILE_ONLY___ ╚
2025-01-29 14:18:20,379 INFO     ___FILE_ONLY___ ════════════════════════════════════════════════════════════
2025-01-29 14:18:20,379 INFO     ___FILE_ONLY___ ╝

2025-01-29 14:18:20,381 INFO     ___FILE_ONLY___ ╔════════════════════════════════════════════════════════════╗

2025-01-29 14:18:20,381 INFO     ___FILE_ONLY___ ╠═ Installing: Google Cloud CRC32C Hash Tool (Platform S... ═╣

2025-01-29 14:18:20,381 INFO     ___FILE_ONLY___ ╚
2025-01-29 14:18:20,419 INFO     ___FILE_ONLY___ ══════════════════════════════
2025-01-29 14:18:20,419 INFO     ___FILE_ONLY___ ══════════════════════════════
2025-01-29 14:18:20,420 INFO     ___FILE_ONLY___ ╝

2025-01-29 14:18:20,424 INFO     ___FILE_ONLY___ ╔════════════════════════════════════════════════════════════╗

2025-01-29 14:18:20,424 INFO     ___FILE_ONLY___ ╠═ Installing: gcloud cli dependencies (Platform Specific)  ═╣

2025-01-29 14:18:20,424 INFO     ___FILE_ONLY___ ╚
2025-01-29 14:18:20,425 INFO     ___FILE_ONLY___ ════════════════════════════════════════════════════════════
2025-01-29 14:18:20,425 INFO     ___FILE_ONLY___ ╝

2025-01-29 14:18:20,430 DEBUG    root            Updating notification cache...
2025-01-29 14:18:20,430 INFO     ___FILE_ONLY___ 

2025-01-29 14:18:20,432 INFO     ___FILE_ONLY___ Performing post processing steps...
2025-01-29 14:18:20,432 DEBUG    root            Executing command: ['/tools/google-cloud-sdk/bin/gcloud', 'components', 'post-process']
2025-01-29 14:18:28,732 DEBUG    ___FILE_ONLY___ 
2025-01-29 14:18:28,732 DEBUG    ___FILE_ONLY___ 
2025-01-29 14:18:28,968 INFO     ___FILE_ONLY___ 
Update done!


2025-01-29 14:18:28,970 DEBUG    root            Chosen display Format:none
2025-01-29 14:18:28,971 INFO     root            Display format: "none"
