2025-01-29 14:18:29,535 DEBUG    root            Loaded Command Group: ['gcloud', 'components']
2025-01-29 14:18:29,537 DEBUG    root            Loaded Command Group: ['gcloud', 'components', 'update']
2025-01-29 14:18:29,539 DEBUG    root            Running [gcloud.components.update] with arguments: [--quiet: "True", COMPONENT-IDS:8: "['gcloud', 'core', 'bq', 'gsutil', 'compute', 'preview', 'alpha', 'beta']"]
2025-01-29 14:18:29,540 INFO     ___FILE_ONLY___ Beginning update. This process may take several minutes.

2025-01-29 14:18:29,548 DEBUG    urllib3.connectionpool Starting new HTTPS connection (1): dl.google.com:443
2025-01-29 14:18:29,716 DEBUG    urllib3.connectionpool https://dl.google.com:443 "GET /dl/cloudsdk/channels/rapid/components-2.json HTTP/1.1" 200 227832
2025-01-29 14:18:29,732 WARNING  root            Component [compute] no longer exists.
2025-01-29 14:18:29,733 INFO     ___FILE_ONLY___ 

2025-01-29 14:18:29,733 INFO     ___FILE_ONLY___ 
Your current Google Cloud CLI version is: 508.0.0

2025-01-29 14:18:29,733 INFO     ___FILE_ONLY___ Installing components from version: 508.0.0

2025-01-29 14:18:29,734 INFO     ___FILE_ONLY___ 

2025-01-29 14:18:29,734 DEBUG    root            Chosen display Format:table[box,title="These components will be removed."](details.display_name:label=Name:align=left,version.version_string:label=Version:align=right,data.size.size(zero="",min=1048576):label=Size:align=right)
2025-01-29 14:18:29,734 DEBUG    root            Chosen display Format:table[box,title="These components will be updated."](details.display_name:label=Name:align=left,version.version_string:label=Version:align=right,data.size.size(zero="",min=1048576):label=Size:align=right)
2025-01-29 14:18:29,735 DEBUG    root            Chosen display Format:table[box,title="These components will be installed."](details.display_name:label=Name:align=left,version.version_string:label=Version:align=right,data.size.size(zero="",min=1048576):label=Size:align=right)
2025-01-29 14:18:29,750 INFO     ___FILE_ONLY___ ┌────────────────────────────────────────────────┐
2025-01-29 14:18:29,750 INFO     ___FILE_ONLY___ 

2025-01-29 14:18:29,750 INFO     ___FILE_ONLY___ │      These components will be installed.       │
2025-01-29 14:18:29,750 INFO     ___FILE_ONLY___ 

2025-01-29 14:18:29,750 INFO     ___FILE_ONLY___ ├─────────────────────────┬────────────┬─────────┤
2025-01-29 14:18:29,750 INFO     ___FILE_ONLY___ 

2025-01-29 14:18:29,750 INFO     ___FILE_ONLY___ │           Name          │  Version   │   Size  │
2025-01-29 14:18:29,750 INFO     ___FILE_ONLY___ 

2025-01-29 14:18:29,750 INFO     ___FILE_ONLY___ ├─────────────────────────┼────────────┼─────────┤
2025-01-29 14:18:29,750 INFO     ___FILE_ONLY___ 

2025-01-29 14:18:29,750 INFO     ___FILE_ONLY___ │ 
2025-01-29 14:18:29,750 INFO     ___FILE_ONLY___ gcloud Alpha Commands  
2025-01-29 14:18:29,751 INFO     ___FILE_ONLY___  
2025-01-29 14:18:29,751 INFO     ___FILE_ONLY___ │ 
2025-01-29 14:18:29,751 INFO     ___FILE_ONLY___ 2025.01.24
2025-01-29 14:18:29,751 INFO     ___FILE_ONLY___  
2025-01-29 14:18:29,751 INFO     ___FILE_ONLY___ │ 
2025-01-29 14:18:29,751 INFO     ___FILE_ONLY___ < 1 MiB
2025-01-29 14:18:29,751 INFO     ___FILE_ONLY___  
2025-01-29 14:18:29,751 INFO     ___FILE_ONLY___ │
2025-01-29 14:18:29,751 INFO     ___FILE_ONLY___ 

2025-01-29 14:18:29,751 INFO     ___FILE_ONLY___ │ 
2025-01-29 14:18:29,751 INFO     ___FILE_ONLY___ gcloud Beta Commands   
2025-01-29 14:18:29,751 INFO     ___FILE_ONLY___  
2025-01-29 14:18:29,751 INFO     ___FILE_ONLY___ │ 
2025-01-29 14:18:29,751 INFO     ___FILE_ONLY___ 2025.01.24
2025-01-29 14:18:29,751 INFO     ___FILE_ONLY___  
2025-01-29 14:18:29,752 INFO     ___FILE_ONLY___ │ 
2025-01-29 14:18:29,752 INFO     ___FILE_ONLY___ < 1 MiB
2025-01-29 14:18:29,752 INFO     ___FILE_ONLY___  
2025-01-29 14:18:29,752 INFO     ___FILE_ONLY___ │
2025-01-29 14:18:29,752 INFO     ___FILE_ONLY___ 

2025-01-29 14:18:29,752 INFO     ___FILE_ONLY___ │ 
2025-01-29 14:18:29,752 INFO     ___FILE_ONLY___ gcloud Preview Commands
2025-01-29 14:18:29,752 INFO     ___FILE_ONLY___  
2025-01-29 14:18:29,752 INFO     ___FILE_ONLY___ │ 
2025-01-29 14:18:29,752 INFO     ___FILE_ONLY___           
2025-01-29 14:18:29,752 INFO     ___FILE_ONLY___  
2025-01-29 14:18:29,752 INFO     ___FILE_ONLY___ │ 
2025-01-29 14:18:29,752 INFO     ___FILE_ONLY___ < 1 MiB
2025-01-29 14:18:29,753 INFO     ___FILE_ONLY___  
2025-01-29 14:18:29,753 INFO     ___FILE_ONLY___ │
2025-01-29 14:18:29,753 INFO     ___FILE_ONLY___ 

2025-01-29 14:18:29,753 INFO     ___FILE_ONLY___ └─────────────────────────┴────────────┴─────────┘
2025-01-29 14:18:29,753 INFO     ___FILE_ONLY___ 

2025-01-29 14:18:29,753 INFO     ___FILE_ONLY___ 

2025-01-29 14:18:29,756 DEBUG    urllib3.connectionpool Starting new HTTPS connection (1): dl.google.com:443
2025-01-29 14:18:29,908 DEBUG    urllib3.connectionpool https://dl.google.com:443 "GET /dl/cloudsdk/channels/rapid/RELEASE_NOTES HTTP/1.1" 200 1347594
2025-01-29 14:18:29,952 INFO     ___FILE_ONLY___ For the latest full release notes, please visit:
  https://cloud.google.com/sdk/release_notes


2025-01-29 14:18:29,953 INFO     ___FILE_ONLY___ Performing in place update...


2025-01-29 14:18:29,955 INFO     ___FILE_ONLY___ ╔════════════════════════════════════════════════════════════╗

2025-01-29 14:18:29,955 INFO     ___FILE_ONLY___ ╠═ Downloading: gcloud Alpha Commands                       ═╣

2025-01-29 14:18:29,955 INFO     ___FILE_ONLY___ ╚
2025-01-29 14:18:29,958 DEBUG    urllib3.connectionpool Starting new HTTPS connection (1): dl.google.com:443
2025-01-29 14:18:30,090 DEBUG    urllib3.connectionpool https://dl.google.com:443 "GET /dl/cloudsdk/channels/rapid/components/google-cloud-sdk-alpha-20250124173157.tar.gz HTTP/1.1" 200 800
2025-01-29 14:18:30,090 INFO     ___FILE_ONLY___ ════════════════════════════════════════════════════════════
2025-01-29 14:18:30,090 INFO     ___FILE_ONLY___ ╝

2025-01-29 14:18:30,092 INFO     ___FILE_ONLY___ ╔════════════════════════════════════════════════════════════╗

2025-01-29 14:18:30,093 INFO     ___FILE_ONLY___ ╠═ Downloading: gcloud Beta Commands                        ═╣

2025-01-29 14:18:30,093 INFO     ___FILE_ONLY___ ╚
2025-01-29 14:18:30,096 DEBUG    urllib3.connectionpool Starting new HTTPS connection (1): dl.google.com:443
2025-01-29 14:18:30,249 DEBUG    urllib3.connectionpool https://dl.google.com:443 "GET /dl/cloudsdk/channels/rapid/components/google-cloud-sdk-beta-20250124173157.tar.gz HTTP/1.1" 200 797
2025-01-29 14:18:30,250 INFO     ___FILE_ONLY___ ════════════════════════════════════════════════════════════
2025-01-29 14:18:30,250 INFO     ___FILE_ONLY___ ╝

2025-01-29 14:18:30,252 INFO     ___FILE_ONLY___ ╔════════════════════════════════════════════════════════════╗

2025-01-29 14:18:30,252 INFO     ___FILE_ONLY___ ╠═ Downloading: gcloud Preview Commands                     ═╣

2025-01-29 14:18:30,252 INFO     ___FILE_ONLY___ ╚
2025-01-29 14:18:30,255 DEBUG    urllib3.connectionpool Starting new HTTPS connection (1): dl.google.com:443
2025-01-29 14:18:30,499 DEBUG    urllib3.connectionpool https://dl.google.com:443 "GET /dl/cloudsdk/channels/rapid/components/google-cloud-sdk-preview-20241115154308.tar.gz HTTP/1.1" 200 823
2025-01-29 14:18:30,499 INFO     ___FILE_ONLY___ ════════════════════════════════════════════════════════════
2025-01-29 14:18:30,500 INFO     ___FILE_ONLY___ ╝

2025-01-29 14:18:30,501 INFO     ___FILE_ONLY___ ╔════════════════════════════════════════════════════════════╗

2025-01-29 14:18:30,501 INFO     ___FILE_ONLY___ ╠═ Installing: gcloud Alpha Commands                        ═╣

2025-01-29 14:18:30,502 INFO     ___FILE_ONLY___ ╚
2025-01-29 14:18:30,502 INFO     ___FILE_ONLY___ ════════════════════════════════════════════════════════════
2025-01-29 14:18:30,502 INFO     ___FILE_ONLY___ ╝

2025-01-29 14:18:30,511 INFO     ___FILE_ONLY___ ╔════════════════════════════════════════════════════════════╗

2025-01-29 14:18:30,511 INFO     ___FILE_ONLY___ ╠═ Installing: gcloud Beta Commands                         ═╣

2025-01-29 14:18:30,511 INFO     ___FILE_ONLY___ ╚
2025-01-29 14:18:30,512 INFO     ___FILE_ONLY___ ════════════════════════════════════════════════════════════
2025-01-29 14:18:30,512 INFO     ___FILE_ONLY___ ╝

2025-01-29 14:18:30,516 INFO     ___FILE_ONLY___ ╔════════════════════════════════════════════════════════════╗

2025-01-29 14:18:30,516 INFO     ___FILE_ONLY___ ╠═ Installing: gcloud Preview Commands                      ═╣

2025-01-29 14:18:30,516 INFO     ___FILE_ONLY___ ╚
2025-01-29 14:18:30,517 INFO     ___FILE_ONLY___ ════════════════════════════════════════════════════════════
2025-01-29 14:18:30,517 INFO     ___FILE_ONLY___ ╝

2025-01-29 14:18:30,522 DEBUG    root            Updating notification cache...
2025-01-29 14:18:30,522 INFO     ___FILE_ONLY___ 

2025-01-29 14:18:30,524 INFO     ___FILE_ONLY___ Performing post processing steps...
2025-01-29 14:18:30,524 DEBUG    root            Executing command: ['/tools/google-cloud-sdk/bin/gcloud', 'components', 'post-process']
2025-01-29 14:18:38,841 DEBUG    ___FILE_ONLY___ 
2025-01-29 14:18:38,841 DEBUG    ___FILE_ONLY___ 
2025-01-29 14:18:39,044 INFO     ___FILE_ONLY___ 
Update done!


2025-01-29 14:18:39,046 DEBUG    root            Chosen display Format:none
2025-01-29 14:18:39,046 INFO     root            Display format: "none"
