2025-03-17 13:31:45,378 DEBUG    root            Loaded Command Group: ['gcloud', 'components']
2025-03-17 13:31:45,380 DEBUG    root            Loaded Command Group: ['gcloud', 'components', 'update']
2025-03-17 13:31:45,382 DEBUG    root            Running [gcloud.components.update] with arguments: [--quiet: "True", COMPONENT-IDS:8: "['gcloud', 'core', 'bq', 'gsutil', 'compute', 'preview', 'alpha', 'beta']"]
2025-03-17 13:31:45,383 INFO     ___FILE_ONLY___ Beginning update. This process may take several minutes.

2025-03-17 13:31:45,391 DEBUG    urllib3.connectionpool Starting new HTTPS connection (1): dl.google.com:443
2025-03-17 13:31:46,365 DEBUG    urllib3.connectionpool https://dl.google.com:443 "GET /dl/cloudsdk/channels/rapid/components-2.json HTTP/11" 200 226132
2025-03-17 13:31:46,380 WARNING  root            Component [compute] no longer exists.
2025-03-17 13:31:46,381 INFO     ___FILE_ONLY___ 

2025-03-17 13:31:46,381 INFO     ___FILE_ONLY___ 
Your current Google Cloud CLI version is: 514.0.0

2025-03-17 13:31:46,381 INFO     ___FILE_ONLY___ Installing components from version: 514.0.0

2025-03-17 13:31:46,381 INFO     ___FILE_ONLY___ 

2025-03-17 13:31:46,382 DEBUG    root            Chosen display Format:table[box,title="These components will be removed."](details.display_name:label=Name:align=left,version.version_string:label=Version:align=right,data.size.size(zero="",min=1048576):label=Size:align=right)
2025-03-17 13:31:46,382 DEBUG    root            Chosen display Format:table[box,title="These components will be updated."](details.display_name:label=Name:align=left,version.version_string:label=Version:align=right,data.size.size(zero="",min=1048576):label=Size:align=right)
2025-03-17 13:31:46,383 DEBUG    root            Chosen display Format:table[box,title="These components will be installed."](details.display_name:label=Name:align=left,version.version_string:label=Version:align=right,data.size.size(zero="",min=1048576):label=Size:align=right)
2025-03-17 13:31:46,398 INFO     ___FILE_ONLY___ ┌────────────────────────────────────────────────┐
2025-03-17 13:31:46,398 INFO     ___FILE_ONLY___ 

2025-03-17 13:31:46,398 INFO     ___FILE_ONLY___ │      These components will be installed.       │
2025-03-17 13:31:46,398 INFO     ___FILE_ONLY___ 

2025-03-17 13:31:46,398 INFO     ___FILE_ONLY___ ├─────────────────────────┬────────────┬─────────┤
2025-03-17 13:31:46,398 INFO     ___FILE_ONLY___ 

2025-03-17 13:31:46,398 INFO     ___FILE_ONLY___ │           Name          │  Version   │   Size  │
2025-03-17 13:31:46,398 INFO     ___FILE_ONLY___ 

2025-03-17 13:31:46,398 INFO     ___FILE_ONLY___ ├─────────────────────────┼────────────┼─────────┤
2025-03-17 13:31:46,398 INFO     ___FILE_ONLY___ 

2025-03-17 13:31:46,399 INFO     ___FILE_ONLY___ │ 
2025-03-17 13:31:46,399 INFO     ___FILE_ONLY___ gcloud Alpha Commands  
2025-03-17 13:31:46,399 INFO     ___FILE_ONLY___  
2025-03-17 13:31:46,399 INFO     ___FILE_ONLY___ │ 
2025-03-17 13:31:46,399 INFO     ___FILE_ONLY___ 2025.03.07
2025-03-17 13:31:46,399 INFO     ___FILE_ONLY___  
2025-03-17 13:31:46,399 INFO     ___FILE_ONLY___ │ 
2025-03-17 13:31:46,399 INFO     ___FILE_ONLY___ < 1 MiB
2025-03-17 13:31:46,399 INFO     ___FILE_ONLY___  
2025-03-17 13:31:46,399 INFO     ___FILE_ONLY___ │
2025-03-17 13:31:46,399 INFO     ___FILE_ONLY___ 

2025-03-17 13:31:46,399 INFO     ___FILE_ONLY___ │ 
2025-03-17 13:31:46,399 INFO     ___FILE_ONLY___ gcloud Beta Commands   
2025-03-17 13:31:46,399 INFO     ___FILE_ONLY___  
2025-03-17 13:31:46,399 INFO     ___FILE_ONLY___ │ 
2025-03-17 13:31:46,399 INFO     ___FILE_ONLY___ 2025.03.07
2025-03-17 13:31:46,399 INFO     ___FILE_ONLY___  
2025-03-17 13:31:46,399 INFO     ___FILE_ONLY___ │ 
2025-03-17 13:31:46,399 INFO     ___FILE_ONLY___ < 1 MiB
2025-03-17 13:31:46,399 INFO     ___FILE_ONLY___  
2025-03-17 13:31:46,400 INFO     ___FILE_ONLY___ │
2025-03-17 13:31:46,400 INFO     ___FILE_ONLY___ 

2025-03-17 13:31:46,400 INFO     ___FILE_ONLY___ │ 
2025-03-17 13:31:46,400 INFO     ___FILE_ONLY___ gcloud Preview Commands
2025-03-17 13:31:46,400 INFO     ___FILE_ONLY___  
2025-03-17 13:31:46,400 INFO     ___FILE_ONLY___ │ 
2025-03-17 13:31:46,400 INFO     ___FILE_ONLY___           
2025-03-17 13:31:46,400 INFO     ___FILE_ONLY___  
2025-03-17 13:31:46,400 INFO     ___FILE_ONLY___ │ 
2025-03-17 13:31:46,400 INFO     ___FILE_ONLY___ < 1 MiB
2025-03-17 13:31:46,400 INFO     ___FILE_ONLY___  
2025-03-17 13:31:46,400 INFO     ___FILE_ONLY___ │
2025-03-17 13:31:46,400 INFO     ___FILE_ONLY___ 

2025-03-17 13:31:46,400 INFO     ___FILE_ONLY___ └─────────────────────────┴────────────┴─────────┘
2025-03-17 13:31:46,400 INFO     ___FILE_ONLY___ 

2025-03-17 13:31:46,400 INFO     ___FILE_ONLY___ 

2025-03-17 13:31:46,404 DEBUG    urllib3.connectionpool Starting new HTTPS connection (1): dl.google.com:443
2025-03-17 13:31:47,390 DEBUG    urllib3.connectionpool https://dl.google.com:443 "GET /dl/cloudsdk/channels/rapid/RELEASE_NOTES HTTP/11" 200 1377050
2025-03-17 13:31:47,844 INFO     ___FILE_ONLY___ For the latest full release notes, please visit:
  https://cloud.google.com/sdk/release_notes


2025-03-17 13:31:47,844 INFO     ___FILE_ONLY___ Performing in place update...


2025-03-17 13:31:47,846 INFO     ___FILE_ONLY___ ╔════════════════════════════════════════════════════════════╗

2025-03-17 13:31:47,846 INFO     ___FILE_ONLY___ ╠═ Downloading: gcloud Alpha Commands                       ═╣

2025-03-17 13:31:47,846 INFO     ___FILE_ONLY___ ╚
2025-03-17 13:31:47,849 DEBUG    urllib3.connectionpool Starting new HTTPS connection (1): dl.google.com:443
2025-03-17 13:31:48,845 DEBUG    urllib3.connectionpool https://dl.google.com:443 "GET /dl/cloudsdk/channels/rapid/components/google-cloud-sdk-alpha-20250307152352.tar.gz HTTP/11" 200 800
2025-03-17 13:31:48,846 INFO     ___FILE_ONLY___ ════════════════════════════════════════════════════════════
2025-03-17 13:31:48,846 INFO     ___FILE_ONLY___ ╝

2025-03-17 13:31:48,848 INFO     ___FILE_ONLY___ ╔════════════════════════════════════════════════════════════╗

2025-03-17 13:31:48,848 INFO     ___FILE_ONLY___ ╠═ Downloading: gcloud Beta Commands                        ═╣

2025-03-17 13:31:48,848 INFO     ___FILE_ONLY___ ╚
2025-03-17 13:31:48,852 DEBUG    urllib3.connectionpool Starting new HTTPS connection (1): dl.google.com:443
2025-03-17 13:31:49,022 DEBUG    urllib3.connectionpool https://dl.google.com:443 "GET /dl/cloudsdk/channels/rapid/components/google-cloud-sdk-beta-20250307152352.tar.gz HTTP/11" 200 797
2025-03-17 13:31:49,023 INFO     ___FILE_ONLY___ ════════════════════════════════════════════════════════════
2025-03-17 13:31:49,023 INFO     ___FILE_ONLY___ ╝

2025-03-17 13:31:49,025 INFO     ___FILE_ONLY___ ╔════════════════════════════════════════════════════════════╗

2025-03-17 13:31:49,025 INFO     ___FILE_ONLY___ ╠═ Downloading: gcloud Preview Commands                     ═╣

2025-03-17 13:31:49,025 INFO     ___FILE_ONLY___ ╚
2025-03-17 13:31:49,028 DEBUG    urllib3.connectionpool Starting new HTTPS connection (1): dl.google.com:443
2025-03-17 13:31:50,042 DEBUG    urllib3.connectionpool https://dl.google.com:443 "GET /dl/cloudsdk/channels/rapid/components/google-cloud-sdk-preview-20241115154308.tar.gz HTTP/11" 200 823
2025-03-17 13:31:50,042 INFO     ___FILE_ONLY___ ════════════════════════════════════════════════════════════
2025-03-17 13:31:50,042 INFO     ___FILE_ONLY___ ╝

2025-03-17 13:31:50,045 INFO     ___FILE_ONLY___ ╔════════════════════════════════════════════════════════════╗

2025-03-17 13:31:50,045 INFO     ___FILE_ONLY___ ╠═ Installing: gcloud Alpha Commands                        ═╣

2025-03-17 13:31:50,045 INFO     ___FILE_ONLY___ ╚
2025-03-17 13:31:50,046 INFO     ___FILE_ONLY___ ════════════════════════════════════════════════════════════
2025-03-17 13:31:50,046 INFO     ___FILE_ONLY___ ╝

2025-03-17 13:31:50,051 INFO     ___FILE_ONLY___ ╔════════════════════════════════════════════════════════════╗

2025-03-17 13:31:50,051 INFO     ___FILE_ONLY___ ╠═ Installing: gcloud Beta Commands                         ═╣

2025-03-17 13:31:50,051 INFO     ___FILE_ONLY___ ╚
2025-03-17 13:31:50,052 INFO     ___FILE_ONLY___ ════════════════════════════════════════════════════════════
2025-03-17 13:31:50,052 INFO     ___FILE_ONLY___ ╝

2025-03-17 13:31:50,058 INFO     ___FILE_ONLY___ ╔════════════════════════════════════════════════════════════╗

2025-03-17 13:31:50,058 INFO     ___FILE_ONLY___ ╠═ Installing: gcloud Preview Commands                      ═╣

2025-03-17 13:31:50,058 INFO     ___FILE_ONLY___ ╚
2025-03-17 13:31:50,058 INFO     ___FILE_ONLY___ ════════════════════════════════════════════════════════════
2025-03-17 13:31:50,059 INFO     ___FILE_ONLY___ ╝

2025-03-17 13:31:50,063 DEBUG    root            Updating notification cache...
2025-03-17 13:31:50,064 INFO     ___FILE_ONLY___ 

2025-03-17 13:31:50,066 INFO     ___FILE_ONLY___ Performing post processing steps...
2025-03-17 13:31:50,067 DEBUG    root            Executing command: ['/tools/google-cloud-sdk/bin/gcloud', 'components', 'post-process']
2025-03-17 13:31:58,375 DEBUG    ___FILE_ONLY___ 
2025-03-17 13:31:58,376 DEBUG    ___FILE_ONLY___ 
2025-03-17 13:31:58,579 INFO     root            descriptor_list: [{'universeDomain': 'googleapis.com', 'universeShortName': '', 'authenticationDomain': 'auth.cloud.google.com', 'projectPrefix': '', 'cloudWebDomain': 'cloud.google.com', 'documentationDomain': 'cloud.google.com', 'version': '1.0.0', 'state': 'primary', 'artifactRegistryDomain': 'pkg.dev'}]
2025-03-17 13:31:58,579 INFO     ___FILE_ONLY___ 
Update done!


2025-03-17 13:31:58,582 DEBUG    root            Chosen display Format:none
2025-03-17 13:31:58,582 INFO     root            Display format: "none"
