2025-02-07 14:19:32,105 DEBUG    root            Loaded Command Group: ['gcloud', 'components']
2025-02-07 14:19:32,107 DEBUG    root            Loaded Command Group: ['gcloud', 'components', 'update']
2025-02-07 14:19:32,108 DEBUG    root            Running [gcloud.components.update] with arguments: [--quiet: "True", COMPONENT-IDS:8: "['gcloud', 'core', 'bq', 'gsutil', 'compute', 'preview', 'alpha', 'beta']"]
2025-02-07 14:19:32,109 INFO     ___FILE_ONLY___ Beginning update. This process may take several minutes.

2025-02-07 14:19:32,118 DEBUG    urllib3.connectionpool Starting new HTTPS connection (1): dl.google.com:443
2025-02-07 14:19:32,512 DEBUG    urllib3.connectionpool https://dl.google.com:443 "GET /dl/cloudsdk/channels/rapid/components-2.json HTTP/11" 200 227832
2025-02-07 14:19:32,526 WARNING  root            Component [compute] no longer exists.
2025-02-07 14:19:32,527 INFO     ___FILE_ONLY___ 

2025-02-07 14:19:32,527 INFO     ___FILE_ONLY___ 
Your current Google Cloud CLI version is: 509.0.0

2025-02-07 14:19:32,527 INFO     ___FILE_ONLY___ Installing components from version: 509.0.0

2025-02-07 14:19:32,527 INFO     ___FILE_ONLY___ 

2025-02-07 14:19:32,528 DEBUG    root            Chosen display Format:table[box,title="These components will be removed."](details.display_name:label=Name:align=left,version.version_string:label=Version:align=right,data.size.size(zero="",min=1048576):label=Size:align=right)
2025-02-07 14:19:32,528 DEBUG    root            Chosen display Format:table[box,title="These components will be updated."](details.display_name:label=Name:align=left,version.version_string:label=Version:align=right,data.size.size(zero="",min=1048576):label=Size:align=right)
2025-02-07 14:19:32,528 DEBUG    root            Chosen display Format:table[box,title="These components will be installed."](details.display_name:label=Name:align=left,version.version_string:label=Version:align=right,data.size.size(zero="",min=1048576):label=Size:align=right)
2025-02-07 14:19:32,548 INFO     ___FILE_ONLY___ ┌────────────────────────────────────────────────┐
2025-02-07 14:19:32,548 INFO     ___FILE_ONLY___ 

2025-02-07 14:19:32,548 INFO     ___FILE_ONLY___ │      These components will be installed.       │
2025-02-07 14:19:32,548 INFO     ___FILE_ONLY___ 

2025-02-07 14:19:32,548 INFO     ___FILE_ONLY___ ├─────────────────────────┬────────────┬─────────┤
2025-02-07 14:19:32,548 INFO     ___FILE_ONLY___ 

2025-02-07 14:19:32,548 INFO     ___FILE_ONLY___ │           Name          │  Version   │   Size  │
2025-02-07 14:19:32,548 INFO     ___FILE_ONLY___ 

2025-02-07 14:19:32,549 INFO     ___FILE_ONLY___ ├─────────────────────────┼────────────┼─────────┤
2025-02-07 14:19:32,549 INFO     ___FILE_ONLY___ 

2025-02-07 14:19:32,549 INFO     ___FILE_ONLY___ │ 
2025-02-07 14:19:32,549 INFO     ___FILE_ONLY___ gcloud Alpha Commands  
2025-02-07 14:19:32,549 INFO     ___FILE_ONLY___  
2025-02-07 14:19:32,549 INFO     ___FILE_ONLY___ │ 
2025-02-07 14:19:32,549 INFO     ___FILE_ONLY___ 2025.01.31
2025-02-07 14:19:32,549 INFO     ___FILE_ONLY___  
2025-02-07 14:19:32,549 INFO     ___FILE_ONLY___ │ 
2025-02-07 14:19:32,549 INFO     ___FILE_ONLY___ < 1 MiB
2025-02-07 14:19:32,549 INFO     ___FILE_ONLY___  
2025-02-07 14:19:32,549 INFO     ___FILE_ONLY___ │
2025-02-07 14:19:32,549 INFO     ___FILE_ONLY___ 

2025-02-07 14:19:32,549 INFO     ___FILE_ONLY___ │ 
2025-02-07 14:19:32,549 INFO     ___FILE_ONLY___ gcloud Beta Commands   
2025-02-07 14:19:32,549 INFO     ___FILE_ONLY___  
2025-02-07 14:19:32,549 INFO     ___FILE_ONLY___ │ 
2025-02-07 14:19:32,549 INFO     ___FILE_ONLY___ 2025.01.31
2025-02-07 14:19:32,550 INFO     ___FILE_ONLY___  
2025-02-07 14:19:32,550 INFO     ___FILE_ONLY___ │ 
2025-02-07 14:19:32,550 INFO     ___FILE_ONLY___ < 1 MiB
2025-02-07 14:19:32,550 INFO     ___FILE_ONLY___  
2025-02-07 14:19:32,550 INFO     ___FILE_ONLY___ │
2025-02-07 14:19:32,550 INFO     ___FILE_ONLY___ 

2025-02-07 14:19:32,550 INFO     ___FILE_ONLY___ │ 
2025-02-07 14:19:32,550 INFO     ___FILE_ONLY___ gcloud Preview Commands
2025-02-07 14:19:32,550 INFO     ___FILE_ONLY___  
2025-02-07 14:19:32,550 INFO     ___FILE_ONLY___ │ 
2025-02-07 14:19:32,550 INFO     ___FILE_ONLY___           
2025-02-07 14:19:32,550 INFO     ___FILE_ONLY___  
2025-02-07 14:19:32,550 INFO     ___FILE_ONLY___ │ 
2025-02-07 14:19:32,550 INFO     ___FILE_ONLY___ < 1 MiB
2025-02-07 14:19:32,550 INFO     ___FILE_ONLY___  
2025-02-07 14:19:32,550 INFO     ___FILE_ONLY___ │
2025-02-07 14:19:32,550 INFO     ___FILE_ONLY___ 

2025-02-07 14:19:32,550 INFO     ___FILE_ONLY___ └─────────────────────────┴────────────┴─────────┘
2025-02-07 14:19:32,550 INFO     ___FILE_ONLY___ 

2025-02-07 14:19:32,551 INFO     ___FILE_ONLY___ 

2025-02-07 14:19:32,554 DEBUG    urllib3.connectionpool Starting new HTTPS connection (1): dl.google.com:443
2025-02-07 14:19:32,957 DEBUG    urllib3.connectionpool https://dl.google.com:443 "GET /dl/cloudsdk/channels/rapid/RELEASE_NOTES HTTP/11" 200 1351399
2025-02-07 14:19:33,469 INFO     ___FILE_ONLY___ For the latest full release notes, please visit:
  https://cloud.google.com/sdk/release_notes


2025-02-07 14:19:33,470 INFO     ___FILE_ONLY___ Performing in place update...


2025-02-07 14:19:33,472 INFO     ___FILE_ONLY___ ╔════════════════════════════════════════════════════════════╗

2025-02-07 14:19:33,472 INFO     ___FILE_ONLY___ ╠═ Downloading: gcloud Alpha Commands                       ═╣

2025-02-07 14:19:33,472 INFO     ___FILE_ONLY___ ╚
2025-02-07 14:19:33,475 DEBUG    urllib3.connectionpool Starting new HTTPS connection (1): dl.google.com:443
2025-02-07 14:19:33,584 DEBUG    urllib3.connectionpool https://dl.google.com:443 "GET /dl/cloudsdk/channels/rapid/components/google-cloud-sdk-alpha-20250131143518.tar.gz HTTP/11" 200 800
2025-02-07 14:19:33,585 INFO     ___FILE_ONLY___ ════════════════════════════════════════════════════════════
2025-02-07 14:19:33,585 INFO     ___FILE_ONLY___ ╝

2025-02-07 14:19:33,587 INFO     ___FILE_ONLY___ ╔════════════════════════════════════════════════════════════╗

2025-02-07 14:19:33,587 INFO     ___FILE_ONLY___ ╠═ Downloading: gcloud Beta Commands                        ═╣

2025-02-07 14:19:33,587 INFO     ___FILE_ONLY___ ╚
2025-02-07 14:19:33,590 DEBUG    urllib3.connectionpool Starting new HTTPS connection (1): dl.google.com:443
2025-02-07 14:19:33,979 DEBUG    urllib3.connectionpool https://dl.google.com:443 "GET /dl/cloudsdk/channels/rapid/components/google-cloud-sdk-beta-20250131143518.tar.gz HTTP/11" 200 797
2025-02-07 14:19:33,980 INFO     ___FILE_ONLY___ ════════════════════════════════════════════════════════════
2025-02-07 14:19:33,980 INFO     ___FILE_ONLY___ ╝

2025-02-07 14:19:33,982 INFO     ___FILE_ONLY___ ╔════════════════════════════════════════════════════════════╗

2025-02-07 14:19:33,982 INFO     ___FILE_ONLY___ ╠═ Downloading: gcloud Preview Commands                     ═╣

2025-02-07 14:19:33,982 INFO     ___FILE_ONLY___ ╚
2025-02-07 14:19:33,985 DEBUG    urllib3.connectionpool Starting new HTTPS connection (1): dl.google.com:443
2025-02-07 14:19:34,410 DEBUG    urllib3.connectionpool https://dl.google.com:443 "GET /dl/cloudsdk/channels/rapid/components/google-cloud-sdk-preview-20241115154308.tar.gz HTTP/11" 200 823
2025-02-07 14:19:34,411 INFO     ___FILE_ONLY___ ════════════════════════════════════════════════════════════
2025-02-07 14:19:34,411 INFO     ___FILE_ONLY___ ╝

2025-02-07 14:19:34,413 INFO     ___FILE_ONLY___ ╔════════════════════════════════════════════════════════════╗

2025-02-07 14:19:34,413 INFO     ___FILE_ONLY___ ╠═ Installing: gcloud Alpha Commands                        ═╣

2025-02-07 14:19:34,413 INFO     ___FILE_ONLY___ ╚
2025-02-07 14:19:34,414 INFO     ___FILE_ONLY___ ════════════════════════════════════════════════════════════
2025-02-07 14:19:34,414 INFO     ___FILE_ONLY___ ╝

2025-02-07 14:19:34,419 INFO     ___FILE_ONLY___ ╔════════════════════════════════════════════════════════════╗

2025-02-07 14:19:34,419 INFO     ___FILE_ONLY___ ╠═ Installing: gcloud Beta Commands                         ═╣

2025-02-07 14:19:34,419 INFO     ___FILE_ONLY___ ╚
2025-02-07 14:19:34,420 INFO     ___FILE_ONLY___ ════════════════════════════════════════════════════════════
2025-02-07 14:19:34,420 INFO     ___FILE_ONLY___ ╝

2025-02-07 14:19:34,425 INFO     ___FILE_ONLY___ ╔════════════════════════════════════════════════════════════╗

2025-02-07 14:19:34,425 INFO     ___FILE_ONLY___ ╠═ Installing: gcloud Preview Commands                      ═╣

2025-02-07 14:19:34,425 INFO     ___FILE_ONLY___ ╚
2025-02-07 14:19:34,426 INFO     ___FILE_ONLY___ ════════════════════════════════════════════════════════════
2025-02-07 14:19:34,426 INFO     ___FILE_ONLY___ ╝

2025-02-07 14:19:34,431 DEBUG    root            Updating notification cache...
2025-02-07 14:19:34,431 INFO     ___FILE_ONLY___ 

2025-02-07 14:19:34,433 INFO     ___FILE_ONLY___ Performing post processing steps...
2025-02-07 14:19:34,433 DEBUG    root            Executing command: ['/tools/google-cloud-sdk/bin/gcloud', 'components', 'post-process']
2025-02-07 14:19:43,097 DEBUG    ___FILE_ONLY___ 
2025-02-07 14:19:43,098 DEBUG    ___FILE_ONLY___ 
2025-02-07 14:19:43,209 INFO     ___FILE_ONLY___ 
Update done!


2025-02-07 14:19:43,211 DEBUG    root            Chosen display Format:none
2025-02-07 14:19:43,212 INFO     root            Display format: "none"
