2025-02-07 14:19:11,149 DEBUG    root            Loaded Command Group: ['gcloud', 'components']
2025-02-07 14:19:11,155 DEBUG    root            Loaded Command Group: ['gcloud', 'components', 'update']
2025-02-07 14:19:11,157 DEBUG    root            Running [gcloud.components.update] with arguments: [--compile-python: "True", --quiet: "True", COMPONENT-IDS:6: "['core', 'gcloud-deps', 'bq', 'gcloud', 'gcloud-crc32c', 'gsutil']"]
2025-02-07 14:19:11,158 INFO     ___FILE_ONLY___ Beginning update. This process may take several minutes.

2025-02-07 14:19:11,211 DEBUG    urllib3.connectionpool Starting new HTTPS connection (1): dl.google.com:443
2025-02-07 14:19:11,287 DEBUG    urllib3.connectionpool https://dl.google.com:443 "GET /dl/cloudsdk/channels/rapid/components-2.json HTTP/11" 200 227832
2025-02-07 14:19:11,308 INFO     ___FILE_ONLY___ 

2025-02-07 14:19:11,309 INFO     ___FILE_ONLY___ 
Your current Google Cloud CLI version is: 509.0.0

2025-02-07 14:19:11,309 INFO     ___FILE_ONLY___ Installing components from version: 509.0.0

2025-02-07 14:19:11,309 INFO     ___FILE_ONLY___ 

2025-02-07 14:19:11,310 DEBUG    root            Chosen display Format:table[box,title="These components will be removed."](details.display_name:label=Name:align=left,version.version_string:label=Version:align=right,data.size.size(zero="",min=1048576):label=Size:align=right)
2025-02-07 14:19:11,310 DEBUG    root            Chosen display Format:table[box,title="These components will be updated."](details.display_name:label=Name:align=left,version.version_string:label=Version:align=right,data.size.size(zero="",min=1048576):label=Size:align=right)
2025-02-07 14:19:11,311 DEBUG    root            Chosen display Format:table[box,title="These components will be installed."](details.display_name:label=Name:align=left,version.version_string:label=Version:align=right,data.size.size(zero="",min=1048576):label=Size:align=right)
2025-02-07 14:19:11,358 INFO     ___FILE_ONLY___ ┌─────────────────────────────────────────────────────────────────────────────┐
2025-02-07 14:19:11,358 INFO     ___FILE_ONLY___ 

2025-02-07 14:19:11,358 INFO     ___FILE_ONLY___ │                     These components will be installed.                     │
2025-02-07 14:19:11,358 INFO     ___FILE_ONLY___ 

2025-02-07 14:19:11,358 INFO     ___FILE_ONLY___ ├─────────────────────────────────────────────────────┬────────────┬──────────┤
2025-02-07 14:19:11,358 INFO     ___FILE_ONLY___ 

2025-02-07 14:19:11,358 INFO     ___FILE_ONLY___ │                         Name                        │  Version   │   Size   │
2025-02-07 14:19:11,358 INFO     ___FILE_ONLY___ 

2025-02-07 14:19:11,358 INFO     ___FILE_ONLY___ ├─────────────────────────────────────────────────────┼────────────┼──────────┤
2025-02-07 14:19:11,358 INFO     ___FILE_ONLY___ 

2025-02-07 14:19:11,358 INFO     ___FILE_ONLY___ │ 
2025-02-07 14:19:11,358 INFO     ___FILE_ONLY___ BigQuery Command Line Tool                         
2025-02-07 14:19:11,358 INFO     ___FILE_ONLY___  
2025-02-07 14:19:11,359 INFO     ___FILE_ONLY___ │ 
2025-02-07 14:19:11,359 INFO     ___FILE_ONLY___     2.1.12
2025-02-07 14:19:11,359 INFO     ___FILE_ONLY___  
2025-02-07 14:19:11,359 INFO     ___FILE_ONLY___ │ 
2025-02-07 14:19:11,359 INFO     ___FILE_ONLY___  1.8 MiB
2025-02-07 14:19:11,359 INFO     ___FILE_ONLY___  
2025-02-07 14:19:11,359 INFO     ___FILE_ONLY___ │
2025-02-07 14:19:11,359 INFO     ___FILE_ONLY___ 

2025-02-07 14:19:11,359 INFO     ___FILE_ONLY___ │ 
2025-02-07 14:19:11,359 INFO     ___FILE_ONLY___ BigQuery Command Line Tool (Platform Specific)     
2025-02-07 14:19:11,359 INFO     ___FILE_ONLY___  
2025-02-07 14:19:11,359 INFO     ___FILE_ONLY___ │ 
2025-02-07 14:19:11,359 INFO     ___FILE_ONLY___      2.1.8
2025-02-07 14:19:11,359 INFO     ___FILE_ONLY___  
2025-02-07 14:19:11,359 INFO     ___FILE_ONLY___ │ 
2025-02-07 14:19:11,359 INFO     ___FILE_ONLY___  < 1 MiB
2025-02-07 14:19:11,360 INFO     ___FILE_ONLY___  
2025-02-07 14:19:11,360 INFO     ___FILE_ONLY___ │
2025-02-07 14:19:11,360 INFO     ___FILE_ONLY___ 

2025-02-07 14:19:11,360 INFO     ___FILE_ONLY___ │ 
2025-02-07 14:19:11,360 INFO     ___FILE_ONLY___ Bundled Python 3.12 (Platform Specific)            
2025-02-07 14:19:11,360 INFO     ___FILE_ONLY___  
2025-02-07 14:19:11,360 INFO     ___FILE_ONLY___ │ 
2025-02-07 14:19:11,360 INFO     ___FILE_ONLY___     3.12.8
2025-02-07 14:19:11,360 INFO     ___FILE_ONLY___  
2025-02-07 14:19:11,360 INFO     ___FILE_ONLY___ │ 
2025-02-07 14:19:11,360 INFO     ___FILE_ONLY___ 89.2 MiB
2025-02-07 14:19:11,360 INFO     ___FILE_ONLY___  
2025-02-07 14:19:11,360 INFO     ___FILE_ONLY___ │
2025-02-07 14:19:11,361 INFO     ___FILE_ONLY___ 

2025-02-07 14:19:11,361 INFO     ___FILE_ONLY___ │ 
2025-02-07 14:19:11,361 INFO     ___FILE_ONLY___ Cloud Storage Command Line Tool                    
2025-02-07 14:19:11,361 INFO     ___FILE_ONLY___  
2025-02-07 14:19:11,361 INFO     ___FILE_ONLY___ │ 
2025-02-07 14:19:11,361 INFO     ___FILE_ONLY___       5.33
2025-02-07 14:19:11,361 INFO     ___FILE_ONLY___  
2025-02-07 14:19:11,361 INFO     ___FILE_ONLY___ │ 
2025-02-07 14:19:11,361 INFO     ___FILE_ONLY___ 11.8 MiB
2025-02-07 14:19:11,361 INFO     ___FILE_ONLY___  
2025-02-07 14:19:11,361 INFO     ___FILE_ONLY___ │
2025-02-07 14:19:11,361 INFO     ___FILE_ONLY___ 

2025-02-07 14:19:11,361 INFO     ___FILE_ONLY___ │ 
2025-02-07 14:19:11,362 INFO     ___FILE_ONLY___ Cloud Storage Command Line Tool (Platform Specific)
2025-02-07 14:19:11,362 INFO     ___FILE_ONLY___  
2025-02-07 14:19:11,362 INFO     ___FILE_ONLY___ │ 
2025-02-07 14:19:11,362 INFO     ___FILE_ONLY___       5.30
2025-02-07 14:19:11,362 INFO     ___FILE_ONLY___  
2025-02-07 14:19:11,362 INFO     ___FILE_ONLY___ │ 
2025-02-07 14:19:11,362 INFO     ___FILE_ONLY___  < 1 MiB
2025-02-07 14:19:11,362 INFO     ___FILE_ONLY___  
2025-02-07 14:19:11,362 INFO     ___FILE_ONLY___ │
2025-02-07 14:19:11,362 INFO     ___FILE_ONLY___ 

2025-02-07 14:19:11,362 INFO     ___FILE_ONLY___ │ 
2025-02-07 14:19:11,362 INFO     ___FILE_ONLY___ Google Cloud CLI Core Libraries (Platform Specific)
2025-02-07 14:19:11,362 INFO     ___FILE_ONLY___  
2025-02-07 14:19:11,362 INFO     ___FILE_ONLY___ │ 
2025-02-07 14:19:11,362 INFO     ___FILE_ONLY___ 2024.08.30
2025-02-07 14:19:11,362 INFO     ___FILE_ONLY___  
2025-02-07 14:19:11,363 INFO     ___FILE_ONLY___ │ 
2025-02-07 14:19:11,363 INFO     ___FILE_ONLY___  < 1 MiB
2025-02-07 14:19:11,363 INFO     ___FILE_ONLY___  
2025-02-07 14:19:11,363 INFO     ___FILE_ONLY___ │
2025-02-07 14:19:11,363 INFO     ___FILE_ONLY___ 

2025-02-07 14:19:11,363 INFO     ___FILE_ONLY___ │ 
2025-02-07 14:19:11,363 INFO     ___FILE_ONLY___ Google Cloud CRC32C Hash Tool (Platform Specific)  
2025-02-07 14:19:11,363 INFO     ___FILE_ONLY___  
2025-02-07 14:19:11,363 INFO     ___FILE_ONLY___ │ 
2025-02-07 14:19:11,363 INFO     ___FILE_ONLY___      1.0.0
2025-02-07 14:19:11,363 INFO     ___FILE_ONLY___  
2025-02-07 14:19:11,363 INFO     ___FILE_ONLY___ │ 
2025-02-07 14:19:11,363 INFO     ___FILE_ONLY___  1.4 MiB
2025-02-07 14:19:11,363 INFO     ___FILE_ONLY___  
2025-02-07 14:19:11,363 INFO     ___FILE_ONLY___ │
2025-02-07 14:19:11,363 INFO     ___FILE_ONLY___ 

2025-02-07 14:19:11,363 INFO     ___FILE_ONLY___ │ 
2025-02-07 14:19:11,363 INFO     ___FILE_ONLY___ gcloud cli dependencies (Platform Specific)        
2025-02-07 14:19:11,363 INFO     ___FILE_ONLY___  
2025-02-07 14:19:11,364 INFO     ___FILE_ONLY___ │ 
2025-02-07 14:19:11,364 INFO     ___FILE_ONLY___ 2021.04.16
2025-02-07 14:19:11,364 INFO     ___FILE_ONLY___  
2025-02-07 14:19:11,364 INFO     ___FILE_ONLY___ │ 
2025-02-07 14:19:11,364 INFO     ___FILE_ONLY___  < 1 MiB
2025-02-07 14:19:11,364 INFO     ___FILE_ONLY___  
2025-02-07 14:19:11,364 INFO     ___FILE_ONLY___ │
2025-02-07 14:19:11,364 INFO     ___FILE_ONLY___ 

2025-02-07 14:19:11,364 INFO     ___FILE_ONLY___ └─────────────────────────────────────────────────────┴────────────┴──────────┘
2025-02-07 14:19:11,364 INFO     ___FILE_ONLY___ 

2025-02-07 14:19:11,364 INFO     ___FILE_ONLY___ 

2025-02-07 14:19:11,369 DEBUG    urllib3.connectionpool Starting new HTTPS connection (1): dl.google.com:443
2025-02-07 14:19:11,454 DEBUG    urllib3.connectionpool https://dl.google.com:443 "GET /dl/cloudsdk/channels/rapid/RELEASE_NOTES HTTP/11" 200 1351399
2025-02-07 14:19:11,993 INFO     ___FILE_ONLY___ For the latest full release notes, please visit:
  https://cloud.google.com/sdk/release_notes


2025-02-07 14:19:11,993 INFO     ___FILE_ONLY___ Performing in place update...


2025-02-07 14:19:11,995 INFO     ___FILE_ONLY___ ╔════════════════════════════════════════════════════════════╗

2025-02-07 14:19:11,996 INFO     ___FILE_ONLY___ ╠═ Downloading: BigQuery Command Line Tool                  ═╣

2025-02-07 14:19:11,996 INFO     ___FILE_ONLY___ ╚
2025-02-07 14:19:11,999 DEBUG    urllib3.connectionpool Starting new HTTPS connection (1): dl.google.com:443
2025-02-07 14:19:12,383 DEBUG    urllib3.connectionpool https://dl.google.com:443 "GET /dl/cloudsdk/channels/rapid/components/google-cloud-sdk-bq-20250117151628.tar.gz HTTP/11" 200 1853621
2025-02-07 14:19:12,395 INFO     ___FILE_ONLY___ ═
2025-02-07 14:19:12,395 INFO     ___FILE_ONLY___ ═
2025-02-07 14:19:12,395 INFO     ___FILE_ONLY___ ═
2025-02-07 14:19:12,395 INFO     ___FILE_ONLY___ ═
2025-02-07 14:19:12,396 INFO     ___FILE_ONLY___ ═
2025-02-07 14:19:12,396 INFO     ___FILE_ONLY___ ═
2025-02-07 14:19:12,396 INFO     ___FILE_ONLY___ ═
2025-02-07 14:19:12,396 INFO     ___FILE_ONLY___ ═
2025-02-07 14:19:12,396 INFO     ___FILE_ONLY___ ═
2025-02-07 14:19:12,396 INFO     ___FILE_ONLY___ ═
2025-02-07 14:19:12,396 INFO     ___FILE_ONLY___ ═
2025-02-07 14:19:12,396 INFO     ___FILE_ONLY___ ═
2025-02-07 14:19:12,396 INFO     ___FILE_ONLY___ ═
2025-02-07 14:19:12,397 INFO     ___FILE_ONLY___ ═
2025-02-07 14:19:12,397 INFO     ___FILE_ONLY___ ═
2025-02-07 14:19:12,397 INFO     ___FILE_ONLY___ ═
2025-02-07 14:19:12,397 INFO     ___FILE_ONLY___ ═
2025-02-07 14:19:12,397 INFO     ___FILE_ONLY___ ═
2025-02-07 14:19:12,397 INFO     ___FILE_ONLY___ ═
2025-02-07 14:19:12,397 INFO     ___FILE_ONLY___ ═
2025-02-07 14:19:12,398 INFO     ___FILE_ONLY___ ═
2025-02-07 14:19:12,398 INFO     ___FILE_ONLY___ ═
2025-02-07 14:19:12,398 INFO     ___FILE_ONLY___ ═
2025-02-07 14:19:12,398 INFO     ___FILE_ONLY___ ═
2025-02-07 14:19:12,398 INFO     ___FILE_ONLY___ ═
2025-02-07 14:19:12,398 INFO     ___FILE_ONLY___ ═
2025-02-07 14:19:12,398 INFO     ___FILE_ONLY___ ═
2025-02-07 14:19:12,398 INFO     ___FILE_ONLY___ ═
2025-02-07 14:19:12,399 INFO     ___FILE_ONLY___ ═
2025-02-07 14:19:12,399 INFO     ___FILE_ONLY___ ═
2025-02-07 14:19:12,399 INFO     ___FILE_ONLY___ ═
2025-02-07 14:19:12,399 INFO     ___FILE_ONLY___ ═
2025-02-07 14:19:12,399 INFO     ___FILE_ONLY___ ═
2025-02-07 14:19:12,399 INFO     ___FILE_ONLY___ ═
2025-02-07 14:19:12,399 INFO     ___FILE_ONLY___ ═
2025-02-07 14:19:12,399 INFO     ___FILE_ONLY___ ═
2025-02-07 14:19:12,400 INFO     ___FILE_ONLY___ ═
2025-02-07 14:19:12,400 INFO     ___FILE_ONLY___ ═
2025-02-07 14:19:12,400 INFO     ___FILE_ONLY___ ═
2025-02-07 14:19:12,400 INFO     ___FILE_ONLY___ ═
2025-02-07 14:19:12,400 INFO     ___FILE_ONLY___ ═
2025-02-07 14:19:12,400 INFO     ___FILE_ONLY___ ═
2025-02-07 14:19:12,400 INFO     ___FILE_ONLY___ ═
2025-02-07 14:19:12,400 INFO     ___FILE_ONLY___ ═
2025-02-07 14:19:12,400 INFO     ___FILE_ONLY___ ═
2025-02-07 14:19:12,401 INFO     ___FILE_ONLY___ ═
2025-02-07 14:19:12,401 INFO     ___FILE_ONLY___ ═
2025-02-07 14:19:12,401 INFO     ___FILE_ONLY___ ═
2025-02-07 14:19:12,401 INFO     ___FILE_ONLY___ ═
2025-02-07 14:19:12,401 INFO     ___FILE_ONLY___ ═
2025-02-07 14:19:12,401 INFO     ___FILE_ONLY___ ═
2025-02-07 14:19:12,401 INFO     ___FILE_ONLY___ ═
2025-02-07 14:19:12,401 INFO     ___FILE_ONLY___ ═
2025-02-07 14:19:12,402 INFO     ___FILE_ONLY___ ═
2025-02-07 14:19:12,402 INFO     ___FILE_ONLY___ ═
2025-02-07 14:19:12,402 INFO     ___FILE_ONLY___ ═
2025-02-07 14:19:12,402 INFO     ___FILE_ONLY___ ═
2025-02-07 14:19:12,402 INFO     ___FILE_ONLY___ ═
2025-02-07 14:19:12,402 INFO     ___FILE_ONLY___ ═
2025-02-07 14:19:12,402 INFO     ___FILE_ONLY___ ═
2025-02-07 14:19:12,402 INFO     ___FILE_ONLY___ ╝

2025-02-07 14:19:12,405 INFO     ___FILE_ONLY___ ╔════════════════════════════════════════════════════════════╗

2025-02-07 14:19:12,405 INFO     ___FILE_ONLY___ ╠═ Downloading: BigQuery Command Line Tool (Platform Spe... ═╣

2025-02-07 14:19:12,405 INFO     ___FILE_ONLY___ ╚
2025-02-07 14:19:12,408 DEBUG    urllib3.connectionpool Starting new HTTPS connection (1): dl.google.com:443
2025-02-07 14:19:12,849 DEBUG    urllib3.connectionpool https://dl.google.com:443 "GET /dl/cloudsdk/channels/rapid/components/google-cloud-sdk-bq-nix-20240830134514.tar.gz HTTP/11" 200 1914
2025-02-07 14:19:12,850 INFO     ___FILE_ONLY___ ════════════════════════════════════════════════════════════
2025-02-07 14:19:12,850 INFO     ___FILE_ONLY___ ╝

2025-02-07 14:19:12,852 INFO     ___FILE_ONLY___ ╔════════════════════════════════════════════════════════════╗

2025-02-07 14:19:12,852 INFO     ___FILE_ONLY___ ╠═ Downloading: Bundled Python 3.12                         ═╣

2025-02-07 14:19:12,852 INFO     ___FILE_ONLY___ ╚
2025-02-07 14:19:12,852 INFO     ___FILE_ONLY___ ════════════════════════════════════════════════════════════
2025-02-07 14:19:12,852 INFO     ___FILE_ONLY___ ╝

2025-02-07 14:19:12,854 INFO     ___FILE_ONLY___ ╔════════════════════════════════════════════════════════════╗

2025-02-07 14:19:12,854 INFO     ___FILE_ONLY___ ╠═ Downloading: Bundled Python 3.12 (Platform Specific)     ═╣

2025-02-07 14:19:12,854 INFO     ___FILE_ONLY___ ╚
2025-02-07 14:19:12,857 DEBUG    urllib3.connectionpool Starting new HTTPS connection (1): dl.google.com:443
2025-02-07 14:19:13,254 DEBUG    urllib3.connectionpool https://dl.google.com:443 "GET /dl/cloudsdk/channels/rapid/components/google-cloud-sdk-bundled-python3-unix-linux-x86_64-20250131143518.tar.gz HTTP/11" 200 93520256
2025-02-07 14:19:13,608 INFO     ___FILE_ONLY___ ═
2025-02-07 14:19:13,610 INFO     ___FILE_ONLY___ ═
2025-02-07 14:19:13,612 INFO     ___FILE_ONLY___ ═
2025-02-07 14:19:13,614 INFO     ___FILE_ONLY___ ═
2025-02-07 14:19:13,615 INFO     ___FILE_ONLY___ ═
2025-02-07 14:19:13,617 INFO     ___FILE_ONLY___ ═
2025-02-07 14:19:13,619 INFO     ___FILE_ONLY___ ═
2025-02-07 14:19:13,621 INFO     ___FILE_ONLY___ ═
2025-02-07 14:19:13,622 INFO     ___FILE_ONLY___ ═
2025-02-07 14:19:13,624 INFO     ___FILE_ONLY___ ═
2025-02-07 14:19:13,626 INFO     ___FILE_ONLY___ ═
2025-02-07 14:19:13,627 INFO     ___FILE_ONLY___ ═
2025-02-07 14:19:13,629 INFO     ___FILE_ONLY___ ═
2025-02-07 14:19:13,631 INFO     ___FILE_ONLY___ ═
2025-02-07 14:19:13,632 INFO     ___FILE_ONLY___ ═
2025-02-07 14:19:13,634 INFO     ___FILE_ONLY___ ═
2025-02-07 14:19:13,636 INFO     ___FILE_ONLY___ ═
2025-02-07 14:19:13,637 INFO     ___FILE_ONLY___ ═
2025-02-07 14:19:13,639 INFO     ___FILE_ONLY___ ═
2025-02-07 14:19:13,641 INFO     ___FILE_ONLY___ ═
2025-02-07 14:19:13,642 INFO     ___FILE_ONLY___ ═
2025-02-07 14:19:13,644 INFO     ___FILE_ONLY___ ═
2025-02-07 14:19:13,646 INFO     ___FILE_ONLY___ ═
2025-02-07 14:19:13,647 INFO     ___FILE_ONLY___ ═
2025-02-07 14:19:13,649 INFO     ___FILE_ONLY___ ═
2025-02-07 14:19:13,651 INFO     ___FILE_ONLY___ ═
2025-02-07 14:19:13,653 INFO     ___FILE_ONLY___ ═
2025-02-07 14:19:13,654 INFO     ___FILE_ONLY___ ═
2025-02-07 14:19:13,656 INFO     ___FILE_ONLY___ ═
2025-02-07 14:19:13,658 INFO     ___FILE_ONLY___ ═
2025-02-07 14:19:13,659 INFO     ___FILE_ONLY___ ═
2025-02-07 14:19:13,661 INFO     ___FILE_ONLY___ ═
2025-02-07 14:19:13,663 INFO     ___FILE_ONLY___ ═
2025-02-07 14:19:13,664 INFO     ___FILE_ONLY___ ═
2025-02-07 14:19:13,666 INFO     ___FILE_ONLY___ ═
2025-02-07 14:19:13,668 INFO     ___FILE_ONLY___ ═
2025-02-07 14:19:13,669 INFO     ___FILE_ONLY___ ═
2025-02-07 14:19:13,671 INFO     ___FILE_ONLY___ ═
2025-02-07 14:19:13,673 INFO     ___FILE_ONLY___ ═
2025-02-07 14:19:13,674 INFO     ___FILE_ONLY___ ═
2025-02-07 14:19:13,676 INFO     ___FILE_ONLY___ ═
2025-02-07 14:19:13,678 INFO     ___FILE_ONLY___ ═
2025-02-07 14:19:13,679 INFO     ___FILE_ONLY___ ═
2025-02-07 14:19:13,681 INFO     ___FILE_ONLY___ ═
2025-02-07 14:19:13,683 INFO     ___FILE_ONLY___ ═
2025-02-07 14:19:13,684 INFO     ___FILE_ONLY___ ═
2025-02-07 14:19:13,686 INFO     ___FILE_ONLY___ ═
2025-02-07 14:19:13,688 INFO     ___FILE_ONLY___ ═
2025-02-07 14:19:13,689 INFO     ___FILE_ONLY___ ═
2025-02-07 14:19:13,691 INFO     ___FILE_ONLY___ ═
2025-02-07 14:19:13,693 INFO     ___FILE_ONLY___ ═
2025-02-07 14:19:13,694 INFO     ___FILE_ONLY___ ═
2025-02-07 14:19:13,696 INFO     ___FILE_ONLY___ ═
2025-02-07 14:19:13,698 INFO     ___FILE_ONLY___ ═
2025-02-07 14:19:13,699 INFO     ___FILE_ONLY___ ═
2025-02-07 14:19:13,701 INFO     ___FILE_ONLY___ ═
2025-02-07 14:19:13,703 INFO     ___FILE_ONLY___ ═
2025-02-07 14:19:13,704 INFO     ___FILE_ONLY___ ═
2025-02-07 14:19:13,706 INFO     ___FILE_ONLY___ ═
2025-02-07 14:19:13,708 INFO     ___FILE_ONLY___ ═
2025-02-07 14:19:13,708 INFO     ___FILE_ONLY___ ╝

2025-02-07 14:19:13,714 INFO     ___FILE_ONLY___ ╔════════════════════════════════════════════════════════════╗

2025-02-07 14:19:13,714 INFO     ___FILE_ONLY___ ╠═ Downloading: Cloud Storage Command Line Tool             ═╣

2025-02-07 14:19:13,714 INFO     ___FILE_ONLY___ ╚
2025-02-07 14:19:13,717 DEBUG    urllib3.connectionpool Starting new HTTPS connection (1): dl.google.com:443
2025-02-07 14:19:14,193 DEBUG    urllib3.connectionpool https://dl.google.com:443 "GET /dl/cloudsdk/channels/rapid/components/google-cloud-sdk-gsutil-20241213184646.tar.gz HTTP/11" 200 12368759
2025-02-07 14:19:14,240 INFO     ___FILE_ONLY___ ═
2025-02-07 14:19:14,240 INFO     ___FILE_ONLY___ ═
2025-02-07 14:19:14,240 INFO     ___FILE_ONLY___ ═
2025-02-07 14:19:14,241 INFO     ___FILE_ONLY___ ═
2025-02-07 14:19:14,241 INFO     ___FILE_ONLY___ ═
2025-02-07 14:19:14,241 INFO     ___FILE_ONLY___ ═
2025-02-07 14:19:14,242 INFO     ___FILE_ONLY___ ═
2025-02-07 14:19:14,242 INFO     ___FILE_ONLY___ ═
2025-02-07 14:19:14,242 INFO     ___FILE_ONLY___ ═
2025-02-07 14:19:14,243 INFO     ___FILE_ONLY___ ═
2025-02-07 14:19:14,243 INFO     ___FILE_ONLY___ ═
2025-02-07 14:19:14,243 INFO     ___FILE_ONLY___ ═
2025-02-07 14:19:14,244 INFO     ___FILE_ONLY___ ═
2025-02-07 14:19:14,244 INFO     ___FILE_ONLY___ ═
2025-02-07 14:19:14,244 INFO     ___FILE_ONLY___ ═
2025-02-07 14:19:14,245 INFO     ___FILE_ONLY___ ═
2025-02-07 14:19:14,245 INFO     ___FILE_ONLY___ ═
2025-02-07 14:19:14,245 INFO     ___FILE_ONLY___ ═
2025-02-07 14:19:14,245 INFO     ___FILE_ONLY___ ═
2025-02-07 14:19:14,246 INFO     ___FILE_ONLY___ ═
2025-02-07 14:19:14,246 INFO     ___FILE_ONLY___ ═
2025-02-07 14:19:14,246 INFO     ___FILE_ONLY___ ═
2025-02-07 14:19:14,247 INFO     ___FILE_ONLY___ ═
2025-02-07 14:19:14,247 INFO     ___FILE_ONLY___ ═
2025-02-07 14:19:14,247 INFO     ___FILE_ONLY___ ═
2025-02-07 14:19:14,248 INFO     ___FILE_ONLY___ ═
2025-02-07 14:19:14,248 INFO     ___FILE_ONLY___ ═
2025-02-07 14:19:14,248 INFO     ___FILE_ONLY___ ═
2025-02-07 14:19:14,249 INFO     ___FILE_ONLY___ ═
2025-02-07 14:19:14,249 INFO     ___FILE_ONLY___ ═
2025-02-07 14:19:14,249 INFO     ___FILE_ONLY___ ═
2025-02-07 14:19:14,250 INFO     ___FILE_ONLY___ ═
2025-02-07 14:19:14,250 INFO     ___FILE_ONLY___ ═
2025-02-07 14:19:14,250 INFO     ___FILE_ONLY___ ═
2025-02-07 14:19:14,251 INFO     ___FILE_ONLY___ ═
2025-02-07 14:19:14,251 INFO     ___FILE_ONLY___ ═
2025-02-07 14:19:14,251 INFO     ___FILE_ONLY___ ═
2025-02-07 14:19:14,252 INFO     ___FILE_ONLY___ ═
2025-02-07 14:19:14,252 INFO     ___FILE_ONLY___ ═
2025-02-07 14:19:14,252 INFO     ___FILE_ONLY___ ═
2025-02-07 14:19:14,253 INFO     ___FILE_ONLY___ ═
2025-02-07 14:19:14,253 INFO     ___FILE_ONLY___ ═
2025-02-07 14:19:14,253 INFO     ___FILE_ONLY___ ═
2025-02-07 14:19:14,254 INFO     ___FILE_ONLY___ ═
2025-02-07 14:19:14,254 INFO     ___FILE_ONLY___ ═
2025-02-07 14:19:14,254 INFO     ___FILE_ONLY___ ═
2025-02-07 14:19:14,255 INFO     ___FILE_ONLY___ ═
2025-02-07 14:19:14,255 INFO     ___FILE_ONLY___ ═
2025-02-07 14:19:14,255 INFO     ___FILE_ONLY___ ═
2025-02-07 14:19:14,256 INFO     ___FILE_ONLY___ ═
2025-02-07 14:19:14,256 INFO     ___FILE_ONLY___ ═
2025-02-07 14:19:14,256 INFO     ___FILE_ONLY___ ═
2025-02-07 14:19:14,257 INFO     ___FILE_ONLY___ ═
2025-02-07 14:19:14,257 INFO     ___FILE_ONLY___ ═
2025-02-07 14:19:14,257 INFO     ___FILE_ONLY___ ═
2025-02-07 14:19:14,258 INFO     ___FILE_ONLY___ ═
2025-02-07 14:19:14,258 INFO     ___FILE_ONLY___ ═
2025-02-07 14:19:14,258 INFO     ___FILE_ONLY___ ═
2025-02-07 14:19:14,259 INFO     ___FILE_ONLY___ ═
2025-02-07 14:19:14,259 INFO     ___FILE_ONLY___ ═
2025-02-07 14:19:14,259 INFO     ___FILE_ONLY___ ╝

2025-02-07 14:19:14,262 INFO     ___FILE_ONLY___ ╔════════════════════════════════════════════════════════════╗

2025-02-07 14:19:14,262 INFO     ___FILE_ONLY___ ╠═ Downloading: Cloud Storage Command Line Tool (Platfor... ═╣

2025-02-07 14:19:14,262 INFO     ___FILE_ONLY___ ╚
2025-02-07 14:19:14,265 DEBUG    urllib3.connectionpool Starting new HTTPS connection (1): dl.google.com:443
2025-02-07 14:19:14,655 DEBUG    urllib3.connectionpool https://dl.google.com:443 "GET /dl/cloudsdk/channels/rapid/components/google-cloud-sdk-gsutil-nix-20240830134514.tar.gz HTTP/11" 200 1928
2025-02-07 14:19:14,656 INFO     ___FILE_ONLY___ ════════════════════════════════════════════════════════════
2025-02-07 14:19:14,656 INFO     ___FILE_ONLY___ ╝

2025-02-07 14:19:14,658 INFO     ___FILE_ONLY___ ╔════════════════════════════════════════════════════════════╗

2025-02-07 14:19:14,658 INFO     ___FILE_ONLY___ ╠═ Downloading: Default set of gcloud commands              ═╣

2025-02-07 14:19:14,658 INFO     ___FILE_ONLY___ ╚
2025-02-07 14:19:14,658 INFO     ___FILE_ONLY___ ════════════════════════════════════════════════════════════
2025-02-07 14:19:14,658 INFO     ___FILE_ONLY___ ╝

2025-02-07 14:19:14,660 INFO     ___FILE_ONLY___ ╔════════════════════════════════════════════════════════════╗

2025-02-07 14:19:14,660 INFO     ___FILE_ONLY___ ╠═ Downloading: Google Cloud CLI Core Libraries (Platfor... ═╣

2025-02-07 14:19:14,660 INFO     ___FILE_ONLY___ ╚
2025-02-07 14:19:14,663 DEBUG    urllib3.connectionpool Starting new HTTPS connection (1): dl.google.com:443
2025-02-07 14:19:15,021 DEBUG    urllib3.connectionpool https://dl.google.com:443 "GET /dl/cloudsdk/channels/rapid/components/google-cloud-sdk-core-nix-20240830134514.tar.gz HTTP/11" 200 2306
2025-02-07 14:19:15,021 INFO     ___FILE_ONLY___ ════════════════════════════════════════════════════════════
2025-02-07 14:19:15,021 INFO     ___FILE_ONLY___ ╝

2025-02-07 14:19:15,023 INFO     ___FILE_ONLY___ ╔════════════════════════════════════════════════════════════╗

2025-02-07 14:19:15,023 INFO     ___FILE_ONLY___ ╠═ Downloading: Google Cloud CRC32C Hash Tool               ═╣

2025-02-07 14:19:15,023 INFO     ___FILE_ONLY___ ╚
2025-02-07 14:19:15,023 INFO     ___FILE_ONLY___ ════════════════════════════════════════════════════════════
2025-02-07 14:19:15,024 INFO     ___FILE_ONLY___ ╝

2025-02-07 14:19:15,025 INFO     ___FILE_ONLY___ ╔════════════════════════════════════════════════════════════╗

2025-02-07 14:19:15,026 INFO     ___FILE_ONLY___ ╠═ Downloading: Google Cloud CRC32C Hash Tool (Platform ... ═╣

2025-02-07 14:19:15,026 INFO     ___FILE_ONLY___ ╚
2025-02-07 14:19:15,029 DEBUG    urllib3.connectionpool Starting new HTTPS connection (1): dl.google.com:443
2025-02-07 14:19:15,102 DEBUG    urllib3.connectionpool https://dl.google.com:443 "GET /dl/cloudsdk/channels/rapid/components/google-cloud-sdk-gcloud-crc32c-linux-x86_64-20250110133808.tar.gz HTTP/11" 200 1478989
2025-02-07 14:19:15,116 INFO     ___FILE_ONLY___ ═
2025-02-07 14:19:15,116 INFO     ___FILE_ONLY___ ═
2025-02-07 14:19:15,116 INFO     ___FILE_ONLY___ ═
2025-02-07 14:19:15,116 INFO     ___FILE_ONLY___ ═
2025-02-07 14:19:15,116 INFO     ___FILE_ONLY___ ═
2025-02-07 14:19:15,116 INFO     ___FILE_ONLY___ ═
2025-02-07 14:19:15,117 INFO     ___FILE_ONLY___ ═
2025-02-07 14:19:15,117 INFO     ___FILE_ONLY___ ═
2025-02-07 14:19:15,117 INFO     ___FILE_ONLY___ ═
2025-02-07 14:19:15,117 INFO     ___FILE_ONLY___ ═
2025-02-07 14:19:15,117 INFO     ___FILE_ONLY___ ═
2025-02-07 14:19:15,117 INFO     ___FILE_ONLY___ ═
2025-02-07 14:19:15,117 INFO     ___FILE_ONLY___ ═
2025-02-07 14:19:15,117 INFO     ___FILE_ONLY___ ═
2025-02-07 14:19:15,117 INFO     ___FILE_ONLY___ ═
2025-02-07 14:19:15,117 INFO     ___FILE_ONLY___ ═
2025-02-07 14:19:15,118 INFO     ___FILE_ONLY___ ═
2025-02-07 14:19:15,118 INFO     ___FILE_ONLY___ ═
2025-02-07 14:19:15,118 INFO     ___FILE_ONLY___ ═
2025-02-07 14:19:15,118 INFO     ___FILE_ONLY___ ═
2025-02-07 14:19:15,118 INFO     ___FILE_ONLY___ ═
2025-02-07 14:19:15,118 INFO     ___FILE_ONLY___ ═
2025-02-07 14:19:15,118 INFO     ___FILE_ONLY___ ═
2025-02-07 14:19:15,118 INFO     ___FILE_ONLY___ ═
2025-02-07 14:19:15,119 INFO     ___FILE_ONLY___ ═
2025-02-07 14:19:15,119 INFO     ___FILE_ONLY___ ═
2025-02-07 14:19:15,119 INFO     ___FILE_ONLY___ ═
2025-02-07 14:19:15,119 INFO     ___FILE_ONLY___ ═
2025-02-07 14:19:15,119 INFO     ___FILE_ONLY___ ═
2025-02-07 14:19:15,119 INFO     ___FILE_ONLY___ ═
2025-02-07 14:19:15,119 INFO     ___FILE_ONLY___ ═
2025-02-07 14:19:15,119 INFO     ___FILE_ONLY___ ═
2025-02-07 14:19:15,119 INFO     ___FILE_ONLY___ ═
2025-02-07 14:19:15,120 INFO     ___FILE_ONLY___ ═
2025-02-07 14:19:15,120 INFO     ___FILE_ONLY___ ═
2025-02-07 14:19:15,120 INFO     ___FILE_ONLY___ ═
2025-02-07 14:19:15,120 INFO     ___FILE_ONLY___ ═
2025-02-07 14:19:15,120 INFO     ___FILE_ONLY___ ═
2025-02-07 14:19:15,120 INFO     ___FILE_ONLY___ ═
2025-02-07 14:19:15,120 INFO     ___FILE_ONLY___ ═
2025-02-07 14:19:15,120 INFO     ___FILE_ONLY___ ═
2025-02-07 14:19:15,120 INFO     ___FILE_ONLY___ ═
2025-02-07 14:19:15,121 INFO     ___FILE_ONLY___ ═
2025-02-07 14:19:15,121 INFO     ___FILE_ONLY___ ═
2025-02-07 14:19:15,121 INFO     ___FILE_ONLY___ ═
2025-02-07 14:19:15,121 INFO     ___FILE_ONLY___ ═
2025-02-07 14:19:15,121 INFO     ___FILE_ONLY___ ═
2025-02-07 14:19:15,121 INFO     ___FILE_ONLY___ ═
2025-02-07 14:19:15,121 INFO     ___FILE_ONLY___ ═
2025-02-07 14:19:15,121 INFO     ___FILE_ONLY___ ═
2025-02-07 14:19:15,122 INFO     ___FILE_ONLY___ ═
2025-02-07 14:19:15,122 INFO     ___FILE_ONLY___ ═
2025-02-07 14:19:15,122 INFO     ___FILE_ONLY___ ═
2025-02-07 14:19:15,122 INFO     ___FILE_ONLY___ ═
2025-02-07 14:19:15,122 INFO     ___FILE_ONLY___ ═
2025-02-07 14:19:15,122 INFO     ___FILE_ONLY___ ═
2025-02-07 14:19:15,122 INFO     ___FILE_ONLY___ ═
2025-02-07 14:19:15,122 INFO     ___FILE_ONLY___ ═
2025-02-07 14:19:15,123 INFO     ___FILE_ONLY___ ═
2025-02-07 14:19:15,123 INFO     ___FILE_ONLY___ ═
2025-02-07 14:19:15,123 INFO     ___FILE_ONLY___ ╝

2025-02-07 14:19:15,125 INFO     ___FILE_ONLY___ ╔════════════════════════════════════════════════════════════╗

2025-02-07 14:19:15,125 INFO     ___FILE_ONLY___ ╠═ Downloading: gcloud cli dependencies (Platform Specific) ═╣

2025-02-07 14:19:15,125 INFO     ___FILE_ONLY___ ╚
2025-02-07 14:19:15,131 DEBUG    urllib3.connectionpool Starting new HTTPS connection (1): dl.google.com:443
2025-02-07 14:19:15,491 DEBUG    urllib3.connectionpool https://dl.google.com:443 "GET /dl/cloudsdk/channels/rapid/components/google-cloud-sdk-gcloud-deps-linux-x86_64-20210416153011.tar.gz HTTP/11" 200 104
2025-02-07 14:19:15,491 INFO     ___FILE_ONLY___ ════════════════════════════════════════════════════════════
2025-02-07 14:19:15,491 INFO     ___FILE_ONLY___ ╝

2025-02-07 14:19:15,494 INFO     ___FILE_ONLY___ ╔════════════════════════════════════════════════════════════╗

2025-02-07 14:19:15,494 INFO     ___FILE_ONLY___ ╠═ Installing: BigQuery Command Line Tool                   ═╣

2025-02-07 14:19:15,494 INFO     ___FILE_ONLY___ ╚
2025-02-07 14:19:15,625 INFO     ___FILE_ONLY___ ═
2025-02-07 14:19:15,629 INFO     ___FILE_ONLY___ ═
2025-02-07 14:19:15,633 INFO     ___FILE_ONLY___ ═
2025-02-07 14:19:15,637 INFO     ___FILE_ONLY___ ═
2025-02-07 14:19:15,641 INFO     ___FILE_ONLY___ ═
2025-02-07 14:19:15,644 INFO     ___FILE_ONLY___ ═
2025-02-07 14:19:15,648 INFO     ___FILE_ONLY___ ═
2025-02-07 14:19:15,651 INFO     ___FILE_ONLY___ ═
2025-02-07 14:19:15,654 INFO     ___FILE_ONLY___ ═
2025-02-07 14:19:15,656 INFO     ___FILE_ONLY___ ═
2025-02-07 14:19:15,658 INFO     ___FILE_ONLY___ ═
2025-02-07 14:19:15,661 INFO     ___FILE_ONLY___ ═
2025-02-07 14:19:15,663 INFO     ___FILE_ONLY___ ═
2025-02-07 14:19:15,665 INFO     ___FILE_ONLY___ ═
2025-02-07 14:19:15,668 INFO     ___FILE_ONLY___ ═
2025-02-07 14:19:15,670 INFO     ___FILE_ONLY___ ═
2025-02-07 14:19:15,672 INFO     ___FILE_ONLY___ ═
2025-02-07 14:19:15,676 INFO     ___FILE_ONLY___ ═
2025-02-07 14:19:15,678 INFO     ___FILE_ONLY___ ═
2025-02-07 14:19:15,681 INFO     ___FILE_ONLY___ ═
2025-02-07 14:19:15,683 INFO     ___FILE_ONLY___ ═
2025-02-07 14:19:15,685 INFO     ___FILE_ONLY___ ═
2025-02-07 14:19:15,687 INFO     ___FILE_ONLY___ ═
2025-02-07 14:19:15,689 INFO     ___FILE_ONLY___ ═
2025-02-07 14:19:15,692 INFO     ___FILE_ONLY___ ═
2025-02-07 14:19:15,693 INFO     ___FILE_ONLY___ ═
2025-02-07 14:19:15,696 INFO     ___FILE_ONLY___ ═
2025-02-07 14:19:15,698 INFO     ___FILE_ONLY___ ═
2025-02-07 14:19:15,702 INFO     ___FILE_ONLY___ ═
2025-02-07 14:19:15,704 INFO     ___FILE_ONLY___ ═
2025-02-07 14:19:15,706 INFO     ___FILE_ONLY___ ═
2025-02-07 14:19:15,708 INFO     ___FILE_ONLY___ ═
2025-02-07 14:19:15,712 INFO     ___FILE_ONLY___ ═
2025-02-07 14:19:15,715 INFO     ___FILE_ONLY___ ═
2025-02-07 14:19:15,725 INFO     ___FILE_ONLY___ ═
2025-02-07 14:19:15,727 INFO     ___FILE_ONLY___ ═
2025-02-07 14:19:15,729 INFO     ___FILE_ONLY___ ═
2025-02-07 14:19:15,734 INFO     ___FILE_ONLY___ ═
2025-02-07 14:19:15,737 INFO     ___FILE_ONLY___ ═
2025-02-07 14:19:15,741 INFO     ___FILE_ONLY___ ═
2025-02-07 14:19:15,744 INFO     ___FILE_ONLY___ ═
2025-02-07 14:19:15,746 INFO     ___FILE_ONLY___ ═
2025-02-07 14:19:15,750 INFO     ___FILE_ONLY___ ═
2025-02-07 14:19:15,756 INFO     ___FILE_ONLY___ ═
2025-02-07 14:19:15,757 INFO     ___FILE_ONLY___ ═
2025-02-07 14:19:15,760 INFO     ___FILE_ONLY___ ═
2025-02-07 14:19:15,762 INFO     ___FILE_ONLY___ ═
2025-02-07 14:19:15,765 INFO     ___FILE_ONLY___ ═
2025-02-07 14:19:15,767 INFO     ___FILE_ONLY___ ═
2025-02-07 14:19:15,771 INFO     ___FILE_ONLY___ ═
2025-02-07 14:19:15,774 INFO     ___FILE_ONLY___ ═
2025-02-07 14:19:15,776 INFO     ___FILE_ONLY___ ═
2025-02-07 14:19:15,779 INFO     ___FILE_ONLY___ ═
2025-02-07 14:19:15,781 INFO     ___FILE_ONLY___ ═
2025-02-07 14:19:15,785 INFO     ___FILE_ONLY___ ═
2025-02-07 14:19:15,787 INFO     ___FILE_ONLY___ ═
2025-02-07 14:19:15,789 INFO     ___FILE_ONLY___ ═
2025-02-07 14:19:15,792 INFO     ___FILE_ONLY___ ═
2025-02-07 14:19:15,794 INFO     ___FILE_ONLY___ ═
2025-02-07 14:19:15,800 INFO     ___FILE_ONLY___ ═
2025-02-07 14:19:15,801 INFO     ___FILE_ONLY___ ╝

2025-02-07 14:19:15,810 INFO     ___FILE_ONLY___ ╔════════════════════════════════════════════════════════════╗

2025-02-07 14:19:15,810 INFO     ___FILE_ONLY___ ╠═ Installing: BigQuery Command Line Tool (Platform Spec... ═╣

2025-02-07 14:19:15,810 INFO     ___FILE_ONLY___ ╚
2025-02-07 14:19:15,811 INFO     ___FILE_ONLY___ ════════════════════════════════════════════════════════════
2025-02-07 14:19:15,812 INFO     ___FILE_ONLY___ ╝

2025-02-07 14:19:15,817 INFO     ___FILE_ONLY___ ╔════════════════════════════════════════════════════════════╗

2025-02-07 14:19:15,817 INFO     ___FILE_ONLY___ ╠═ Installing: Bundled Python 3.12                          ═╣

2025-02-07 14:19:15,817 INFO     ___FILE_ONLY___ ╚
2025-02-07 14:19:15,821 INFO     ___FILE_ONLY___ ════════════════════════════════════════════════════════════
2025-02-07 14:19:15,821 INFO     ___FILE_ONLY___ ╝

2025-02-07 14:19:15,823 INFO     ___FILE_ONLY___ ╔════════════════════════════════════════════════════════════╗

2025-02-07 14:19:15,823 INFO     ___FILE_ONLY___ ╠═ Installing: Bundled Python 3.12 (Platform Specific)      ═╣

2025-02-07 14:19:15,823 INFO     ___FILE_ONLY___ ╚
2025-02-07 14:19:18,927 INFO     ___FILE_ONLY___ ═
2025-02-07 14:19:19,413 INFO     ___FILE_ONLY___ ═
2025-02-07 14:19:19,436 INFO     ___FILE_ONLY___ ═
2025-02-07 14:19:19,475 INFO     ___FILE_ONLY___ ═
2025-02-07 14:19:19,498 INFO     ___FILE_ONLY___ ═
2025-02-07 14:19:19,515 INFO     ___FILE_ONLY___ ═
2025-02-07 14:19:19,547 INFO     ___FILE_ONLY___ ═
2025-02-07 14:19:19,566 INFO     ___FILE_ONLY___ ═
2025-02-07 14:19:19,584 INFO     ___FILE_ONLY___ ═
2025-02-07 14:19:19,601 INFO     ___FILE_ONLY___ ═
2025-02-07 14:19:19,616 INFO     ___FILE_ONLY___ ═
2025-02-07 14:19:19,641 INFO     ___FILE_ONLY___ ═
2025-02-07 14:19:19,785 INFO     ___FILE_ONLY___ ═
2025-02-07 14:19:19,804 INFO     ___FILE_ONLY___ ═
2025-02-07 14:19:19,822 INFO     ___FILE_ONLY___ ═
2025-02-07 14:19:19,839 INFO     ___FILE_ONLY___ ═
2025-02-07 14:19:19,855 INFO     ___FILE_ONLY___ ═
2025-02-07 14:19:19,874 INFO     ___FILE_ONLY___ ═
2025-02-07 14:19:19,894 INFO     ___FILE_ONLY___ ═
2025-02-07 14:19:19,916 INFO     ___FILE_ONLY___ ═
2025-02-07 14:19:19,934 INFO     ___FILE_ONLY___ ═
2025-02-07 14:19:20,033 INFO     ___FILE_ONLY___ ═
2025-02-07 14:19:20,054 INFO     ___FILE_ONLY___ ═
2025-02-07 14:19:20,542 INFO     ___FILE_ONLY___ ═
2025-02-07 14:19:20,558 INFO     ___FILE_ONLY___ ═
2025-02-07 14:19:20,571 INFO     ___FILE_ONLY___ ═
2025-02-07 14:19:20,583 INFO     ___FILE_ONLY___ ═
2025-02-07 14:19:20,595 INFO     ___FILE_ONLY___ ═
2025-02-07 14:19:20,606 INFO     ___FILE_ONLY___ ═
2025-02-07 14:19:20,618 INFO     ___FILE_ONLY___ ═
2025-02-07 14:19:20,630 INFO     ___FILE_ONLY___ ═
2025-02-07 14:19:20,641 INFO     ___FILE_ONLY___ ═
2025-02-07 14:19:20,652 INFO     ___FILE_ONLY___ ═
2025-02-07 14:19:20,665 INFO     ___FILE_ONLY___ ═
2025-02-07 14:19:20,676 INFO     ___FILE_ONLY___ ═
2025-02-07 14:19:20,688 INFO     ___FILE_ONLY___ ═
2025-02-07 14:19:20,700 INFO     ___FILE_ONLY___ ═
2025-02-07 14:19:20,712 INFO     ___FILE_ONLY___ ═
2025-02-07 14:19:20,723 INFO     ___FILE_ONLY___ ═
2025-02-07 14:19:20,735 INFO     ___FILE_ONLY___ ═
2025-02-07 14:19:20,748 INFO     ___FILE_ONLY___ ═
2025-02-07 14:19:20,759 INFO     ___FILE_ONLY___ ═
2025-02-07 14:19:20,771 INFO     ___FILE_ONLY___ ═
2025-02-07 14:19:20,783 INFO     ___FILE_ONLY___ ═
2025-02-07 14:19:20,795 INFO     ___FILE_ONLY___ ═
2025-02-07 14:19:20,807 INFO     ___FILE_ONLY___ ═
2025-02-07 14:19:20,818 INFO     ___FILE_ONLY___ ═
2025-02-07 14:19:20,830 INFO     ___FILE_ONLY___ ═
2025-02-07 14:19:20,842 INFO     ___FILE_ONLY___ ═
2025-02-07 14:19:20,854 INFO     ___FILE_ONLY___ ═
2025-02-07 14:19:20,865 INFO     ___FILE_ONLY___ ═
2025-02-07 14:19:20,876 INFO     ___FILE_ONLY___ ═
2025-02-07 14:19:20,888 INFO     ___FILE_ONLY___ ═
2025-02-07 14:19:20,900 INFO     ___FILE_ONLY___ ═
2025-02-07 14:19:20,912 INFO     ___FILE_ONLY___ ═
2025-02-07 14:19:20,924 INFO     ___FILE_ONLY___ ═
2025-02-07 14:19:20,935 INFO     ___FILE_ONLY___ ═
2025-02-07 14:19:20,948 INFO     ___FILE_ONLY___ ═
2025-02-07 14:19:20,960 INFO     ___FILE_ONLY___ ═
2025-02-07 14:19:20,972 INFO     ___FILE_ONLY___ ═
2025-02-07 14:19:20,972 INFO     ___FILE_ONLY___ ╝

2025-02-07 14:19:21,022 INFO     ___FILE_ONLY___ ╔════════════════════════════════════════════════════════════╗

2025-02-07 14:19:21,023 INFO     ___FILE_ONLY___ ╠═ Installing: Cloud Storage Command Line Tool              ═╣

2025-02-07 14:19:21,023 INFO     ___FILE_ONLY___ ╚
2025-02-07 14:19:21,557 INFO     ___FILE_ONLY___ ═
2025-02-07 14:19:21,573 INFO     ___FILE_ONLY___ ═
2025-02-07 14:19:21,593 INFO     ___FILE_ONLY___ ═
2025-02-07 14:19:21,608 INFO     ___FILE_ONLY___ ═
2025-02-07 14:19:21,623 INFO     ___FILE_ONLY___ ═
2025-02-07 14:19:21,635 INFO     ___FILE_ONLY___ ═
2025-02-07 14:19:21,648 INFO     ___FILE_ONLY___ ═
2025-02-07 14:19:21,660 INFO     ___FILE_ONLY___ ═
2025-02-07 14:19:21,674 INFO     ___FILE_ONLY___ ═
2025-02-07 14:19:21,686 INFO     ___FILE_ONLY___ ═
2025-02-07 14:19:21,698 INFO     ___FILE_ONLY___ ═
2025-02-07 14:19:21,710 INFO     ___FILE_ONLY___ ═
2025-02-07 14:19:21,718 INFO     ___FILE_ONLY___ ═
2025-02-07 14:19:21,727 INFO     ___FILE_ONLY___ ═
2025-02-07 14:19:21,736 INFO     ___FILE_ONLY___ ═
2025-02-07 14:19:21,745 INFO     ___FILE_ONLY___ ═
2025-02-07 14:19:21,755 INFO     ___FILE_ONLY___ ═
2025-02-07 14:19:21,765 INFO     ___FILE_ONLY___ ═
2025-02-07 14:19:21,777 INFO     ___FILE_ONLY___ ═
2025-02-07 14:19:21,787 INFO     ___FILE_ONLY___ ═
2025-02-07 14:19:21,799 INFO     ___FILE_ONLY___ ═
2025-02-07 14:19:21,812 INFO     ___FILE_ONLY___ ═
2025-02-07 14:19:21,829 INFO     ___FILE_ONLY___ ═
2025-02-07 14:19:21,839 INFO     ___FILE_ONLY___ ═
2025-02-07 14:19:21,850 INFO     ___FILE_ONLY___ ═
2025-02-07 14:19:21,865 INFO     ___FILE_ONLY___ ═
2025-02-07 14:19:21,881 INFO     ___FILE_ONLY___ ═
2025-02-07 14:19:21,899 INFO     ___FILE_ONLY___ ═
2025-02-07 14:19:21,915 INFO     ___FILE_ONLY___ ═
2025-02-07 14:19:21,935 INFO     ___FILE_ONLY___ ═
2025-02-07 14:19:21,945 INFO     ___FILE_ONLY___ ═
2025-02-07 14:19:21,956 INFO     ___FILE_ONLY___ ═
2025-02-07 14:19:21,973 INFO     ___FILE_ONLY___ ═
2025-02-07 14:19:21,987 INFO     ___FILE_ONLY___ ═
2025-02-07 14:19:21,998 INFO     ___FILE_ONLY___ ═
2025-02-07 14:19:22,008 INFO     ___FILE_ONLY___ ═
2025-02-07 14:19:22,017 INFO     ___FILE_ONLY___ ═
2025-02-07 14:19:22,027 INFO     ___FILE_ONLY___ ═
2025-02-07 14:19:22,037 INFO     ___FILE_ONLY___ ═
2025-02-07 14:19:22,048 INFO     ___FILE_ONLY___ ═
2025-02-07 14:19:22,057 INFO     ___FILE_ONLY___ ═
2025-02-07 14:19:22,070 INFO     ___FILE_ONLY___ ═
2025-02-07 14:19:22,079 INFO     ___FILE_ONLY___ ═
2025-02-07 14:19:22,092 INFO     ___FILE_ONLY___ ═
2025-02-07 14:19:22,107 INFO     ___FILE_ONLY___ ═
2025-02-07 14:19:22,118 INFO     ___FILE_ONLY___ ═
2025-02-07 14:19:22,126 INFO     ___FILE_ONLY___ ═
2025-02-07 14:19:22,137 INFO     ___FILE_ONLY___ ═
2025-02-07 14:19:22,147 INFO     ___FILE_ONLY___ ═
2025-02-07 14:19:22,160 INFO     ___FILE_ONLY___ ═
2025-02-07 14:19:22,176 INFO     ___FILE_ONLY___ ═
2025-02-07 14:19:22,187 INFO     ___FILE_ONLY___ ═
2025-02-07 14:19:22,203 INFO     ___FILE_ONLY___ ═
2025-02-07 14:19:22,215 INFO     ___FILE_ONLY___ ═
2025-02-07 14:19:22,250 INFO     ___FILE_ONLY___ ═
2025-02-07 14:19:22,259 INFO     ___FILE_ONLY___ ═
2025-02-07 14:19:22,268 INFO     ___FILE_ONLY___ ═
2025-02-07 14:19:22,279 INFO     ___FILE_ONLY___ ═
2025-02-07 14:19:22,289 INFO     ___FILE_ONLY___ ═
2025-02-07 14:19:22,303 INFO     ___FILE_ONLY___ ═
2025-02-07 14:19:22,303 INFO     ___FILE_ONLY___ ╝

2025-02-07 14:19:22,333 INFO     ___FILE_ONLY___ ╔════════════════════════════════════════════════════════════╗

2025-02-07 14:19:22,333 INFO     ___FILE_ONLY___ ╠═ Installing: Cloud Storage Command Line Tool (Platform... ═╣

2025-02-07 14:19:22,333 INFO     ___FILE_ONLY___ ╚
2025-02-07 14:19:22,334 INFO     ___FILE_ONLY___ ════════════════════════════════════════════════════════════
2025-02-07 14:19:22,334 INFO     ___FILE_ONLY___ ╝

2025-02-07 14:19:22,338 INFO     ___FILE_ONLY___ ╔════════════════════════════════════════════════════════════╗

2025-02-07 14:19:22,338 INFO     ___FILE_ONLY___ ╠═ Installing: Default set of gcloud commands               ═╣

2025-02-07 14:19:22,338 INFO     ___FILE_ONLY___ ╚
2025-02-07 14:19:22,341 INFO     ___FILE_ONLY___ ════════════════════════════════════════════════════════════
2025-02-07 14:19:22,341 INFO     ___FILE_ONLY___ ╝

2025-02-07 14:19:22,343 INFO     ___FILE_ONLY___ ╔════════════════════════════════════════════════════════════╗

2025-02-07 14:19:22,343 INFO     ___FILE_ONLY___ ╠═ Installing: Google Cloud CLI Core Libraries (Platform... ═╣

2025-02-07 14:19:22,343 INFO     ___FILE_ONLY___ ╚
2025-02-07 14:19:22,344 INFO     ___FILE_ONLY___ ══════════════════════════════
2025-02-07 14:19:22,344 INFO     ___FILE_ONLY___ ══════════════════════════════
2025-02-07 14:19:22,344 INFO     ___FILE_ONLY___ ╝

2025-02-07 14:19:22,349 INFO     ___FILE_ONLY___ ╔════════════════════════════════════════════════════════════╗

2025-02-07 14:19:22,349 INFO     ___FILE_ONLY___ ╠═ Installing: Google Cloud CRC32C Hash Tool                ═╣

2025-02-07 14:19:22,349 INFO     ___FILE_ONLY___ ╚
2025-02-07 14:19:22,352 INFO     ___FILE_ONLY___ ════════════════════════════════════════════════════════════
2025-02-07 14:19:22,352 INFO     ___FILE_ONLY___ ╝

2025-02-07 14:19:22,354 INFO     ___FILE_ONLY___ ╔════════════════════════════════════════════════════════════╗

2025-02-07 14:19:22,354 INFO     ___FILE_ONLY___ ╠═ Installing: Google Cloud CRC32C Hash Tool (Platform S... ═╣

2025-02-07 14:19:22,354 INFO     ___FILE_ONLY___ ╚
2025-02-07 14:19:22,394 INFO     ___FILE_ONLY___ ══════════════════════════════
2025-02-07 14:19:22,395 INFO     ___FILE_ONLY___ ══════════════════════════════
2025-02-07 14:19:22,395 INFO     ___FILE_ONLY___ ╝

2025-02-07 14:19:22,399 INFO     ___FILE_ONLY___ ╔════════════════════════════════════════════════════════════╗

2025-02-07 14:19:22,400 INFO     ___FILE_ONLY___ ╠═ Installing: gcloud cli dependencies (Platform Specific)  ═╣

2025-02-07 14:19:22,400 INFO     ___FILE_ONLY___ ╚
2025-02-07 14:19:22,400 INFO     ___FILE_ONLY___ ════════════════════════════════════════════════════════════
2025-02-07 14:19:22,400 INFO     ___FILE_ONLY___ ╝

2025-02-07 14:19:22,405 DEBUG    root            Updating notification cache...
2025-02-07 14:19:22,405 INFO     ___FILE_ONLY___ 

2025-02-07 14:19:22,407 INFO     ___FILE_ONLY___ Performing post processing steps...
2025-02-07 14:19:22,408 DEBUG    root            Executing command: ['/tools/google-cloud-sdk/bin/gcloud', 'components', 'post-process']
2025-02-07 14:19:31,251 DEBUG    ___FILE_ONLY___ 
2025-02-07 14:19:31,251 DEBUG    ___FILE_ONLY___ 
2025-02-07 14:19:31,436 INFO     ___FILE_ONLY___ 
Update done!


2025-02-07 14:19:31,440 DEBUG    root            Chosen display Format:none
2025-02-07 14:19:31,441 INFO     root            Display format: "none"
